[2023-07-10T00:43:13.546+0000] {processor.py:157} INFO - Started process (PID=38933) to work on /opt/airflow/dags/init.py
[2023-07-10T00:43:13.551+0000] {processor.py:826} INFO - Processing file /opt/airflow/dags/init.py for tasks to queue
[2023-07-10T00:43:13.554+0000] {logging_mixin.py:149} INFO - [2023-07-10T00:43:13.554+0000] {dagbag.py:541} INFO - Filling up the DagBag from /opt/airflow/dags/init.py
[2023-07-10T00:43:13.572+0000] {processor.py:836} INFO - DAG(s) dict_keys(['1_init_once_seed_data']) retrieved from /opt/airflow/dags/init.py
[2023-07-10T00:43:13.656+0000] {logging_mixin.py:149} INFO - [2023-07-10T00:43:13.656+0000] {dag.py:2726} INFO - Sync 1 DAGs
[2023-07-10T00:43:13.700+0000] {logging_mixin.py:149} INFO - [2023-07-10T00:43:13.700+0000] {dag.py:3490} INFO - Setting next_dagrun for 1_init_once_seed_data to None, run_after=None
[2023-07-10T00:43:13.733+0000] {processor.py:179} INFO - Processing /opt/airflow/dags/init.py took 0.191 seconds
[2023-07-10T00:43:44.167+0000] {processor.py:157} INFO - Started process (PID=38954) to work on /opt/airflow/dags/init.py
[2023-07-10T00:43:44.168+0000] {processor.py:826} INFO - Processing file /opt/airflow/dags/init.py for tasks to queue
[2023-07-10T00:43:44.169+0000] {logging_mixin.py:149} INFO - [2023-07-10T00:43:44.169+0000] {dagbag.py:541} INFO - Filling up the DagBag from /opt/airflow/dags/init.py
[2023-07-10T00:43:44.181+0000] {processor.py:836} INFO - DAG(s) dict_keys(['1_init_once_seed_data']) retrieved from /opt/airflow/dags/init.py
[2023-07-10T00:43:44.204+0000] {logging_mixin.py:149} INFO - [2023-07-10T00:43:44.204+0000] {dag.py:2726} INFO - Sync 1 DAGs
[2023-07-10T00:43:44.220+0000] {logging_mixin.py:149} INFO - [2023-07-10T00:43:44.219+0000] {dag.py:3490} INFO - Setting next_dagrun for 1_init_once_seed_data to None, run_after=None
[2023-07-10T00:43:44.231+0000] {processor.py:179} INFO - Processing /opt/airflow/dags/init.py took 0.068 seconds
[2023-07-10T01:36:11.016+0000] {processor.py:157} INFO - Started process (PID=38984) to work on /opt/airflow/dags/init.py
[2023-07-10T01:36:11.017+0000] {processor.py:826} INFO - Processing file /opt/airflow/dags/init.py for tasks to queue
[2023-07-10T01:36:11.018+0000] {logging_mixin.py:149} INFO - [2023-07-10T01:36:11.017+0000] {dagbag.py:541} INFO - Filling up the DagBag from /opt/airflow/dags/init.py
[2023-07-10T01:36:11.029+0000] {processor.py:836} INFO - DAG(s) dict_keys(['1_init_once_seed_data']) retrieved from /opt/airflow/dags/init.py
[2023-07-10T01:36:11.052+0000] {logging_mixin.py:149} INFO - [2023-07-10T01:36:11.052+0000] {dag.py:2726} INFO - Sync 1 DAGs
[2023-07-10T01:36:11.070+0000] {logging_mixin.py:149} INFO - [2023-07-10T01:36:11.070+0000] {dag.py:3490} INFO - Setting next_dagrun for 1_init_once_seed_data to None, run_after=None
[2023-07-10T01:36:11.088+0000] {processor.py:179} INFO - Processing /opt/airflow/dags/init.py took 0.075 seconds
[2023-07-10T02:42:04.539+0000] {processor.py:157} INFO - Started process (PID=39005) to work on /opt/airflow/dags/init.py
[2023-07-10T02:42:04.540+0000] {processor.py:826} INFO - Processing file /opt/airflow/dags/init.py for tasks to queue
[2023-07-10T02:42:04.541+0000] {logging_mixin.py:149} INFO - [2023-07-10T02:42:04.541+0000] {dagbag.py:541} INFO - Filling up the DagBag from /opt/airflow/dags/init.py
[2023-07-10T02:42:04.551+0000] {processor.py:836} INFO - DAG(s) dict_keys(['1_init_once_seed_data']) retrieved from /opt/airflow/dags/init.py
[2023-07-10T02:42:04.571+0000] {logging_mixin.py:149} INFO - [2023-07-10T02:42:04.571+0000] {dag.py:2726} INFO - Sync 1 DAGs
[2023-07-10T02:42:04.587+0000] {logging_mixin.py:149} INFO - [2023-07-10T02:42:04.587+0000] {dag.py:3490} INFO - Setting next_dagrun for 1_init_once_seed_data to None, run_after=None
[2023-07-10T02:42:04.598+0000] {processor.py:179} INFO - Processing /opt/airflow/dags/init.py took 0.061 seconds
[2023-07-10T03:03:33.443+0000] {processor.py:157} INFO - Started process (PID=39035) to work on /opt/airflow/dags/init.py
[2023-07-10T03:03:33.444+0000] {processor.py:826} INFO - Processing file /opt/airflow/dags/init.py for tasks to queue
[2023-07-10T03:03:33.445+0000] {logging_mixin.py:149} INFO - [2023-07-10T03:03:33.445+0000] {dagbag.py:541} INFO - Filling up the DagBag from /opt/airflow/dags/init.py
[2023-07-10T03:03:33.455+0000] {processor.py:836} INFO - DAG(s) dict_keys(['1_init_once_seed_data']) retrieved from /opt/airflow/dags/init.py
[2023-07-10T03:03:33.476+0000] {logging_mixin.py:149} INFO - [2023-07-10T03:03:33.476+0000] {dag.py:2726} INFO - Sync 1 DAGs
[2023-07-10T03:03:33.491+0000] {logging_mixin.py:149} INFO - [2023-07-10T03:03:33.491+0000] {dag.py:3490} INFO - Setting next_dagrun for 1_init_once_seed_data to None, run_after=None
[2023-07-10T03:03:33.501+0000] {processor.py:179} INFO - Processing /opt/airflow/dags/init.py took 0.061 seconds
[2023-07-10T03:21:01.812+0000] {processor.py:157} INFO - Started process (PID=39056) to work on /opt/airflow/dags/init.py
[2023-07-10T03:21:01.814+0000] {processor.py:826} INFO - Processing file /opt/airflow/dags/init.py for tasks to queue
[2023-07-10T03:21:01.814+0000] {logging_mixin.py:149} INFO - [2023-07-10T03:21:01.814+0000] {dagbag.py:541} INFO - Filling up the DagBag from /opt/airflow/dags/init.py
[2023-07-10T03:21:01.825+0000] {processor.py:836} INFO - DAG(s) dict_keys(['1_init_once_seed_data']) retrieved from /opt/airflow/dags/init.py
[2023-07-10T03:21:01.859+0000] {logging_mixin.py:149} INFO - [2023-07-10T03:21:01.859+0000] {dag.py:2726} INFO - Sync 1 DAGs
[2023-07-10T03:21:01.889+0000] {logging_mixin.py:149} INFO - [2023-07-10T03:21:01.889+0000] {dag.py:3490} INFO - Setting next_dagrun for 1_init_once_seed_data to None, run_after=None
[2023-07-10T03:21:01.907+0000] {processor.py:179} INFO - Processing /opt/airflow/dags/init.py took 0.102 seconds
[2023-07-10T03:37:09.490+0000] {processor.py:157} INFO - Started process (PID=39086) to work on /opt/airflow/dags/init.py
[2023-07-10T03:37:09.492+0000] {processor.py:826} INFO - Processing file /opt/airflow/dags/init.py for tasks to queue
[2023-07-10T03:37:09.493+0000] {logging_mixin.py:149} INFO - [2023-07-10T03:37:09.493+0000] {dagbag.py:541} INFO - Filling up the DagBag from /opt/airflow/dags/init.py
[2023-07-10T03:37:09.510+0000] {processor.py:836} INFO - DAG(s) dict_keys(['1_init_once_seed_data']) retrieved from /opt/airflow/dags/init.py
[2023-07-10T03:37:09.532+0000] {logging_mixin.py:149} INFO - [2023-07-10T03:37:09.532+0000] {dag.py:2726} INFO - Sync 1 DAGs
[2023-07-10T03:37:09.562+0000] {logging_mixin.py:149} INFO - [2023-07-10T03:37:09.562+0000] {dag.py:3490} INFO - Setting next_dagrun for 1_init_once_seed_data to None, run_after=None
[2023-07-10T03:37:09.580+0000] {processor.py:179} INFO - Processing /opt/airflow/dags/init.py took 0.093 seconds
[2023-07-10T03:49:00.008+0000] {processor.py:157} INFO - Started process (PID=39117) to work on /opt/airflow/dags/init.py
[2023-07-10T03:49:00.011+0000] {processor.py:826} INFO - Processing file /opt/airflow/dags/init.py for tasks to queue
[2023-07-10T03:49:00.012+0000] {logging_mixin.py:149} INFO - [2023-07-10T03:49:00.012+0000] {dagbag.py:541} INFO - Filling up the DagBag from /opt/airflow/dags/init.py
[2023-07-10T03:49:00.030+0000] {processor.py:836} INFO - DAG(s) dict_keys(['1_init_once_seed_data']) retrieved from /opt/airflow/dags/init.py
[2023-07-10T03:49:00.078+0000] {logging_mixin.py:149} INFO - [2023-07-10T03:49:00.078+0000] {dag.py:2726} INFO - Sync 1 DAGs
[2023-07-10T03:49:00.122+0000] {logging_mixin.py:149} INFO - [2023-07-10T03:49:00.122+0000] {dag.py:3490} INFO - Setting next_dagrun for 1_init_once_seed_data to None, run_after=None
[2023-07-10T03:49:00.181+0000] {processor.py:179} INFO - Processing /opt/airflow/dags/init.py took 0.175 seconds
[2023-07-10T03:49:30.605+0000] {processor.py:157} INFO - Started process (PID=39138) to work on /opt/airflow/dags/init.py
[2023-07-10T03:49:30.606+0000] {processor.py:826} INFO - Processing file /opt/airflow/dags/init.py for tasks to queue
[2023-07-10T03:49:30.608+0000] {logging_mixin.py:149} INFO - [2023-07-10T03:49:30.607+0000] {dagbag.py:541} INFO - Filling up the DagBag from /opt/airflow/dags/init.py
[2023-07-10T03:49:30.619+0000] {processor.py:836} INFO - DAG(s) dict_keys(['1_init_once_seed_data']) retrieved from /opt/airflow/dags/init.py
[2023-07-10T03:49:30.643+0000] {logging_mixin.py:149} INFO - [2023-07-10T03:49:30.642+0000] {dag.py:2726} INFO - Sync 1 DAGs
[2023-07-10T03:49:30.658+0000] {logging_mixin.py:149} INFO - [2023-07-10T03:49:30.658+0000] {dag.py:3490} INFO - Setting next_dagrun for 1_init_once_seed_data to None, run_after=None
[2023-07-10T03:49:30.668+0000] {processor.py:179} INFO - Processing /opt/airflow/dags/init.py took 0.066 seconds
[2023-07-10T03:50:24.165+0000] {processor.py:157} INFO - Started process (PID=39169) to work on /opt/airflow/dags/init.py
[2023-07-10T03:50:24.166+0000] {processor.py:826} INFO - Processing file /opt/airflow/dags/init.py for tasks to queue
[2023-07-10T03:50:24.167+0000] {logging_mixin.py:149} INFO - [2023-07-10T03:50:24.167+0000] {dagbag.py:541} INFO - Filling up the DagBag from /opt/airflow/dags/init.py
[2023-07-10T03:50:24.180+0000] {processor.py:836} INFO - DAG(s) dict_keys(['1_init_once_seed_data']) retrieved from /opt/airflow/dags/init.py
[2023-07-10T03:50:24.204+0000] {logging_mixin.py:149} INFO - [2023-07-10T03:50:24.204+0000] {dag.py:2726} INFO - Sync 1 DAGs
[2023-07-10T03:50:24.219+0000] {logging_mixin.py:149} INFO - [2023-07-10T03:50:24.219+0000] {dag.py:3490} INFO - Setting next_dagrun for 1_init_once_seed_data to None, run_after=None
[2023-07-10T03:50:24.229+0000] {processor.py:179} INFO - Processing /opt/airflow/dags/init.py took 0.067 seconds
[2023-07-10T04:07:56.885+0000] {processor.py:157} INFO - Started process (PID=39199) to work on /opt/airflow/dags/init.py
[2023-07-10T04:07:56.889+0000] {processor.py:826} INFO - Processing file /opt/airflow/dags/init.py for tasks to queue
[2023-07-10T04:07:56.892+0000] {logging_mixin.py:149} INFO - [2023-07-10T04:07:56.892+0000] {dagbag.py:541} INFO - Filling up the DagBag from /opt/airflow/dags/init.py
[2023-07-10T04:07:56.903+0000] {processor.py:836} INFO - DAG(s) dict_keys(['1_init_once_seed_data']) retrieved from /opt/airflow/dags/init.py
[2023-07-10T04:07:56.964+0000] {logging_mixin.py:149} INFO - [2023-07-10T04:07:56.964+0000] {dag.py:2726} INFO - Sync 1 DAGs
[2023-07-10T04:07:56.990+0000] {logging_mixin.py:149} INFO - [2023-07-10T04:07:56.990+0000] {dag.py:3490} INFO - Setting next_dagrun for 1_init_once_seed_data to None, run_after=None
[2023-07-10T04:07:57.035+0000] {processor.py:179} INFO - Processing /opt/airflow/dags/init.py took 0.152 seconds
[2023-07-10T04:57:59.032+0000] {processor.py:157} INFO - Started process (PID=39220) to work on /opt/airflow/dags/init.py
[2023-07-10T04:57:59.035+0000] {processor.py:826} INFO - Processing file /opt/airflow/dags/init.py for tasks to queue
[2023-07-10T04:57:59.036+0000] {logging_mixin.py:149} INFO - [2023-07-10T04:57:59.036+0000] {dagbag.py:541} INFO - Filling up the DagBag from /opt/airflow/dags/init.py
[2023-07-10T04:57:59.056+0000] {processor.py:836} INFO - DAG(s) dict_keys(['1_init_once_seed_data']) retrieved from /opt/airflow/dags/init.py
[2023-07-10T04:57:59.087+0000] {logging_mixin.py:149} INFO - [2023-07-10T04:57:59.087+0000] {dag.py:2726} INFO - Sync 1 DAGs
[2023-07-10T04:57:59.106+0000] {logging_mixin.py:149} INFO - [2023-07-10T04:57:59.106+0000] {dag.py:3490} INFO - Setting next_dagrun for 1_init_once_seed_data to None, run_after=None
[2023-07-10T04:57:59.120+0000] {processor.py:179} INFO - Processing /opt/airflow/dags/init.py took 0.097 seconds
[2023-07-10T04:58:29.572+0000] {processor.py:157} INFO - Started process (PID=39250) to work on /opt/airflow/dags/init.py
[2023-07-10T04:58:29.573+0000] {processor.py:826} INFO - Processing file /opt/airflow/dags/init.py for tasks to queue
[2023-07-10T04:58:29.574+0000] {logging_mixin.py:149} INFO - [2023-07-10T04:58:29.574+0000] {dagbag.py:541} INFO - Filling up the DagBag from /opt/airflow/dags/init.py
[2023-07-10T04:58:29.587+0000] {processor.py:836} INFO - DAG(s) dict_keys(['1_init_once_seed_data']) retrieved from /opt/airflow/dags/init.py
[2023-07-10T04:58:29.609+0000] {logging_mixin.py:149} INFO - [2023-07-10T04:58:29.609+0000] {dag.py:2726} INFO - Sync 1 DAGs
[2023-07-10T04:58:29.626+0000] {logging_mixin.py:149} INFO - [2023-07-10T04:58:29.626+0000] {dag.py:3490} INFO - Setting next_dagrun for 1_init_once_seed_data to None, run_after=None
[2023-07-10T04:58:29.636+0000] {processor.py:179} INFO - Processing /opt/airflow/dags/init.py took 0.068 seconds
[2023-07-10T04:59:00.014+0000] {processor.py:157} INFO - Started process (PID=39280) to work on /opt/airflow/dags/init.py
[2023-07-10T04:59:00.015+0000] {processor.py:826} INFO - Processing file /opt/airflow/dags/init.py for tasks to queue
[2023-07-10T04:59:00.016+0000] {logging_mixin.py:149} INFO - [2023-07-10T04:59:00.016+0000] {dagbag.py:541} INFO - Filling up the DagBag from /opt/airflow/dags/init.py
[2023-07-10T04:59:00.026+0000] {processor.py:836} INFO - DAG(s) dict_keys(['1_init_once_seed_data']) retrieved from /opt/airflow/dags/init.py
[2023-07-10T04:59:00.047+0000] {logging_mixin.py:149} INFO - [2023-07-10T04:59:00.046+0000] {dag.py:2726} INFO - Sync 1 DAGs
[2023-07-10T04:59:00.061+0000] {logging_mixin.py:149} INFO - [2023-07-10T04:59:00.061+0000] {dag.py:3490} INFO - Setting next_dagrun for 1_init_once_seed_data to None, run_after=None
[2023-07-10T04:59:00.072+0000] {processor.py:179} INFO - Processing /opt/airflow/dags/init.py took 0.061 seconds
[2023-07-10T04:59:30.464+0000] {processor.py:157} INFO - Started process (PID=39301) to work on /opt/airflow/dags/init.py
[2023-07-10T04:59:30.466+0000] {processor.py:826} INFO - Processing file /opt/airflow/dags/init.py for tasks to queue
[2023-07-10T04:59:30.467+0000] {logging_mixin.py:149} INFO - [2023-07-10T04:59:30.467+0000] {dagbag.py:541} INFO - Filling up the DagBag from /opt/airflow/dags/init.py
[2023-07-10T04:59:30.482+0000] {processor.py:836} INFO - DAG(s) dict_keys(['1_init_once_seed_data']) retrieved from /opt/airflow/dags/init.py
[2023-07-10T04:59:30.508+0000] {logging_mixin.py:149} INFO - [2023-07-10T04:59:30.508+0000] {dag.py:2726} INFO - Sync 1 DAGs
[2023-07-10T04:59:30.525+0000] {logging_mixin.py:149} INFO - [2023-07-10T04:59:30.525+0000] {dag.py:3490} INFO - Setting next_dagrun for 1_init_once_seed_data to None, run_after=None
[2023-07-10T04:59:30.536+0000] {processor.py:179} INFO - Processing /opt/airflow/dags/init.py took 0.076 seconds
[2023-07-10T05:00:00.927+0000] {processor.py:157} INFO - Started process (PID=39332) to work on /opt/airflow/dags/init.py
[2023-07-10T05:00:00.929+0000] {processor.py:826} INFO - Processing file /opt/airflow/dags/init.py for tasks to queue
[2023-07-10T05:00:00.930+0000] {logging_mixin.py:149} INFO - [2023-07-10T05:00:00.930+0000] {dagbag.py:541} INFO - Filling up the DagBag from /opt/airflow/dags/init.py
[2023-07-10T05:00:00.944+0000] {processor.py:836} INFO - DAG(s) dict_keys(['1_init_once_seed_data']) retrieved from /opt/airflow/dags/init.py
[2023-07-10T05:00:00.967+0000] {logging_mixin.py:149} INFO - [2023-07-10T05:00:00.967+0000] {dag.py:2726} INFO - Sync 1 DAGs
[2023-07-10T05:00:00.984+0000] {logging_mixin.py:149} INFO - [2023-07-10T05:00:00.984+0000] {dag.py:3490} INFO - Setting next_dagrun for 1_init_once_seed_data to None, run_after=None
[2023-07-10T05:00:00.996+0000] {processor.py:179} INFO - Processing /opt/airflow/dags/init.py took 0.073 seconds
[2023-07-10T05:00:31.348+0000] {processor.py:157} INFO - Started process (PID=39362) to work on /opt/airflow/dags/init.py
[2023-07-10T05:00:31.349+0000] {processor.py:826} INFO - Processing file /opt/airflow/dags/init.py for tasks to queue
[2023-07-10T05:00:31.350+0000] {logging_mixin.py:149} INFO - [2023-07-10T05:00:31.350+0000] {dagbag.py:541} INFO - Filling up the DagBag from /opt/airflow/dags/init.py
[2023-07-10T05:00:31.359+0000] {processor.py:836} INFO - DAG(s) dict_keys(['1_init_once_seed_data']) retrieved from /opt/airflow/dags/init.py
[2023-07-10T05:00:31.381+0000] {logging_mixin.py:149} INFO - [2023-07-10T05:00:31.381+0000] {dag.py:2726} INFO - Sync 1 DAGs
[2023-07-10T05:00:31.397+0000] {logging_mixin.py:149} INFO - [2023-07-10T05:00:31.397+0000] {dag.py:3490} INFO - Setting next_dagrun for 1_init_once_seed_data to None, run_after=None
[2023-07-10T05:00:31.408+0000] {processor.py:179} INFO - Processing /opt/airflow/dags/init.py took 0.063 seconds
[2023-07-10T05:01:01.768+0000] {processor.py:157} INFO - Started process (PID=39383) to work on /opt/airflow/dags/init.py
[2023-07-10T05:01:01.770+0000] {processor.py:826} INFO - Processing file /opt/airflow/dags/init.py for tasks to queue
[2023-07-10T05:01:01.771+0000] {logging_mixin.py:149} INFO - [2023-07-10T05:01:01.771+0000] {dagbag.py:541} INFO - Filling up the DagBag from /opt/airflow/dags/init.py
[2023-07-10T05:01:01.783+0000] {processor.py:836} INFO - DAG(s) dict_keys(['1_init_once_seed_data']) retrieved from /opt/airflow/dags/init.py
[2023-07-10T05:01:01.807+0000] {logging_mixin.py:149} INFO - [2023-07-10T05:01:01.807+0000] {dag.py:2726} INFO - Sync 1 DAGs
[2023-07-10T05:01:01.821+0000] {logging_mixin.py:149} INFO - [2023-07-10T05:01:01.821+0000] {dag.py:3490} INFO - Setting next_dagrun for 1_init_once_seed_data to None, run_after=None
[2023-07-10T05:01:01.831+0000] {processor.py:179} INFO - Processing /opt/airflow/dags/init.py took 0.066 seconds
[2023-07-10T05:01:32.240+0000] {processor.py:157} INFO - Started process (PID=39414) to work on /opt/airflow/dags/init.py
[2023-07-10T05:01:32.241+0000] {processor.py:826} INFO - Processing file /opt/airflow/dags/init.py for tasks to queue
[2023-07-10T05:01:32.242+0000] {logging_mixin.py:149} INFO - [2023-07-10T05:01:32.242+0000] {dagbag.py:541} INFO - Filling up the DagBag from /opt/airflow/dags/init.py
[2023-07-10T05:01:32.255+0000] {processor.py:836} INFO - DAG(s) dict_keys(['1_init_once_seed_data']) retrieved from /opt/airflow/dags/init.py
[2023-07-10T05:01:32.278+0000] {logging_mixin.py:149} INFO - [2023-07-10T05:01:32.278+0000] {dag.py:2726} INFO - Sync 1 DAGs
[2023-07-10T05:01:32.293+0000] {logging_mixin.py:149} INFO - [2023-07-10T05:01:32.293+0000] {dag.py:3490} INFO - Setting next_dagrun for 1_init_once_seed_data to None, run_after=None
[2023-07-10T05:01:32.305+0000] {processor.py:179} INFO - Processing /opt/airflow/dags/init.py took 0.069 seconds
[2023-07-10T05:02:02.759+0000] {processor.py:157} INFO - Started process (PID=39444) to work on /opt/airflow/dags/init.py
[2023-07-10T05:02:02.761+0000] {processor.py:826} INFO - Processing file /opt/airflow/dags/init.py for tasks to queue
[2023-07-10T05:02:02.762+0000] {logging_mixin.py:149} INFO - [2023-07-10T05:02:02.762+0000] {dagbag.py:541} INFO - Filling up the DagBag from /opt/airflow/dags/init.py
[2023-07-10T05:02:02.775+0000] {processor.py:836} INFO - DAG(s) dict_keys(['1_init_once_seed_data']) retrieved from /opt/airflow/dags/init.py
[2023-07-10T05:02:02.799+0000] {logging_mixin.py:149} INFO - [2023-07-10T05:02:02.799+0000] {dag.py:2726} INFO - Sync 1 DAGs
[2023-07-10T05:02:02.814+0000] {logging_mixin.py:149} INFO - [2023-07-10T05:02:02.814+0000] {dag.py:3490} INFO - Setting next_dagrun for 1_init_once_seed_data to None, run_after=None
[2023-07-10T05:02:02.824+0000] {processor.py:179} INFO - Processing /opt/airflow/dags/init.py took 0.070 seconds
[2023-07-10T05:02:33.231+0000] {processor.py:157} INFO - Started process (PID=39465) to work on /opt/airflow/dags/init.py
[2023-07-10T05:02:33.233+0000] {processor.py:826} INFO - Processing file /opt/airflow/dags/init.py for tasks to queue
[2023-07-10T05:02:33.234+0000] {logging_mixin.py:149} INFO - [2023-07-10T05:02:33.234+0000] {dagbag.py:541} INFO - Filling up the DagBag from /opt/airflow/dags/init.py
[2023-07-10T05:02:33.247+0000] {processor.py:836} INFO - DAG(s) dict_keys(['1_init_once_seed_data']) retrieved from /opt/airflow/dags/init.py
[2023-07-10T05:02:33.273+0000] {logging_mixin.py:149} INFO - [2023-07-10T05:02:33.272+0000] {dag.py:2726} INFO - Sync 1 DAGs
[2023-07-10T05:02:33.290+0000] {logging_mixin.py:149} INFO - [2023-07-10T05:02:33.290+0000] {dag.py:3490} INFO - Setting next_dagrun for 1_init_once_seed_data to None, run_after=None
[2023-07-10T05:02:33.302+0000] {processor.py:179} INFO - Processing /opt/airflow/dags/init.py took 0.075 seconds
[2023-07-10T05:03:03.723+0000] {processor.py:157} INFO - Started process (PID=39495) to work on /opt/airflow/dags/init.py
[2023-07-10T05:03:03.724+0000] {processor.py:826} INFO - Processing file /opt/airflow/dags/init.py for tasks to queue
[2023-07-10T05:03:03.725+0000] {logging_mixin.py:149} INFO - [2023-07-10T05:03:03.725+0000] {dagbag.py:541} INFO - Filling up the DagBag from /opt/airflow/dags/init.py
[2023-07-10T05:03:03.738+0000] {processor.py:836} INFO - DAG(s) dict_keys(['1_init_once_seed_data']) retrieved from /opt/airflow/dags/init.py
[2023-07-10T05:03:03.762+0000] {logging_mixin.py:149} INFO - [2023-07-10T05:03:03.762+0000] {dag.py:2726} INFO - Sync 1 DAGs
[2023-07-10T05:03:03.777+0000] {logging_mixin.py:149} INFO - [2023-07-10T05:03:03.777+0000] {dag.py:3490} INFO - Setting next_dagrun for 1_init_once_seed_data to None, run_after=None
[2023-07-10T05:03:03.788+0000] {processor.py:179} INFO - Processing /opt/airflow/dags/init.py took 0.069 seconds
[2023-07-10T05:03:34.095+0000] {processor.py:157} INFO - Started process (PID=39525) to work on /opt/airflow/dags/init.py
[2023-07-10T05:03:34.096+0000] {processor.py:826} INFO - Processing file /opt/airflow/dags/init.py for tasks to queue
[2023-07-10T05:03:34.097+0000] {logging_mixin.py:149} INFO - [2023-07-10T05:03:34.097+0000] {dagbag.py:541} INFO - Filling up the DagBag from /opt/airflow/dags/init.py
[2023-07-10T05:03:34.107+0000] {processor.py:836} INFO - DAG(s) dict_keys(['1_init_once_seed_data']) retrieved from /opt/airflow/dags/init.py
[2023-07-10T05:03:34.130+0000] {logging_mixin.py:149} INFO - [2023-07-10T05:03:34.130+0000] {dag.py:2726} INFO - Sync 1 DAGs
[2023-07-10T05:03:34.145+0000] {logging_mixin.py:149} INFO - [2023-07-10T05:03:34.145+0000] {dag.py:3490} INFO - Setting next_dagrun for 1_init_once_seed_data to None, run_after=None
[2023-07-10T05:03:34.156+0000] {processor.py:179} INFO - Processing /opt/airflow/dags/init.py took 0.064 seconds
[2023-07-10T05:04:04.549+0000] {processor.py:157} INFO - Started process (PID=39547) to work on /opt/airflow/dags/init.py
[2023-07-10T05:04:04.550+0000] {processor.py:826} INFO - Processing file /opt/airflow/dags/init.py for tasks to queue
[2023-07-10T05:04:04.552+0000] {logging_mixin.py:149} INFO - [2023-07-10T05:04:04.552+0000] {dagbag.py:541} INFO - Filling up the DagBag from /opt/airflow/dags/init.py
[2023-07-10T05:04:04.565+0000] {processor.py:836} INFO - DAG(s) dict_keys(['1_init_once_seed_data']) retrieved from /opt/airflow/dags/init.py
[2023-07-10T05:04:04.590+0000] {logging_mixin.py:149} INFO - [2023-07-10T05:04:04.590+0000] {dag.py:2726} INFO - Sync 1 DAGs
[2023-07-10T05:04:04.606+0000] {logging_mixin.py:149} INFO - [2023-07-10T05:04:04.606+0000] {dag.py:3490} INFO - Setting next_dagrun for 1_init_once_seed_data to None, run_after=None
[2023-07-10T05:04:04.617+0000] {processor.py:179} INFO - Processing /opt/airflow/dags/init.py took 0.072 seconds
[2023-07-10T05:04:35.049+0000] {processor.py:157} INFO - Started process (PID=39577) to work on /opt/airflow/dags/init.py
[2023-07-10T05:04:35.051+0000] {processor.py:826} INFO - Processing file /opt/airflow/dags/init.py for tasks to queue
[2023-07-10T05:04:35.052+0000] {logging_mixin.py:149} INFO - [2023-07-10T05:04:35.052+0000] {dagbag.py:541} INFO - Filling up the DagBag from /opt/airflow/dags/init.py
[2023-07-10T05:04:35.065+0000] {processor.py:836} INFO - DAG(s) dict_keys(['1_init_once_seed_data']) retrieved from /opt/airflow/dags/init.py
[2023-07-10T05:04:35.088+0000] {logging_mixin.py:149} INFO - [2023-07-10T05:04:35.088+0000] {dag.py:2726} INFO - Sync 1 DAGs
[2023-07-10T05:04:35.103+0000] {logging_mixin.py:149} INFO - [2023-07-10T05:04:35.103+0000] {dag.py:3490} INFO - Setting next_dagrun for 1_init_once_seed_data to None, run_after=None
[2023-07-10T05:04:35.114+0000] {processor.py:179} INFO - Processing /opt/airflow/dags/init.py took 0.069 seconds
[2023-07-10T05:05:05.564+0000] {processor.py:157} INFO - Started process (PID=39607) to work on /opt/airflow/dags/init.py
[2023-07-10T05:05:05.565+0000] {processor.py:826} INFO - Processing file /opt/airflow/dags/init.py for tasks to queue
[2023-07-10T05:05:05.566+0000] {logging_mixin.py:149} INFO - [2023-07-10T05:05:05.566+0000] {dagbag.py:541} INFO - Filling up the DagBag from /opt/airflow/dags/init.py
[2023-07-10T05:05:05.579+0000] {processor.py:836} INFO - DAG(s) dict_keys(['1_init_once_seed_data']) retrieved from /opt/airflow/dags/init.py
[2023-07-10T05:05:05.603+0000] {logging_mixin.py:149} INFO - [2023-07-10T05:05:05.602+0000] {dag.py:2726} INFO - Sync 1 DAGs
[2023-07-10T05:05:05.618+0000] {logging_mixin.py:149} INFO - [2023-07-10T05:05:05.618+0000] {dag.py:3490} INFO - Setting next_dagrun for 1_init_once_seed_data to None, run_after=None
[2023-07-10T05:05:05.630+0000] {processor.py:179} INFO - Processing /opt/airflow/dags/init.py took 0.070 seconds
[2023-07-10T05:05:36.004+0000] {processor.py:157} INFO - Started process (PID=39637) to work on /opt/airflow/dags/init.py
[2023-07-10T05:05:36.006+0000] {processor.py:826} INFO - Processing file /opt/airflow/dags/init.py for tasks to queue
[2023-07-10T05:05:36.007+0000] {logging_mixin.py:149} INFO - [2023-07-10T05:05:36.007+0000] {dagbag.py:541} INFO - Filling up the DagBag from /opt/airflow/dags/init.py
[2023-07-10T05:05:36.017+0000] {processor.py:836} INFO - DAG(s) dict_keys(['1_init_once_seed_data']) retrieved from /opt/airflow/dags/init.py
[2023-07-10T05:05:36.038+0000] {logging_mixin.py:149} INFO - [2023-07-10T05:05:36.038+0000] {dag.py:2726} INFO - Sync 1 DAGs
[2023-07-10T05:05:36.055+0000] {logging_mixin.py:149} INFO - [2023-07-10T05:05:36.054+0000] {dag.py:3490} INFO - Setting next_dagrun for 1_init_once_seed_data to None, run_after=None
[2023-07-10T05:05:36.065+0000] {processor.py:179} INFO - Processing /opt/airflow/dags/init.py took 0.064 seconds
[2023-07-10T05:06:06.492+0000] {processor.py:157} INFO - Started process (PID=39657) to work on /opt/airflow/dags/init.py
[2023-07-10T05:06:06.493+0000] {processor.py:826} INFO - Processing file /opt/airflow/dags/init.py for tasks to queue
[2023-07-10T05:06:06.494+0000] {logging_mixin.py:149} INFO - [2023-07-10T05:06:06.494+0000] {dagbag.py:541} INFO - Filling up the DagBag from /opt/airflow/dags/init.py
[2023-07-10T05:06:06.503+0000] {processor.py:836} INFO - DAG(s) dict_keys(['1_init_once_seed_data']) retrieved from /opt/airflow/dags/init.py
[2023-07-10T05:06:06.525+0000] {logging_mixin.py:149} INFO - [2023-07-10T05:06:06.525+0000] {dag.py:2726} INFO - Sync 1 DAGs
[2023-07-10T05:06:06.541+0000] {logging_mixin.py:149} INFO - [2023-07-10T05:06:06.541+0000] {dag.py:3490} INFO - Setting next_dagrun for 1_init_once_seed_data to None, run_after=None
[2023-07-10T05:06:06.553+0000] {processor.py:179} INFO - Processing /opt/airflow/dags/init.py took 0.064 seconds
[2023-07-10T05:06:36.998+0000] {processor.py:157} INFO - Started process (PID=39687) to work on /opt/airflow/dags/init.py
[2023-07-10T05:06:36.999+0000] {processor.py:826} INFO - Processing file /opt/airflow/dags/init.py for tasks to queue
[2023-07-10T05:06:37.000+0000] {logging_mixin.py:149} INFO - [2023-07-10T05:06:37.000+0000] {dagbag.py:541} INFO - Filling up the DagBag from /opt/airflow/dags/init.py
[2023-07-10T05:06:37.013+0000] {processor.py:836} INFO - DAG(s) dict_keys(['1_init_once_seed_data']) retrieved from /opt/airflow/dags/init.py
[2023-07-10T05:06:37.038+0000] {logging_mixin.py:149} INFO - [2023-07-10T05:06:37.038+0000] {dag.py:2726} INFO - Sync 1 DAGs
[2023-07-10T05:06:37.052+0000] {logging_mixin.py:149} INFO - [2023-07-10T05:06:37.052+0000] {dag.py:3490} INFO - Setting next_dagrun for 1_init_once_seed_data to None, run_after=None
[2023-07-10T05:06:37.063+0000] {processor.py:179} INFO - Processing /opt/airflow/dags/init.py took 0.069 seconds
[2023-07-10T05:07:07.442+0000] {processor.py:157} INFO - Started process (PID=39717) to work on /opt/airflow/dags/init.py
[2023-07-10T05:07:07.443+0000] {processor.py:826} INFO - Processing file /opt/airflow/dags/init.py for tasks to queue
[2023-07-10T05:07:07.444+0000] {logging_mixin.py:149} INFO - [2023-07-10T05:07:07.444+0000] {dagbag.py:541} INFO - Filling up the DagBag from /opt/airflow/dags/init.py
[2023-07-10T05:07:07.454+0000] {processor.py:836} INFO - DAG(s) dict_keys(['1_init_once_seed_data']) retrieved from /opt/airflow/dags/init.py
[2023-07-10T05:07:07.480+0000] {logging_mixin.py:149} INFO - [2023-07-10T05:07:07.480+0000] {dag.py:2726} INFO - Sync 1 DAGs
[2023-07-10T05:07:07.497+0000] {logging_mixin.py:149} INFO - [2023-07-10T05:07:07.497+0000] {dag.py:3490} INFO - Setting next_dagrun for 1_init_once_seed_data to None, run_after=None
[2023-07-10T05:07:07.512+0000] {processor.py:179} INFO - Processing /opt/airflow/dags/init.py took 0.073 seconds
[2023-07-10T05:07:37.863+0000] {processor.py:157} INFO - Started process (PID=39738) to work on /opt/airflow/dags/init.py
[2023-07-10T05:07:37.864+0000] {processor.py:826} INFO - Processing file /opt/airflow/dags/init.py for tasks to queue
[2023-07-10T05:07:37.865+0000] {logging_mixin.py:149} INFO - [2023-07-10T05:07:37.865+0000] {dagbag.py:541} INFO - Filling up the DagBag from /opt/airflow/dags/init.py
[2023-07-10T05:07:37.878+0000] {processor.py:836} INFO - DAG(s) dict_keys(['1_init_once_seed_data']) retrieved from /opt/airflow/dags/init.py
[2023-07-10T05:07:37.902+0000] {logging_mixin.py:149} INFO - [2023-07-10T05:07:37.902+0000] {dag.py:2726} INFO - Sync 1 DAGs
[2023-07-10T05:07:37.917+0000] {logging_mixin.py:149} INFO - [2023-07-10T05:07:37.917+0000] {dag.py:3490} INFO - Setting next_dagrun for 1_init_once_seed_data to None, run_after=None
[2023-07-10T05:07:37.929+0000] {processor.py:179} INFO - Processing /opt/airflow/dags/init.py took 0.070 seconds
[2023-07-10T05:08:08.275+0000] {processor.py:157} INFO - Started process (PID=39768) to work on /opt/airflow/dags/init.py
[2023-07-10T05:08:08.277+0000] {processor.py:826} INFO - Processing file /opt/airflow/dags/init.py for tasks to queue
[2023-07-10T05:08:08.278+0000] {logging_mixin.py:149} INFO - [2023-07-10T05:08:08.278+0000] {dagbag.py:541} INFO - Filling up the DagBag from /opt/airflow/dags/init.py
[2023-07-10T05:08:08.291+0000] {processor.py:836} INFO - DAG(s) dict_keys(['1_init_once_seed_data']) retrieved from /opt/airflow/dags/init.py
[2023-07-10T05:08:08.314+0000] {logging_mixin.py:149} INFO - [2023-07-10T05:08:08.314+0000] {dag.py:2726} INFO - Sync 1 DAGs
[2023-07-10T05:08:08.330+0000] {logging_mixin.py:149} INFO - [2023-07-10T05:08:08.329+0000] {dag.py:3490} INFO - Setting next_dagrun for 1_init_once_seed_data to None, run_after=None
[2023-07-10T05:08:08.340+0000] {processor.py:179} INFO - Processing /opt/airflow/dags/init.py took 0.069 seconds
[2023-07-10T05:08:38.740+0000] {processor.py:157} INFO - Started process (PID=39798) to work on /opt/airflow/dags/init.py
[2023-07-10T05:08:38.742+0000] {processor.py:826} INFO - Processing file /opt/airflow/dags/init.py for tasks to queue
[2023-07-10T05:08:38.743+0000] {logging_mixin.py:149} INFO - [2023-07-10T05:08:38.743+0000] {dagbag.py:541} INFO - Filling up the DagBag from /opt/airflow/dags/init.py
[2023-07-10T05:08:38.755+0000] {processor.py:836} INFO - DAG(s) dict_keys(['1_init_once_seed_data']) retrieved from /opt/airflow/dags/init.py
[2023-07-10T05:08:38.778+0000] {logging_mixin.py:149} INFO - [2023-07-10T05:08:38.778+0000] {dag.py:2726} INFO - Sync 1 DAGs
[2023-07-10T05:08:38.794+0000] {logging_mixin.py:149} INFO - [2023-07-10T05:08:38.794+0000] {dag.py:3490} INFO - Setting next_dagrun for 1_init_once_seed_data to None, run_after=None
[2023-07-10T05:08:38.805+0000] {processor.py:179} INFO - Processing /opt/airflow/dags/init.py took 0.068 seconds
[2023-07-10T05:09:09.264+0000] {processor.py:157} INFO - Started process (PID=39819) to work on /opt/airflow/dags/init.py
[2023-07-10T05:09:09.266+0000] {processor.py:826} INFO - Processing file /opt/airflow/dags/init.py for tasks to queue
[2023-07-10T05:09:09.267+0000] {logging_mixin.py:149} INFO - [2023-07-10T05:09:09.267+0000] {dagbag.py:541} INFO - Filling up the DagBag from /opt/airflow/dags/init.py
[2023-07-10T05:09:09.279+0000] {processor.py:836} INFO - DAG(s) dict_keys(['1_init_once_seed_data']) retrieved from /opt/airflow/dags/init.py
[2023-07-10T05:09:09.303+0000] {logging_mixin.py:149} INFO - [2023-07-10T05:09:09.302+0000] {dag.py:2726} INFO - Sync 1 DAGs
[2023-07-10T05:09:09.317+0000] {logging_mixin.py:149} INFO - [2023-07-10T05:09:09.317+0000] {dag.py:3490} INFO - Setting next_dagrun for 1_init_once_seed_data to None, run_after=None
[2023-07-10T05:09:09.328+0000] {processor.py:179} INFO - Processing /opt/airflow/dags/init.py took 0.067 seconds
[2023-07-10T05:09:39.715+0000] {processor.py:157} INFO - Started process (PID=39849) to work on /opt/airflow/dags/init.py
[2023-07-10T05:09:39.716+0000] {processor.py:826} INFO - Processing file /opt/airflow/dags/init.py for tasks to queue
[2023-07-10T05:09:39.717+0000] {logging_mixin.py:149} INFO - [2023-07-10T05:09:39.717+0000] {dagbag.py:541} INFO - Filling up the DagBag from /opt/airflow/dags/init.py
[2023-07-10T05:09:39.730+0000] {processor.py:836} INFO - DAG(s) dict_keys(['1_init_once_seed_data']) retrieved from /opt/airflow/dags/init.py
[2023-07-10T05:09:39.753+0000] {logging_mixin.py:149} INFO - [2023-07-10T05:09:39.753+0000] {dag.py:2726} INFO - Sync 1 DAGs
[2023-07-10T05:09:39.767+0000] {logging_mixin.py:149} INFO - [2023-07-10T05:09:39.767+0000] {dag.py:3490} INFO - Setting next_dagrun for 1_init_once_seed_data to None, run_after=None
[2023-07-10T05:09:39.778+0000] {processor.py:179} INFO - Processing /opt/airflow/dags/init.py took 0.067 seconds
[2023-07-10T05:10:10.255+0000] {processor.py:157} INFO - Started process (PID=39879) to work on /opt/airflow/dags/init.py
[2023-07-10T05:10:10.256+0000] {processor.py:826} INFO - Processing file /opt/airflow/dags/init.py for tasks to queue
[2023-07-10T05:10:10.258+0000] {logging_mixin.py:149} INFO - [2023-07-10T05:10:10.257+0000] {dagbag.py:541} INFO - Filling up the DagBag from /opt/airflow/dags/init.py
[2023-07-10T05:10:10.269+0000] {processor.py:836} INFO - DAG(s) dict_keys(['1_init_once_seed_data']) retrieved from /opt/airflow/dags/init.py
[2023-07-10T05:10:10.292+0000] {logging_mixin.py:149} INFO - [2023-07-10T05:10:10.292+0000] {dag.py:2726} INFO - Sync 1 DAGs
[2023-07-10T05:10:10.307+0000] {logging_mixin.py:149} INFO - [2023-07-10T05:10:10.307+0000] {dag.py:3490} INFO - Setting next_dagrun for 1_init_once_seed_data to None, run_after=None
[2023-07-10T05:10:10.317+0000] {processor.py:179} INFO - Processing /opt/airflow/dags/init.py took 0.066 seconds
[2023-07-10T05:10:40.709+0000] {processor.py:157} INFO - Started process (PID=39901) to work on /opt/airflow/dags/init.py
[2023-07-10T05:10:40.711+0000] {processor.py:826} INFO - Processing file /opt/airflow/dags/init.py for tasks to queue
[2023-07-10T05:10:40.712+0000] {logging_mixin.py:149} INFO - [2023-07-10T05:10:40.712+0000] {dagbag.py:541} INFO - Filling up the DagBag from /opt/airflow/dags/init.py
[2023-07-10T05:10:40.724+0000] {processor.py:836} INFO - DAG(s) dict_keys(['1_init_once_seed_data']) retrieved from /opt/airflow/dags/init.py
[2023-07-10T05:10:40.748+0000] {logging_mixin.py:149} INFO - [2023-07-10T05:10:40.748+0000] {dag.py:2726} INFO - Sync 1 DAGs
[2023-07-10T05:10:40.763+0000] {logging_mixin.py:149} INFO - [2023-07-10T05:10:40.763+0000] {dag.py:3490} INFO - Setting next_dagrun for 1_init_once_seed_data to None, run_after=None
[2023-07-10T05:10:40.774+0000] {processor.py:179} INFO - Processing /opt/airflow/dags/init.py took 0.068 seconds
[2023-07-10T05:11:11.159+0000] {processor.py:157} INFO - Started process (PID=39932) to work on /opt/airflow/dags/init.py
[2023-07-10T05:11:11.160+0000] {processor.py:826} INFO - Processing file /opt/airflow/dags/init.py for tasks to queue
[2023-07-10T05:11:11.161+0000] {logging_mixin.py:149} INFO - [2023-07-10T05:11:11.161+0000] {dagbag.py:541} INFO - Filling up the DagBag from /opt/airflow/dags/init.py
[2023-07-10T05:11:11.172+0000] {processor.py:836} INFO - DAG(s) dict_keys(['1_init_once_seed_data']) retrieved from /opt/airflow/dags/init.py
[2023-07-10T05:11:11.195+0000] {logging_mixin.py:149} INFO - [2023-07-10T05:11:11.194+0000] {dag.py:2726} INFO - Sync 1 DAGs
[2023-07-10T05:11:11.209+0000] {logging_mixin.py:149} INFO - [2023-07-10T05:11:11.209+0000] {dag.py:3490} INFO - Setting next_dagrun for 1_init_once_seed_data to None, run_after=None
[2023-07-10T05:11:11.221+0000] {processor.py:179} INFO - Processing /opt/airflow/dags/init.py took 0.065 seconds
[2023-07-10T05:11:41.567+0000] {processor.py:157} INFO - Started process (PID=39962) to work on /opt/airflow/dags/init.py
[2023-07-10T05:11:41.569+0000] {processor.py:826} INFO - Processing file /opt/airflow/dags/init.py for tasks to queue
[2023-07-10T05:11:41.570+0000] {logging_mixin.py:149} INFO - [2023-07-10T05:11:41.570+0000] {dagbag.py:541} INFO - Filling up the DagBag from /opt/airflow/dags/init.py
[2023-07-10T05:11:41.583+0000] {processor.py:836} INFO - DAG(s) dict_keys(['1_init_once_seed_data']) retrieved from /opt/airflow/dags/init.py
[2023-07-10T05:11:41.609+0000] {logging_mixin.py:149} INFO - [2023-07-10T05:11:41.609+0000] {dag.py:2726} INFO - Sync 1 DAGs
[2023-07-10T05:11:41.626+0000] {logging_mixin.py:149} INFO - [2023-07-10T05:11:41.626+0000] {dag.py:3490} INFO - Setting next_dagrun for 1_init_once_seed_data to None, run_after=None
[2023-07-10T05:11:41.637+0000] {processor.py:179} INFO - Processing /opt/airflow/dags/init.py took 0.074 seconds
[2023-07-10T05:12:12.074+0000] {processor.py:157} INFO - Started process (PID=39992) to work on /opt/airflow/dags/init.py
[2023-07-10T05:12:12.076+0000] {processor.py:826} INFO - Processing file /opt/airflow/dags/init.py for tasks to queue
[2023-07-10T05:12:12.076+0000] {logging_mixin.py:149} INFO - [2023-07-10T05:12:12.076+0000] {dagbag.py:541} INFO - Filling up the DagBag from /opt/airflow/dags/init.py
[2023-07-10T05:12:12.085+0000] {processor.py:836} INFO - DAG(s) dict_keys(['1_init_once_seed_data']) retrieved from /opt/airflow/dags/init.py
[2023-07-10T05:12:12.106+0000] {logging_mixin.py:149} INFO - [2023-07-10T05:12:12.106+0000] {dag.py:2726} INFO - Sync 1 DAGs
[2023-07-10T05:12:12.121+0000] {logging_mixin.py:149} INFO - [2023-07-10T05:12:12.121+0000] {dag.py:3490} INFO - Setting next_dagrun for 1_init_once_seed_data to None, run_after=None
[2023-07-10T05:12:12.132+0000] {processor.py:179} INFO - Processing /opt/airflow/dags/init.py took 0.061 seconds
[2023-07-10T05:12:42.742+0000] {processor.py:157} INFO - Started process (PID=40013) to work on /opt/airflow/dags/init.py
[2023-07-10T05:12:42.743+0000] {processor.py:826} INFO - Processing file /opt/airflow/dags/init.py for tasks to queue
[2023-07-10T05:12:42.745+0000] {logging_mixin.py:149} INFO - [2023-07-10T05:12:42.745+0000] {dagbag.py:541} INFO - Filling up the DagBag from /opt/airflow/dags/init.py
[2023-07-10T05:12:42.758+0000] {processor.py:836} INFO - DAG(s) dict_keys(['1_init_once_seed_data']) retrieved from /opt/airflow/dags/init.py
[2023-07-10T05:12:42.792+0000] {logging_mixin.py:149} INFO - [2023-07-10T05:12:42.792+0000] {dag.py:2726} INFO - Sync 1 DAGs
[2023-07-10T05:12:42.810+0000] {logging_mixin.py:149} INFO - [2023-07-10T05:12:42.810+0000] {dag.py:3490} INFO - Setting next_dagrun for 1_init_once_seed_data to None, run_after=None
[2023-07-10T05:12:42.822+0000] {processor.py:179} INFO - Processing /opt/airflow/dags/init.py took 0.084 seconds
[2023-07-10T05:13:13.145+0000] {processor.py:157} INFO - Started process (PID=40043) to work on /opt/airflow/dags/init.py
[2023-07-10T05:13:13.146+0000] {processor.py:826} INFO - Processing file /opt/airflow/dags/init.py for tasks to queue
[2023-07-10T05:13:13.147+0000] {logging_mixin.py:149} INFO - [2023-07-10T05:13:13.146+0000] {dagbag.py:541} INFO - Filling up the DagBag from /opt/airflow/dags/init.py
[2023-07-10T05:13:13.156+0000] {processor.py:836} INFO - DAG(s) dict_keys(['1_init_once_seed_data']) retrieved from /opt/airflow/dags/init.py
[2023-07-10T05:13:13.177+0000] {logging_mixin.py:149} INFO - [2023-07-10T05:13:13.177+0000] {dag.py:2726} INFO - Sync 1 DAGs
[2023-07-10T05:13:13.193+0000] {logging_mixin.py:149} INFO - [2023-07-10T05:13:13.193+0000] {dag.py:3490} INFO - Setting next_dagrun for 1_init_once_seed_data to None, run_after=None
[2023-07-10T05:13:13.205+0000] {processor.py:179} INFO - Processing /opt/airflow/dags/init.py took 0.063 seconds
[2023-07-10T05:13:43.518+0000] {processor.py:157} INFO - Started process (PID=40074) to work on /opt/airflow/dags/init.py
[2023-07-10T05:13:43.519+0000] {processor.py:826} INFO - Processing file /opt/airflow/dags/init.py for tasks to queue
[2023-07-10T05:13:43.520+0000] {logging_mixin.py:149} INFO - [2023-07-10T05:13:43.520+0000] {dagbag.py:541} INFO - Filling up the DagBag from /opt/airflow/dags/init.py
[2023-07-10T05:13:43.529+0000] {processor.py:836} INFO - DAG(s) dict_keys(['1_init_once_seed_data']) retrieved from /opt/airflow/dags/init.py
[2023-07-10T05:13:43.552+0000] {logging_mixin.py:149} INFO - [2023-07-10T05:13:43.552+0000] {dag.py:2726} INFO - Sync 1 DAGs
[2023-07-10T05:13:43.568+0000] {logging_mixin.py:149} INFO - [2023-07-10T05:13:43.568+0000] {dag.py:3490} INFO - Setting next_dagrun for 1_init_once_seed_data to None, run_after=None
[2023-07-10T05:13:43.580+0000] {processor.py:179} INFO - Processing /opt/airflow/dags/init.py took 0.064 seconds
[2023-07-10T05:14:14.019+0000] {processor.py:157} INFO - Started process (PID=40096) to work on /opt/airflow/dags/init.py
[2023-07-10T05:14:14.020+0000] {processor.py:826} INFO - Processing file /opt/airflow/dags/init.py for tasks to queue
[2023-07-10T05:14:14.021+0000] {logging_mixin.py:149} INFO - [2023-07-10T05:14:14.021+0000] {dagbag.py:541} INFO - Filling up the DagBag from /opt/airflow/dags/init.py
[2023-07-10T05:14:14.033+0000] {processor.py:836} INFO - DAG(s) dict_keys(['1_init_once_seed_data']) retrieved from /opt/airflow/dags/init.py
[2023-07-10T05:14:14.057+0000] {logging_mixin.py:149} INFO - [2023-07-10T05:14:14.057+0000] {dag.py:2726} INFO - Sync 1 DAGs
[2023-07-10T05:14:14.072+0000] {logging_mixin.py:149} INFO - [2023-07-10T05:14:14.072+0000] {dag.py:3490} INFO - Setting next_dagrun for 1_init_once_seed_data to None, run_after=None
[2023-07-10T05:14:14.083+0000] {processor.py:179} INFO - Processing /opt/airflow/dags/init.py took 0.068 seconds
[2023-07-10T05:14:44.501+0000] {processor.py:157} INFO - Started process (PID=40125) to work on /opt/airflow/dags/init.py
[2023-07-10T05:14:44.503+0000] {processor.py:826} INFO - Processing file /opt/airflow/dags/init.py for tasks to queue
[2023-07-10T05:14:44.504+0000] {logging_mixin.py:149} INFO - [2023-07-10T05:14:44.504+0000] {dagbag.py:541} INFO - Filling up the DagBag from /opt/airflow/dags/init.py
[2023-07-10T05:14:44.515+0000] {processor.py:836} INFO - DAG(s) dict_keys(['1_init_once_seed_data']) retrieved from /opt/airflow/dags/init.py
[2023-07-10T05:14:44.539+0000] {logging_mixin.py:149} INFO - [2023-07-10T05:14:44.539+0000] {dag.py:2726} INFO - Sync 1 DAGs
[2023-07-10T05:14:44.555+0000] {logging_mixin.py:149} INFO - [2023-07-10T05:14:44.555+0000] {dag.py:3490} INFO - Setting next_dagrun for 1_init_once_seed_data to None, run_after=None
[2023-07-10T05:14:44.566+0000] {processor.py:179} INFO - Processing /opt/airflow/dags/init.py took 0.068 seconds
[2023-07-10T05:15:14.911+0000] {processor.py:157} INFO - Started process (PID=40156) to work on /opt/airflow/dags/init.py
[2023-07-10T05:15:14.913+0000] {processor.py:826} INFO - Processing file /opt/airflow/dags/init.py for tasks to queue
[2023-07-10T05:15:14.914+0000] {logging_mixin.py:149} INFO - [2023-07-10T05:15:14.914+0000] {dagbag.py:541} INFO - Filling up the DagBag from /opt/airflow/dags/init.py
[2023-07-10T05:15:14.930+0000] {processor.py:836} INFO - DAG(s) dict_keys(['1_init_once_seed_data']) retrieved from /opt/airflow/dags/init.py
[2023-07-10T05:15:14.960+0000] {logging_mixin.py:149} INFO - [2023-07-10T05:15:14.960+0000] {dag.py:2726} INFO - Sync 1 DAGs
[2023-07-10T05:15:14.980+0000] {logging_mixin.py:149} INFO - [2023-07-10T05:15:14.980+0000] {dag.py:3490} INFO - Setting next_dagrun for 1_init_once_seed_data to None, run_after=None
[2023-07-10T05:15:14.993+0000] {processor.py:179} INFO - Processing /opt/airflow/dags/init.py took 0.085 seconds
[2023-07-10T05:15:45.367+0000] {processor.py:157} INFO - Started process (PID=40177) to work on /opt/airflow/dags/init.py
[2023-07-10T05:15:45.369+0000] {processor.py:826} INFO - Processing file /opt/airflow/dags/init.py for tasks to queue
[2023-07-10T05:15:45.370+0000] {logging_mixin.py:149} INFO - [2023-07-10T05:15:45.370+0000] {dagbag.py:541} INFO - Filling up the DagBag from /opt/airflow/dags/init.py
[2023-07-10T05:15:45.382+0000] {processor.py:836} INFO - DAG(s) dict_keys(['1_init_once_seed_data']) retrieved from /opt/airflow/dags/init.py
[2023-07-10T05:15:45.407+0000] {logging_mixin.py:149} INFO - [2023-07-10T05:15:45.407+0000] {dag.py:2726} INFO - Sync 1 DAGs
[2023-07-10T05:15:45.422+0000] {logging_mixin.py:149} INFO - [2023-07-10T05:15:45.422+0000] {dag.py:3490} INFO - Setting next_dagrun for 1_init_once_seed_data to None, run_after=None
[2023-07-10T05:15:45.434+0000] {processor.py:179} INFO - Processing /opt/airflow/dags/init.py took 0.070 seconds
[2023-07-10T05:16:15.884+0000] {processor.py:157} INFO - Started process (PID=40207) to work on /opt/airflow/dags/init.py
[2023-07-10T05:16:15.886+0000] {processor.py:826} INFO - Processing file /opt/airflow/dags/init.py for tasks to queue
[2023-07-10T05:16:15.887+0000] {logging_mixin.py:149} INFO - [2023-07-10T05:16:15.887+0000] {dagbag.py:541} INFO - Filling up the DagBag from /opt/airflow/dags/init.py
[2023-07-10T05:16:15.899+0000] {processor.py:836} INFO - DAG(s) dict_keys(['1_init_once_seed_data']) retrieved from /opt/airflow/dags/init.py
[2023-07-10T05:16:15.923+0000] {logging_mixin.py:149} INFO - [2023-07-10T05:16:15.922+0000] {dag.py:2726} INFO - Sync 1 DAGs
[2023-07-10T05:16:15.938+0000] {logging_mixin.py:149} INFO - [2023-07-10T05:16:15.938+0000] {dag.py:3490} INFO - Setting next_dagrun for 1_init_once_seed_data to None, run_after=None
[2023-07-10T05:16:15.949+0000] {processor.py:179} INFO - Processing /opt/airflow/dags/init.py took 0.068 seconds
[2023-07-10T05:16:46.305+0000] {processor.py:157} INFO - Started process (PID=40237) to work on /opt/airflow/dags/init.py
[2023-07-10T05:16:46.306+0000] {processor.py:826} INFO - Processing file /opt/airflow/dags/init.py for tasks to queue
[2023-07-10T05:16:46.307+0000] {logging_mixin.py:149} INFO - [2023-07-10T05:16:46.307+0000] {dagbag.py:541} INFO - Filling up the DagBag from /opt/airflow/dags/init.py
[2023-07-10T05:16:46.320+0000] {processor.py:836} INFO - DAG(s) dict_keys(['1_init_once_seed_data']) retrieved from /opt/airflow/dags/init.py
[2023-07-10T05:16:46.344+0000] {logging_mixin.py:149} INFO - [2023-07-10T05:16:46.344+0000] {dag.py:2726} INFO - Sync 1 DAGs
[2023-07-10T05:16:46.360+0000] {logging_mixin.py:149} INFO - [2023-07-10T05:16:46.360+0000] {dag.py:3490} INFO - Setting next_dagrun for 1_init_once_seed_data to None, run_after=None
[2023-07-10T05:16:46.370+0000] {processor.py:179} INFO - Processing /opt/airflow/dags/init.py took 0.069 seconds
[2023-07-10T05:17:16.799+0000] {processor.py:157} INFO - Started process (PID=40260) to work on /opt/airflow/dags/init.py
[2023-07-10T05:17:16.800+0000] {processor.py:826} INFO - Processing file /opt/airflow/dags/init.py for tasks to queue
[2023-07-10T05:17:16.801+0000] {logging_mixin.py:149} INFO - [2023-07-10T05:17:16.801+0000] {dagbag.py:541} INFO - Filling up the DagBag from /opt/airflow/dags/init.py
[2023-07-10T05:17:16.814+0000] {processor.py:836} INFO - DAG(s) dict_keys(['1_init_once_seed_data']) retrieved from /opt/airflow/dags/init.py
[2023-07-10T05:17:16.836+0000] {logging_mixin.py:149} INFO - [2023-07-10T05:17:16.836+0000] {dag.py:2726} INFO - Sync 1 DAGs
[2023-07-10T05:17:16.852+0000] {logging_mixin.py:149} INFO - [2023-07-10T05:17:16.852+0000] {dag.py:3490} INFO - Setting next_dagrun for 1_init_once_seed_data to None, run_after=None
[2023-07-10T05:17:16.863+0000] {processor.py:179} INFO - Processing /opt/airflow/dags/init.py took 0.067 seconds
[2023-07-10T05:17:47.264+0000] {processor.py:157} INFO - Started process (PID=40290) to work on /opt/airflow/dags/init.py
[2023-07-10T05:17:47.265+0000] {processor.py:826} INFO - Processing file /opt/airflow/dags/init.py for tasks to queue
[2023-07-10T05:17:47.266+0000] {logging_mixin.py:149} INFO - [2023-07-10T05:17:47.266+0000] {dagbag.py:541} INFO - Filling up the DagBag from /opt/airflow/dags/init.py
[2023-07-10T05:17:47.278+0000] {processor.py:836} INFO - DAG(s) dict_keys(['1_init_once_seed_data']) retrieved from /opt/airflow/dags/init.py
[2023-07-10T05:17:47.302+0000] {logging_mixin.py:149} INFO - [2023-07-10T05:17:47.302+0000] {dag.py:2726} INFO - Sync 1 DAGs
[2023-07-10T05:17:47.317+0000] {logging_mixin.py:149} INFO - [2023-07-10T05:17:47.317+0000] {dag.py:3490} INFO - Setting next_dagrun for 1_init_once_seed_data to None, run_after=None
[2023-07-10T05:17:47.327+0000] {processor.py:179} INFO - Processing /opt/airflow/dags/init.py took 0.067 seconds
[2023-07-10T05:18:17.811+0000] {processor.py:157} INFO - Started process (PID=40320) to work on /opt/airflow/dags/init.py
[2023-07-10T05:18:17.812+0000] {processor.py:826} INFO - Processing file /opt/airflow/dags/init.py for tasks to queue
[2023-07-10T05:18:17.814+0000] {logging_mixin.py:149} INFO - [2023-07-10T05:18:17.813+0000] {dagbag.py:541} INFO - Filling up the DagBag from /opt/airflow/dags/init.py
[2023-07-10T05:18:17.826+0000] {processor.py:836} INFO - DAG(s) dict_keys(['1_init_once_seed_data']) retrieved from /opt/airflow/dags/init.py
[2023-07-10T05:18:17.849+0000] {logging_mixin.py:149} INFO - [2023-07-10T05:18:17.849+0000] {dag.py:2726} INFO - Sync 1 DAGs
[2023-07-10T05:18:17.864+0000] {logging_mixin.py:149} INFO - [2023-07-10T05:18:17.864+0000] {dag.py:3490} INFO - Setting next_dagrun for 1_init_once_seed_data to None, run_after=None
[2023-07-10T05:18:17.875+0000] {processor.py:179} INFO - Processing /opt/airflow/dags/init.py took 0.068 seconds
[2023-07-10T05:18:48.302+0000] {processor.py:157} INFO - Started process (PID=40350) to work on /opt/airflow/dags/init.py
[2023-07-10T05:18:48.304+0000] {processor.py:826} INFO - Processing file /opt/airflow/dags/init.py for tasks to queue
[2023-07-10T05:18:48.305+0000] {logging_mixin.py:149} INFO - [2023-07-10T05:18:48.304+0000] {dagbag.py:541} INFO - Filling up the DagBag from /opt/airflow/dags/init.py
[2023-07-10T05:18:48.314+0000] {processor.py:836} INFO - DAG(s) dict_keys(['1_init_once_seed_data']) retrieved from /opt/airflow/dags/init.py
[2023-07-10T05:18:48.335+0000] {logging_mixin.py:149} INFO - [2023-07-10T05:18:48.335+0000] {dag.py:2726} INFO - Sync 1 DAGs
[2023-07-10T05:18:48.351+0000] {logging_mixin.py:149} INFO - [2023-07-10T05:18:48.351+0000] {dag.py:3490} INFO - Setting next_dagrun for 1_init_once_seed_data to None, run_after=None
[2023-07-10T05:18:48.363+0000] {processor.py:179} INFO - Processing /opt/airflow/dags/init.py took 0.063 seconds
[2023-07-10T05:19:18.860+0000] {processor.py:157} INFO - Started process (PID=40371) to work on /opt/airflow/dags/init.py
[2023-07-10T05:19:18.862+0000] {processor.py:826} INFO - Processing file /opt/airflow/dags/init.py for tasks to queue
[2023-07-10T05:19:18.863+0000] {logging_mixin.py:149} INFO - [2023-07-10T05:19:18.863+0000] {dagbag.py:541} INFO - Filling up the DagBag from /opt/airflow/dags/init.py
[2023-07-10T05:19:18.875+0000] {processor.py:836} INFO - DAG(s) dict_keys(['1_init_once_seed_data']) retrieved from /opt/airflow/dags/init.py
[2023-07-10T05:19:18.899+0000] {logging_mixin.py:149} INFO - [2023-07-10T05:19:18.899+0000] {dag.py:2726} INFO - Sync 1 DAGs
[2023-07-10T05:19:18.914+0000] {logging_mixin.py:149} INFO - [2023-07-10T05:19:18.914+0000] {dag.py:3490} INFO - Setting next_dagrun for 1_init_once_seed_data to None, run_after=None
[2023-07-10T05:19:18.925+0000] {processor.py:179} INFO - Processing /opt/airflow/dags/init.py took 0.068 seconds
[2023-07-10T05:19:49.331+0000] {processor.py:157} INFO - Started process (PID=40402) to work on /opt/airflow/dags/init.py
[2023-07-10T05:19:49.333+0000] {processor.py:826} INFO - Processing file /opt/airflow/dags/init.py for tasks to queue
[2023-07-10T05:19:49.334+0000] {logging_mixin.py:149} INFO - [2023-07-10T05:19:49.334+0000] {dagbag.py:541} INFO - Filling up the DagBag from /opt/airflow/dags/init.py
[2023-07-10T05:19:49.346+0000] {processor.py:836} INFO - DAG(s) dict_keys(['1_init_once_seed_data']) retrieved from /opt/airflow/dags/init.py
[2023-07-10T05:19:49.369+0000] {logging_mixin.py:149} INFO - [2023-07-10T05:19:49.369+0000] {dag.py:2726} INFO - Sync 1 DAGs
[2023-07-10T05:19:49.385+0000] {logging_mixin.py:149} INFO - [2023-07-10T05:19:49.385+0000] {dag.py:3490} INFO - Setting next_dagrun for 1_init_once_seed_data to None, run_after=None
[2023-07-10T05:19:49.396+0000] {processor.py:179} INFO - Processing /opt/airflow/dags/init.py took 0.068 seconds
[2023-07-10T05:20:19.844+0000] {processor.py:157} INFO - Started process (PID=40431) to work on /opt/airflow/dags/init.py
[2023-07-10T05:20:19.846+0000] {processor.py:826} INFO - Processing file /opt/airflow/dags/init.py for tasks to queue
[2023-07-10T05:20:19.847+0000] {logging_mixin.py:149} INFO - [2023-07-10T05:20:19.847+0000] {dagbag.py:541} INFO - Filling up the DagBag from /opt/airflow/dags/init.py
[2023-07-10T05:20:19.859+0000] {processor.py:836} INFO - DAG(s) dict_keys(['1_init_once_seed_data']) retrieved from /opt/airflow/dags/init.py
[2023-07-10T05:20:19.883+0000] {logging_mixin.py:149} INFO - [2023-07-10T05:20:19.883+0000] {dag.py:2726} INFO - Sync 1 DAGs
[2023-07-10T05:20:19.899+0000] {logging_mixin.py:149} INFO - [2023-07-10T05:20:19.899+0000] {dag.py:3490} INFO - Setting next_dagrun for 1_init_once_seed_data to None, run_after=None
[2023-07-10T05:20:19.909+0000] {processor.py:179} INFO - Processing /opt/airflow/dags/init.py took 0.068 seconds
[2023-07-10T05:20:50.282+0000] {processor.py:157} INFO - Started process (PID=40452) to work on /opt/airflow/dags/init.py
[2023-07-10T05:20:50.283+0000] {processor.py:826} INFO - Processing file /opt/airflow/dags/init.py for tasks to queue
[2023-07-10T05:20:50.284+0000] {logging_mixin.py:149} INFO - [2023-07-10T05:20:50.284+0000] {dagbag.py:541} INFO - Filling up the DagBag from /opt/airflow/dags/init.py
[2023-07-10T05:20:50.296+0000] {processor.py:836} INFO - DAG(s) dict_keys(['1_init_once_seed_data']) retrieved from /opt/airflow/dags/init.py
[2023-07-10T05:20:50.319+0000] {logging_mixin.py:149} INFO - [2023-07-10T05:20:50.319+0000] {dag.py:2726} INFO - Sync 1 DAGs
[2023-07-10T05:20:50.334+0000] {logging_mixin.py:149} INFO - [2023-07-10T05:20:50.334+0000] {dag.py:3490} INFO - Setting next_dagrun for 1_init_once_seed_data to None, run_after=None
[2023-07-10T05:20:50.346+0000] {processor.py:179} INFO - Processing /opt/airflow/dags/init.py took 0.068 seconds
[2023-07-10T05:21:20.689+0000] {processor.py:157} INFO - Started process (PID=40482) to work on /opt/airflow/dags/init.py
[2023-07-10T05:21:20.690+0000] {processor.py:826} INFO - Processing file /opt/airflow/dags/init.py for tasks to queue
[2023-07-10T05:21:20.691+0000] {logging_mixin.py:149} INFO - [2023-07-10T05:21:20.691+0000] {dagbag.py:541} INFO - Filling up the DagBag from /opt/airflow/dags/init.py
[2023-07-10T05:21:20.703+0000] {processor.py:836} INFO - DAG(s) dict_keys(['1_init_once_seed_data']) retrieved from /opt/airflow/dags/init.py
[2023-07-10T05:21:20.727+0000] {logging_mixin.py:149} INFO - [2023-07-10T05:21:20.726+0000] {dag.py:2726} INFO - Sync 1 DAGs
[2023-07-10T05:21:20.741+0000] {logging_mixin.py:149} INFO - [2023-07-10T05:21:20.741+0000] {dag.py:3490} INFO - Setting next_dagrun for 1_init_once_seed_data to None, run_after=None
[2023-07-10T05:21:20.751+0000] {processor.py:179} INFO - Processing /opt/airflow/dags/init.py took 0.067 seconds
[2023-07-10T05:21:51.141+0000] {processor.py:157} INFO - Started process (PID=40512) to work on /opt/airflow/dags/init.py
[2023-07-10T05:21:51.142+0000] {processor.py:826} INFO - Processing file /opt/airflow/dags/init.py for tasks to queue
[2023-07-10T05:21:51.143+0000] {logging_mixin.py:149} INFO - [2023-07-10T05:21:51.143+0000] {dagbag.py:541} INFO - Filling up the DagBag from /opt/airflow/dags/init.py
[2023-07-10T05:21:51.156+0000] {processor.py:836} INFO - DAG(s) dict_keys(['1_init_once_seed_data']) retrieved from /opt/airflow/dags/init.py
[2023-07-10T05:21:51.179+0000] {logging_mixin.py:149} INFO - [2023-07-10T05:21:51.179+0000] {dag.py:2726} INFO - Sync 1 DAGs
[2023-07-10T05:21:51.193+0000] {logging_mixin.py:149} INFO - [2023-07-10T05:21:51.193+0000] {dag.py:3490} INFO - Setting next_dagrun for 1_init_once_seed_data to None, run_after=None
[2023-07-10T05:21:51.204+0000] {processor.py:179} INFO - Processing /opt/airflow/dags/init.py took 0.067 seconds
[2023-07-10T05:22:21.881+0000] {processor.py:157} INFO - Started process (PID=40533) to work on /opt/airflow/dags/init.py
[2023-07-10T05:22:21.884+0000] {processor.py:826} INFO - Processing file /opt/airflow/dags/init.py for tasks to queue
[2023-07-10T05:22:21.885+0000] {logging_mixin.py:149} INFO - [2023-07-10T05:22:21.885+0000] {dagbag.py:541} INFO - Filling up the DagBag from /opt/airflow/dags/init.py
[2023-07-10T05:22:21.898+0000] {processor.py:836} INFO - DAG(s) dict_keys(['1_init_once_seed_data']) retrieved from /opt/airflow/dags/init.py
[2023-07-10T05:22:21.924+0000] {logging_mixin.py:149} INFO - [2023-07-10T05:22:21.923+0000] {dag.py:2726} INFO - Sync 1 DAGs
[2023-07-10T05:22:21.940+0000] {logging_mixin.py:149} INFO - [2023-07-10T05:22:21.940+0000] {dag.py:3490} INFO - Setting next_dagrun for 1_init_once_seed_data to None, run_after=None
[2023-07-10T05:22:21.953+0000] {processor.py:179} INFO - Processing /opt/airflow/dags/init.py took 0.076 seconds
[2023-07-10T05:22:52.313+0000] {processor.py:157} INFO - Started process (PID=40563) to work on /opt/airflow/dags/init.py
[2023-07-10T05:22:52.314+0000] {processor.py:826} INFO - Processing file /opt/airflow/dags/init.py for tasks to queue
[2023-07-10T05:22:52.316+0000] {logging_mixin.py:149} INFO - [2023-07-10T05:22:52.315+0000] {dagbag.py:541} INFO - Filling up the DagBag from /opt/airflow/dags/init.py
[2023-07-10T05:22:52.329+0000] {processor.py:836} INFO - DAG(s) dict_keys(['1_init_once_seed_data']) retrieved from /opt/airflow/dags/init.py
[2023-07-10T05:22:52.351+0000] {logging_mixin.py:149} INFO - [2023-07-10T05:22:52.351+0000] {dag.py:2726} INFO - Sync 1 DAGs
[2023-07-10T05:22:52.365+0000] {logging_mixin.py:149} INFO - [2023-07-10T05:22:52.365+0000] {dag.py:3490} INFO - Setting next_dagrun for 1_init_once_seed_data to None, run_after=None
[2023-07-10T05:22:52.377+0000] {processor.py:179} INFO - Processing /opt/airflow/dags/init.py took 0.067 seconds
[2023-07-10T05:23:22.855+0000] {processor.py:157} INFO - Started process (PID=40593) to work on /opt/airflow/dags/init.py
[2023-07-10T05:23:22.858+0000] {processor.py:826} INFO - Processing file /opt/airflow/dags/init.py for tasks to queue
[2023-07-10T05:23:22.859+0000] {logging_mixin.py:149} INFO - [2023-07-10T05:23:22.859+0000] {dagbag.py:541} INFO - Filling up the DagBag from /opt/airflow/dags/init.py
[2023-07-10T05:23:22.870+0000] {processor.py:836} INFO - DAG(s) dict_keys(['1_init_once_seed_data']) retrieved from /opt/airflow/dags/init.py
[2023-07-10T05:23:22.895+0000] {logging_mixin.py:149} INFO - [2023-07-10T05:23:22.895+0000] {dag.py:2726} INFO - Sync 1 DAGs
[2023-07-10T05:23:22.910+0000] {logging_mixin.py:149} INFO - [2023-07-10T05:23:22.910+0000] {dag.py:3490} INFO - Setting next_dagrun for 1_init_once_seed_data to None, run_after=None
[2023-07-10T05:23:22.921+0000] {processor.py:179} INFO - Processing /opt/airflow/dags/init.py took 0.070 seconds
[2023-07-10T05:23:53.276+0000] {processor.py:157} INFO - Started process (PID=40615) to work on /opt/airflow/dags/init.py
[2023-07-10T05:23:53.278+0000] {processor.py:826} INFO - Processing file /opt/airflow/dags/init.py for tasks to queue
[2023-07-10T05:23:53.279+0000] {logging_mixin.py:149} INFO - [2023-07-10T05:23:53.278+0000] {dagbag.py:541} INFO - Filling up the DagBag from /opt/airflow/dags/init.py
[2023-07-10T05:23:53.289+0000] {processor.py:836} INFO - DAG(s) dict_keys(['1_init_once_seed_data']) retrieved from /opt/airflow/dags/init.py
[2023-07-10T05:23:53.315+0000] {logging_mixin.py:149} INFO - [2023-07-10T05:23:53.315+0000] {dag.py:2726} INFO - Sync 1 DAGs
[2023-07-10T05:23:53.331+0000] {logging_mixin.py:149} INFO - [2023-07-10T05:23:53.331+0000] {dag.py:3490} INFO - Setting next_dagrun for 1_init_once_seed_data to None, run_after=None
[2023-07-10T05:23:53.343+0000] {processor.py:179} INFO - Processing /opt/airflow/dags/init.py took 0.072 seconds
[2023-07-10T05:24:23.757+0000] {processor.py:157} INFO - Started process (PID=40643) to work on /opt/airflow/dags/init.py
[2023-07-10T05:24:23.759+0000] {processor.py:826} INFO - Processing file /opt/airflow/dags/init.py for tasks to queue
[2023-07-10T05:24:23.760+0000] {logging_mixin.py:149} INFO - [2023-07-10T05:24:23.760+0000] {dagbag.py:541} INFO - Filling up the DagBag from /opt/airflow/dags/init.py
[2023-07-10T05:24:23.772+0000] {processor.py:836} INFO - DAG(s) dict_keys(['1_init_once_seed_data']) retrieved from /opt/airflow/dags/init.py
[2023-07-10T05:24:23.797+0000] {logging_mixin.py:149} INFO - [2023-07-10T05:24:23.797+0000] {dag.py:2726} INFO - Sync 1 DAGs
[2023-07-10T05:24:23.812+0000] {logging_mixin.py:149} INFO - [2023-07-10T05:24:23.812+0000] {dag.py:3490} INFO - Setting next_dagrun for 1_init_once_seed_data to None, run_after=None
[2023-07-10T05:24:23.823+0000] {processor.py:179} INFO - Processing /opt/airflow/dags/init.py took 0.071 seconds
[2023-07-10T05:24:54.288+0000] {processor.py:157} INFO - Started process (PID=40673) to work on /opt/airflow/dags/init.py
[2023-07-10T05:24:54.289+0000] {processor.py:826} INFO - Processing file /opt/airflow/dags/init.py for tasks to queue
[2023-07-10T05:24:54.290+0000] {logging_mixin.py:149} INFO - [2023-07-10T05:24:54.290+0000] {dagbag.py:541} INFO - Filling up the DagBag from /opt/airflow/dags/init.py
[2023-07-10T05:24:54.302+0000] {processor.py:836} INFO - DAG(s) dict_keys(['1_init_once_seed_data']) retrieved from /opt/airflow/dags/init.py
[2023-07-10T05:24:54.327+0000] {logging_mixin.py:149} INFO - [2023-07-10T05:24:54.327+0000] {dag.py:2726} INFO - Sync 1 DAGs
[2023-07-10T05:24:54.342+0000] {logging_mixin.py:149} INFO - [2023-07-10T05:24:54.342+0000] {dag.py:3490} INFO - Setting next_dagrun for 1_init_once_seed_data to None, run_after=None
[2023-07-10T05:24:54.353+0000] {processor.py:179} INFO - Processing /opt/airflow/dags/init.py took 0.068 seconds
[2023-07-10T05:25:24.720+0000] {processor.py:157} INFO - Started process (PID=40703) to work on /opt/airflow/dags/init.py
[2023-07-10T05:25:24.721+0000] {processor.py:826} INFO - Processing file /opt/airflow/dags/init.py for tasks to queue
[2023-07-10T05:25:24.722+0000] {logging_mixin.py:149} INFO - [2023-07-10T05:25:24.722+0000] {dagbag.py:541} INFO - Filling up the DagBag from /opt/airflow/dags/init.py
[2023-07-10T05:25:24.731+0000] {processor.py:836} INFO - DAG(s) dict_keys(['1_init_once_seed_data']) retrieved from /opt/airflow/dags/init.py
[2023-07-10T05:25:24.753+0000] {logging_mixin.py:149} INFO - [2023-07-10T05:25:24.753+0000] {dag.py:2726} INFO - Sync 1 DAGs
[2023-07-10T05:25:24.771+0000] {logging_mixin.py:149} INFO - [2023-07-10T05:25:24.771+0000] {dag.py:3490} INFO - Setting next_dagrun for 1_init_once_seed_data to None, run_after=None
[2023-07-10T05:25:24.782+0000] {processor.py:179} INFO - Processing /opt/airflow/dags/init.py took 0.065 seconds
[2023-07-10T05:25:55.175+0000] {processor.py:157} INFO - Started process (PID=40725) to work on /opt/airflow/dags/init.py
[2023-07-10T05:25:55.176+0000] {processor.py:826} INFO - Processing file /opt/airflow/dags/init.py for tasks to queue
[2023-07-10T05:25:55.177+0000] {logging_mixin.py:149} INFO - [2023-07-10T05:25:55.177+0000] {dagbag.py:541} INFO - Filling up the DagBag from /opt/airflow/dags/init.py
[2023-07-10T05:25:55.189+0000] {processor.py:836} INFO - DAG(s) dict_keys(['1_init_once_seed_data']) retrieved from /opt/airflow/dags/init.py
[2023-07-10T05:25:55.213+0000] {logging_mixin.py:149} INFO - [2023-07-10T05:25:55.213+0000] {dag.py:2726} INFO - Sync 1 DAGs
[2023-07-10T05:25:55.228+0000] {logging_mixin.py:149} INFO - [2023-07-10T05:25:55.228+0000] {dag.py:3490} INFO - Setting next_dagrun for 1_init_once_seed_data to None, run_after=None
[2023-07-10T05:25:55.239+0000] {processor.py:179} INFO - Processing /opt/airflow/dags/init.py took 0.068 seconds
