[2023-07-10T00:43:13.546+0000] {processor.py:157} INFO - Started process (PID=38932) to work on /opt/airflow/dags/library_dimensional.py
[2023-07-10T00:43:13.553+0000] {processor.py:826} INFO - Processing file /opt/airflow/dags/library_dimensional.py for tasks to queue
[2023-07-10T00:43:13.555+0000] {logging_mixin.py:149} INFO - [2023-07-10T00:43:13.555+0000] {dagbag.py:541} INFO - Filling up the DagBag from /opt/airflow/dags/library_dimensional.py
[2023-07-10T00:43:13.585+0000] {processor.py:836} INFO - DAG(s) dict_keys(['library_dimensional']) retrieved from /opt/airflow/dags/library_dimensional.py
[2023-07-10T00:43:13.632+0000] {logging_mixin.py:149} INFO - [2023-07-10T00:43:13.631+0000] {dag.py:2726} INFO - Sync 1 DAGs
[2023-07-10T00:43:13.693+0000] {logging_mixin.py:149} INFO - [2023-07-10T00:43:13.693+0000] {dag.py:3490} INFO - Setting next_dagrun for library_dimensional to 2020-08-01T00:00:00+00:00, run_after=2020-08-01T00:00:00+00:00
[2023-07-10T00:43:13.717+0000] {processor.py:179} INFO - Processing /opt/airflow/dags/library_dimensional.py took 0.180 seconds
[2023-07-10T00:43:44.158+0000] {processor.py:157} INFO - Started process (PID=38953) to work on /opt/airflow/dags/library_dimensional.py
[2023-07-10T00:43:44.160+0000] {processor.py:826} INFO - Processing file /opt/airflow/dags/library_dimensional.py for tasks to queue
[2023-07-10T00:43:44.162+0000] {logging_mixin.py:149} INFO - [2023-07-10T00:43:44.162+0000] {dagbag.py:541} INFO - Filling up the DagBag from /opt/airflow/dags/library_dimensional.py
[2023-07-10T00:43:44.177+0000] {processor.py:836} INFO - DAG(s) dict_keys(['library_dimensional']) retrieved from /opt/airflow/dags/library_dimensional.py
[2023-07-10T00:43:44.204+0000] {logging_mixin.py:149} INFO - [2023-07-10T00:43:44.204+0000] {dag.py:2726} INFO - Sync 1 DAGs
[2023-07-10T00:43:44.220+0000] {logging_mixin.py:149} INFO - [2023-07-10T00:43:44.219+0000] {dag.py:3490} INFO - Setting next_dagrun for library_dimensional to 2020-08-01T00:00:00+00:00, run_after=2020-08-01T00:00:00+00:00
[2023-07-10T00:43:44.231+0000] {processor.py:179} INFO - Processing /opt/airflow/dags/library_dimensional.py took 0.080 seconds
[2023-07-10T01:36:11.005+0000] {processor.py:157} INFO - Started process (PID=38983) to work on /opt/airflow/dags/library_dimensional.py
[2023-07-10T01:36:11.007+0000] {processor.py:826} INFO - Processing file /opt/airflow/dags/library_dimensional.py for tasks to queue
[2023-07-10T01:36:11.007+0000] {logging_mixin.py:149} INFO - [2023-07-10T01:36:11.007+0000] {dagbag.py:541} INFO - Filling up the DagBag from /opt/airflow/dags/library_dimensional.py
[2023-07-10T01:36:11.018+0000] {processor.py:836} INFO - DAG(s) dict_keys(['library_dimensional']) retrieved from /opt/airflow/dags/library_dimensional.py
[2023-07-10T01:36:11.042+0000] {logging_mixin.py:149} INFO - [2023-07-10T01:36:11.042+0000] {dag.py:2726} INFO - Sync 1 DAGs
[2023-07-10T01:36:11.060+0000] {logging_mixin.py:149} INFO - [2023-07-10T01:36:11.060+0000] {dag.py:3490} INFO - Setting next_dagrun for library_dimensional to 2020-08-01T00:00:00+00:00, run_after=2020-08-01T00:00:00+00:00
[2023-07-10T01:36:11.074+0000] {processor.py:179} INFO - Processing /opt/airflow/dags/library_dimensional.py took 0.071 seconds
[2023-07-10T02:42:04.535+0000] {processor.py:157} INFO - Started process (PID=39004) to work on /opt/airflow/dags/library_dimensional.py
[2023-07-10T02:42:04.536+0000] {processor.py:826} INFO - Processing file /opt/airflow/dags/library_dimensional.py for tasks to queue
[2023-07-10T02:42:04.537+0000] {logging_mixin.py:149} INFO - [2023-07-10T02:42:04.537+0000] {dagbag.py:541} INFO - Filling up the DagBag from /opt/airflow/dags/library_dimensional.py
[2023-07-10T02:42:04.548+0000] {processor.py:836} INFO - DAG(s) dict_keys(['library_dimensional']) retrieved from /opt/airflow/dags/library_dimensional.py
[2023-07-10T02:42:04.571+0000] {logging_mixin.py:149} INFO - [2023-07-10T02:42:04.571+0000] {dag.py:2726} INFO - Sync 1 DAGs
[2023-07-10T02:42:04.587+0000] {logging_mixin.py:149} INFO - [2023-07-10T02:42:04.587+0000] {dag.py:3490} INFO - Setting next_dagrun for library_dimensional to 2020-08-01T00:00:00+00:00, run_after=2020-08-01T00:00:00+00:00
[2023-07-10T02:42:04.598+0000] {processor.py:179} INFO - Processing /opt/airflow/dags/library_dimensional.py took 0.066 seconds
[2023-07-10T03:03:33.436+0000] {processor.py:157} INFO - Started process (PID=39034) to work on /opt/airflow/dags/library_dimensional.py
[2023-07-10T03:03:33.438+0000] {processor.py:826} INFO - Processing file /opt/airflow/dags/library_dimensional.py for tasks to queue
[2023-07-10T03:03:33.439+0000] {logging_mixin.py:149} INFO - [2023-07-10T03:03:33.438+0000] {dagbag.py:541} INFO - Filling up the DagBag from /opt/airflow/dags/library_dimensional.py
[2023-07-10T03:03:33.449+0000] {processor.py:836} INFO - DAG(s) dict_keys(['library_dimensional']) retrieved from /opt/airflow/dags/library_dimensional.py
[2023-07-10T03:03:33.473+0000] {logging_mixin.py:149} INFO - [2023-07-10T03:03:33.473+0000] {dag.py:2726} INFO - Sync 1 DAGs
[2023-07-10T03:03:33.489+0000] {logging_mixin.py:149} INFO - [2023-07-10T03:03:33.489+0000] {dag.py:3490} INFO - Setting next_dagrun for library_dimensional to 2020-08-01T00:00:00+00:00, run_after=2020-08-01T00:00:00+00:00
[2023-07-10T03:03:33.501+0000] {processor.py:179} INFO - Processing /opt/airflow/dags/library_dimensional.py took 0.068 seconds
[2023-07-10T03:21:01.812+0000] {processor.py:157} INFO - Started process (PID=39055) to work on /opt/airflow/dags/library_dimensional.py
[2023-07-10T03:21:01.814+0000] {processor.py:826} INFO - Processing file /opt/airflow/dags/library_dimensional.py for tasks to queue
[2023-07-10T03:21:01.815+0000] {logging_mixin.py:149} INFO - [2023-07-10T03:21:01.815+0000] {dagbag.py:541} INFO - Filling up the DagBag from /opt/airflow/dags/library_dimensional.py
[2023-07-10T03:21:01.832+0000] {processor.py:836} INFO - DAG(s) dict_keys(['library_dimensional']) retrieved from /opt/airflow/dags/library_dimensional.py
[2023-07-10T03:21:01.867+0000] {logging_mixin.py:149} INFO - [2023-07-10T03:21:01.867+0000] {dag.py:2726} INFO - Sync 1 DAGs
[2023-07-10T03:21:01.893+0000] {logging_mixin.py:149} INFO - [2023-07-10T03:21:01.893+0000] {dag.py:3490} INFO - Setting next_dagrun for library_dimensional to 2020-08-01T00:00:00+00:00, run_after=2020-08-01T00:00:00+00:00
[2023-07-10T03:21:01.907+0000] {processor.py:179} INFO - Processing /opt/airflow/dags/library_dimensional.py took 0.099 seconds
[2023-07-10T03:37:09.468+0000] {processor.py:157} INFO - Started process (PID=39085) to work on /opt/airflow/dags/library_dimensional.py
[2023-07-10T03:37:09.470+0000] {processor.py:826} INFO - Processing file /opt/airflow/dags/library_dimensional.py for tasks to queue
[2023-07-10T03:37:09.472+0000] {logging_mixin.py:149} INFO - [2023-07-10T03:37:09.472+0000] {dagbag.py:541} INFO - Filling up the DagBag from /opt/airflow/dags/library_dimensional.py
[2023-07-10T03:37:09.498+0000] {processor.py:836} INFO - DAG(s) dict_keys(['library_dimensional']) retrieved from /opt/airflow/dags/library_dimensional.py
[2023-07-10T03:37:09.544+0000] {logging_mixin.py:149} INFO - [2023-07-10T03:37:09.544+0000] {dag.py:2726} INFO - Sync 1 DAGs
[2023-07-10T03:37:09.569+0000] {logging_mixin.py:149} INFO - [2023-07-10T03:37:09.569+0000] {dag.py:3490} INFO - Setting next_dagrun for library_dimensional to 2020-08-01T00:00:00+00:00, run_after=2020-08-01T00:00:00+00:00
[2023-07-10T03:37:09.599+0000] {processor.py:179} INFO - Processing /opt/airflow/dags/library_dimensional.py took 0.136 seconds
[2023-07-10T03:48:59.992+0000] {processor.py:157} INFO - Started process (PID=39116) to work on /opt/airflow/dags/library_dimensional.py
[2023-07-10T03:48:59.993+0000] {processor.py:826} INFO - Processing file /opt/airflow/dags/library_dimensional.py for tasks to queue
[2023-07-10T03:48:59.994+0000] {logging_mixin.py:149} INFO - [2023-07-10T03:48:59.994+0000] {dagbag.py:541} INFO - Filling up the DagBag from /opt/airflow/dags/library_dimensional.py
[2023-07-10T03:49:00.011+0000] {processor.py:836} INFO - DAG(s) dict_keys(['library_dimensional']) retrieved from /opt/airflow/dags/library_dimensional.py
[2023-07-10T03:49:00.052+0000] {logging_mixin.py:149} INFO - [2023-07-10T03:49:00.052+0000] {dag.py:2726} INFO - Sync 1 DAGs
[2023-07-10T03:49:00.080+0000] {logging_mixin.py:149} INFO - [2023-07-10T03:49:00.080+0000] {dag.py:3490} INFO - Setting next_dagrun for library_dimensional to 2020-08-01T00:00:00+00:00, run_after=2020-08-01T00:00:00+00:00
[2023-07-10T03:49:00.093+0000] {processor.py:179} INFO - Processing /opt/airflow/dags/library_dimensional.py took 0.104 seconds
[2023-07-10T03:49:30.593+0000] {processor.py:157} INFO - Started process (PID=39137) to work on /opt/airflow/dags/library_dimensional.py
[2023-07-10T03:49:30.596+0000] {processor.py:826} INFO - Processing file /opt/airflow/dags/library_dimensional.py for tasks to queue
[2023-07-10T03:49:30.598+0000] {logging_mixin.py:149} INFO - [2023-07-10T03:49:30.598+0000] {dagbag.py:541} INFO - Filling up the DagBag from /opt/airflow/dags/library_dimensional.py
[2023-07-10T03:49:30.612+0000] {processor.py:836} INFO - DAG(s) dict_keys(['library_dimensional']) retrieved from /opt/airflow/dags/library_dimensional.py
[2023-07-10T03:49:30.640+0000] {logging_mixin.py:149} INFO - [2023-07-10T03:49:30.639+0000] {dag.py:2726} INFO - Sync 1 DAGs
[2023-07-10T03:49:30.655+0000] {logging_mixin.py:149} INFO - [2023-07-10T03:49:30.655+0000] {dag.py:3490} INFO - Setting next_dagrun for library_dimensional to 2020-08-01T00:00:00+00:00, run_after=2020-08-01T00:00:00+00:00
[2023-07-10T03:49:30.667+0000] {processor.py:179} INFO - Processing /opt/airflow/dags/library_dimensional.py took 0.081 seconds
[2023-07-10T03:50:24.158+0000] {processor.py:157} INFO - Started process (PID=39168) to work on /opt/airflow/dags/library_dimensional.py
[2023-07-10T03:50:24.159+0000] {processor.py:826} INFO - Processing file /opt/airflow/dags/library_dimensional.py for tasks to queue
[2023-07-10T03:50:24.161+0000] {logging_mixin.py:149} INFO - [2023-07-10T03:50:24.161+0000] {dagbag.py:541} INFO - Filling up the DagBag from /opt/airflow/dags/library_dimensional.py
[2023-07-10T03:50:24.174+0000] {processor.py:836} INFO - DAG(s) dict_keys(['library_dimensional']) retrieved from /opt/airflow/dags/library_dimensional.py
[2023-07-10T03:50:24.201+0000] {logging_mixin.py:149} INFO - [2023-07-10T03:50:24.201+0000] {dag.py:2726} INFO - Sync 1 DAGs
[2023-07-10T03:50:24.217+0000] {logging_mixin.py:149} INFO - [2023-07-10T03:50:24.217+0000] {dag.py:3490} INFO - Setting next_dagrun for library_dimensional to 2020-08-01T00:00:00+00:00, run_after=2020-08-01T00:00:00+00:00
[2023-07-10T03:50:24.229+0000] {processor.py:179} INFO - Processing /opt/airflow/dags/library_dimensional.py took 0.076 seconds
[2023-07-10T04:07:56.879+0000] {processor.py:157} INFO - Started process (PID=39198) to work on /opt/airflow/dags/library_dimensional.py
[2023-07-10T04:07:56.886+0000] {processor.py:826} INFO - Processing file /opt/airflow/dags/library_dimensional.py for tasks to queue
[2023-07-10T04:07:56.887+0000] {logging_mixin.py:149} INFO - [2023-07-10T04:07:56.887+0000] {dagbag.py:541} INFO - Filling up the DagBag from /opt/airflow/dags/library_dimensional.py
[2023-07-10T04:07:56.903+0000] {processor.py:836} INFO - DAG(s) dict_keys(['library_dimensional']) retrieved from /opt/airflow/dags/library_dimensional.py
[2023-07-10T04:07:56.963+0000] {logging_mixin.py:149} INFO - [2023-07-10T04:07:56.963+0000] {dag.py:2726} INFO - Sync 1 DAGs
[2023-07-10T04:07:56.990+0000] {logging_mixin.py:149} INFO - [2023-07-10T04:07:56.990+0000] {dag.py:3490} INFO - Setting next_dagrun for library_dimensional to 2020-08-01T00:00:00+00:00, run_after=2020-08-01T00:00:00+00:00
[2023-07-10T04:07:57.009+0000] {processor.py:179} INFO - Processing /opt/airflow/dags/library_dimensional.py took 0.135 seconds
[2023-07-10T04:57:59.022+0000] {processor.py:157} INFO - Started process (PID=39219) to work on /opt/airflow/dags/library_dimensional.py
[2023-07-10T04:57:59.027+0000] {processor.py:826} INFO - Processing file /opt/airflow/dags/library_dimensional.py for tasks to queue
[2023-07-10T04:57:59.028+0000] {logging_mixin.py:149} INFO - [2023-07-10T04:57:59.028+0000] {dagbag.py:541} INFO - Filling up the DagBag from /opt/airflow/dags/library_dimensional.py
[2023-07-10T04:57:59.056+0000] {processor.py:836} INFO - DAG(s) dict_keys(['library_dimensional']) retrieved from /opt/airflow/dags/library_dimensional.py
[2023-07-10T04:57:59.114+0000] {logging_mixin.py:149} INFO - [2023-07-10T04:57:59.114+0000] {dag.py:2726} INFO - Sync 1 DAGs
[2023-07-10T04:57:59.137+0000] {logging_mixin.py:149} INFO - [2023-07-10T04:57:59.137+0000] {dag.py:3490} INFO - Setting next_dagrun for library_dimensional to 2020-08-01T00:00:00+00:00, run_after=2020-08-01T00:00:00+00:00
[2023-07-10T04:57:59.152+0000] {processor.py:179} INFO - Processing /opt/airflow/dags/library_dimensional.py took 0.140 seconds
[2023-07-10T04:58:29.563+0000] {processor.py:157} INFO - Started process (PID=39249) to work on /opt/airflow/dags/library_dimensional.py
[2023-07-10T04:58:29.565+0000] {processor.py:826} INFO - Processing file /opt/airflow/dags/library_dimensional.py for tasks to queue
[2023-07-10T04:58:29.567+0000] {logging_mixin.py:149} INFO - [2023-07-10T04:58:29.567+0000] {dagbag.py:541} INFO - Filling up the DagBag from /opt/airflow/dags/library_dimensional.py
[2023-07-10T04:58:29.580+0000] {processor.py:836} INFO - DAG(s) dict_keys(['library_dimensional']) retrieved from /opt/airflow/dags/library_dimensional.py
[2023-07-10T04:58:29.608+0000] {logging_mixin.py:149} INFO - [2023-07-10T04:58:29.608+0000] {dag.py:2726} INFO - Sync 1 DAGs
[2023-07-10T04:58:29.625+0000] {logging_mixin.py:149} INFO - [2023-07-10T04:58:29.625+0000] {dag.py:3490} INFO - Setting next_dagrun for library_dimensional to 2020-08-01T00:00:00+00:00, run_after=2020-08-01T00:00:00+00:00
[2023-07-10T04:58:29.636+0000] {processor.py:179} INFO - Processing /opt/airflow/dags/library_dimensional.py took 0.078 seconds
[2023-07-10T04:58:59.999+0000] {processor.py:157} INFO - Started process (PID=39279) to work on /opt/airflow/dags/library_dimensional.py
[2023-07-10T04:59:00.000+0000] {processor.py:826} INFO - Processing file /opt/airflow/dags/library_dimensional.py for tasks to queue
[2023-07-10T04:59:00.001+0000] {logging_mixin.py:149} INFO - [2023-07-10T04:59:00.001+0000] {dagbag.py:541} INFO - Filling up the DagBag from /opt/airflow/dags/library_dimensional.py
[2023-07-10T04:59:00.011+0000] {processor.py:836} INFO - DAG(s) dict_keys(['library_dimensional']) retrieved from /opt/airflow/dags/library_dimensional.py
[2023-07-10T04:59:00.037+0000] {logging_mixin.py:149} INFO - [2023-07-10T04:59:00.037+0000] {dag.py:2726} INFO - Sync 1 DAGs
[2023-07-10T04:59:00.054+0000] {logging_mixin.py:149} INFO - [2023-07-10T04:59:00.054+0000] {dag.py:3490} INFO - Setting next_dagrun for library_dimensional to 2020-08-01T00:00:00+00:00, run_after=2020-08-01T00:00:00+00:00
[2023-07-10T04:59:00.066+0000] {processor.py:179} INFO - Processing /opt/airflow/dags/library_dimensional.py took 0.070 seconds
[2023-07-10T04:59:30.457+0000] {processor.py:157} INFO - Started process (PID=39300) to work on /opt/airflow/dags/library_dimensional.py
[2023-07-10T04:59:30.460+0000] {processor.py:826} INFO - Processing file /opt/airflow/dags/library_dimensional.py for tasks to queue
[2023-07-10T04:59:30.461+0000] {logging_mixin.py:149} INFO - [2023-07-10T04:59:30.461+0000] {dagbag.py:541} INFO - Filling up the DagBag from /opt/airflow/dags/library_dimensional.py
[2023-07-10T04:59:30.475+0000] {processor.py:836} INFO - DAG(s) dict_keys(['library_dimensional']) retrieved from /opt/airflow/dags/library_dimensional.py
[2023-07-10T04:59:30.505+0000] {logging_mixin.py:149} INFO - [2023-07-10T04:59:30.505+0000] {dag.py:2726} INFO - Sync 1 DAGs
[2023-07-10T04:59:30.522+0000] {logging_mixin.py:149} INFO - [2023-07-10T04:59:30.522+0000] {dag.py:3490} INFO - Setting next_dagrun for library_dimensional to 2020-08-01T00:00:00+00:00, run_after=2020-08-01T00:00:00+00:00
[2023-07-10T04:59:30.533+0000] {processor.py:179} INFO - Processing /opt/airflow/dags/library_dimensional.py took 0.083 seconds
[2023-07-10T05:00:00.919+0000] {processor.py:157} INFO - Started process (PID=39331) to work on /opt/airflow/dags/library_dimensional.py
[2023-07-10T05:00:00.923+0000] {processor.py:826} INFO - Processing file /opt/airflow/dags/library_dimensional.py for tasks to queue
[2023-07-10T05:00:00.924+0000] {logging_mixin.py:149} INFO - [2023-07-10T05:00:00.924+0000] {dagbag.py:541} INFO - Filling up the DagBag from /opt/airflow/dags/library_dimensional.py
[2023-07-10T05:00:00.939+0000] {processor.py:836} INFO - DAG(s) dict_keys(['library_dimensional']) retrieved from /opt/airflow/dags/library_dimensional.py
[2023-07-10T05:00:00.967+0000] {logging_mixin.py:149} INFO - [2023-07-10T05:00:00.967+0000] {dag.py:2726} INFO - Sync 1 DAGs
[2023-07-10T05:00:00.984+0000] {logging_mixin.py:149} INFO - [2023-07-10T05:00:00.984+0000] {dag.py:3490} INFO - Setting next_dagrun for library_dimensional to 2020-08-01T00:00:00+00:00, run_after=2020-08-01T00:00:00+00:00
[2023-07-10T05:00:00.996+0000] {processor.py:179} INFO - Processing /opt/airflow/dags/library_dimensional.py took 0.082 seconds
[2023-07-10T05:00:31.343+0000] {processor.py:157} INFO - Started process (PID=39361) to work on /opt/airflow/dags/library_dimensional.py
[2023-07-10T05:00:31.344+0000] {processor.py:826} INFO - Processing file /opt/airflow/dags/library_dimensional.py for tasks to queue
[2023-07-10T05:00:31.345+0000] {logging_mixin.py:149} INFO - [2023-07-10T05:00:31.345+0000] {dagbag.py:541} INFO - Filling up the DagBag from /opt/airflow/dags/library_dimensional.py
[2023-07-10T05:00:31.355+0000] {processor.py:836} INFO - DAG(s) dict_keys(['library_dimensional']) retrieved from /opt/airflow/dags/library_dimensional.py
[2023-07-10T05:00:31.379+0000] {logging_mixin.py:149} INFO - [2023-07-10T05:00:31.379+0000] {dag.py:2726} INFO - Sync 1 DAGs
[2023-07-10T05:00:31.396+0000] {logging_mixin.py:149} INFO - [2023-07-10T05:00:31.396+0000] {dag.py:3490} INFO - Setting next_dagrun for library_dimensional to 2020-08-01T00:00:00+00:00, run_after=2020-08-01T00:00:00+00:00
[2023-07-10T05:00:31.408+0000] {processor.py:179} INFO - Processing /opt/airflow/dags/library_dimensional.py took 0.068 seconds
[2023-07-10T05:01:01.760+0000] {processor.py:157} INFO - Started process (PID=39382) to work on /opt/airflow/dags/library_dimensional.py
[2023-07-10T05:01:01.762+0000] {processor.py:826} INFO - Processing file /opt/airflow/dags/library_dimensional.py for tasks to queue
[2023-07-10T05:01:01.764+0000] {logging_mixin.py:149} INFO - [2023-07-10T05:01:01.763+0000] {dagbag.py:541} INFO - Filling up the DagBag from /opt/airflow/dags/library_dimensional.py
[2023-07-10T05:01:01.777+0000] {processor.py:836} INFO - DAG(s) dict_keys(['library_dimensional']) retrieved from /opt/airflow/dags/library_dimensional.py
[2023-07-10T05:01:01.804+0000] {logging_mixin.py:149} INFO - [2023-07-10T05:01:01.804+0000] {dag.py:2726} INFO - Sync 1 DAGs
[2023-07-10T05:01:01.820+0000] {logging_mixin.py:149} INFO - [2023-07-10T05:01:01.819+0000] {dag.py:3490} INFO - Setting next_dagrun for library_dimensional to 2020-08-01T00:00:00+00:00, run_after=2020-08-01T00:00:00+00:00
[2023-07-10T05:01:01.831+0000] {processor.py:179} INFO - Processing /opt/airflow/dags/library_dimensional.py took 0.077 seconds
[2023-07-10T05:01:32.233+0000] {processor.py:157} INFO - Started process (PID=39413) to work on /opt/airflow/dags/library_dimensional.py
[2023-07-10T05:01:32.236+0000] {processor.py:826} INFO - Processing file /opt/airflow/dags/library_dimensional.py for tasks to queue
[2023-07-10T05:01:32.237+0000] {logging_mixin.py:149} INFO - [2023-07-10T05:01:32.237+0000] {dagbag.py:541} INFO - Filling up the DagBag from /opt/airflow/dags/library_dimensional.py
[2023-07-10T05:01:32.250+0000] {processor.py:836} INFO - DAG(s) dict_keys(['library_dimensional']) retrieved from /opt/airflow/dags/library_dimensional.py
[2023-07-10T05:01:32.278+0000] {logging_mixin.py:149} INFO - [2023-07-10T05:01:32.278+0000] {dag.py:2726} INFO - Sync 1 DAGs
[2023-07-10T05:01:32.293+0000] {logging_mixin.py:149} INFO - [2023-07-10T05:01:32.293+0000] {dag.py:3490} INFO - Setting next_dagrun for library_dimensional to 2020-08-01T00:00:00+00:00, run_after=2020-08-01T00:00:00+00:00
[2023-07-10T05:01:32.305+0000] {processor.py:179} INFO - Processing /opt/airflow/dags/library_dimensional.py took 0.079 seconds
[2023-07-10T05:02:02.751+0000] {processor.py:157} INFO - Started process (PID=39443) to work on /opt/airflow/dags/library_dimensional.py
[2023-07-10T05:02:02.753+0000] {processor.py:826} INFO - Processing file /opt/airflow/dags/library_dimensional.py for tasks to queue
[2023-07-10T05:02:02.754+0000] {logging_mixin.py:149} INFO - [2023-07-10T05:02:02.754+0000] {dagbag.py:541} INFO - Filling up the DagBag from /opt/airflow/dags/library_dimensional.py
[2023-07-10T05:02:02.768+0000] {processor.py:836} INFO - DAG(s) dict_keys(['library_dimensional']) retrieved from /opt/airflow/dags/library_dimensional.py
[2023-07-10T05:02:02.796+0000] {logging_mixin.py:149} INFO - [2023-07-10T05:02:02.796+0000] {dag.py:2726} INFO - Sync 1 DAGs
[2023-07-10T05:02:02.813+0000] {logging_mixin.py:149} INFO - [2023-07-10T05:02:02.813+0000] {dag.py:3490} INFO - Setting next_dagrun for library_dimensional to 2020-08-01T00:00:00+00:00, run_after=2020-08-01T00:00:00+00:00
[2023-07-10T05:02:02.824+0000] {processor.py:179} INFO - Processing /opt/airflow/dags/library_dimensional.py took 0.078 seconds
[2023-07-10T05:02:33.224+0000] {processor.py:157} INFO - Started process (PID=39464) to work on /opt/airflow/dags/library_dimensional.py
[2023-07-10T05:02:33.227+0000] {processor.py:826} INFO - Processing file /opt/airflow/dags/library_dimensional.py for tasks to queue
[2023-07-10T05:02:33.229+0000] {logging_mixin.py:149} INFO - [2023-07-10T05:02:33.228+0000] {dagbag.py:541} INFO - Filling up the DagBag from /opt/airflow/dags/library_dimensional.py
[2023-07-10T05:02:33.243+0000] {processor.py:836} INFO - DAG(s) dict_keys(['library_dimensional']) retrieved from /opt/airflow/dags/library_dimensional.py
[2023-07-10T05:02:33.272+0000] {logging_mixin.py:149} INFO - [2023-07-10T05:02:33.272+0000] {dag.py:2726} INFO - Sync 1 DAGs
[2023-07-10T05:02:33.290+0000] {logging_mixin.py:149} INFO - [2023-07-10T05:02:33.290+0000] {dag.py:3490} INFO - Setting next_dagrun for library_dimensional to 2020-08-01T00:00:00+00:00, run_after=2020-08-01T00:00:00+00:00
[2023-07-10T05:02:33.302+0000] {processor.py:179} INFO - Processing /opt/airflow/dags/library_dimensional.py took 0.085 seconds
[2023-07-10T05:03:03.715+0000] {processor.py:157} INFO - Started process (PID=39494) to work on /opt/airflow/dags/library_dimensional.py
[2023-07-10T05:03:03.718+0000] {processor.py:826} INFO - Processing file /opt/airflow/dags/library_dimensional.py for tasks to queue
[2023-07-10T05:03:03.720+0000] {logging_mixin.py:149} INFO - [2023-07-10T05:03:03.720+0000] {dagbag.py:541} INFO - Filling up the DagBag from /opt/airflow/dags/library_dimensional.py
[2023-07-10T05:03:03.733+0000] {processor.py:836} INFO - DAG(s) dict_keys(['library_dimensional']) retrieved from /opt/airflow/dags/library_dimensional.py
[2023-07-10T05:03:03.760+0000] {logging_mixin.py:149} INFO - [2023-07-10T05:03:03.760+0000] {dag.py:2726} INFO - Sync 1 DAGs
[2023-07-10T05:03:03.776+0000] {logging_mixin.py:149} INFO - [2023-07-10T05:03:03.776+0000] {dag.py:3490} INFO - Setting next_dagrun for library_dimensional to 2020-08-01T00:00:00+00:00, run_after=2020-08-01T00:00:00+00:00
[2023-07-10T05:03:03.787+0000] {processor.py:179} INFO - Processing /opt/airflow/dags/library_dimensional.py took 0.079 seconds
[2023-07-10T05:03:34.091+0000] {processor.py:157} INFO - Started process (PID=39524) to work on /opt/airflow/dags/library_dimensional.py
[2023-07-10T05:03:34.093+0000] {processor.py:826} INFO - Processing file /opt/airflow/dags/library_dimensional.py for tasks to queue
[2023-07-10T05:03:34.093+0000] {logging_mixin.py:149} INFO - [2023-07-10T05:03:34.093+0000] {dagbag.py:541} INFO - Filling up the DagBag from /opt/airflow/dags/library_dimensional.py
[2023-07-10T05:03:34.104+0000] {processor.py:836} INFO - DAG(s) dict_keys(['library_dimensional']) retrieved from /opt/airflow/dags/library_dimensional.py
[2023-07-10T05:03:34.129+0000] {logging_mixin.py:149} INFO - [2023-07-10T05:03:34.129+0000] {dag.py:2726} INFO - Sync 1 DAGs
[2023-07-10T05:03:34.145+0000] {logging_mixin.py:149} INFO - [2023-07-10T05:03:34.145+0000] {dag.py:3490} INFO - Setting next_dagrun for library_dimensional to 2020-08-01T00:00:00+00:00, run_after=2020-08-01T00:00:00+00:00
[2023-07-10T05:03:34.156+0000] {processor.py:179} INFO - Processing /opt/airflow/dags/library_dimensional.py took 0.068 seconds
[2023-07-10T05:04:04.544+0000] {processor.py:157} INFO - Started process (PID=39546) to work on /opt/airflow/dags/library_dimensional.py
[2023-07-10T05:04:04.546+0000] {processor.py:826} INFO - Processing file /opt/airflow/dags/library_dimensional.py for tasks to queue
[2023-07-10T05:04:04.547+0000] {logging_mixin.py:149} INFO - [2023-07-10T05:04:04.547+0000] {dagbag.py:541} INFO - Filling up the DagBag from /opt/airflow/dags/library_dimensional.py
[2023-07-10T05:04:04.562+0000] {processor.py:836} INFO - DAG(s) dict_keys(['library_dimensional']) retrieved from /opt/airflow/dags/library_dimensional.py
[2023-07-10T05:04:04.590+0000] {logging_mixin.py:149} INFO - [2023-07-10T05:04:04.589+0000] {dag.py:2726} INFO - Sync 1 DAGs
[2023-07-10T05:04:04.606+0000] {logging_mixin.py:149} INFO - [2023-07-10T05:04:04.606+0000] {dag.py:3490} INFO - Setting next_dagrun for library_dimensional to 2020-08-01T00:00:00+00:00, run_after=2020-08-01T00:00:00+00:00
[2023-07-10T05:04:04.617+0000] {processor.py:179} INFO - Processing /opt/airflow/dags/library_dimensional.py took 0.077 seconds
[2023-07-10T05:04:35.041+0000] {processor.py:157} INFO - Started process (PID=39576) to work on /opt/airflow/dags/library_dimensional.py
[2023-07-10T05:04:35.044+0000] {processor.py:826} INFO - Processing file /opt/airflow/dags/library_dimensional.py for tasks to queue
[2023-07-10T05:04:35.045+0000] {logging_mixin.py:149} INFO - [2023-07-10T05:04:35.045+0000] {dagbag.py:541} INFO - Filling up the DagBag from /opt/airflow/dags/library_dimensional.py
[2023-07-10T05:04:35.060+0000] {processor.py:836} INFO - DAG(s) dict_keys(['library_dimensional']) retrieved from /opt/airflow/dags/library_dimensional.py
[2023-07-10T05:04:35.087+0000] {logging_mixin.py:149} INFO - [2023-07-10T05:04:35.087+0000] {dag.py:2726} INFO - Sync 1 DAGs
[2023-07-10T05:04:35.102+0000] {logging_mixin.py:149} INFO - [2023-07-10T05:04:35.102+0000] {dag.py:3490} INFO - Setting next_dagrun for library_dimensional to 2020-08-01T00:00:00+00:00, run_after=2020-08-01T00:00:00+00:00
[2023-07-10T05:04:35.114+0000] {processor.py:179} INFO - Processing /opt/airflow/dags/library_dimensional.py took 0.080 seconds
[2023-07-10T05:05:05.557+0000] {processor.py:157} INFO - Started process (PID=39606) to work on /opt/airflow/dags/library_dimensional.py
[2023-07-10T05:05:05.559+0000] {processor.py:826} INFO - Processing file /opt/airflow/dags/library_dimensional.py for tasks to queue
[2023-07-10T05:05:05.560+0000] {logging_mixin.py:149} INFO - [2023-07-10T05:05:05.560+0000] {dagbag.py:541} INFO - Filling up the DagBag from /opt/airflow/dags/library_dimensional.py
[2023-07-10T05:05:05.574+0000] {processor.py:836} INFO - DAG(s) dict_keys(['library_dimensional']) retrieved from /opt/airflow/dags/library_dimensional.py
[2023-07-10T05:05:05.602+0000] {logging_mixin.py:149} INFO - [2023-07-10T05:05:05.602+0000] {dag.py:2726} INFO - Sync 1 DAGs
[2023-07-10T05:05:05.618+0000] {logging_mixin.py:149} INFO - [2023-07-10T05:05:05.618+0000] {dag.py:3490} INFO - Setting next_dagrun for library_dimensional to 2020-08-01T00:00:00+00:00, run_after=2020-08-01T00:00:00+00:00
[2023-07-10T05:05:05.630+0000] {processor.py:179} INFO - Processing /opt/airflow/dags/library_dimensional.py took 0.079 seconds
[2023-07-10T05:05:35.999+0000] {processor.py:157} INFO - Started process (PID=39636) to work on /opt/airflow/dags/library_dimensional.py
[2023-07-10T05:05:36.001+0000] {processor.py:826} INFO - Processing file /opt/airflow/dags/library_dimensional.py for tasks to queue
[2023-07-10T05:05:36.002+0000] {logging_mixin.py:149} INFO - [2023-07-10T05:05:36.002+0000] {dagbag.py:541} INFO - Filling up the DagBag from /opt/airflow/dags/library_dimensional.py
[2023-07-10T05:05:36.012+0000] {processor.py:836} INFO - DAG(s) dict_keys(['library_dimensional']) retrieved from /opt/airflow/dags/library_dimensional.py
[2023-07-10T05:05:36.037+0000] {logging_mixin.py:149} INFO - [2023-07-10T05:05:36.036+0000] {dag.py:2726} INFO - Sync 1 DAGs
[2023-07-10T05:05:36.053+0000] {logging_mixin.py:149} INFO - [2023-07-10T05:05:36.053+0000] {dag.py:3490} INFO - Setting next_dagrun for library_dimensional to 2020-08-01T00:00:00+00:00, run_after=2020-08-01T00:00:00+00:00
[2023-07-10T05:05:36.065+0000] {processor.py:179} INFO - Processing /opt/airflow/dags/library_dimensional.py took 0.069 seconds
[2023-07-10T05:06:06.489+0000] {processor.py:157} INFO - Started process (PID=39656) to work on /opt/airflow/dags/library_dimensional.py
[2023-07-10T05:06:06.490+0000] {processor.py:826} INFO - Processing file /opt/airflow/dags/library_dimensional.py for tasks to queue
[2023-07-10T05:06:06.491+0000] {logging_mixin.py:149} INFO - [2023-07-10T05:06:06.491+0000] {dagbag.py:541} INFO - Filling up the DagBag from /opt/airflow/dags/library_dimensional.py
[2023-07-10T05:06:06.500+0000] {processor.py:836} INFO - DAG(s) dict_keys(['library_dimensional']) retrieved from /opt/airflow/dags/library_dimensional.py
[2023-07-10T05:06:06.525+0000] {logging_mixin.py:149} INFO - [2023-07-10T05:06:06.525+0000] {dag.py:2726} INFO - Sync 1 DAGs
[2023-07-10T05:06:06.541+0000] {logging_mixin.py:149} INFO - [2023-07-10T05:06:06.541+0000] {dag.py:3490} INFO - Setting next_dagrun for library_dimensional to 2020-08-01T00:00:00+00:00, run_after=2020-08-01T00:00:00+00:00
[2023-07-10T05:06:06.553+0000] {processor.py:179} INFO - Processing /opt/airflow/dags/library_dimensional.py took 0.068 seconds
[2023-07-10T05:06:36.990+0000] {processor.py:157} INFO - Started process (PID=39686) to work on /opt/airflow/dags/library_dimensional.py
[2023-07-10T05:06:36.992+0000] {processor.py:826} INFO - Processing file /opt/airflow/dags/library_dimensional.py for tasks to queue
[2023-07-10T05:06:36.993+0000] {logging_mixin.py:149} INFO - [2023-07-10T05:06:36.993+0000] {dagbag.py:541} INFO - Filling up the DagBag from /opt/airflow/dags/library_dimensional.py
[2023-07-10T05:06:37.006+0000] {processor.py:836} INFO - DAG(s) dict_keys(['library_dimensional']) retrieved from /opt/airflow/dags/library_dimensional.py
[2023-07-10T05:06:37.035+0000] {logging_mixin.py:149} INFO - [2023-07-10T05:06:37.035+0000] {dag.py:2726} INFO - Sync 1 DAGs
[2023-07-10T05:06:37.050+0000] {logging_mixin.py:149} INFO - [2023-07-10T05:06:37.050+0000] {dag.py:3490} INFO - Setting next_dagrun for library_dimensional to 2020-08-01T00:00:00+00:00, run_after=2020-08-01T00:00:00+00:00
[2023-07-10T05:06:37.062+0000] {processor.py:179} INFO - Processing /opt/airflow/dags/library_dimensional.py took 0.078 seconds
[2023-07-10T05:07:07.434+0000] {processor.py:157} INFO - Started process (PID=39716) to work on /opt/airflow/dags/library_dimensional.py
[2023-07-10T05:07:07.435+0000] {processor.py:826} INFO - Processing file /opt/airflow/dags/library_dimensional.py for tasks to queue
[2023-07-10T05:07:07.436+0000] {logging_mixin.py:149} INFO - [2023-07-10T05:07:07.436+0000] {dagbag.py:541} INFO - Filling up the DagBag from /opt/airflow/dags/library_dimensional.py
[2023-07-10T05:07:07.448+0000] {processor.py:836} INFO - DAG(s) dict_keys(['library_dimensional']) retrieved from /opt/airflow/dags/library_dimensional.py
[2023-07-10T05:07:07.475+0000] {logging_mixin.py:149} INFO - [2023-07-10T05:07:07.475+0000] {dag.py:2726} INFO - Sync 1 DAGs
[2023-07-10T05:07:07.492+0000] {logging_mixin.py:149} INFO - [2023-07-10T05:07:07.492+0000] {dag.py:3490} INFO - Setting next_dagrun for library_dimensional to 2020-08-01T00:00:00+00:00, run_after=2020-08-01T00:00:00+00:00
[2023-07-10T05:07:07.505+0000] {processor.py:179} INFO - Processing /opt/airflow/dags/library_dimensional.py took 0.075 seconds
[2023-07-10T05:07:37.858+0000] {processor.py:157} INFO - Started process (PID=39737) to work on /opt/airflow/dags/library_dimensional.py
[2023-07-10T05:07:37.860+0000] {processor.py:826} INFO - Processing file /opt/airflow/dags/library_dimensional.py for tasks to queue
[2023-07-10T05:07:37.862+0000] {logging_mixin.py:149} INFO - [2023-07-10T05:07:37.862+0000] {dagbag.py:541} INFO - Filling up the DagBag from /opt/airflow/dags/library_dimensional.py
[2023-07-10T05:07:37.875+0000] {processor.py:836} INFO - DAG(s) dict_keys(['library_dimensional']) retrieved from /opt/airflow/dags/library_dimensional.py
[2023-07-10T05:07:37.902+0000] {logging_mixin.py:149} INFO - [2023-07-10T05:07:37.902+0000] {dag.py:2726} INFO - Sync 1 DAGs
[2023-07-10T05:07:37.917+0000] {logging_mixin.py:149} INFO - [2023-07-10T05:07:37.917+0000] {dag.py:3490} INFO - Setting next_dagrun for library_dimensional to 2020-08-01T00:00:00+00:00, run_after=2020-08-01T00:00:00+00:00
[2023-07-10T05:07:37.929+0000] {processor.py:179} INFO - Processing /opt/airflow/dags/library_dimensional.py took 0.076 seconds
[2023-07-10T05:08:08.268+0000] {processor.py:157} INFO - Started process (PID=39767) to work on /opt/airflow/dags/library_dimensional.py
[2023-07-10T05:08:08.270+0000] {processor.py:826} INFO - Processing file /opt/airflow/dags/library_dimensional.py for tasks to queue
[2023-07-10T05:08:08.271+0000] {logging_mixin.py:149} INFO - [2023-07-10T05:08:08.271+0000] {dagbag.py:541} INFO - Filling up the DagBag from /opt/airflow/dags/library_dimensional.py
[2023-07-10T05:08:08.284+0000] {processor.py:836} INFO - DAG(s) dict_keys(['library_dimensional']) retrieved from /opt/airflow/dags/library_dimensional.py
[2023-07-10T05:08:08.312+0000] {logging_mixin.py:149} INFO - [2023-07-10T05:08:08.312+0000] {dag.py:2726} INFO - Sync 1 DAGs
[2023-07-10T05:08:08.328+0000] {logging_mixin.py:149} INFO - [2023-07-10T05:08:08.328+0000] {dag.py:3490} INFO - Setting next_dagrun for library_dimensional to 2020-08-01T00:00:00+00:00, run_after=2020-08-01T00:00:00+00:00
[2023-07-10T05:08:08.340+0000] {processor.py:179} INFO - Processing /opt/airflow/dags/library_dimensional.py took 0.078 seconds
[2023-07-10T05:08:38.733+0000] {processor.py:157} INFO - Started process (PID=39797) to work on /opt/airflow/dags/library_dimensional.py
[2023-07-10T05:08:38.735+0000] {processor.py:826} INFO - Processing file /opt/airflow/dags/library_dimensional.py for tasks to queue
[2023-07-10T05:08:38.737+0000] {logging_mixin.py:149} INFO - [2023-07-10T05:08:38.737+0000] {dagbag.py:541} INFO - Filling up the DagBag from /opt/airflow/dags/library_dimensional.py
[2023-07-10T05:08:38.750+0000] {processor.py:836} INFO - DAG(s) dict_keys(['library_dimensional']) retrieved from /opt/airflow/dags/library_dimensional.py
[2023-07-10T05:08:38.777+0000] {logging_mixin.py:149} INFO - [2023-07-10T05:08:38.777+0000] {dag.py:2726} INFO - Sync 1 DAGs
[2023-07-10T05:08:38.793+0000] {logging_mixin.py:149} INFO - [2023-07-10T05:08:38.793+0000] {dag.py:3490} INFO - Setting next_dagrun for library_dimensional to 2020-08-01T00:00:00+00:00, run_after=2020-08-01T00:00:00+00:00
[2023-07-10T05:08:38.805+0000] {processor.py:179} INFO - Processing /opt/airflow/dags/library_dimensional.py took 0.079 seconds
[2023-07-10T05:09:09.258+0000] {processor.py:157} INFO - Started process (PID=39818) to work on /opt/airflow/dags/library_dimensional.py
[2023-07-10T05:09:09.259+0000] {processor.py:826} INFO - Processing file /opt/airflow/dags/library_dimensional.py for tasks to queue
[2023-07-10T05:09:09.261+0000] {logging_mixin.py:149} INFO - [2023-07-10T05:09:09.261+0000] {dagbag.py:541} INFO - Filling up the DagBag from /opt/airflow/dags/library_dimensional.py
[2023-07-10T05:09:09.275+0000] {processor.py:836} INFO - DAG(s) dict_keys(['library_dimensional']) retrieved from /opt/airflow/dags/library_dimensional.py
[2023-07-10T05:09:09.302+0000] {logging_mixin.py:149} INFO - [2023-07-10T05:09:09.301+0000] {dag.py:2726} INFO - Sync 1 DAGs
[2023-07-10T05:09:09.316+0000] {logging_mixin.py:149} INFO - [2023-07-10T05:09:09.316+0000] {dag.py:3490} INFO - Setting next_dagrun for library_dimensional to 2020-08-01T00:00:00+00:00, run_after=2020-08-01T00:00:00+00:00
[2023-07-10T05:09:09.328+0000] {processor.py:179} INFO - Processing /opt/airflow/dags/library_dimensional.py took 0.075 seconds
[2023-07-10T05:09:39.704+0000] {processor.py:157} INFO - Started process (PID=39848) to work on /opt/airflow/dags/library_dimensional.py
[2023-07-10T05:09:39.707+0000] {processor.py:826} INFO - Processing file /opt/airflow/dags/library_dimensional.py for tasks to queue
[2023-07-10T05:09:39.709+0000] {logging_mixin.py:149} INFO - [2023-07-10T05:09:39.709+0000] {dagbag.py:541} INFO - Filling up the DagBag from /opt/airflow/dags/library_dimensional.py
[2023-07-10T05:09:39.723+0000] {processor.py:836} INFO - DAG(s) dict_keys(['library_dimensional']) retrieved from /opt/airflow/dags/library_dimensional.py
[2023-07-10T05:09:39.750+0000] {logging_mixin.py:149} INFO - [2023-07-10T05:09:39.750+0000] {dag.py:2726} INFO - Sync 1 DAGs
[2023-07-10T05:09:39.765+0000] {logging_mixin.py:149} INFO - [2023-07-10T05:09:39.765+0000] {dag.py:3490} INFO - Setting next_dagrun for library_dimensional to 2020-08-01T00:00:00+00:00, run_after=2020-08-01T00:00:00+00:00
[2023-07-10T05:09:39.777+0000] {processor.py:179} INFO - Processing /opt/airflow/dags/library_dimensional.py took 0.079 seconds
[2023-07-10T05:10:10.248+0000] {processor.py:157} INFO - Started process (PID=39878) to work on /opt/airflow/dags/library_dimensional.py
[2023-07-10T05:10:10.249+0000] {processor.py:826} INFO - Processing file /opt/airflow/dags/library_dimensional.py for tasks to queue
[2023-07-10T05:10:10.251+0000] {logging_mixin.py:149} INFO - [2023-07-10T05:10:10.250+0000] {dagbag.py:541} INFO - Filling up the DagBag from /opt/airflow/dags/library_dimensional.py
[2023-07-10T05:10:10.264+0000] {processor.py:836} INFO - DAG(s) dict_keys(['library_dimensional']) retrieved from /opt/airflow/dags/library_dimensional.py
[2023-07-10T05:10:10.290+0000] {logging_mixin.py:149} INFO - [2023-07-10T05:10:10.290+0000] {dag.py:2726} INFO - Sync 1 DAGs
[2023-07-10T05:10:10.306+0000] {logging_mixin.py:149} INFO - [2023-07-10T05:10:10.306+0000] {dag.py:3490} INFO - Setting next_dagrun for library_dimensional to 2020-08-01T00:00:00+00:00, run_after=2020-08-01T00:00:00+00:00
[2023-07-10T05:10:10.317+0000] {processor.py:179} INFO - Processing /opt/airflow/dags/library_dimensional.py took 0.076 seconds
[2023-07-10T05:10:40.701+0000] {processor.py:157} INFO - Started process (PID=39900) to work on /opt/airflow/dags/library_dimensional.py
[2023-07-10T05:10:40.703+0000] {processor.py:826} INFO - Processing file /opt/airflow/dags/library_dimensional.py for tasks to queue
[2023-07-10T05:10:40.704+0000] {logging_mixin.py:149} INFO - [2023-07-10T05:10:40.704+0000] {dagbag.py:541} INFO - Filling up the DagBag from /opt/airflow/dags/library_dimensional.py
[2023-07-10T05:10:40.719+0000] {processor.py:836} INFO - DAG(s) dict_keys(['library_dimensional']) retrieved from /opt/airflow/dags/library_dimensional.py
[2023-07-10T05:10:40.746+0000] {logging_mixin.py:149} INFO - [2023-07-10T05:10:40.746+0000] {dag.py:2726} INFO - Sync 1 DAGs
[2023-07-10T05:10:40.763+0000] {logging_mixin.py:149} INFO - [2023-07-10T05:10:40.762+0000] {dag.py:3490} INFO - Setting next_dagrun for library_dimensional to 2020-08-01T00:00:00+00:00, run_after=2020-08-01T00:00:00+00:00
[2023-07-10T05:10:40.774+0000] {processor.py:179} INFO - Processing /opt/airflow/dags/library_dimensional.py took 0.079 seconds
[2023-07-10T05:11:11.153+0000] {processor.py:157} INFO - Started process (PID=39931) to work on /opt/airflow/dags/library_dimensional.py
[2023-07-10T05:11:11.154+0000] {processor.py:826} INFO - Processing file /opt/airflow/dags/library_dimensional.py for tasks to queue
[2023-07-10T05:11:11.155+0000] {logging_mixin.py:149} INFO - [2023-07-10T05:11:11.155+0000] {dagbag.py:541} INFO - Filling up the DagBag from /opt/airflow/dags/library_dimensional.py
[2023-07-10T05:11:11.167+0000] {processor.py:836} INFO - DAG(s) dict_keys(['library_dimensional']) retrieved from /opt/airflow/dags/library_dimensional.py
[2023-07-10T05:11:11.193+0000] {logging_mixin.py:149} INFO - [2023-07-10T05:11:11.193+0000] {dag.py:2726} INFO - Sync 1 DAGs
[2023-07-10T05:11:11.209+0000] {logging_mixin.py:149} INFO - [2023-07-10T05:11:11.209+0000] {dag.py:3490} INFO - Setting next_dagrun for library_dimensional to 2020-08-01T00:00:00+00:00, run_after=2020-08-01T00:00:00+00:00
[2023-07-10T05:11:11.221+0000] {processor.py:179} INFO - Processing /opt/airflow/dags/library_dimensional.py took 0.072 seconds
[2023-07-10T05:11:41.561+0000] {processor.py:157} INFO - Started process (PID=39961) to work on /opt/airflow/dags/library_dimensional.py
[2023-07-10T05:11:41.565+0000] {processor.py:826} INFO - Processing file /opt/airflow/dags/library_dimensional.py for tasks to queue
[2023-07-10T05:11:41.566+0000] {logging_mixin.py:149} INFO - [2023-07-10T05:11:41.566+0000] {dagbag.py:541} INFO - Filling up the DagBag from /opt/airflow/dags/library_dimensional.py
[2023-07-10T05:11:41.581+0000] {processor.py:836} INFO - DAG(s) dict_keys(['library_dimensional']) retrieved from /opt/airflow/dags/library_dimensional.py
[2023-07-10T05:11:41.609+0000] {logging_mixin.py:149} INFO - [2023-07-10T05:11:41.609+0000] {dag.py:2726} INFO - Sync 1 DAGs
[2023-07-10T05:11:41.626+0000] {logging_mixin.py:149} INFO - [2023-07-10T05:11:41.626+0000] {dag.py:3490} INFO - Setting next_dagrun for library_dimensional to 2020-08-01T00:00:00+00:00, run_after=2020-08-01T00:00:00+00:00
[2023-07-10T05:11:41.637+0000] {processor.py:179} INFO - Processing /opt/airflow/dags/library_dimensional.py took 0.084 seconds
[2023-07-10T05:12:12.067+0000] {processor.py:157} INFO - Started process (PID=39991) to work on /opt/airflow/dags/library_dimensional.py
[2023-07-10T05:12:12.070+0000] {processor.py:826} INFO - Processing file /opt/airflow/dags/library_dimensional.py for tasks to queue
[2023-07-10T05:12:12.071+0000] {logging_mixin.py:149} INFO - [2023-07-10T05:12:12.071+0000] {dagbag.py:541} INFO - Filling up the DagBag from /opt/airflow/dags/library_dimensional.py
[2023-07-10T05:12:12.082+0000] {processor.py:836} INFO - DAG(s) dict_keys(['library_dimensional']) retrieved from /opt/airflow/dags/library_dimensional.py
[2023-07-10T05:12:12.106+0000] {logging_mixin.py:149} INFO - [2023-07-10T05:12:12.106+0000] {dag.py:2726} INFO - Sync 1 DAGs
[2023-07-10T05:12:12.122+0000] {logging_mixin.py:149} INFO - [2023-07-10T05:12:12.122+0000] {dag.py:3490} INFO - Setting next_dagrun for library_dimensional to 2020-08-01T00:00:00+00:00, run_after=2020-08-01T00:00:00+00:00
[2023-07-10T05:12:12.132+0000] {processor.py:179} INFO - Processing /opt/airflow/dags/library_dimensional.py took 0.068 seconds
[2023-07-10T05:12:42.733+0000] {processor.py:157} INFO - Started process (PID=40012) to work on /opt/airflow/dags/library_dimensional.py
[2023-07-10T05:12:42.736+0000] {processor.py:826} INFO - Processing file /opt/airflow/dags/library_dimensional.py for tasks to queue
[2023-07-10T05:12:42.738+0000] {logging_mixin.py:149} INFO - [2023-07-10T05:12:42.738+0000] {dagbag.py:541} INFO - Filling up the DagBag from /opt/airflow/dags/library_dimensional.py
[2023-07-10T05:12:42.753+0000] {processor.py:836} INFO - DAG(s) dict_keys(['library_dimensional']) retrieved from /opt/airflow/dags/library_dimensional.py
[2023-07-10T05:12:42.786+0000] {logging_mixin.py:149} INFO - [2023-07-10T05:12:42.786+0000] {dag.py:2726} INFO - Sync 1 DAGs
[2023-07-10T05:12:42.810+0000] {logging_mixin.py:149} INFO - [2023-07-10T05:12:42.810+0000] {dag.py:3490} INFO - Setting next_dagrun for library_dimensional to 2020-08-01T00:00:00+00:00, run_after=2020-08-01T00:00:00+00:00
[2023-07-10T05:12:42.822+0000] {processor.py:179} INFO - Processing /opt/airflow/dags/library_dimensional.py took 0.094 seconds
[2023-07-10T05:13:13.137+0000] {processor.py:157} INFO - Started process (PID=40042) to work on /opt/airflow/dags/library_dimensional.py
[2023-07-10T05:13:13.138+0000] {processor.py:826} INFO - Processing file /opt/airflow/dags/library_dimensional.py for tasks to queue
[2023-07-10T05:13:13.139+0000] {logging_mixin.py:149} INFO - [2023-07-10T05:13:13.139+0000] {dagbag.py:541} INFO - Filling up the DagBag from /opt/airflow/dags/library_dimensional.py
[2023-07-10T05:13:13.150+0000] {processor.py:836} INFO - DAG(s) dict_keys(['library_dimensional']) retrieved from /opt/airflow/dags/library_dimensional.py
[2023-07-10T05:13:13.174+0000] {logging_mixin.py:149} INFO - [2023-07-10T05:13:13.173+0000] {dag.py:2726} INFO - Sync 1 DAGs
[2023-07-10T05:13:13.190+0000] {logging_mixin.py:149} INFO - [2023-07-10T05:13:13.190+0000] {dag.py:3490} INFO - Setting next_dagrun for library_dimensional to 2020-08-01T00:00:00+00:00, run_after=2020-08-01T00:00:00+00:00
[2023-07-10T05:13:13.204+0000] {processor.py:179} INFO - Processing /opt/airflow/dags/library_dimensional.py took 0.070 seconds
[2023-07-10T05:13:43.509+0000] {processor.py:157} INFO - Started process (PID=40073) to work on /opt/airflow/dags/library_dimensional.py
[2023-07-10T05:13:43.511+0000] {processor.py:826} INFO - Processing file /opt/airflow/dags/library_dimensional.py for tasks to queue
[2023-07-10T05:13:43.512+0000] {logging_mixin.py:149} INFO - [2023-07-10T05:13:43.512+0000] {dagbag.py:541} INFO - Filling up the DagBag from /opt/airflow/dags/library_dimensional.py
[2023-07-10T05:13:43.522+0000] {processor.py:836} INFO - DAG(s) dict_keys(['library_dimensional']) retrieved from /opt/airflow/dags/library_dimensional.py
[2023-07-10T05:13:43.546+0000] {logging_mixin.py:149} INFO - [2023-07-10T05:13:43.546+0000] {dag.py:2726} INFO - Sync 1 DAGs
[2023-07-10T05:13:43.563+0000] {logging_mixin.py:149} INFO - [2023-07-10T05:13:43.563+0000] {dag.py:3490} INFO - Setting next_dagrun for library_dimensional to 2020-08-01T00:00:00+00:00, run_after=2020-08-01T00:00:00+00:00
[2023-07-10T05:13:43.575+0000] {processor.py:179} INFO - Processing /opt/airflow/dags/library_dimensional.py took 0.068 seconds
[2023-07-10T05:14:14.011+0000] {processor.py:157} INFO - Started process (PID=40095) to work on /opt/airflow/dags/library_dimensional.py
[2023-07-10T05:14:14.013+0000] {processor.py:826} INFO - Processing file /opt/airflow/dags/library_dimensional.py for tasks to queue
[2023-07-10T05:14:14.014+0000] {logging_mixin.py:149} INFO - [2023-07-10T05:14:14.014+0000] {dagbag.py:541} INFO - Filling up the DagBag from /opt/airflow/dags/library_dimensional.py
[2023-07-10T05:14:14.026+0000] {processor.py:836} INFO - DAG(s) dict_keys(['library_dimensional']) retrieved from /opt/airflow/dags/library_dimensional.py
[2023-07-10T05:14:14.053+0000] {logging_mixin.py:149} INFO - [2023-07-10T05:14:14.052+0000] {dag.py:2726} INFO - Sync 1 DAGs
[2023-07-10T05:14:14.069+0000] {logging_mixin.py:149} INFO - [2023-07-10T05:14:14.069+0000] {dag.py:3490} INFO - Setting next_dagrun for library_dimensional to 2020-08-01T00:00:00+00:00, run_after=2020-08-01T00:00:00+00:00
[2023-07-10T05:14:14.080+0000] {processor.py:179} INFO - Processing /opt/airflow/dags/library_dimensional.py took 0.077 seconds
[2023-07-10T05:14:44.488+0000] {processor.py:157} INFO - Started process (PID=40124) to work on /opt/airflow/dags/library_dimensional.py
[2023-07-10T05:14:44.491+0000] {processor.py:826} INFO - Processing file /opt/airflow/dags/library_dimensional.py for tasks to queue
[2023-07-10T05:14:44.493+0000] {logging_mixin.py:149} INFO - [2023-07-10T05:14:44.493+0000] {dagbag.py:541} INFO - Filling up the DagBag from /opt/airflow/dags/library_dimensional.py
[2023-07-10T05:14:44.508+0000] {processor.py:836} INFO - DAG(s) dict_keys(['library_dimensional']) retrieved from /opt/airflow/dags/library_dimensional.py
[2023-07-10T05:14:44.536+0000] {logging_mixin.py:149} INFO - [2023-07-10T05:14:44.536+0000] {dag.py:2726} INFO - Sync 1 DAGs
[2023-07-10T05:14:44.552+0000] {logging_mixin.py:149} INFO - [2023-07-10T05:14:44.552+0000] {dag.py:3490} INFO - Setting next_dagrun for library_dimensional to 2020-08-01T00:00:00+00:00, run_after=2020-08-01T00:00:00+00:00
[2023-07-10T05:14:44.564+0000] {processor.py:179} INFO - Processing /opt/airflow/dags/library_dimensional.py took 0.082 seconds
[2023-07-10T05:15:14.901+0000] {processor.py:157} INFO - Started process (PID=40155) to work on /opt/airflow/dags/library_dimensional.py
[2023-07-10T05:15:14.904+0000] {processor.py:826} INFO - Processing file /opt/airflow/dags/library_dimensional.py for tasks to queue
[2023-07-10T05:15:14.905+0000] {logging_mixin.py:149} INFO - [2023-07-10T05:15:14.905+0000] {dagbag.py:541} INFO - Filling up the DagBag from /opt/airflow/dags/library_dimensional.py
[2023-07-10T05:15:14.924+0000] {processor.py:836} INFO - DAG(s) dict_keys(['library_dimensional']) retrieved from /opt/airflow/dags/library_dimensional.py
[2023-07-10T05:15:14.958+0000] {logging_mixin.py:149} INFO - [2023-07-10T05:15:14.958+0000] {dag.py:2726} INFO - Sync 1 DAGs
[2023-07-10T05:15:14.979+0000] {logging_mixin.py:149} INFO - [2023-07-10T05:15:14.979+0000] {dag.py:3490} INFO - Setting next_dagrun for library_dimensional to 2020-08-01T00:00:00+00:00, run_after=2020-08-01T00:00:00+00:00
[2023-07-10T05:15:14.993+0000] {processor.py:179} INFO - Processing /opt/airflow/dags/library_dimensional.py took 0.097 seconds
[2023-07-10T05:15:45.360+0000] {processor.py:157} INFO - Started process (PID=40176) to work on /opt/airflow/dags/library_dimensional.py
[2023-07-10T05:15:45.362+0000] {processor.py:826} INFO - Processing file /opt/airflow/dags/library_dimensional.py for tasks to queue
[2023-07-10T05:15:45.364+0000] {logging_mixin.py:149} INFO - [2023-07-10T05:15:45.364+0000] {dagbag.py:541} INFO - Filling up the DagBag from /opt/airflow/dags/library_dimensional.py
[2023-07-10T05:15:45.378+0000] {processor.py:836} INFO - DAG(s) dict_keys(['library_dimensional']) retrieved from /opt/airflow/dags/library_dimensional.py
[2023-07-10T05:15:45.406+0000] {logging_mixin.py:149} INFO - [2023-07-10T05:15:45.406+0000] {dag.py:2726} INFO - Sync 1 DAGs
[2023-07-10T05:15:45.422+0000] {logging_mixin.py:149} INFO - [2023-07-10T05:15:45.422+0000] {dag.py:3490} INFO - Setting next_dagrun for library_dimensional to 2020-08-01T00:00:00+00:00, run_after=2020-08-01T00:00:00+00:00
[2023-07-10T05:15:45.434+0000] {processor.py:179} INFO - Processing /opt/airflow/dags/library_dimensional.py took 0.080 seconds
[2023-07-10T05:16:15.877+0000] {processor.py:157} INFO - Started process (PID=40206) to work on /opt/airflow/dags/library_dimensional.py
[2023-07-10T05:16:15.879+0000] {processor.py:826} INFO - Processing file /opt/airflow/dags/library_dimensional.py for tasks to queue
[2023-07-10T05:16:15.880+0000] {logging_mixin.py:149} INFO - [2023-07-10T05:16:15.880+0000] {dagbag.py:541} INFO - Filling up the DagBag from /opt/airflow/dags/library_dimensional.py
[2023-07-10T05:16:15.893+0000] {processor.py:836} INFO - DAG(s) dict_keys(['library_dimensional']) retrieved from /opt/airflow/dags/library_dimensional.py
[2023-07-10T05:16:15.920+0000] {logging_mixin.py:149} INFO - [2023-07-10T05:16:15.920+0000] {dag.py:2726} INFO - Sync 1 DAGs
[2023-07-10T05:16:15.936+0000] {logging_mixin.py:149} INFO - [2023-07-10T05:16:15.936+0000] {dag.py:3490} INFO - Setting next_dagrun for library_dimensional to 2020-08-01T00:00:00+00:00, run_after=2020-08-01T00:00:00+00:00
[2023-07-10T05:16:15.948+0000] {processor.py:179} INFO - Processing /opt/airflow/dags/library_dimensional.py took 0.079 seconds
[2023-07-10T05:16:46.296+0000] {processor.py:157} INFO - Started process (PID=40236) to work on /opt/airflow/dags/library_dimensional.py
[2023-07-10T05:16:46.298+0000] {processor.py:826} INFO - Processing file /opt/airflow/dags/library_dimensional.py for tasks to queue
[2023-07-10T05:16:46.300+0000] {logging_mixin.py:149} INFO - [2023-07-10T05:16:46.299+0000] {dagbag.py:541} INFO - Filling up the DagBag from /opt/airflow/dags/library_dimensional.py
[2023-07-10T05:16:46.313+0000] {processor.py:836} INFO - DAG(s) dict_keys(['library_dimensional']) retrieved from /opt/airflow/dags/library_dimensional.py
[2023-07-10T05:16:46.341+0000] {logging_mixin.py:149} INFO - [2023-07-10T05:16:46.341+0000] {dag.py:2726} INFO - Sync 1 DAGs
[2023-07-10T05:16:46.358+0000] {logging_mixin.py:149} INFO - [2023-07-10T05:16:46.358+0000] {dag.py:3490} INFO - Setting next_dagrun for library_dimensional to 2020-08-01T00:00:00+00:00, run_after=2020-08-01T00:00:00+00:00
[2023-07-10T05:16:46.369+0000] {processor.py:179} INFO - Processing /opt/airflow/dags/library_dimensional.py took 0.078 seconds
[2023-07-10T05:17:16.790+0000] {processor.py:157} INFO - Started process (PID=40259) to work on /opt/airflow/dags/library_dimensional.py
[2023-07-10T05:17:16.793+0000] {processor.py:826} INFO - Processing file /opt/airflow/dags/library_dimensional.py for tasks to queue
[2023-07-10T05:17:16.795+0000] {logging_mixin.py:149} INFO - [2023-07-10T05:17:16.794+0000] {dagbag.py:541} INFO - Filling up the DagBag from /opt/airflow/dags/library_dimensional.py
[2023-07-10T05:17:16.809+0000] {processor.py:836} INFO - DAG(s) dict_keys(['library_dimensional']) retrieved from /opt/airflow/dags/library_dimensional.py
[2023-07-10T05:17:16.836+0000] {logging_mixin.py:149} INFO - [2023-07-10T05:17:16.836+0000] {dag.py:2726} INFO - Sync 1 DAGs
[2023-07-10T05:17:16.852+0000] {logging_mixin.py:149} INFO - [2023-07-10T05:17:16.851+0000] {dag.py:3490} INFO - Setting next_dagrun for library_dimensional to 2020-08-01T00:00:00+00:00, run_after=2020-08-01T00:00:00+00:00
[2023-07-10T05:17:16.862+0000] {processor.py:179} INFO - Processing /opt/airflow/dags/library_dimensional.py took 0.080 seconds
[2023-07-10T05:17:47.256+0000] {processor.py:157} INFO - Started process (PID=40289) to work on /opt/airflow/dags/library_dimensional.py
[2023-07-10T05:17:47.257+0000] {processor.py:826} INFO - Processing file /opt/airflow/dags/library_dimensional.py for tasks to queue
[2023-07-10T05:17:47.259+0000] {logging_mixin.py:149} INFO - [2023-07-10T05:17:47.259+0000] {dagbag.py:541} INFO - Filling up the DagBag from /opt/airflow/dags/library_dimensional.py
[2023-07-10T05:17:47.272+0000] {processor.py:836} INFO - DAG(s) dict_keys(['library_dimensional']) retrieved from /opt/airflow/dags/library_dimensional.py
[2023-07-10T05:17:47.299+0000] {logging_mixin.py:149} INFO - [2023-07-10T05:17:47.299+0000] {dag.py:2726} INFO - Sync 1 DAGs
[2023-07-10T05:17:47.315+0000] {logging_mixin.py:149} INFO - [2023-07-10T05:17:47.315+0000] {dag.py:3490} INFO - Setting next_dagrun for library_dimensional to 2020-08-01T00:00:00+00:00, run_after=2020-08-01T00:00:00+00:00
[2023-07-10T05:17:47.326+0000] {processor.py:179} INFO - Processing /opt/airflow/dags/library_dimensional.py took 0.077 seconds
[2023-07-10T05:18:17.803+0000] {processor.py:157} INFO - Started process (PID=40319) to work on /opt/airflow/dags/library_dimensional.py
[2023-07-10T05:18:17.805+0000] {processor.py:826} INFO - Processing file /opt/airflow/dags/library_dimensional.py for tasks to queue
[2023-07-10T05:18:17.807+0000] {logging_mixin.py:149} INFO - [2023-07-10T05:18:17.807+0000] {dagbag.py:541} INFO - Filling up the DagBag from /opt/airflow/dags/library_dimensional.py
[2023-07-10T05:18:17.821+0000] {processor.py:836} INFO - DAG(s) dict_keys(['library_dimensional']) retrieved from /opt/airflow/dags/library_dimensional.py
[2023-07-10T05:18:17.849+0000] {logging_mixin.py:149} INFO - [2023-07-10T05:18:17.848+0000] {dag.py:2726} INFO - Sync 1 DAGs
[2023-07-10T05:18:17.864+0000] {logging_mixin.py:149} INFO - [2023-07-10T05:18:17.864+0000] {dag.py:3490} INFO - Setting next_dagrun for library_dimensional to 2020-08-01T00:00:00+00:00, run_after=2020-08-01T00:00:00+00:00
[2023-07-10T05:18:17.875+0000] {processor.py:179} INFO - Processing /opt/airflow/dags/library_dimensional.py took 0.079 seconds
[2023-07-10T05:18:48.300+0000] {processor.py:157} INFO - Started process (PID=40349) to work on /opt/airflow/dags/library_dimensional.py
[2023-07-10T05:18:48.301+0000] {processor.py:826} INFO - Processing file /opt/airflow/dags/library_dimensional.py for tasks to queue
[2023-07-10T05:18:48.302+0000] {logging_mixin.py:149} INFO - [2023-07-10T05:18:48.302+0000] {dagbag.py:541} INFO - Filling up the DagBag from /opt/airflow/dags/library_dimensional.py
[2023-07-10T05:18:48.312+0000] {processor.py:836} INFO - DAG(s) dict_keys(['library_dimensional']) retrieved from /opt/airflow/dags/library_dimensional.py
[2023-07-10T05:18:48.336+0000] {logging_mixin.py:149} INFO - [2023-07-10T05:18:48.336+0000] {dag.py:2726} INFO - Sync 1 DAGs
[2023-07-10T05:18:48.352+0000] {logging_mixin.py:149} INFO - [2023-07-10T05:18:48.352+0000] {dag.py:3490} INFO - Setting next_dagrun for library_dimensional to 2020-08-01T00:00:00+00:00, run_after=2020-08-01T00:00:00+00:00
[2023-07-10T05:18:48.364+0000] {processor.py:179} INFO - Processing /opt/airflow/dags/library_dimensional.py took 0.069 seconds
[2023-07-10T05:19:18.850+0000] {processor.py:157} INFO - Started process (PID=40370) to work on /opt/airflow/dags/library_dimensional.py
[2023-07-10T05:19:18.853+0000] {processor.py:826} INFO - Processing file /opt/airflow/dags/library_dimensional.py for tasks to queue
[2023-07-10T05:19:18.855+0000] {logging_mixin.py:149} INFO - [2023-07-10T05:19:18.855+0000] {dagbag.py:541} INFO - Filling up the DagBag from /opt/airflow/dags/library_dimensional.py
[2023-07-10T05:19:18.869+0000] {processor.py:836} INFO - DAG(s) dict_keys(['library_dimensional']) retrieved from /opt/airflow/dags/library_dimensional.py
[2023-07-10T05:19:18.896+0000] {logging_mixin.py:149} INFO - [2023-07-10T05:19:18.896+0000] {dag.py:2726} INFO - Sync 1 DAGs
[2023-07-10T05:19:18.912+0000] {logging_mixin.py:149} INFO - [2023-07-10T05:19:18.912+0000] {dag.py:3490} INFO - Setting next_dagrun for library_dimensional to 2020-08-01T00:00:00+00:00, run_after=2020-08-01T00:00:00+00:00
[2023-07-10T05:19:18.924+0000] {processor.py:179} INFO - Processing /opt/airflow/dags/library_dimensional.py took 0.081 seconds
[2023-07-10T05:19:49.326+0000] {processor.py:157} INFO - Started process (PID=40401) to work on /opt/airflow/dags/library_dimensional.py
[2023-07-10T05:19:49.328+0000] {processor.py:826} INFO - Processing file /opt/airflow/dags/library_dimensional.py for tasks to queue
[2023-07-10T05:19:49.329+0000] {logging_mixin.py:149} INFO - [2023-07-10T05:19:49.329+0000] {dagbag.py:541} INFO - Filling up the DagBag from /opt/airflow/dags/library_dimensional.py
[2023-07-10T05:19:49.342+0000] {processor.py:836} INFO - DAG(s) dict_keys(['library_dimensional']) retrieved from /opt/airflow/dags/library_dimensional.py
[2023-07-10T05:19:49.369+0000] {logging_mixin.py:149} INFO - [2023-07-10T05:19:49.369+0000] {dag.py:2726} INFO - Sync 1 DAGs
[2023-07-10T05:19:49.385+0000] {logging_mixin.py:149} INFO - [2023-07-10T05:19:49.385+0000] {dag.py:3490} INFO - Setting next_dagrun for library_dimensional to 2020-08-01T00:00:00+00:00, run_after=2020-08-01T00:00:00+00:00
[2023-07-10T05:19:49.396+0000] {processor.py:179} INFO - Processing /opt/airflow/dags/library_dimensional.py took 0.075 seconds
[2023-07-10T05:20:19.838+0000] {processor.py:157} INFO - Started process (PID=40430) to work on /opt/airflow/dags/library_dimensional.py
[2023-07-10T05:20:19.840+0000] {processor.py:826} INFO - Processing file /opt/airflow/dags/library_dimensional.py for tasks to queue
[2023-07-10T05:20:19.841+0000] {logging_mixin.py:149} INFO - [2023-07-10T05:20:19.841+0000] {dagbag.py:541} INFO - Filling up the DagBag from /opt/airflow/dags/library_dimensional.py
[2023-07-10T05:20:19.854+0000] {processor.py:836} INFO - DAG(s) dict_keys(['library_dimensional']) retrieved from /opt/airflow/dags/library_dimensional.py
[2023-07-10T05:20:19.881+0000] {logging_mixin.py:149} INFO - [2023-07-10T05:20:19.881+0000] {dag.py:2726} INFO - Sync 1 DAGs
[2023-07-10T05:20:19.897+0000] {logging_mixin.py:149} INFO - [2023-07-10T05:20:19.897+0000] {dag.py:3490} INFO - Setting next_dagrun for library_dimensional to 2020-08-01T00:00:00+00:00, run_after=2020-08-01T00:00:00+00:00
[2023-07-10T05:20:19.908+0000] {processor.py:179} INFO - Processing /opt/airflow/dags/library_dimensional.py took 0.077 seconds
[2023-07-10T05:20:50.273+0000] {processor.py:157} INFO - Started process (PID=40451) to work on /opt/airflow/dags/library_dimensional.py
[2023-07-10T05:20:50.275+0000] {processor.py:826} INFO - Processing file /opt/airflow/dags/library_dimensional.py for tasks to queue
[2023-07-10T05:20:50.277+0000] {logging_mixin.py:149} INFO - [2023-07-10T05:20:50.277+0000] {dagbag.py:541} INFO - Filling up the DagBag from /opt/airflow/dags/library_dimensional.py
[2023-07-10T05:20:50.291+0000] {processor.py:836} INFO - DAG(s) dict_keys(['library_dimensional']) retrieved from /opt/airflow/dags/library_dimensional.py
[2023-07-10T05:20:50.318+0000] {logging_mixin.py:149} INFO - [2023-07-10T05:20:50.318+0000] {dag.py:2726} INFO - Sync 1 DAGs
[2023-07-10T05:20:50.334+0000] {logging_mixin.py:149} INFO - [2023-07-10T05:20:50.334+0000] {dag.py:3490} INFO - Setting next_dagrun for library_dimensional to 2020-08-01T00:00:00+00:00, run_after=2020-08-01T00:00:00+00:00
[2023-07-10T05:20:50.346+0000] {processor.py:179} INFO - Processing /opt/airflow/dags/library_dimensional.py took 0.079 seconds
[2023-07-10T05:21:20.681+0000] {processor.py:157} INFO - Started process (PID=40481) to work on /opt/airflow/dags/library_dimensional.py
[2023-07-10T05:21:20.683+0000] {processor.py:826} INFO - Processing file /opt/airflow/dags/library_dimensional.py for tasks to queue
[2023-07-10T05:21:20.684+0000] {logging_mixin.py:149} INFO - [2023-07-10T05:21:20.684+0000] {dagbag.py:541} INFO - Filling up the DagBag from /opt/airflow/dags/library_dimensional.py
[2023-07-10T05:21:20.697+0000] {processor.py:836} INFO - DAG(s) dict_keys(['library_dimensional']) retrieved from /opt/airflow/dags/library_dimensional.py
[2023-07-10T05:21:20.724+0000] {logging_mixin.py:149} INFO - [2023-07-10T05:21:20.724+0000] {dag.py:2726} INFO - Sync 1 DAGs
[2023-07-10T05:21:20.740+0000] {logging_mixin.py:149} INFO - [2023-07-10T05:21:20.740+0000] {dag.py:3490} INFO - Setting next_dagrun for library_dimensional to 2020-08-01T00:00:00+00:00, run_after=2020-08-01T00:00:00+00:00
[2023-07-10T05:21:20.751+0000] {processor.py:179} INFO - Processing /opt/airflow/dags/library_dimensional.py took 0.076 seconds
[2023-07-10T05:21:51.134+0000] {processor.py:157} INFO - Started process (PID=40511) to work on /opt/airflow/dags/library_dimensional.py
[2023-07-10T05:21:51.136+0000] {processor.py:826} INFO - Processing file /opt/airflow/dags/library_dimensional.py for tasks to queue
[2023-07-10T05:21:51.137+0000] {logging_mixin.py:149} INFO - [2023-07-10T05:21:51.137+0000] {dagbag.py:541} INFO - Filling up the DagBag from /opt/airflow/dags/library_dimensional.py
[2023-07-10T05:21:51.150+0000] {processor.py:836} INFO - DAG(s) dict_keys(['library_dimensional']) retrieved from /opt/airflow/dags/library_dimensional.py
[2023-07-10T05:21:51.178+0000] {logging_mixin.py:149} INFO - [2023-07-10T05:21:51.177+0000] {dag.py:2726} INFO - Sync 1 DAGs
[2023-07-10T05:21:51.192+0000] {logging_mixin.py:149} INFO - [2023-07-10T05:21:51.192+0000] {dag.py:3490} INFO - Setting next_dagrun for library_dimensional to 2020-08-01T00:00:00+00:00, run_after=2020-08-01T00:00:00+00:00
[2023-07-10T05:21:51.204+0000] {processor.py:179} INFO - Processing /opt/airflow/dags/library_dimensional.py took 0.077 seconds
[2023-07-10T05:22:21.873+0000] {processor.py:157} INFO - Started process (PID=40532) to work on /opt/airflow/dags/library_dimensional.py
[2023-07-10T05:22:21.876+0000] {processor.py:826} INFO - Processing file /opt/airflow/dags/library_dimensional.py for tasks to queue
[2023-07-10T05:22:21.878+0000] {logging_mixin.py:149} INFO - [2023-07-10T05:22:21.878+0000] {dagbag.py:541} INFO - Filling up the DagBag from /opt/airflow/dags/library_dimensional.py
[2023-07-10T05:22:21.893+0000] {processor.py:836} INFO - DAG(s) dict_keys(['library_dimensional']) retrieved from /opt/airflow/dags/library_dimensional.py
[2023-07-10T05:22:21.923+0000] {logging_mixin.py:149} INFO - [2023-07-10T05:22:21.922+0000] {dag.py:2726} INFO - Sync 1 DAGs
[2023-07-10T05:22:21.940+0000] {logging_mixin.py:149} INFO - [2023-07-10T05:22:21.940+0000] {dag.py:3490} INFO - Setting next_dagrun for library_dimensional to 2020-08-01T00:00:00+00:00, run_after=2020-08-01T00:00:00+00:00
[2023-07-10T05:22:21.953+0000] {processor.py:179} INFO - Processing /opt/airflow/dags/library_dimensional.py took 0.085 seconds
[2023-07-10T05:22:52.310+0000] {processor.py:157} INFO - Started process (PID=40562) to work on /opt/airflow/dags/library_dimensional.py
[2023-07-10T05:22:52.313+0000] {processor.py:826} INFO - Processing file /opt/airflow/dags/library_dimensional.py for tasks to queue
[2023-07-10T05:22:52.314+0000] {logging_mixin.py:149} INFO - [2023-07-10T05:22:52.314+0000] {dagbag.py:541} INFO - Filling up the DagBag from /opt/airflow/dags/library_dimensional.py
[2023-07-10T05:22:52.324+0000] {processor.py:836} INFO - DAG(s) dict_keys(['library_dimensional']) retrieved from /opt/airflow/dags/library_dimensional.py
[2023-07-10T05:22:52.349+0000] {logging_mixin.py:149} INFO - [2023-07-10T05:22:52.349+0000] {dag.py:2726} INFO - Sync 1 DAGs
[2023-07-10T05:22:52.365+0000] {logging_mixin.py:149} INFO - [2023-07-10T05:22:52.365+0000] {dag.py:3490} INFO - Setting next_dagrun for library_dimensional to 2020-08-01T00:00:00+00:00, run_after=2020-08-01T00:00:00+00:00
[2023-07-10T05:22:52.377+0000] {processor.py:179} INFO - Processing /opt/airflow/dags/library_dimensional.py took 0.071 seconds
[2023-07-10T05:23:22.845+0000] {processor.py:157} INFO - Started process (PID=40592) to work on /opt/airflow/dags/library_dimensional.py
[2023-07-10T05:23:22.848+0000] {processor.py:826} INFO - Processing file /opt/airflow/dags/library_dimensional.py for tasks to queue
[2023-07-10T05:23:22.850+0000] {logging_mixin.py:149} INFO - [2023-07-10T05:23:22.849+0000] {dagbag.py:541} INFO - Filling up the DagBag from /opt/airflow/dags/library_dimensional.py
[2023-07-10T05:23:22.864+0000] {processor.py:836} INFO - DAG(s) dict_keys(['library_dimensional']) retrieved from /opt/airflow/dags/library_dimensional.py
[2023-07-10T05:23:22.891+0000] {logging_mixin.py:149} INFO - [2023-07-10T05:23:22.891+0000] {dag.py:2726} INFO - Sync 1 DAGs
[2023-07-10T05:23:22.908+0000] {logging_mixin.py:149} INFO - [2023-07-10T05:23:22.907+0000] {dag.py:3490} INFO - Setting next_dagrun for library_dimensional to 2020-08-01T00:00:00+00:00, run_after=2020-08-01T00:00:00+00:00
[2023-07-10T05:23:22.919+0000] {processor.py:179} INFO - Processing /opt/airflow/dags/library_dimensional.py took 0.081 seconds
[2023-07-10T05:23:53.253+0000] {processor.py:157} INFO - Started process (PID=40613) to work on /opt/airflow/dags/library_dimensional.py
[2023-07-10T05:23:53.256+0000] {processor.py:826} INFO - Processing file /opt/airflow/dags/library_dimensional.py for tasks to queue
[2023-07-10T05:23:53.259+0000] {logging_mixin.py:149} INFO - [2023-07-10T05:23:53.259+0000] {dagbag.py:541} INFO - Filling up the DagBag from /opt/airflow/dags/library_dimensional.py
[2023-07-10T05:23:53.283+0000] {processor.py:836} INFO - DAG(s) dict_keys(['library_dimensional']) retrieved from /opt/airflow/dags/library_dimensional.py
[2023-07-10T05:23:53.311+0000] {logging_mixin.py:149} INFO - [2023-07-10T05:23:53.311+0000] {dag.py:2726} INFO - Sync 1 DAGs
[2023-07-10T05:23:53.329+0000] {logging_mixin.py:149} INFO - [2023-07-10T05:23:53.329+0000] {dag.py:3490} INFO - Setting next_dagrun for library_dimensional to 2020-08-01T00:00:00+00:00, run_after=2020-08-01T00:00:00+00:00
[2023-07-10T05:23:53.341+0000] {processor.py:179} INFO - Processing /opt/airflow/dags/library_dimensional.py took 0.093 seconds
[2023-07-10T05:24:23.749+0000] {processor.py:157} INFO - Started process (PID=40642) to work on /opt/airflow/dags/library_dimensional.py
[2023-07-10T05:24:23.751+0000] {processor.py:826} INFO - Processing file /opt/airflow/dags/library_dimensional.py for tasks to queue
[2023-07-10T05:24:23.753+0000] {logging_mixin.py:149} INFO - [2023-07-10T05:24:23.752+0000] {dagbag.py:541} INFO - Filling up the DagBag from /opt/airflow/dags/library_dimensional.py
[2023-07-10T05:24:23.766+0000] {processor.py:836} INFO - DAG(s) dict_keys(['library_dimensional']) retrieved from /opt/airflow/dags/library_dimensional.py
[2023-07-10T05:24:23.794+0000] {logging_mixin.py:149} INFO - [2023-07-10T05:24:23.793+0000] {dag.py:2726} INFO - Sync 1 DAGs
[2023-07-10T05:24:23.809+0000] {logging_mixin.py:149} INFO - [2023-07-10T05:24:23.809+0000] {dag.py:3490} INFO - Setting next_dagrun for library_dimensional to 2020-08-01T00:00:00+00:00, run_after=2020-08-01T00:00:00+00:00
[2023-07-10T05:24:23.821+0000] {processor.py:179} INFO - Processing /opt/airflow/dags/library_dimensional.py took 0.077 seconds
[2023-07-10T05:24:54.280+0000] {processor.py:157} INFO - Started process (PID=40672) to work on /opt/airflow/dags/library_dimensional.py
[2023-07-10T05:24:54.282+0000] {processor.py:826} INFO - Processing file /opt/airflow/dags/library_dimensional.py for tasks to queue
[2023-07-10T05:24:54.285+0000] {logging_mixin.py:149} INFO - [2023-07-10T05:24:54.285+0000] {dagbag.py:541} INFO - Filling up the DagBag from /opt/airflow/dags/library_dimensional.py
[2023-07-10T05:24:54.298+0000] {processor.py:836} INFO - DAG(s) dict_keys(['library_dimensional']) retrieved from /opt/airflow/dags/library_dimensional.py
[2023-07-10T05:24:54.325+0000] {logging_mixin.py:149} INFO - [2023-07-10T05:24:54.325+0000] {dag.py:2726} INFO - Sync 1 DAGs
[2023-07-10T05:24:54.341+0000] {logging_mixin.py:149} INFO - [2023-07-10T05:24:54.340+0000] {dag.py:3490} INFO - Setting next_dagrun for library_dimensional to 2020-08-01T00:00:00+00:00, run_after=2020-08-01T00:00:00+00:00
[2023-07-10T05:24:54.353+0000] {processor.py:179} INFO - Processing /opt/airflow/dags/library_dimensional.py took 0.079 seconds
