[2023-07-10T00:43:13.754+0000] {processor.py:157} INFO - Started process (PID=38934) to work on /opt/airflow/dags/transform_and_analysis.py
[2023-07-10T00:43:13.756+0000] {processor.py:826} INFO - Processing file /opt/airflow/dags/transform_and_analysis.py for tasks to queue
[2023-07-10T00:43:13.757+0000] {logging_mixin.py:149} INFO - [2023-07-10T00:43:13.757+0000] {dagbag.py:541} INFO - Filling up the DagBag from /opt/airflow/dags/transform_and_analysis.py
[2023-07-10T00:43:13.775+0000] {processor.py:836} INFO - DAG(s) dict_keys(['2_daily_transformation_analysis']) retrieved from /opt/airflow/dags/transform_and_analysis.py
[2023-07-10T00:43:13.816+0000] {logging_mixin.py:149} INFO - [2023-07-10T00:43:13.816+0000] {dag.py:2726} INFO - Sync 1 DAGs
[2023-07-10T00:43:13.841+0000] {logging_mixin.py:149} INFO - [2023-07-10T00:43:13.841+0000] {dag.py:3490} INFO - Setting next_dagrun for 2_daily_transformation_analysis to None, run_after=None
[2023-07-10T00:43:13.868+0000] {processor.py:179} INFO - Processing /opt/airflow/dags/transform_and_analysis.py took 0.118 seconds
[2023-07-10T00:43:44.253+0000] {processor.py:157} INFO - Started process (PID=38955) to work on /opt/airflow/dags/transform_and_analysis.py
[2023-07-10T00:43:44.254+0000] {processor.py:826} INFO - Processing file /opt/airflow/dags/transform_and_analysis.py for tasks to queue
[2023-07-10T00:43:44.255+0000] {logging_mixin.py:149} INFO - [2023-07-10T00:43:44.255+0000] {dagbag.py:541} INFO - Filling up the DagBag from /opt/airflow/dags/transform_and_analysis.py
[2023-07-10T00:43:44.265+0000] {processor.py:836} INFO - DAG(s) dict_keys(['2_daily_transformation_analysis']) retrieved from /opt/airflow/dags/transform_and_analysis.py
[2023-07-10T00:43:44.287+0000] {logging_mixin.py:149} INFO - [2023-07-10T00:43:44.287+0000] {dag.py:2726} INFO - Sync 1 DAGs
[2023-07-10T00:43:44.302+0000] {logging_mixin.py:149} INFO - [2023-07-10T00:43:44.302+0000] {dag.py:3490} INFO - Setting next_dagrun for 2_daily_transformation_analysis to None, run_after=None
[2023-07-10T00:43:44.312+0000] {processor.py:179} INFO - Processing /opt/airflow/dags/transform_and_analysis.py took 0.062 seconds
[2023-07-10T01:36:11.105+0000] {processor.py:157} INFO - Started process (PID=38985) to work on /opt/airflow/dags/transform_and_analysis.py
[2023-07-10T01:36:11.106+0000] {processor.py:826} INFO - Processing file /opt/airflow/dags/transform_and_analysis.py for tasks to queue
[2023-07-10T01:36:11.107+0000] {logging_mixin.py:149} INFO - [2023-07-10T01:36:11.107+0000] {dagbag.py:541} INFO - Filling up the DagBag from /opt/airflow/dags/transform_and_analysis.py
[2023-07-10T01:36:11.119+0000] {processor.py:836} INFO - DAG(s) dict_keys(['2_daily_transformation_analysis']) retrieved from /opt/airflow/dags/transform_and_analysis.py
[2023-07-10T01:36:11.146+0000] {logging_mixin.py:149} INFO - [2023-07-10T01:36:11.146+0000] {dag.py:2726} INFO - Sync 1 DAGs
[2023-07-10T01:36:11.163+0000] {logging_mixin.py:149} INFO - [2023-07-10T01:36:11.163+0000] {dag.py:3490} INFO - Setting next_dagrun for 2_daily_transformation_analysis to None, run_after=None
[2023-07-10T01:36:11.178+0000] {processor.py:179} INFO - Processing /opt/airflow/dags/transform_and_analysis.py took 0.076 seconds
[2023-07-10T02:42:04.623+0000] {processor.py:157} INFO - Started process (PID=39006) to work on /opt/airflow/dags/transform_and_analysis.py
[2023-07-10T02:42:04.624+0000] {processor.py:826} INFO - Processing file /opt/airflow/dags/transform_and_analysis.py for tasks to queue
[2023-07-10T02:42:04.625+0000] {logging_mixin.py:149} INFO - [2023-07-10T02:42:04.625+0000] {dagbag.py:541} INFO - Filling up the DagBag from /opt/airflow/dags/transform_and_analysis.py
[2023-07-10T02:42:04.636+0000] {processor.py:836} INFO - DAG(s) dict_keys(['2_daily_transformation_analysis']) retrieved from /opt/airflow/dags/transform_and_analysis.py
[2023-07-10T02:42:04.658+0000] {logging_mixin.py:149} INFO - [2023-07-10T02:42:04.658+0000] {dag.py:2726} INFO - Sync 1 DAGs
[2023-07-10T02:42:04.674+0000] {logging_mixin.py:149} INFO - [2023-07-10T02:42:04.674+0000] {dag.py:3490} INFO - Setting next_dagrun for 2_daily_transformation_analysis to None, run_after=None
[2023-07-10T02:42:04.685+0000] {processor.py:179} INFO - Processing /opt/airflow/dags/transform_and_analysis.py took 0.066 seconds
[2023-07-10T03:03:33.524+0000] {processor.py:157} INFO - Started process (PID=39036) to work on /opt/airflow/dags/transform_and_analysis.py
[2023-07-10T03:03:33.525+0000] {processor.py:826} INFO - Processing file /opt/airflow/dags/transform_and_analysis.py for tasks to queue
[2023-07-10T03:03:33.525+0000] {logging_mixin.py:149} INFO - [2023-07-10T03:03:33.525+0000] {dagbag.py:541} INFO - Filling up the DagBag from /opt/airflow/dags/transform_and_analysis.py
[2023-07-10T03:03:33.535+0000] {processor.py:836} INFO - DAG(s) dict_keys(['2_daily_transformation_analysis']) retrieved from /opt/airflow/dags/transform_and_analysis.py
[2023-07-10T03:03:33.560+0000] {logging_mixin.py:149} INFO - [2023-07-10T03:03:33.560+0000] {dag.py:2726} INFO - Sync 1 DAGs
[2023-07-10T03:03:33.581+0000] {logging_mixin.py:149} INFO - [2023-07-10T03:03:33.581+0000] {dag.py:3490} INFO - Setting next_dagrun for 2_daily_transformation_analysis to None, run_after=None
[2023-07-10T03:03:33.595+0000] {processor.py:179} INFO - Processing /opt/airflow/dags/transform_and_analysis.py took 0.074 seconds
[2023-07-10T03:21:01.942+0000] {processor.py:157} INFO - Started process (PID=39057) to work on /opt/airflow/dags/transform_and_analysis.py
[2023-07-10T03:21:01.944+0000] {processor.py:826} INFO - Processing file /opt/airflow/dags/transform_and_analysis.py for tasks to queue
[2023-07-10T03:21:01.945+0000] {logging_mixin.py:149} INFO - [2023-07-10T03:21:01.945+0000] {dagbag.py:541} INFO - Filling up the DagBag from /opt/airflow/dags/transform_and_analysis.py
[2023-07-10T03:21:01.957+0000] {processor.py:836} INFO - DAG(s) dict_keys(['2_daily_transformation_analysis']) retrieved from /opt/airflow/dags/transform_and_analysis.py
[2023-07-10T03:21:01.987+0000] {logging_mixin.py:149} INFO - [2023-07-10T03:21:01.987+0000] {dag.py:2726} INFO - Sync 1 DAGs
[2023-07-10T03:21:02.007+0000] {logging_mixin.py:149} INFO - [2023-07-10T03:21:02.006+0000] {dag.py:3490} INFO - Setting next_dagrun for 2_daily_transformation_analysis to None, run_after=None
[2023-07-10T03:21:02.022+0000] {processor.py:179} INFO - Processing /opt/airflow/dags/transform_and_analysis.py took 0.083 seconds
[2023-07-10T03:37:09.620+0000] {processor.py:157} INFO - Started process (PID=39087) to work on /opt/airflow/dags/transform_and_analysis.py
[2023-07-10T03:37:09.622+0000] {processor.py:826} INFO - Processing file /opt/airflow/dags/transform_and_analysis.py for tasks to queue
[2023-07-10T03:37:09.623+0000] {logging_mixin.py:149} INFO - [2023-07-10T03:37:09.622+0000] {dagbag.py:541} INFO - Filling up the DagBag from /opt/airflow/dags/transform_and_analysis.py
[2023-07-10T03:37:09.634+0000] {processor.py:836} INFO - DAG(s) dict_keys(['2_daily_transformation_analysis']) retrieved from /opt/airflow/dags/transform_and_analysis.py
[2023-07-10T03:37:09.656+0000] {logging_mixin.py:149} INFO - [2023-07-10T03:37:09.656+0000] {dag.py:2726} INFO - Sync 1 DAGs
[2023-07-10T03:37:09.672+0000] {logging_mixin.py:149} INFO - [2023-07-10T03:37:09.672+0000] {dag.py:3490} INFO - Setting next_dagrun for 2_daily_transformation_analysis to None, run_after=None
[2023-07-10T03:37:09.686+0000] {processor.py:179} INFO - Processing /opt/airflow/dags/transform_and_analysis.py took 0.068 seconds
[2023-07-10T03:49:00.126+0000] {processor.py:157} INFO - Started process (PID=39118) to work on /opt/airflow/dags/transform_and_analysis.py
[2023-07-10T03:49:00.132+0000] {processor.py:826} INFO - Processing file /opt/airflow/dags/transform_and_analysis.py for tasks to queue
[2023-07-10T03:49:00.133+0000] {logging_mixin.py:149} INFO - [2023-07-10T03:49:00.133+0000] {dagbag.py:541} INFO - Filling up the DagBag from /opt/airflow/dags/transform_and_analysis.py
[2023-07-10T03:49:00.159+0000] {processor.py:836} INFO - DAG(s) dict_keys(['2_daily_transformation_analysis']) retrieved from /opt/airflow/dags/transform_and_analysis.py
[2023-07-10T03:49:00.211+0000] {logging_mixin.py:149} INFO - [2023-07-10T03:49:00.211+0000] {dag.py:2726} INFO - Sync 1 DAGs
[2023-07-10T03:49:00.244+0000] {logging_mixin.py:149} INFO - [2023-07-10T03:49:00.244+0000] {dag.py:3490} INFO - Setting next_dagrun for 2_daily_transformation_analysis to None, run_after=None
[2023-07-10T03:49:00.290+0000] {processor.py:179} INFO - Processing /opt/airflow/dags/transform_and_analysis.py took 0.167 seconds
[2023-07-10T03:49:30.691+0000] {processor.py:157} INFO - Started process (PID=39139) to work on /opt/airflow/dags/transform_and_analysis.py
[2023-07-10T03:49:30.692+0000] {processor.py:826} INFO - Processing file /opt/airflow/dags/transform_and_analysis.py for tasks to queue
[2023-07-10T03:49:30.693+0000] {logging_mixin.py:149} INFO - [2023-07-10T03:49:30.693+0000] {dagbag.py:541} INFO - Filling up the DagBag from /opt/airflow/dags/transform_and_analysis.py
[2023-07-10T03:49:30.703+0000] {processor.py:836} INFO - DAG(s) dict_keys(['2_daily_transformation_analysis']) retrieved from /opt/airflow/dags/transform_and_analysis.py
[2023-07-10T03:49:30.726+0000] {logging_mixin.py:149} INFO - [2023-07-10T03:49:30.725+0000] {dag.py:2726} INFO - Sync 1 DAGs
[2023-07-10T03:49:30.741+0000] {logging_mixin.py:149} INFO - [2023-07-10T03:49:30.741+0000] {dag.py:3490} INFO - Setting next_dagrun for 2_daily_transformation_analysis to None, run_after=None
[2023-07-10T03:49:30.751+0000] {processor.py:179} INFO - Processing /opt/airflow/dags/transform_and_analysis.py took 0.063 seconds
[2023-07-10T03:50:24.254+0000] {processor.py:157} INFO - Started process (PID=39170) to work on /opt/airflow/dags/transform_and_analysis.py
[2023-07-10T03:50:24.255+0000] {processor.py:826} INFO - Processing file /opt/airflow/dags/transform_and_analysis.py for tasks to queue
[2023-07-10T03:50:24.256+0000] {logging_mixin.py:149} INFO - [2023-07-10T03:50:24.256+0000] {dagbag.py:541} INFO - Filling up the DagBag from /opt/airflow/dags/transform_and_analysis.py
[2023-07-10T03:50:24.265+0000] {processor.py:836} INFO - DAG(s) dict_keys(['2_daily_transformation_analysis']) retrieved from /opt/airflow/dags/transform_and_analysis.py
[2023-07-10T03:50:24.287+0000] {logging_mixin.py:149} INFO - [2023-07-10T03:50:24.287+0000] {dag.py:2726} INFO - Sync 1 DAGs
[2023-07-10T03:50:24.302+0000] {logging_mixin.py:149} INFO - [2023-07-10T03:50:24.302+0000] {dag.py:3490} INFO - Setting next_dagrun for 2_daily_transformation_analysis to None, run_after=None
[2023-07-10T03:50:24.312+0000] {processor.py:179} INFO - Processing /opt/airflow/dags/transform_and_analysis.py took 0.062 seconds
[2023-07-10T04:07:57.066+0000] {processor.py:157} INFO - Started process (PID=39200) to work on /opt/airflow/dags/transform_and_analysis.py
[2023-07-10T04:07:57.067+0000] {processor.py:826} INFO - Processing file /opt/airflow/dags/transform_and_analysis.py for tasks to queue
[2023-07-10T04:07:57.068+0000] {logging_mixin.py:149} INFO - [2023-07-10T04:07:57.068+0000] {dagbag.py:541} INFO - Filling up the DagBag from /opt/airflow/dags/transform_and_analysis.py
[2023-07-10T04:07:57.081+0000] {processor.py:836} INFO - DAG(s) dict_keys(['2_daily_transformation_analysis']) retrieved from /opt/airflow/dags/transform_and_analysis.py
[2023-07-10T04:07:57.132+0000] {logging_mixin.py:149} INFO - [2023-07-10T04:07:57.132+0000] {dag.py:2726} INFO - Sync 1 DAGs
[2023-07-10T04:07:57.164+0000] {logging_mixin.py:149} INFO - [2023-07-10T04:07:57.164+0000] {dag.py:3490} INFO - Setting next_dagrun for 2_daily_transformation_analysis to None, run_after=None
[2023-07-10T04:07:57.189+0000] {processor.py:179} INFO - Processing /opt/airflow/dags/transform_and_analysis.py took 0.132 seconds
[2023-07-10T04:57:59.155+0000] {processor.py:157} INFO - Started process (PID=39221) to work on /opt/airflow/dags/transform_and_analysis.py
[2023-07-10T04:57:59.159+0000] {processor.py:826} INFO - Processing file /opt/airflow/dags/transform_and_analysis.py for tasks to queue
[2023-07-10T04:57:59.160+0000] {logging_mixin.py:149} INFO - [2023-07-10T04:57:59.160+0000] {dagbag.py:541} INFO - Filling up the DagBag from /opt/airflow/dags/transform_and_analysis.py
[2023-07-10T04:57:59.181+0000] {processor.py:836} INFO - DAG(s) dict_keys(['2_daily_transformation_analysis']) retrieved from /opt/airflow/dags/transform_and_analysis.py
[2023-07-10T04:57:59.213+0000] {logging_mixin.py:149} INFO - [2023-07-10T04:57:59.213+0000] {dag.py:2726} INFO - Sync 1 DAGs
[2023-07-10T04:57:59.229+0000] {logging_mixin.py:149} INFO - [2023-07-10T04:57:59.228+0000] {dag.py:3490} INFO - Setting next_dagrun for 2_daily_transformation_analysis to None, run_after=None
[2023-07-10T04:57:59.240+0000] {processor.py:179} INFO - Processing /opt/airflow/dags/transform_and_analysis.py took 0.089 seconds
[2023-07-10T04:58:29.659+0000] {processor.py:157} INFO - Started process (PID=39251) to work on /opt/airflow/dags/transform_and_analysis.py
[2023-07-10T04:58:29.660+0000] {processor.py:826} INFO - Processing file /opt/airflow/dags/transform_and_analysis.py for tasks to queue
[2023-07-10T04:58:29.661+0000] {logging_mixin.py:149} INFO - [2023-07-10T04:58:29.661+0000] {dagbag.py:541} INFO - Filling up the DagBag from /opt/airflow/dags/transform_and_analysis.py
[2023-07-10T04:58:29.671+0000] {processor.py:836} INFO - DAG(s) dict_keys(['2_daily_transformation_analysis']) retrieved from /opt/airflow/dags/transform_and_analysis.py
[2023-07-10T04:58:29.693+0000] {logging_mixin.py:149} INFO - [2023-07-10T04:58:29.693+0000] {dag.py:2726} INFO - Sync 1 DAGs
[2023-07-10T04:58:29.707+0000] {logging_mixin.py:149} INFO - [2023-07-10T04:58:29.707+0000] {dag.py:3490} INFO - Setting next_dagrun for 2_daily_transformation_analysis to None, run_after=None
[2023-07-10T04:58:29.719+0000] {processor.py:179} INFO - Processing /opt/airflow/dags/transform_and_analysis.py took 0.062 seconds
[2023-07-10T04:59:00.100+0000] {processor.py:157} INFO - Started process (PID=39281) to work on /opt/airflow/dags/transform_and_analysis.py
[2023-07-10T04:59:00.101+0000] {processor.py:826} INFO - Processing file /opt/airflow/dags/transform_and_analysis.py for tasks to queue
[2023-07-10T04:59:00.102+0000] {logging_mixin.py:149} INFO - [2023-07-10T04:59:00.102+0000] {dagbag.py:541} INFO - Filling up the DagBag from /opt/airflow/dags/transform_and_analysis.py
[2023-07-10T04:59:00.113+0000] {processor.py:836} INFO - DAG(s) dict_keys(['2_daily_transformation_analysis']) retrieved from /opt/airflow/dags/transform_and_analysis.py
[2023-07-10T04:59:00.139+0000] {logging_mixin.py:149} INFO - [2023-07-10T04:59:00.139+0000] {dag.py:2726} INFO - Sync 1 DAGs
[2023-07-10T04:59:00.156+0000] {logging_mixin.py:149} INFO - [2023-07-10T04:59:00.156+0000] {dag.py:3490} INFO - Setting next_dagrun for 2_daily_transformation_analysis to None, run_after=None
[2023-07-10T04:59:00.167+0000] {processor.py:179} INFO - Processing /opt/airflow/dags/transform_and_analysis.py took 0.069 seconds
[2023-07-10T04:59:30.557+0000] {processor.py:157} INFO - Started process (PID=39302) to work on /opt/airflow/dags/transform_and_analysis.py
[2023-07-10T04:59:30.558+0000] {processor.py:826} INFO - Processing file /opt/airflow/dags/transform_and_analysis.py for tasks to queue
[2023-07-10T04:59:30.559+0000] {logging_mixin.py:149} INFO - [2023-07-10T04:59:30.559+0000] {dagbag.py:541} INFO - Filling up the DagBag from /opt/airflow/dags/transform_and_analysis.py
[2023-07-10T04:59:30.569+0000] {processor.py:836} INFO - DAG(s) dict_keys(['2_daily_transformation_analysis']) retrieved from /opt/airflow/dags/transform_and_analysis.py
[2023-07-10T04:59:30.592+0000] {logging_mixin.py:149} INFO - [2023-07-10T04:59:30.592+0000] {dag.py:2726} INFO - Sync 1 DAGs
[2023-07-10T04:59:30.608+0000] {logging_mixin.py:149} INFO - [2023-07-10T04:59:30.607+0000] {dag.py:3490} INFO - Setting next_dagrun for 2_daily_transformation_analysis to None, run_after=None
[2023-07-10T04:59:30.618+0000] {processor.py:179} INFO - Processing /opt/airflow/dags/transform_and_analysis.py took 0.064 seconds
[2023-07-10T05:00:01.020+0000] {processor.py:157} INFO - Started process (PID=39333) to work on /opt/airflow/dags/transform_and_analysis.py
[2023-07-10T05:00:01.022+0000] {processor.py:826} INFO - Processing file /opt/airflow/dags/transform_and_analysis.py for tasks to queue
[2023-07-10T05:00:01.023+0000] {logging_mixin.py:149} INFO - [2023-07-10T05:00:01.023+0000] {dagbag.py:541} INFO - Filling up the DagBag from /opt/airflow/dags/transform_and_analysis.py
[2023-07-10T05:00:01.033+0000] {processor.py:836} INFO - DAG(s) dict_keys(['2_daily_transformation_analysis']) retrieved from /opt/airflow/dags/transform_and_analysis.py
[2023-07-10T05:00:01.057+0000] {logging_mixin.py:149} INFO - [2023-07-10T05:00:01.057+0000] {dag.py:2726} INFO - Sync 1 DAGs
[2023-07-10T05:00:01.073+0000] {logging_mixin.py:149} INFO - [2023-07-10T05:00:01.073+0000] {dag.py:3490} INFO - Setting next_dagrun for 2_daily_transformation_analysis to None, run_after=None
[2023-07-10T05:00:01.083+0000] {processor.py:179} INFO - Processing /opt/airflow/dags/transform_and_analysis.py took 0.066 seconds
[2023-07-10T05:00:31.435+0000] {processor.py:157} INFO - Started process (PID=39363) to work on /opt/airflow/dags/transform_and_analysis.py
[2023-07-10T05:00:31.436+0000] {processor.py:826} INFO - Processing file /opt/airflow/dags/transform_and_analysis.py for tasks to queue
[2023-07-10T05:00:31.437+0000] {logging_mixin.py:149} INFO - [2023-07-10T05:00:31.437+0000] {dagbag.py:541} INFO - Filling up the DagBag from /opt/airflow/dags/transform_and_analysis.py
[2023-07-10T05:00:31.447+0000] {processor.py:836} INFO - DAG(s) dict_keys(['2_daily_transformation_analysis']) retrieved from /opt/airflow/dags/transform_and_analysis.py
[2023-07-10T05:00:31.471+0000] {logging_mixin.py:149} INFO - [2023-07-10T05:00:31.470+0000] {dag.py:2726} INFO - Sync 1 DAGs
[2023-07-10T05:00:31.486+0000] {logging_mixin.py:149} INFO - [2023-07-10T05:00:31.485+0000] {dag.py:3490} INFO - Setting next_dagrun for 2_daily_transformation_analysis to None, run_after=None
[2023-07-10T05:00:31.497+0000] {processor.py:179} INFO - Processing /opt/airflow/dags/transform_and_analysis.py took 0.065 seconds
[2023-07-10T05:01:01.855+0000] {processor.py:157} INFO - Started process (PID=39384) to work on /opt/airflow/dags/transform_and_analysis.py
[2023-07-10T05:01:01.856+0000] {processor.py:826} INFO - Processing file /opt/airflow/dags/transform_and_analysis.py for tasks to queue
[2023-07-10T05:01:01.857+0000] {logging_mixin.py:149} INFO - [2023-07-10T05:01:01.857+0000] {dagbag.py:541} INFO - Filling up the DagBag from /opt/airflow/dags/transform_and_analysis.py
[2023-07-10T05:01:01.867+0000] {processor.py:836} INFO - DAG(s) dict_keys(['2_daily_transformation_analysis']) retrieved from /opt/airflow/dags/transform_and_analysis.py
[2023-07-10T05:01:01.891+0000] {logging_mixin.py:149} INFO - [2023-07-10T05:01:01.891+0000] {dag.py:2726} INFO - Sync 1 DAGs
[2023-07-10T05:01:01.906+0000] {logging_mixin.py:149} INFO - [2023-07-10T05:01:01.906+0000] {dag.py:3490} INFO - Setting next_dagrun for 2_daily_transformation_analysis to None, run_after=None
[2023-07-10T05:01:01.916+0000] {processor.py:179} INFO - Processing /opt/airflow/dags/transform_and_analysis.py took 0.064 seconds
[2023-07-10T05:01:32.329+0000] {processor.py:157} INFO - Started process (PID=39415) to work on /opt/airflow/dags/transform_and_analysis.py
[2023-07-10T05:01:32.330+0000] {processor.py:826} INFO - Processing file /opt/airflow/dags/transform_and_analysis.py for tasks to queue
[2023-07-10T05:01:32.331+0000] {logging_mixin.py:149} INFO - [2023-07-10T05:01:32.331+0000] {dagbag.py:541} INFO - Filling up the DagBag from /opt/airflow/dags/transform_and_analysis.py
[2023-07-10T05:01:32.342+0000] {processor.py:836} INFO - DAG(s) dict_keys(['2_daily_transformation_analysis']) retrieved from /opt/airflow/dags/transform_and_analysis.py
[2023-07-10T05:01:32.365+0000] {logging_mixin.py:149} INFO - [2023-07-10T05:01:32.365+0000] {dag.py:2726} INFO - Sync 1 DAGs
[2023-07-10T05:01:32.380+0000] {logging_mixin.py:149} INFO - [2023-07-10T05:01:32.380+0000] {dag.py:3490} INFO - Setting next_dagrun for 2_daily_transformation_analysis to None, run_after=None
[2023-07-10T05:01:32.392+0000] {processor.py:179} INFO - Processing /opt/airflow/dags/transform_and_analysis.py took 0.066 seconds
[2023-07-10T05:02:02.849+0000] {processor.py:157} INFO - Started process (PID=39445) to work on /opt/airflow/dags/transform_and_analysis.py
[2023-07-10T05:02:02.850+0000] {processor.py:826} INFO - Processing file /opt/airflow/dags/transform_and_analysis.py for tasks to queue
[2023-07-10T05:02:02.851+0000] {logging_mixin.py:149} INFO - [2023-07-10T05:02:02.851+0000] {dagbag.py:541} INFO - Filling up the DagBag from /opt/airflow/dags/transform_and_analysis.py
[2023-07-10T05:02:02.861+0000] {processor.py:836} INFO - DAG(s) dict_keys(['2_daily_transformation_analysis']) retrieved from /opt/airflow/dags/transform_and_analysis.py
[2023-07-10T05:02:02.882+0000] {logging_mixin.py:149} INFO - [2023-07-10T05:02:02.882+0000] {dag.py:2726} INFO - Sync 1 DAGs
[2023-07-10T05:02:02.898+0000] {logging_mixin.py:149} INFO - [2023-07-10T05:02:02.897+0000] {dag.py:3490} INFO - Setting next_dagrun for 2_daily_transformation_analysis to None, run_after=None
[2023-07-10T05:02:02.908+0000] {processor.py:179} INFO - Processing /opt/airflow/dags/transform_and_analysis.py took 0.062 seconds
[2023-07-10T05:02:33.327+0000] {processor.py:157} INFO - Started process (PID=39466) to work on /opt/airflow/dags/transform_and_analysis.py
[2023-07-10T05:02:33.328+0000] {processor.py:826} INFO - Processing file /opt/airflow/dags/transform_and_analysis.py for tasks to queue
[2023-07-10T05:02:33.329+0000] {logging_mixin.py:149} INFO - [2023-07-10T05:02:33.329+0000] {dagbag.py:541} INFO - Filling up the DagBag from /opt/airflow/dags/transform_and_analysis.py
[2023-07-10T05:02:33.339+0000] {processor.py:836} INFO - DAG(s) dict_keys(['2_daily_transformation_analysis']) retrieved from /opt/airflow/dags/transform_and_analysis.py
[2023-07-10T05:02:33.362+0000] {logging_mixin.py:149} INFO - [2023-07-10T05:02:33.362+0000] {dag.py:2726} INFO - Sync 1 DAGs
[2023-07-10T05:02:33.377+0000] {logging_mixin.py:149} INFO - [2023-07-10T05:02:33.377+0000] {dag.py:3490} INFO - Setting next_dagrun for 2_daily_transformation_analysis to None, run_after=None
[2023-07-10T05:02:33.387+0000] {processor.py:179} INFO - Processing /opt/airflow/dags/transform_and_analysis.py took 0.063 seconds
[2023-07-10T05:03:03.811+0000] {processor.py:157} INFO - Started process (PID=39496) to work on /opt/airflow/dags/transform_and_analysis.py
[2023-07-10T05:03:03.812+0000] {processor.py:826} INFO - Processing file /opt/airflow/dags/transform_and_analysis.py for tasks to queue
[2023-07-10T05:03:03.812+0000] {logging_mixin.py:149} INFO - [2023-07-10T05:03:03.812+0000] {dagbag.py:541} INFO - Filling up the DagBag from /opt/airflow/dags/transform_and_analysis.py
[2023-07-10T05:03:03.822+0000] {processor.py:836} INFO - DAG(s) dict_keys(['2_daily_transformation_analysis']) retrieved from /opt/airflow/dags/transform_and_analysis.py
[2023-07-10T05:03:03.845+0000] {logging_mixin.py:149} INFO - [2023-07-10T05:03:03.845+0000] {dag.py:2726} INFO - Sync 1 DAGs
[2023-07-10T05:03:03.860+0000] {logging_mixin.py:149} INFO - [2023-07-10T05:03:03.860+0000] {dag.py:3490} INFO - Setting next_dagrun for 2_daily_transformation_analysis to None, run_after=None
[2023-07-10T05:03:03.871+0000] {processor.py:179} INFO - Processing /opt/airflow/dags/transform_and_analysis.py took 0.063 seconds
[2023-07-10T05:03:35.134+0000] {processor.py:157} INFO - Started process (PID=39526) to work on /opt/airflow/dags/transform_and_analysis.py
[2023-07-10T05:03:35.137+0000] {processor.py:826} INFO - Processing file /opt/airflow/dags/transform_and_analysis.py for tasks to queue
[2023-07-10T05:03:35.138+0000] {logging_mixin.py:149} INFO - [2023-07-10T05:03:35.138+0000] {dagbag.py:541} INFO - Filling up the DagBag from /opt/airflow/dags/transform_and_analysis.py
[2023-07-10T05:03:35.153+0000] {processor.py:836} INFO - DAG(s) dict_keys(['2_daily_transformation_analysis']) retrieved from /opt/airflow/dags/transform_and_analysis.py
[2023-07-10T05:03:35.179+0000] {logging_mixin.py:149} INFO - [2023-07-10T05:03:35.179+0000] {dag.py:2726} INFO - Sync 1 DAGs
[2023-07-10T05:03:35.196+0000] {logging_mixin.py:149} INFO - [2023-07-10T05:03:35.196+0000] {dag.py:3490} INFO - Setting next_dagrun for 2_daily_transformation_analysis to None, run_after=None
[2023-07-10T05:03:35.206+0000] {processor.py:179} INFO - Processing /opt/airflow/dags/transform_and_analysis.py took 0.079 seconds
[2023-07-10T05:04:05.562+0000] {processor.py:157} INFO - Started process (PID=39557) to work on /opt/airflow/dags/transform_and_analysis.py
[2023-07-10T05:04:05.563+0000] {processor.py:826} INFO - Processing file /opt/airflow/dags/transform_and_analysis.py for tasks to queue
[2023-07-10T05:04:05.564+0000] {logging_mixin.py:149} INFO - [2023-07-10T05:04:05.564+0000] {dagbag.py:541} INFO - Filling up the DagBag from /opt/airflow/dags/transform_and_analysis.py
[2023-07-10T05:04:05.575+0000] {processor.py:836} INFO - DAG(s) dict_keys(['2_daily_transformation_analysis']) retrieved from /opt/airflow/dags/transform_and_analysis.py
[2023-07-10T05:04:05.597+0000] {logging_mixin.py:149} INFO - [2023-07-10T05:04:05.597+0000] {dag.py:2726} INFO - Sync 1 DAGs
[2023-07-10T05:04:05.613+0000] {logging_mixin.py:149} INFO - [2023-07-10T05:04:05.613+0000] {dag.py:3490} INFO - Setting next_dagrun for 2_daily_transformation_analysis to None, run_after=None
[2023-07-10T05:04:05.626+0000] {processor.py:179} INFO - Processing /opt/airflow/dags/transform_and_analysis.py took 0.067 seconds
[2023-07-10T05:04:36.106+0000] {processor.py:157} INFO - Started process (PID=39578) to work on /opt/airflow/dags/transform_and_analysis.py
[2023-07-10T05:04:36.109+0000] {processor.py:826} INFO - Processing file /opt/airflow/dags/transform_and_analysis.py for tasks to queue
[2023-07-10T05:04:36.110+0000] {logging_mixin.py:149} INFO - [2023-07-10T05:04:36.110+0000] {dagbag.py:541} INFO - Filling up the DagBag from /opt/airflow/dags/transform_and_analysis.py
[2023-07-10T05:04:36.126+0000] {processor.py:836} INFO - DAG(s) dict_keys(['2_daily_transformation_analysis']) retrieved from /opt/airflow/dags/transform_and_analysis.py
[2023-07-10T05:04:36.152+0000] {logging_mixin.py:149} INFO - [2023-07-10T05:04:36.152+0000] {dag.py:2726} INFO - Sync 1 DAGs
[2023-07-10T05:04:36.168+0000] {logging_mixin.py:149} INFO - [2023-07-10T05:04:36.168+0000] {dag.py:3490} INFO - Setting next_dagrun for 2_daily_transformation_analysis to None, run_after=None
[2023-07-10T05:04:36.181+0000] {processor.py:179} INFO - Processing /opt/airflow/dags/transform_and_analysis.py took 0.081 seconds
[2023-07-10T05:05:06.618+0000] {processor.py:157} INFO - Started process (PID=39608) to work on /opt/airflow/dags/transform_and_analysis.py
[2023-07-10T05:05:06.621+0000] {processor.py:826} INFO - Processing file /opt/airflow/dags/transform_and_analysis.py for tasks to queue
[2023-07-10T05:05:06.622+0000] {logging_mixin.py:149} INFO - [2023-07-10T05:05:06.622+0000] {dagbag.py:541} INFO - Filling up the DagBag from /opt/airflow/dags/transform_and_analysis.py
[2023-07-10T05:05:06.637+0000] {processor.py:836} INFO - DAG(s) dict_keys(['2_daily_transformation_analysis']) retrieved from /opt/airflow/dags/transform_and_analysis.py
[2023-07-10T05:05:06.663+0000] {logging_mixin.py:149} INFO - [2023-07-10T05:05:06.663+0000] {dag.py:2726} INFO - Sync 1 DAGs
[2023-07-10T05:05:06.679+0000] {logging_mixin.py:149} INFO - [2023-07-10T05:05:06.678+0000] {dag.py:3490} INFO - Setting next_dagrun for 2_daily_transformation_analysis to None, run_after=None
[2023-07-10T05:05:06.691+0000] {processor.py:179} INFO - Processing /opt/airflow/dags/transform_and_analysis.py took 0.082 seconds
[2023-07-10T05:05:37.019+0000] {processor.py:157} INFO - Started process (PID=39638) to work on /opt/airflow/dags/transform_and_analysis.py
[2023-07-10T05:05:37.020+0000] {processor.py:826} INFO - Processing file /opt/airflow/dags/transform_and_analysis.py for tasks to queue
[2023-07-10T05:05:37.021+0000] {logging_mixin.py:149} INFO - [2023-07-10T05:05:37.021+0000] {dagbag.py:541} INFO - Filling up the DagBag from /opt/airflow/dags/transform_and_analysis.py
[2023-07-10T05:05:37.030+0000] {processor.py:836} INFO - DAG(s) dict_keys(['2_daily_transformation_analysis']) retrieved from /opt/airflow/dags/transform_and_analysis.py
[2023-07-10T05:05:37.054+0000] {logging_mixin.py:149} INFO - [2023-07-10T05:05:37.054+0000] {dag.py:2726} INFO - Sync 1 DAGs
[2023-07-10T05:05:37.069+0000] {logging_mixin.py:149} INFO - [2023-07-10T05:05:37.069+0000] {dag.py:3490} INFO - Setting next_dagrun for 2_daily_transformation_analysis to None, run_after=None
[2023-07-10T05:05:37.080+0000] {processor.py:179} INFO - Processing /opt/airflow/dags/transform_and_analysis.py took 0.064 seconds
[2023-07-10T05:06:07.531+0000] {processor.py:157} INFO - Started process (PID=39658) to work on /opt/airflow/dags/transform_and_analysis.py
[2023-07-10T05:06:07.533+0000] {processor.py:826} INFO - Processing file /opt/airflow/dags/transform_and_analysis.py for tasks to queue
[2023-07-10T05:06:07.534+0000] {logging_mixin.py:149} INFO - [2023-07-10T05:06:07.534+0000] {dagbag.py:541} INFO - Filling up the DagBag from /opt/airflow/dags/transform_and_analysis.py
[2023-07-10T05:06:07.549+0000] {processor.py:836} INFO - DAG(s) dict_keys(['2_daily_transformation_analysis']) retrieved from /opt/airflow/dags/transform_and_analysis.py
[2023-07-10T05:06:07.576+0000] {logging_mixin.py:149} INFO - [2023-07-10T05:06:07.576+0000] {dag.py:2726} INFO - Sync 1 DAGs
[2023-07-10T05:06:07.591+0000] {logging_mixin.py:149} INFO - [2023-07-10T05:06:07.591+0000] {dag.py:3490} INFO - Setting next_dagrun for 2_daily_transformation_analysis to None, run_after=None
[2023-07-10T05:06:07.602+0000] {processor.py:179} INFO - Processing /opt/airflow/dags/transform_and_analysis.py took 0.077 seconds
[2023-07-10T05:06:38.126+0000] {processor.py:157} INFO - Started process (PID=39688) to work on /opt/airflow/dags/transform_and_analysis.py
[2023-07-10T05:06:38.127+0000] {processor.py:826} INFO - Processing file /opt/airflow/dags/transform_and_analysis.py for tasks to queue
[2023-07-10T05:06:38.129+0000] {logging_mixin.py:149} INFO - [2023-07-10T05:06:38.129+0000] {dagbag.py:541} INFO - Filling up the DagBag from /opt/airflow/dags/transform_and_analysis.py
[2023-07-10T05:06:38.143+0000] {processor.py:836} INFO - DAG(s) dict_keys(['2_daily_transformation_analysis']) retrieved from /opt/airflow/dags/transform_and_analysis.py
[2023-07-10T05:06:38.169+0000] {logging_mixin.py:149} INFO - [2023-07-10T05:06:38.169+0000] {dag.py:2726} INFO - Sync 1 DAGs
[2023-07-10T05:06:38.183+0000] {logging_mixin.py:149} INFO - [2023-07-10T05:06:38.183+0000] {dag.py:3490} INFO - Setting next_dagrun for 2_daily_transformation_analysis to None, run_after=None
[2023-07-10T05:06:38.193+0000] {processor.py:179} INFO - Processing /opt/airflow/dags/transform_and_analysis.py took 0.073 seconds
[2023-07-10T05:07:08.554+0000] {processor.py:157} INFO - Started process (PID=39718) to work on /opt/airflow/dags/transform_and_analysis.py
[2023-07-10T05:07:08.556+0000] {processor.py:826} INFO - Processing file /opt/airflow/dags/transform_and_analysis.py for tasks to queue
[2023-07-10T05:07:08.557+0000] {logging_mixin.py:149} INFO - [2023-07-10T05:07:08.557+0000] {dagbag.py:541} INFO - Filling up the DagBag from /opt/airflow/dags/transform_and_analysis.py
[2023-07-10T05:07:08.571+0000] {processor.py:836} INFO - DAG(s) dict_keys(['2_daily_transformation_analysis']) retrieved from /opt/airflow/dags/transform_and_analysis.py
[2023-07-10T05:07:08.595+0000] {logging_mixin.py:149} INFO - [2023-07-10T05:07:08.595+0000] {dag.py:2726} INFO - Sync 1 DAGs
[2023-07-10T05:07:08.610+0000] {logging_mixin.py:149} INFO - [2023-07-10T05:07:08.610+0000] {dag.py:3490} INFO - Setting next_dagrun for 2_daily_transformation_analysis to None, run_after=None
[2023-07-10T05:07:08.620+0000] {processor.py:179} INFO - Processing /opt/airflow/dags/transform_and_analysis.py took 0.070 seconds
[2023-07-10T05:07:38.906+0000] {processor.py:157} INFO - Started process (PID=39739) to work on /opt/airflow/dags/transform_and_analysis.py
[2023-07-10T05:07:38.908+0000] {processor.py:826} INFO - Processing file /opt/airflow/dags/transform_and_analysis.py for tasks to queue
[2023-07-10T05:07:38.910+0000] {logging_mixin.py:149} INFO - [2023-07-10T05:07:38.910+0000] {dagbag.py:541} INFO - Filling up the DagBag from /opt/airflow/dags/transform_and_analysis.py
[2023-07-10T05:07:38.925+0000] {processor.py:836} INFO - DAG(s) dict_keys(['2_daily_transformation_analysis']) retrieved from /opt/airflow/dags/transform_and_analysis.py
[2023-07-10T05:07:38.949+0000] {logging_mixin.py:149} INFO - [2023-07-10T05:07:38.949+0000] {dag.py:2726} INFO - Sync 1 DAGs
[2023-07-10T05:07:38.965+0000] {logging_mixin.py:149} INFO - [2023-07-10T05:07:38.964+0000] {dag.py:3490} INFO - Setting next_dagrun for 2_daily_transformation_analysis to None, run_after=None
[2023-07-10T05:07:38.976+0000] {processor.py:179} INFO - Processing /opt/airflow/dags/transform_and_analysis.py took 0.076 seconds
[2023-07-10T05:08:09.327+0000] {processor.py:157} INFO - Started process (PID=39769) to work on /opt/airflow/dags/transform_and_analysis.py
[2023-07-10T05:08:09.330+0000] {processor.py:826} INFO - Processing file /opt/airflow/dags/transform_and_analysis.py for tasks to queue
[2023-07-10T05:08:09.331+0000] {logging_mixin.py:149} INFO - [2023-07-10T05:08:09.331+0000] {dagbag.py:541} INFO - Filling up the DagBag from /opt/airflow/dags/transform_and_analysis.py
[2023-07-10T05:08:09.347+0000] {processor.py:836} INFO - DAG(s) dict_keys(['2_daily_transformation_analysis']) retrieved from /opt/airflow/dags/transform_and_analysis.py
[2023-07-10T05:08:09.372+0000] {logging_mixin.py:149} INFO - [2023-07-10T05:08:09.372+0000] {dag.py:2726} INFO - Sync 1 DAGs
[2023-07-10T05:08:09.388+0000] {logging_mixin.py:149} INFO - [2023-07-10T05:08:09.388+0000] {dag.py:3490} INFO - Setting next_dagrun for 2_daily_transformation_analysis to None, run_after=None
[2023-07-10T05:08:09.399+0000] {processor.py:179} INFO - Processing /opt/airflow/dags/transform_and_analysis.py took 0.080 seconds
[2023-07-10T05:08:39.758+0000] {processor.py:157} INFO - Started process (PID=39799) to work on /opt/airflow/dags/transform_and_analysis.py
[2023-07-10T05:08:39.759+0000] {processor.py:826} INFO - Processing file /opt/airflow/dags/transform_and_analysis.py for tasks to queue
[2023-07-10T05:08:39.760+0000] {logging_mixin.py:149} INFO - [2023-07-10T05:08:39.760+0000] {dagbag.py:541} INFO - Filling up the DagBag from /opt/airflow/dags/transform_and_analysis.py
[2023-07-10T05:08:39.770+0000] {processor.py:836} INFO - DAG(s) dict_keys(['2_daily_transformation_analysis']) retrieved from /opt/airflow/dags/transform_and_analysis.py
[2023-07-10T05:08:39.793+0000] {logging_mixin.py:149} INFO - [2023-07-10T05:08:39.793+0000] {dag.py:2726} INFO - Sync 1 DAGs
[2023-07-10T05:08:39.808+0000] {logging_mixin.py:149} INFO - [2023-07-10T05:08:39.808+0000] {dag.py:3490} INFO - Setting next_dagrun for 2_daily_transformation_analysis to None, run_after=None
[2023-07-10T05:08:39.820+0000] {processor.py:179} INFO - Processing /opt/airflow/dags/transform_and_analysis.py took 0.065 seconds
[2023-07-10T05:09:10.316+0000] {processor.py:157} INFO - Started process (PID=39820) to work on /opt/airflow/dags/transform_and_analysis.py
[2023-07-10T05:09:10.319+0000] {processor.py:826} INFO - Processing file /opt/airflow/dags/transform_and_analysis.py for tasks to queue
[2023-07-10T05:09:10.320+0000] {logging_mixin.py:149} INFO - [2023-07-10T05:09:10.320+0000] {dagbag.py:541} INFO - Filling up the DagBag from /opt/airflow/dags/transform_and_analysis.py
[2023-07-10T05:09:10.335+0000] {processor.py:836} INFO - DAG(s) dict_keys(['2_daily_transformation_analysis']) retrieved from /opt/airflow/dags/transform_and_analysis.py
[2023-07-10T05:09:10.361+0000] {logging_mixin.py:149} INFO - [2023-07-10T05:09:10.360+0000] {dag.py:2726} INFO - Sync 1 DAGs
[2023-07-10T05:09:10.376+0000] {logging_mixin.py:149} INFO - [2023-07-10T05:09:10.376+0000] {dag.py:3490} INFO - Setting next_dagrun for 2_daily_transformation_analysis to None, run_after=None
[2023-07-10T05:09:10.387+0000] {processor.py:179} INFO - Processing /opt/airflow/dags/transform_and_analysis.py took 0.077 seconds
[2023-07-10T05:09:40.845+0000] {processor.py:157} INFO - Started process (PID=39850) to work on /opt/airflow/dags/transform_and_analysis.py
[2023-07-10T05:09:40.848+0000] {processor.py:826} INFO - Processing file /opt/airflow/dags/transform_and_analysis.py for tasks to queue
[2023-07-10T05:09:40.850+0000] {logging_mixin.py:149} INFO - [2023-07-10T05:09:40.849+0000] {dagbag.py:541} INFO - Filling up the DagBag from /opt/airflow/dags/transform_and_analysis.py
[2023-07-10T05:09:40.865+0000] {processor.py:836} INFO - DAG(s) dict_keys(['2_daily_transformation_analysis']) retrieved from /opt/airflow/dags/transform_and_analysis.py
[2023-07-10T05:09:40.890+0000] {logging_mixin.py:149} INFO - [2023-07-10T05:09:40.890+0000] {dag.py:2726} INFO - Sync 1 DAGs
[2023-07-10T05:09:40.905+0000] {logging_mixin.py:149} INFO - [2023-07-10T05:09:40.905+0000] {dag.py:3490} INFO - Setting next_dagrun for 2_daily_transformation_analysis to None, run_after=None
[2023-07-10T05:09:40.916+0000] {processor.py:179} INFO - Processing /opt/airflow/dags/transform_and_analysis.py took 0.076 seconds
[2023-07-10T05:10:11.308+0000] {processor.py:157} INFO - Started process (PID=39880) to work on /opt/airflow/dags/transform_and_analysis.py
[2023-07-10T05:10:11.310+0000] {processor.py:826} INFO - Processing file /opt/airflow/dags/transform_and_analysis.py for tasks to queue
[2023-07-10T05:10:11.312+0000] {logging_mixin.py:149} INFO - [2023-07-10T05:10:11.312+0000] {dagbag.py:541} INFO - Filling up the DagBag from /opt/airflow/dags/transform_and_analysis.py
[2023-07-10T05:10:11.326+0000] {processor.py:836} INFO - DAG(s) dict_keys(['2_daily_transformation_analysis']) retrieved from /opt/airflow/dags/transform_and_analysis.py
[2023-07-10T05:10:11.351+0000] {logging_mixin.py:149} INFO - [2023-07-10T05:10:11.351+0000] {dag.py:2726} INFO - Sync 1 DAGs
[2023-07-10T05:10:11.367+0000] {logging_mixin.py:149} INFO - [2023-07-10T05:10:11.367+0000] {dag.py:3490} INFO - Setting next_dagrun for 2_daily_transformation_analysis to None, run_after=None
[2023-07-10T05:10:11.378+0000] {processor.py:179} INFO - Processing /opt/airflow/dags/transform_and_analysis.py took 0.077 seconds
[2023-07-10T05:10:41.720+0000] {processor.py:157} INFO - Started process (PID=39911) to work on /opt/airflow/dags/transform_and_analysis.py
[2023-07-10T05:10:41.722+0000] {processor.py:826} INFO - Processing file /opt/airflow/dags/transform_and_analysis.py for tasks to queue
[2023-07-10T05:10:41.722+0000] {logging_mixin.py:149} INFO - [2023-07-10T05:10:41.722+0000] {dagbag.py:541} INFO - Filling up the DagBag from /opt/airflow/dags/transform_and_analysis.py
[2023-07-10T05:10:41.733+0000] {processor.py:836} INFO - DAG(s) dict_keys(['2_daily_transformation_analysis']) retrieved from /opt/airflow/dags/transform_and_analysis.py
[2023-07-10T05:10:41.756+0000] {logging_mixin.py:149} INFO - [2023-07-10T05:10:41.756+0000] {dag.py:2726} INFO - Sync 1 DAGs
[2023-07-10T05:10:41.772+0000] {logging_mixin.py:149} INFO - [2023-07-10T05:10:41.772+0000] {dag.py:3490} INFO - Setting next_dagrun for 2_daily_transformation_analysis to None, run_after=None
[2023-07-10T05:10:41.783+0000] {processor.py:179} INFO - Processing /opt/airflow/dags/transform_and_analysis.py took 0.065 seconds
[2023-07-10T05:11:12.247+0000] {processor.py:157} INFO - Started process (PID=39933) to work on /opt/airflow/dags/transform_and_analysis.py
[2023-07-10T05:11:12.248+0000] {processor.py:826} INFO - Processing file /opt/airflow/dags/transform_and_analysis.py for tasks to queue
[2023-07-10T05:11:12.249+0000] {logging_mixin.py:149} INFO - [2023-07-10T05:11:12.249+0000] {dagbag.py:541} INFO - Filling up the DagBag from /opt/airflow/dags/transform_and_analysis.py
[2023-07-10T05:11:12.259+0000] {processor.py:836} INFO - DAG(s) dict_keys(['2_daily_transformation_analysis']) retrieved from /opt/airflow/dags/transform_and_analysis.py
[2023-07-10T05:11:12.283+0000] {logging_mixin.py:149} INFO - [2023-07-10T05:11:12.283+0000] {dag.py:2726} INFO - Sync 1 DAGs
[2023-07-10T05:11:12.299+0000] {logging_mixin.py:149} INFO - [2023-07-10T05:11:12.299+0000] {dag.py:3490} INFO - Setting next_dagrun for 2_daily_transformation_analysis to None, run_after=None
[2023-07-10T05:11:12.311+0000] {processor.py:179} INFO - Processing /opt/airflow/dags/transform_and_analysis.py took 0.067 seconds
[2023-07-10T05:11:42.708+0000] {processor.py:157} INFO - Started process (PID=39963) to work on /opt/airflow/dags/transform_and_analysis.py
[2023-07-10T05:11:42.711+0000] {processor.py:826} INFO - Processing file /opt/airflow/dags/transform_and_analysis.py for tasks to queue
[2023-07-10T05:11:42.712+0000] {logging_mixin.py:149} INFO - [2023-07-10T05:11:42.712+0000] {dagbag.py:541} INFO - Filling up the DagBag from /opt/airflow/dags/transform_and_analysis.py
[2023-07-10T05:11:42.727+0000] {processor.py:836} INFO - DAG(s) dict_keys(['2_daily_transformation_analysis']) retrieved from /opt/airflow/dags/transform_and_analysis.py
[2023-07-10T05:11:42.753+0000] {logging_mixin.py:149} INFO - [2023-07-10T05:11:42.753+0000] {dag.py:2726} INFO - Sync 1 DAGs
[2023-07-10T05:11:42.768+0000] {logging_mixin.py:149} INFO - [2023-07-10T05:11:42.768+0000] {dag.py:3490} INFO - Setting next_dagrun for 2_daily_transformation_analysis to None, run_after=None
[2023-07-10T05:11:42.780+0000] {processor.py:179} INFO - Processing /opt/airflow/dags/transform_and_analysis.py took 0.078 seconds
[2023-07-10T05:12:13.189+0000] {processor.py:157} INFO - Started process (PID=39993) to work on /opt/airflow/dags/transform_and_analysis.py
[2023-07-10T05:12:13.192+0000] {processor.py:826} INFO - Processing file /opt/airflow/dags/transform_and_analysis.py for tasks to queue
[2023-07-10T05:12:13.194+0000] {logging_mixin.py:149} INFO - [2023-07-10T05:12:13.194+0000] {dagbag.py:541} INFO - Filling up the DagBag from /opt/airflow/dags/transform_and_analysis.py
[2023-07-10T05:12:13.215+0000] {processor.py:836} INFO - DAG(s) dict_keys(['2_daily_transformation_analysis']) retrieved from /opt/airflow/dags/transform_and_analysis.py
[2023-07-10T05:12:13.247+0000] {logging_mixin.py:149} INFO - [2023-07-10T05:12:13.247+0000] {dag.py:2726} INFO - Sync 1 DAGs
[2023-07-10T05:12:13.263+0000] {logging_mixin.py:149} INFO - [2023-07-10T05:12:13.263+0000] {dag.py:3490} INFO - Setting next_dagrun for 2_daily_transformation_analysis to None, run_after=None
[2023-07-10T05:12:13.275+0000] {processor.py:179} INFO - Processing /opt/airflow/dags/transform_and_analysis.py took 0.092 seconds
[2023-07-10T05:12:43.785+0000] {processor.py:157} INFO - Started process (PID=40014) to work on /opt/airflow/dags/transform_and_analysis.py
[2023-07-10T05:12:43.788+0000] {processor.py:826} INFO - Processing file /opt/airflow/dags/transform_and_analysis.py for tasks to queue
[2023-07-10T05:12:43.789+0000] {logging_mixin.py:149} INFO - [2023-07-10T05:12:43.789+0000] {dagbag.py:541} INFO - Filling up the DagBag from /opt/airflow/dags/transform_and_analysis.py
[2023-07-10T05:12:43.804+0000] {processor.py:836} INFO - DAG(s) dict_keys(['2_daily_transformation_analysis']) retrieved from /opt/airflow/dags/transform_and_analysis.py
[2023-07-10T05:12:43.830+0000] {logging_mixin.py:149} INFO - [2023-07-10T05:12:43.830+0000] {dag.py:2726} INFO - Sync 1 DAGs
[2023-07-10T05:12:43.845+0000] {logging_mixin.py:149} INFO - [2023-07-10T05:12:43.845+0000] {dag.py:3490} INFO - Setting next_dagrun for 2_daily_transformation_analysis to None, run_after=None
[2023-07-10T05:12:43.856+0000] {processor.py:179} INFO - Processing /opt/airflow/dags/transform_and_analysis.py took 0.076 seconds
[2023-07-10T05:13:14.185+0000] {processor.py:157} INFO - Started process (PID=40044) to work on /opt/airflow/dags/transform_and_analysis.py
[2023-07-10T05:13:14.186+0000] {processor.py:826} INFO - Processing file /opt/airflow/dags/transform_and_analysis.py for tasks to queue
[2023-07-10T05:13:14.187+0000] {logging_mixin.py:149} INFO - [2023-07-10T05:13:14.187+0000] {dagbag.py:541} INFO - Filling up the DagBag from /opt/airflow/dags/transform_and_analysis.py
[2023-07-10T05:13:14.200+0000] {processor.py:836} INFO - DAG(s) dict_keys(['2_daily_transformation_analysis']) retrieved from /opt/airflow/dags/transform_and_analysis.py
[2023-07-10T05:13:14.228+0000] {logging_mixin.py:149} INFO - [2023-07-10T05:13:14.228+0000] {dag.py:2726} INFO - Sync 1 DAGs
[2023-07-10T05:13:14.245+0000] {logging_mixin.py:149} INFO - [2023-07-10T05:13:14.245+0000] {dag.py:3490} INFO - Setting next_dagrun for 2_daily_transformation_analysis to None, run_after=None
[2023-07-10T05:13:14.257+0000] {processor.py:179} INFO - Processing /opt/airflow/dags/transform_and_analysis.py took 0.077 seconds
[2023-07-10T05:13:44.645+0000] {processor.py:157} INFO - Started process (PID=40075) to work on /opt/airflow/dags/transform_and_analysis.py
[2023-07-10T05:13:44.647+0000] {processor.py:826} INFO - Processing file /opt/airflow/dags/transform_and_analysis.py for tasks to queue
[2023-07-10T05:13:44.649+0000] {logging_mixin.py:149} INFO - [2023-07-10T05:13:44.649+0000] {dagbag.py:541} INFO - Filling up the DagBag from /opt/airflow/dags/transform_and_analysis.py
[2023-07-10T05:13:44.666+0000] {processor.py:836} INFO - DAG(s) dict_keys(['2_daily_transformation_analysis']) retrieved from /opt/airflow/dags/transform_and_analysis.py
[2023-07-10T05:13:44.694+0000] {logging_mixin.py:149} INFO - [2023-07-10T05:13:44.694+0000] {dag.py:2726} INFO - Sync 1 DAGs
[2023-07-10T05:13:44.710+0000] {logging_mixin.py:149} INFO - [2023-07-10T05:13:44.710+0000] {dag.py:3490} INFO - Setting next_dagrun for 2_daily_transformation_analysis to None, run_after=None
[2023-07-10T05:13:44.721+0000] {processor.py:179} INFO - Processing /opt/airflow/dags/transform_and_analysis.py took 0.081 seconds
[2023-07-10T05:14:15.152+0000] {processor.py:157} INFO - Started process (PID=40097) to work on /opt/airflow/dags/transform_and_analysis.py
[2023-07-10T05:14:15.155+0000] {processor.py:826} INFO - Processing file /opt/airflow/dags/transform_and_analysis.py for tasks to queue
[2023-07-10T05:14:15.157+0000] {logging_mixin.py:149} INFO - [2023-07-10T05:14:15.156+0000] {dagbag.py:541} INFO - Filling up the DagBag from /opt/airflow/dags/transform_and_analysis.py
[2023-07-10T05:14:15.173+0000] {processor.py:836} INFO - DAG(s) dict_keys(['2_daily_transformation_analysis']) retrieved from /opt/airflow/dags/transform_and_analysis.py
[2023-07-10T05:14:15.200+0000] {logging_mixin.py:149} INFO - [2023-07-10T05:14:15.200+0000] {dag.py:2726} INFO - Sync 1 DAGs
[2023-07-10T05:14:15.216+0000] {logging_mixin.py:149} INFO - [2023-07-10T05:14:15.215+0000] {dag.py:3490} INFO - Setting next_dagrun for 2_daily_transformation_analysis to None, run_after=None
[2023-07-10T05:14:15.226+0000] {processor.py:179} INFO - Processing /opt/airflow/dags/transform_and_analysis.py took 0.079 seconds
[2023-07-10T05:14:45.526+0000] {processor.py:157} INFO - Started process (PID=40126) to work on /opt/airflow/dags/transform_and_analysis.py
[2023-07-10T05:14:45.528+0000] {processor.py:826} INFO - Processing file /opt/airflow/dags/transform_and_analysis.py for tasks to queue
[2023-07-10T05:14:45.529+0000] {logging_mixin.py:149} INFO - [2023-07-10T05:14:45.529+0000] {dagbag.py:541} INFO - Filling up the DagBag from /opt/airflow/dags/transform_and_analysis.py
[2023-07-10T05:14:45.541+0000] {processor.py:836} INFO - DAG(s) dict_keys(['2_daily_transformation_analysis']) retrieved from /opt/airflow/dags/transform_and_analysis.py
[2023-07-10T05:14:45.565+0000] {logging_mixin.py:149} INFO - [2023-07-10T05:14:45.565+0000] {dag.py:2726} INFO - Sync 1 DAGs
[2023-07-10T05:14:45.580+0000] {logging_mixin.py:149} INFO - [2023-07-10T05:14:45.580+0000] {dag.py:3490} INFO - Setting next_dagrun for 2_daily_transformation_analysis to None, run_after=None
[2023-07-10T05:14:45.591+0000] {processor.py:179} INFO - Processing /opt/airflow/dags/transform_and_analysis.py took 0.068 seconds
[2023-07-10T05:15:15.957+0000] {processor.py:157} INFO - Started process (PID=40157) to work on /opt/airflow/dags/transform_and_analysis.py
[2023-07-10T05:15:15.959+0000] {processor.py:826} INFO - Processing file /opt/airflow/dags/transform_and_analysis.py for tasks to queue
[2023-07-10T05:15:15.961+0000] {logging_mixin.py:149} INFO - [2023-07-10T05:15:15.961+0000] {dagbag.py:541} INFO - Filling up the DagBag from /opt/airflow/dags/transform_and_analysis.py
[2023-07-10T05:15:15.975+0000] {processor.py:836} INFO - DAG(s) dict_keys(['2_daily_transformation_analysis']) retrieved from /opt/airflow/dags/transform_and_analysis.py
[2023-07-10T05:15:16.001+0000] {logging_mixin.py:149} INFO - [2023-07-10T05:15:16.001+0000] {dag.py:2726} INFO - Sync 1 DAGs
[2023-07-10T05:15:16.016+0000] {logging_mixin.py:149} INFO - [2023-07-10T05:15:16.016+0000] {dag.py:3490} INFO - Setting next_dagrun for 2_daily_transformation_analysis to None, run_after=None
[2023-07-10T05:15:16.027+0000] {processor.py:179} INFO - Processing /opt/airflow/dags/transform_and_analysis.py took 0.078 seconds
[2023-07-10T05:15:46.381+0000] {processor.py:157} INFO - Started process (PID=40178) to work on /opt/airflow/dags/transform_and_analysis.py
[2023-07-10T05:15:46.383+0000] {processor.py:826} INFO - Processing file /opt/airflow/dags/transform_and_analysis.py for tasks to queue
[2023-07-10T05:15:46.384+0000] {logging_mixin.py:149} INFO - [2023-07-10T05:15:46.384+0000] {dagbag.py:541} INFO - Filling up the DagBag from /opt/airflow/dags/transform_and_analysis.py
[2023-07-10T05:15:46.394+0000] {processor.py:836} INFO - DAG(s) dict_keys(['2_daily_transformation_analysis']) retrieved from /opt/airflow/dags/transform_and_analysis.py
[2023-07-10T05:15:46.417+0000] {logging_mixin.py:149} INFO - [2023-07-10T05:15:46.417+0000] {dag.py:2726} INFO - Sync 1 DAGs
[2023-07-10T05:15:46.433+0000] {logging_mixin.py:149} INFO - [2023-07-10T05:15:46.432+0000] {dag.py:3490} INFO - Setting next_dagrun for 2_daily_transformation_analysis to None, run_after=None
[2023-07-10T05:15:46.444+0000] {processor.py:179} INFO - Processing /opt/airflow/dags/transform_and_analysis.py took 0.066 seconds
[2023-07-10T05:16:16.940+0000] {processor.py:157} INFO - Started process (PID=40208) to work on /opt/airflow/dags/transform_and_analysis.py
[2023-07-10T05:16:16.943+0000] {processor.py:826} INFO - Processing file /opt/airflow/dags/transform_and_analysis.py for tasks to queue
[2023-07-10T05:16:16.944+0000] {logging_mixin.py:149} INFO - [2023-07-10T05:16:16.944+0000] {dagbag.py:541} INFO - Filling up the DagBag from /opt/airflow/dags/transform_and_analysis.py
[2023-07-10T05:16:16.960+0000] {processor.py:836} INFO - DAG(s) dict_keys(['2_daily_transformation_analysis']) retrieved from /opt/airflow/dags/transform_and_analysis.py
[2023-07-10T05:16:16.986+0000] {logging_mixin.py:149} INFO - [2023-07-10T05:16:16.986+0000] {dag.py:2726} INFO - Sync 1 DAGs
[2023-07-10T05:16:17.001+0000] {logging_mixin.py:149} INFO - [2023-07-10T05:16:17.001+0000] {dag.py:3490} INFO - Setting next_dagrun for 2_daily_transformation_analysis to None, run_after=None
[2023-07-10T05:16:17.012+0000] {processor.py:179} INFO - Processing /opt/airflow/dags/transform_and_analysis.py took 0.079 seconds
[2023-07-10T05:16:47.367+0000] {processor.py:157} INFO - Started process (PID=40238) to work on /opt/airflow/dags/transform_and_analysis.py
[2023-07-10T05:16:47.370+0000] {processor.py:826} INFO - Processing file /opt/airflow/dags/transform_and_analysis.py for tasks to queue
[2023-07-10T05:16:47.371+0000] {logging_mixin.py:149} INFO - [2023-07-10T05:16:47.371+0000] {dagbag.py:541} INFO - Filling up the DagBag from /opt/airflow/dags/transform_and_analysis.py
[2023-07-10T05:16:47.388+0000] {processor.py:836} INFO - DAG(s) dict_keys(['2_daily_transformation_analysis']) retrieved from /opt/airflow/dags/transform_and_analysis.py
[2023-07-10T05:16:47.413+0000] {logging_mixin.py:149} INFO - [2023-07-10T05:16:47.413+0000] {dag.py:2726} INFO - Sync 1 DAGs
[2023-07-10T05:16:47.428+0000] {logging_mixin.py:149} INFO - [2023-07-10T05:16:47.428+0000] {dag.py:3490} INFO - Setting next_dagrun for 2_daily_transformation_analysis to None, run_after=None
[2023-07-10T05:16:47.440+0000] {processor.py:179} INFO - Processing /opt/airflow/dags/transform_and_analysis.py took 0.078 seconds
[2023-07-10T05:17:17.812+0000] {processor.py:157} INFO - Started process (PID=40270) to work on /opt/airflow/dags/transform_and_analysis.py
[2023-07-10T05:17:17.813+0000] {processor.py:826} INFO - Processing file /opt/airflow/dags/transform_and_analysis.py for tasks to queue
[2023-07-10T05:17:17.814+0000] {logging_mixin.py:149} INFO - [2023-07-10T05:17:17.814+0000] {dagbag.py:541} INFO - Filling up the DagBag from /opt/airflow/dags/transform_and_analysis.py
[2023-07-10T05:17:17.824+0000] {processor.py:836} INFO - DAG(s) dict_keys(['2_daily_transformation_analysis']) retrieved from /opt/airflow/dags/transform_and_analysis.py
[2023-07-10T05:17:17.848+0000] {logging_mixin.py:149} INFO - [2023-07-10T05:17:17.848+0000] {dag.py:2726} INFO - Sync 1 DAGs
[2023-07-10T05:17:17.864+0000] {logging_mixin.py:149} INFO - [2023-07-10T05:17:17.864+0000] {dag.py:3490} INFO - Setting next_dagrun for 2_daily_transformation_analysis to None, run_after=None
[2023-07-10T05:17:17.877+0000] {processor.py:179} INFO - Processing /opt/airflow/dags/transform_and_analysis.py took 0.067 seconds
[2023-07-10T05:17:48.309+0000] {processor.py:157} INFO - Started process (PID=40291) to work on /opt/airflow/dags/transform_and_analysis.py
[2023-07-10T05:17:48.311+0000] {processor.py:826} INFO - Processing file /opt/airflow/dags/transform_and_analysis.py for tasks to queue
[2023-07-10T05:17:48.313+0000] {logging_mixin.py:149} INFO - [2023-07-10T05:17:48.313+0000] {dagbag.py:541} INFO - Filling up the DagBag from /opt/airflow/dags/transform_and_analysis.py
[2023-07-10T05:17:48.334+0000] {processor.py:836} INFO - DAG(s) dict_keys(['2_daily_transformation_analysis']) retrieved from /opt/airflow/dags/transform_and_analysis.py
[2023-07-10T05:17:48.360+0000] {logging_mixin.py:149} INFO - [2023-07-10T05:17:48.360+0000] {dag.py:2726} INFO - Sync 1 DAGs
[2023-07-10T05:17:48.375+0000] {logging_mixin.py:149} INFO - [2023-07-10T05:17:48.375+0000] {dag.py:3490} INFO - Setting next_dagrun for 2_daily_transformation_analysis to None, run_after=None
[2023-07-10T05:17:48.386+0000] {processor.py:179} INFO - Processing /opt/airflow/dags/transform_and_analysis.py took 0.084 seconds
[2023-07-10T05:18:18.825+0000] {processor.py:157} INFO - Started process (PID=40321) to work on /opt/airflow/dags/transform_and_analysis.py
[2023-07-10T05:18:18.826+0000] {processor.py:826} INFO - Processing file /opt/airflow/dags/transform_and_analysis.py for tasks to queue
[2023-07-10T05:18:18.827+0000] {logging_mixin.py:149} INFO - [2023-07-10T05:18:18.827+0000] {dagbag.py:541} INFO - Filling up the DagBag from /opt/airflow/dags/transform_and_analysis.py
[2023-07-10T05:18:18.837+0000] {processor.py:836} INFO - DAG(s) dict_keys(['2_daily_transformation_analysis']) retrieved from /opt/airflow/dags/transform_and_analysis.py
[2023-07-10T05:18:18.861+0000] {logging_mixin.py:149} INFO - [2023-07-10T05:18:18.861+0000] {dag.py:2726} INFO - Sync 1 DAGs
[2023-07-10T05:18:18.876+0000] {logging_mixin.py:149} INFO - [2023-07-10T05:18:18.876+0000] {dag.py:3490} INFO - Setting next_dagrun for 2_daily_transformation_analysis to None, run_after=None
[2023-07-10T05:18:18.889+0000] {processor.py:179} INFO - Processing /opt/airflow/dags/transform_and_analysis.py took 0.067 seconds
[2023-07-10T05:18:49.431+0000] {processor.py:157} INFO - Started process (PID=40351) to work on /opt/airflow/dags/transform_and_analysis.py
[2023-07-10T05:18:49.432+0000] {processor.py:826} INFO - Processing file /opt/airflow/dags/transform_and_analysis.py for tasks to queue
[2023-07-10T05:18:49.434+0000] {logging_mixin.py:149} INFO - [2023-07-10T05:18:49.433+0000] {dagbag.py:541} INFO - Filling up the DagBag from /opt/airflow/dags/transform_and_analysis.py
[2023-07-10T05:18:49.448+0000] {processor.py:836} INFO - DAG(s) dict_keys(['2_daily_transformation_analysis']) retrieved from /opt/airflow/dags/transform_and_analysis.py
[2023-07-10T05:18:49.474+0000] {logging_mixin.py:149} INFO - [2023-07-10T05:18:49.474+0000] {dag.py:2726} INFO - Sync 1 DAGs
[2023-07-10T05:18:49.489+0000] {logging_mixin.py:149} INFO - [2023-07-10T05:18:49.489+0000] {dag.py:3490} INFO - Setting next_dagrun for 2_daily_transformation_analysis to None, run_after=None
[2023-07-10T05:18:49.500+0000] {processor.py:179} INFO - Processing /opt/airflow/dags/transform_and_analysis.py took 0.073 seconds
[2023-07-10T05:19:19.916+0000] {processor.py:157} INFO - Started process (PID=40372) to work on /opt/airflow/dags/transform_and_analysis.py
[2023-07-10T05:19:19.920+0000] {processor.py:826} INFO - Processing file /opt/airflow/dags/transform_and_analysis.py for tasks to queue
[2023-07-10T05:19:19.921+0000] {logging_mixin.py:149} INFO - [2023-07-10T05:19:19.921+0000] {dagbag.py:541} INFO - Filling up the DagBag from /opt/airflow/dags/transform_and_analysis.py
[2023-07-10T05:19:19.942+0000] {processor.py:836} INFO - DAG(s) dict_keys(['2_daily_transformation_analysis']) retrieved from /opt/airflow/dags/transform_and_analysis.py
[2023-07-10T05:19:19.966+0000] {logging_mixin.py:149} INFO - [2023-07-10T05:19:19.966+0000] {dag.py:2726} INFO - Sync 1 DAGs
[2023-07-10T05:19:19.982+0000] {logging_mixin.py:149} INFO - [2023-07-10T05:19:19.981+0000] {dag.py:3490} INFO - Setting next_dagrun for 2_daily_transformation_analysis to None, run_after=None
[2023-07-10T05:19:19.992+0000] {processor.py:179} INFO - Processing /opt/airflow/dags/transform_and_analysis.py took 0.083 seconds
[2023-07-10T05:19:50.363+0000] {processor.py:157} INFO - Started process (PID=40403) to work on /opt/airflow/dags/transform_and_analysis.py
[2023-07-10T05:19:50.366+0000] {processor.py:826} INFO - Processing file /opt/airflow/dags/transform_and_analysis.py for tasks to queue
[2023-07-10T05:19:50.367+0000] {logging_mixin.py:149} INFO - [2023-07-10T05:19:50.367+0000] {dagbag.py:541} INFO - Filling up the DagBag from /opt/airflow/dags/transform_and_analysis.py
[2023-07-10T05:19:50.381+0000] {processor.py:836} INFO - DAG(s) dict_keys(['2_daily_transformation_analysis']) retrieved from /opt/airflow/dags/transform_and_analysis.py
[2023-07-10T05:19:50.406+0000] {logging_mixin.py:149} INFO - [2023-07-10T05:19:50.405+0000] {dag.py:2726} INFO - Sync 1 DAGs
[2023-07-10T05:19:50.421+0000] {logging_mixin.py:149} INFO - [2023-07-10T05:19:50.421+0000] {dag.py:3490} INFO - Setting next_dagrun for 2_daily_transformation_analysis to None, run_after=None
[2023-07-10T05:19:50.432+0000] {processor.py:179} INFO - Processing /opt/airflow/dags/transform_and_analysis.py took 0.075 seconds
[2023-07-10T05:20:20.888+0000] {processor.py:157} INFO - Started process (PID=40432) to work on /opt/airflow/dags/transform_and_analysis.py
[2023-07-10T05:20:20.890+0000] {processor.py:826} INFO - Processing file /opt/airflow/dags/transform_and_analysis.py for tasks to queue
[2023-07-10T05:20:20.891+0000] {logging_mixin.py:149} INFO - [2023-07-10T05:20:20.891+0000] {dagbag.py:541} INFO - Filling up the DagBag from /opt/airflow/dags/transform_and_analysis.py
[2023-07-10T05:20:20.905+0000] {processor.py:836} INFO - DAG(s) dict_keys(['2_daily_transformation_analysis']) retrieved from /opt/airflow/dags/transform_and_analysis.py
[2023-07-10T05:20:20.933+0000] {logging_mixin.py:149} INFO - [2023-07-10T05:20:20.933+0000] {dag.py:2726} INFO - Sync 1 DAGs
[2023-07-10T05:20:20.949+0000] {logging_mixin.py:149} INFO - [2023-07-10T05:20:20.949+0000] {dag.py:3490} INFO - Setting next_dagrun for 2_daily_transformation_analysis to None, run_after=None
[2023-07-10T05:20:20.959+0000] {processor.py:179} INFO - Processing /opt/airflow/dags/transform_and_analysis.py took 0.078 seconds
[2023-07-10T05:20:51.375+0000] {processor.py:157} INFO - Started process (PID=40453) to work on /opt/airflow/dags/transform_and_analysis.py
[2023-07-10T05:20:51.376+0000] {processor.py:826} INFO - Processing file /opt/airflow/dags/transform_and_analysis.py for tasks to queue
[2023-07-10T05:20:51.377+0000] {logging_mixin.py:149} INFO - [2023-07-10T05:20:51.377+0000] {dagbag.py:541} INFO - Filling up the DagBag from /opt/airflow/dags/transform_and_analysis.py
[2023-07-10T05:20:51.386+0000] {processor.py:836} INFO - DAG(s) dict_keys(['2_daily_transformation_analysis']) retrieved from /opt/airflow/dags/transform_and_analysis.py
[2023-07-10T05:20:51.408+0000] {logging_mixin.py:149} INFO - [2023-07-10T05:20:51.408+0000] {dag.py:2726} INFO - Sync 1 DAGs
[2023-07-10T05:20:51.423+0000] {logging_mixin.py:149} INFO - [2023-07-10T05:20:51.423+0000] {dag.py:3490} INFO - Setting next_dagrun for 2_daily_transformation_analysis to None, run_after=None
[2023-07-10T05:20:51.433+0000] {processor.py:179} INFO - Processing /opt/airflow/dags/transform_and_analysis.py took 0.061 seconds
[2023-07-10T05:21:21.705+0000] {processor.py:157} INFO - Started process (PID=40483) to work on /opt/airflow/dags/transform_and_analysis.py
[2023-07-10T05:21:21.706+0000] {processor.py:826} INFO - Processing file /opt/airflow/dags/transform_and_analysis.py for tasks to queue
[2023-07-10T05:21:21.707+0000] {logging_mixin.py:149} INFO - [2023-07-10T05:21:21.707+0000] {dagbag.py:541} INFO - Filling up the DagBag from /opt/airflow/dags/transform_and_analysis.py
[2023-07-10T05:21:21.720+0000] {processor.py:836} INFO - DAG(s) dict_keys(['2_daily_transformation_analysis']) retrieved from /opt/airflow/dags/transform_and_analysis.py
[2023-07-10T05:21:21.745+0000] {logging_mixin.py:149} INFO - [2023-07-10T05:21:21.745+0000] {dag.py:2726} INFO - Sync 1 DAGs
[2023-07-10T05:21:21.761+0000] {logging_mixin.py:149} INFO - [2023-07-10T05:21:21.761+0000] {dag.py:3490} INFO - Setting next_dagrun for 2_daily_transformation_analysis to None, run_after=None
[2023-07-10T05:21:21.772+0000] {processor.py:179} INFO - Processing /opt/airflow/dags/transform_and_analysis.py took 0.070 seconds
[2023-07-10T05:21:52.153+0000] {processor.py:157} INFO - Started process (PID=40513) to work on /opt/airflow/dags/transform_and_analysis.py
[2023-07-10T05:21:52.154+0000] {processor.py:826} INFO - Processing file /opt/airflow/dags/transform_and_analysis.py for tasks to queue
[2023-07-10T05:21:52.155+0000] {logging_mixin.py:149} INFO - [2023-07-10T05:21:52.155+0000] {dagbag.py:541} INFO - Filling up the DagBag from /opt/airflow/dags/transform_and_analysis.py
[2023-07-10T05:21:52.165+0000] {processor.py:836} INFO - DAG(s) dict_keys(['2_daily_transformation_analysis']) retrieved from /opt/airflow/dags/transform_and_analysis.py
[2023-07-10T05:21:52.189+0000] {logging_mixin.py:149} INFO - [2023-07-10T05:21:52.189+0000] {dag.py:2726} INFO - Sync 1 DAGs
[2023-07-10T05:21:52.205+0000] {logging_mixin.py:149} INFO - [2023-07-10T05:21:52.205+0000] {dag.py:3490} INFO - Setting next_dagrun for 2_daily_transformation_analysis to None, run_after=None
[2023-07-10T05:21:52.217+0000] {processor.py:179} INFO - Processing /opt/airflow/dags/transform_and_analysis.py took 0.067 seconds
[2023-07-10T05:22:22.892+0000] {processor.py:157} INFO - Started process (PID=40543) to work on /opt/airflow/dags/transform_and_analysis.py
[2023-07-10T05:22:22.894+0000] {processor.py:826} INFO - Processing file /opt/airflow/dags/transform_and_analysis.py for tasks to queue
[2023-07-10T05:22:22.895+0000] {logging_mixin.py:149} INFO - [2023-07-10T05:22:22.895+0000] {dagbag.py:541} INFO - Filling up the DagBag from /opt/airflow/dags/transform_and_analysis.py
[2023-07-10T05:22:22.906+0000] {processor.py:836} INFO - DAG(s) dict_keys(['2_daily_transformation_analysis']) retrieved from /opt/airflow/dags/transform_and_analysis.py
[2023-07-10T05:22:22.930+0000] {logging_mixin.py:149} INFO - [2023-07-10T05:22:22.930+0000] {dag.py:2726} INFO - Sync 1 DAGs
[2023-07-10T05:22:22.946+0000] {logging_mixin.py:149} INFO - [2023-07-10T05:22:22.946+0000] {dag.py:3490} INFO - Setting next_dagrun for 2_daily_transformation_analysis to None, run_after=None
[2023-07-10T05:22:22.958+0000] {processor.py:179} INFO - Processing /opt/airflow/dags/transform_and_analysis.py took 0.069 seconds
[2023-07-10T05:22:53.328+0000] {processor.py:157} INFO - Started process (PID=40564) to work on /opt/airflow/dags/transform_and_analysis.py
[2023-07-10T05:22:53.330+0000] {processor.py:826} INFO - Processing file /opt/airflow/dags/transform_and_analysis.py for tasks to queue
[2023-07-10T05:22:53.331+0000] {logging_mixin.py:149} INFO - [2023-07-10T05:22:53.331+0000] {dagbag.py:541} INFO - Filling up the DagBag from /opt/airflow/dags/transform_and_analysis.py
[2023-07-10T05:22:53.341+0000] {processor.py:836} INFO - DAG(s) dict_keys(['2_daily_transformation_analysis']) retrieved from /opt/airflow/dags/transform_and_analysis.py
[2023-07-10T05:22:53.364+0000] {logging_mixin.py:149} INFO - [2023-07-10T05:22:53.363+0000] {dag.py:2726} INFO - Sync 1 DAGs
[2023-07-10T05:22:53.379+0000] {logging_mixin.py:149} INFO - [2023-07-10T05:22:53.379+0000] {dag.py:3490} INFO - Setting next_dagrun for 2_daily_transformation_analysis to None, run_after=None
[2023-07-10T05:22:53.390+0000] {processor.py:179} INFO - Processing /opt/airflow/dags/transform_and_analysis.py took 0.065 seconds
[2023-07-10T05:23:23.889+0000] {processor.py:157} INFO - Started process (PID=40594) to work on /opt/airflow/dags/transform_and_analysis.py
[2023-07-10T05:23:23.891+0000] {processor.py:826} INFO - Processing file /opt/airflow/dags/transform_and_analysis.py for tasks to queue
[2023-07-10T05:23:23.893+0000] {logging_mixin.py:149} INFO - [2023-07-10T05:23:23.893+0000] {dagbag.py:541} INFO - Filling up the DagBag from /opt/airflow/dags/transform_and_analysis.py
[2023-07-10T05:23:23.906+0000] {processor.py:836} INFO - DAG(s) dict_keys(['2_daily_transformation_analysis']) retrieved from /opt/airflow/dags/transform_and_analysis.py
[2023-07-10T05:23:23.931+0000] {logging_mixin.py:149} INFO - [2023-07-10T05:23:23.931+0000] {dag.py:2726} INFO - Sync 1 DAGs
[2023-07-10T05:23:23.947+0000] {logging_mixin.py:149} INFO - [2023-07-10T05:23:23.946+0000] {dag.py:3490} INFO - Setting next_dagrun for 2_daily_transformation_analysis to None, run_after=None
[2023-07-10T05:23:23.958+0000] {processor.py:179} INFO - Processing /opt/airflow/dags/transform_and_analysis.py took 0.075 seconds
[2023-07-10T05:23:54.368+0000] {processor.py:157} INFO - Started process (PID=40623) to work on /opt/airflow/dags/transform_and_analysis.py
[2023-07-10T05:23:54.369+0000] {processor.py:826} INFO - Processing file /opt/airflow/dags/transform_and_analysis.py for tasks to queue
[2023-07-10T05:23:54.370+0000] {logging_mixin.py:149} INFO - [2023-07-10T05:23:54.370+0000] {dagbag.py:541} INFO - Filling up the DagBag from /opt/airflow/dags/transform_and_analysis.py
[2023-07-10T05:23:54.380+0000] {processor.py:836} INFO - DAG(s) dict_keys(['2_daily_transformation_analysis']) retrieved from /opt/airflow/dags/transform_and_analysis.py
[2023-07-10T05:23:54.408+0000] {logging_mixin.py:149} INFO - [2023-07-10T05:23:54.407+0000] {dag.py:2726} INFO - Sync 1 DAGs
[2023-07-10T05:23:54.428+0000] {logging_mixin.py:149} INFO - [2023-07-10T05:23:54.428+0000] {dag.py:3490} INFO - Setting next_dagrun for 2_daily_transformation_analysis to None, run_after=None
[2023-07-10T05:23:54.442+0000] {processor.py:179} INFO - Processing /opt/airflow/dags/transform_and_analysis.py took 0.076 seconds
[2023-07-10T05:24:24.847+0000] {processor.py:157} INFO - Started process (PID=40644) to work on /opt/airflow/dags/transform_and_analysis.py
[2023-07-10T05:24:24.848+0000] {processor.py:826} INFO - Processing file /opt/airflow/dags/transform_and_analysis.py for tasks to queue
[2023-07-10T05:24:24.848+0000] {logging_mixin.py:149} INFO - [2023-07-10T05:24:24.848+0000] {dagbag.py:541} INFO - Filling up the DagBag from /opt/airflow/dags/transform_and_analysis.py
[2023-07-10T05:24:24.858+0000] {processor.py:836} INFO - DAG(s) dict_keys(['2_daily_transformation_analysis']) retrieved from /opt/airflow/dags/transform_and_analysis.py
[2023-07-10T05:24:24.881+0000] {logging_mixin.py:149} INFO - [2023-07-10T05:24:24.881+0000] {dag.py:2726} INFO - Sync 1 DAGs
[2023-07-10T05:24:24.896+0000] {logging_mixin.py:149} INFO - [2023-07-10T05:24:24.896+0000] {dag.py:3490} INFO - Setting next_dagrun for 2_daily_transformation_analysis to None, run_after=None
[2023-07-10T05:24:24.907+0000] {processor.py:179} INFO - Processing /opt/airflow/dags/transform_and_analysis.py took 0.062 seconds
[2023-07-10T05:24:55.342+0000] {processor.py:157} INFO - Started process (PID=40674) to work on /opt/airflow/dags/transform_and_analysis.py
[2023-07-10T05:24:55.345+0000] {processor.py:826} INFO - Processing file /opt/airflow/dags/transform_and_analysis.py for tasks to queue
[2023-07-10T05:24:55.347+0000] {logging_mixin.py:149} INFO - [2023-07-10T05:24:55.347+0000] {dagbag.py:541} INFO - Filling up the DagBag from /opt/airflow/dags/transform_and_analysis.py
[2023-07-10T05:24:55.363+0000] {processor.py:836} INFO - DAG(s) dict_keys(['2_daily_transformation_analysis']) retrieved from /opt/airflow/dags/transform_and_analysis.py
[2023-07-10T05:24:55.389+0000] {logging_mixin.py:149} INFO - [2023-07-10T05:24:55.389+0000] {dag.py:2726} INFO - Sync 1 DAGs
[2023-07-10T05:24:55.406+0000] {logging_mixin.py:149} INFO - [2023-07-10T05:24:55.406+0000] {dag.py:3490} INFO - Setting next_dagrun for 2_daily_transformation_analysis to None, run_after=None
[2023-07-10T05:24:55.418+0000] {processor.py:179} INFO - Processing /opt/airflow/dags/transform_and_analysis.py took 0.084 seconds
