[2023-07-01 16:15:44,654] {processor.py:153} INFO - Started process (PID=78) to work on /home/airflow/.local/lib/python3.7/site-packages/airflow/example_dags/example_local_kubernetes_executor.py
[2023-07-01 16:15:44,655] {processor.py:641} INFO - Processing file /home/airflow/.local/lib/python3.7/site-packages/airflow/example_dags/example_local_kubernetes_executor.py for tasks to queue
[2023-07-01 16:15:44,656] {logging_mixin.py:115} INFO - [2023-07-01 16:15:44,656] {dagbag.py:507} INFO - Filling up the DagBag from /home/airflow/.local/lib/python3.7/site-packages/airflow/example_dags/example_local_kubernetes_executor.py
[2023-07-01 16:15:44,692] {processor.py:651} INFO - DAG(s) dict_keys(['example_local_kubernetes_executor']) retrieved from /home/airflow/.local/lib/python3.7/site-packages/airflow/example_dags/example_local_kubernetes_executor.py
[2023-07-01 16:15:44,761] {logging_mixin.py:115} INFO - [2023-07-01 16:15:44,761] {manager.py:508} INFO - Created Permission View: can edit on DAG:example_local_kubernetes_executor
[2023-07-01 16:15:44,791] {logging_mixin.py:115} INFO - [2023-07-01 16:15:44,791] {manager.py:508} INFO - Created Permission View: can delete on DAG:example_local_kubernetes_executor
[2023-07-01 16:15:44,804] {logging_mixin.py:115} INFO - [2023-07-01 16:15:44,804] {manager.py:508} INFO - Created Permission View: can read on DAG:example_local_kubernetes_executor
[2023-07-01 16:15:44,804] {logging_mixin.py:115} INFO - [2023-07-01 16:15:44,804] {dag.py:2371} INFO - Sync 1 DAGs
[2023-07-01 16:15:44,811] {logging_mixin.py:115} INFO - [2023-07-01 16:15:44,811] {dag.py:2390} INFO - Creating ORM DAG for example_local_kubernetes_executor
[2023-07-01 16:15:44,819] {logging_mixin.py:115} INFO - [2023-07-01 16:15:44,819] {dag.py:2919} INFO - Setting next_dagrun for example_local_kubernetes_executor to None, run_after=None
[2023-07-01 16:15:44,847] {processor.py:161} INFO - Processing /home/airflow/.local/lib/python3.7/site-packages/airflow/example_dags/example_local_kubernetes_executor.py took 0.196 seconds
[2023-07-01 16:16:15,512] {processor.py:153} INFO - Started process (PID=133) to work on /home/airflow/.local/lib/python3.7/site-packages/airflow/example_dags/example_local_kubernetes_executor.py
[2023-07-01 16:16:15,513] {processor.py:641} INFO - Processing file /home/airflow/.local/lib/python3.7/site-packages/airflow/example_dags/example_local_kubernetes_executor.py for tasks to queue
[2023-07-01 16:16:15,514] {logging_mixin.py:115} INFO - [2023-07-01 16:16:15,513] {dagbag.py:507} INFO - Filling up the DagBag from /home/airflow/.local/lib/python3.7/site-packages/airflow/example_dags/example_local_kubernetes_executor.py
[2023-07-01 16:16:15,524] {processor.py:651} INFO - DAG(s) dict_keys(['example_local_kubernetes_executor']) retrieved from /home/airflow/.local/lib/python3.7/site-packages/airflow/example_dags/example_local_kubernetes_executor.py
[2023-07-01 16:16:15,541] {logging_mixin.py:115} INFO - [2023-07-01 16:16:15,541] {dag.py:2371} INFO - Sync 1 DAGs
[2023-07-01 16:16:15,554] {logging_mixin.py:115} INFO - [2023-07-01 16:16:15,554] {dag.py:2919} INFO - Setting next_dagrun for example_local_kubernetes_executor to None, run_after=None
[2023-07-01 16:16:15,561] {processor.py:161} INFO - Processing /home/airflow/.local/lib/python3.7/site-packages/airflow/example_dags/example_local_kubernetes_executor.py took 0.051 seconds
[2023-07-01 16:16:45,947] {processor.py:153} INFO - Started process (PID=188) to work on /home/airflow/.local/lib/python3.7/site-packages/airflow/example_dags/example_local_kubernetes_executor.py
[2023-07-01 16:16:45,948] {processor.py:641} INFO - Processing file /home/airflow/.local/lib/python3.7/site-packages/airflow/example_dags/example_local_kubernetes_executor.py for tasks to queue
[2023-07-01 16:16:45,948] {logging_mixin.py:115} INFO - [2023-07-01 16:16:45,948] {dagbag.py:507} INFO - Filling up the DagBag from /home/airflow/.local/lib/python3.7/site-packages/airflow/example_dags/example_local_kubernetes_executor.py
[2023-07-01 16:16:45,958] {processor.py:651} INFO - DAG(s) dict_keys(['example_local_kubernetes_executor']) retrieved from /home/airflow/.local/lib/python3.7/site-packages/airflow/example_dags/example_local_kubernetes_executor.py
[2023-07-01 16:16:45,976] {logging_mixin.py:115} INFO - [2023-07-01 16:16:45,975] {dag.py:2371} INFO - Sync 1 DAGs
[2023-07-01 16:16:45,989] {logging_mixin.py:115} INFO - [2023-07-01 16:16:45,988] {dag.py:2919} INFO - Setting next_dagrun for example_local_kubernetes_executor to None, run_after=None
[2023-07-01 16:16:45,995] {processor.py:161} INFO - Processing /home/airflow/.local/lib/python3.7/site-packages/airflow/example_dags/example_local_kubernetes_executor.py took 0.051 seconds
[2023-07-01 16:17:16,345] {processor.py:153} INFO - Started process (PID=242) to work on /home/airflow/.local/lib/python3.7/site-packages/airflow/example_dags/example_local_kubernetes_executor.py
[2023-07-01 16:17:16,346] {processor.py:641} INFO - Processing file /home/airflow/.local/lib/python3.7/site-packages/airflow/example_dags/example_local_kubernetes_executor.py for tasks to queue
[2023-07-01 16:17:16,346] {logging_mixin.py:115} INFO - [2023-07-01 16:17:16,346] {dagbag.py:507} INFO - Filling up the DagBag from /home/airflow/.local/lib/python3.7/site-packages/airflow/example_dags/example_local_kubernetes_executor.py
[2023-07-01 16:17:16,357] {processor.py:651} INFO - DAG(s) dict_keys(['example_local_kubernetes_executor']) retrieved from /home/airflow/.local/lib/python3.7/site-packages/airflow/example_dags/example_local_kubernetes_executor.py
[2023-07-01 16:17:16,374] {logging_mixin.py:115} INFO - [2023-07-01 16:17:16,374] {dag.py:2371} INFO - Sync 1 DAGs
[2023-07-01 16:17:16,387] {logging_mixin.py:115} INFO - [2023-07-01 16:17:16,387] {dag.py:2919} INFO - Setting next_dagrun for example_local_kubernetes_executor to None, run_after=None
[2023-07-01 16:17:16,393] {processor.py:161} INFO - Processing /home/airflow/.local/lib/python3.7/site-packages/airflow/example_dags/example_local_kubernetes_executor.py took 0.051 seconds
