[2023-07-01 16:15:44,040] {processor.py:153} INFO - Started process (PID=73) to work on /home/airflow/.local/lib/python3.7/site-packages/airflow/example_dags/example_nested_branch_dag.py
[2023-07-01 16:15:44,041] {processor.py:641} INFO - Processing file /home/airflow/.local/lib/python3.7/site-packages/airflow/example_dags/example_nested_branch_dag.py for tasks to queue
[2023-07-01 16:15:44,042] {logging_mixin.py:115} INFO - [2023-07-01 16:15:44,042] {dagbag.py:507} INFO - Filling up the DagBag from /home/airflow/.local/lib/python3.7/site-packages/airflow/example_dags/example_nested_branch_dag.py
[2023-07-01 16:15:44,055] {processor.py:651} INFO - DAG(s) dict_keys(['example_nested_branch_dag']) retrieved from /home/airflow/.local/lib/python3.7/site-packages/airflow/example_dags/example_nested_branch_dag.py
[2023-07-01 16:15:44,181] {logging_mixin.py:115} INFO - [2023-07-01 16:15:44,180] {manager.py:508} INFO - Created Permission View: can edit on DAG:example_nested_branch_dag
[2023-07-01 16:15:44,191] {logging_mixin.py:115} INFO - [2023-07-01 16:15:44,191] {manager.py:508} INFO - Created Permission View: can delete on DAG:example_nested_branch_dag
[2023-07-01 16:15:44,196] {logging_mixin.py:115} INFO - [2023-07-01 16:15:44,196] {manager.py:508} INFO - Created Permission View: can read on DAG:example_nested_branch_dag
[2023-07-01 16:15:44,196] {logging_mixin.py:115} INFO - [2023-07-01 16:15:44,196] {dag.py:2371} INFO - Sync 1 DAGs
[2023-07-01 16:15:44,205] {logging_mixin.py:115} INFO - [2023-07-01 16:15:44,204] {dag.py:2390} INFO - Creating ORM DAG for example_nested_branch_dag
[2023-07-01 16:15:44,217] {logging_mixin.py:115} INFO - [2023-07-01 16:15:44,217] {dag.py:2919} INFO - Setting next_dagrun for example_nested_branch_dag to 2023-06-30T00:00:00+00:00, run_after=2023-07-01T00:00:00+00:00
[2023-07-01 16:15:44,237] {processor.py:161} INFO - Processing /home/airflow/.local/lib/python3.7/site-packages/airflow/example_dags/example_nested_branch_dag.py took 0.200 seconds
[2023-07-01 16:16:14,317] {processor.py:153} INFO - Started process (PID=128) to work on /home/airflow/.local/lib/python3.7/site-packages/airflow/example_dags/example_nested_branch_dag.py
[2023-07-01 16:16:14,318] {processor.py:641} INFO - Processing file /home/airflow/.local/lib/python3.7/site-packages/airflow/example_dags/example_nested_branch_dag.py for tasks to queue
[2023-07-01 16:16:14,319] {logging_mixin.py:115} INFO - [2023-07-01 16:16:14,319] {dagbag.py:507} INFO - Filling up the DagBag from /home/airflow/.local/lib/python3.7/site-packages/airflow/example_dags/example_nested_branch_dag.py
[2023-07-01 16:16:14,325] {processor.py:651} INFO - DAG(s) dict_keys(['example_nested_branch_dag']) retrieved from /home/airflow/.local/lib/python3.7/site-packages/airflow/example_dags/example_nested_branch_dag.py
[2023-07-01 16:16:14,344] {logging_mixin.py:115} INFO - [2023-07-01 16:16:14,344] {dag.py:2371} INFO - Sync 1 DAGs
[2023-07-01 16:16:14,358] {logging_mixin.py:115} INFO - [2023-07-01 16:16:14,358] {dag.py:2919} INFO - Setting next_dagrun for example_nested_branch_dag to 2023-06-30T00:00:00+00:00, run_after=2023-07-01T00:00:00+00:00
[2023-07-01 16:16:14,364] {processor.py:161} INFO - Processing /home/airflow/.local/lib/python3.7/site-packages/airflow/example_dags/example_nested_branch_dag.py took 0.049 seconds
[2023-07-01 16:16:44,793] {processor.py:153} INFO - Started process (PID=183) to work on /home/airflow/.local/lib/python3.7/site-packages/airflow/example_dags/example_nested_branch_dag.py
[2023-07-01 16:16:44,793] {processor.py:641} INFO - Processing file /home/airflow/.local/lib/python3.7/site-packages/airflow/example_dags/example_nested_branch_dag.py for tasks to queue
[2023-07-01 16:16:44,794] {logging_mixin.py:115} INFO - [2023-07-01 16:16:44,794] {dagbag.py:507} INFO - Filling up the DagBag from /home/airflow/.local/lib/python3.7/site-packages/airflow/example_dags/example_nested_branch_dag.py
[2023-07-01 16:16:44,801] {processor.py:651} INFO - DAG(s) dict_keys(['example_nested_branch_dag']) retrieved from /home/airflow/.local/lib/python3.7/site-packages/airflow/example_dags/example_nested_branch_dag.py
[2023-07-01 16:16:44,819] {logging_mixin.py:115} INFO - [2023-07-01 16:16:44,819] {dag.py:2371} INFO - Sync 1 DAGs
[2023-07-01 16:16:44,834] {logging_mixin.py:115} INFO - [2023-07-01 16:16:44,834] {dag.py:2919} INFO - Setting next_dagrun for example_nested_branch_dag to 2023-06-30T00:00:00+00:00, run_after=2023-07-01T00:00:00+00:00
[2023-07-01 16:16:44,840] {processor.py:161} INFO - Processing /home/airflow/.local/lib/python3.7/site-packages/airflow/example_dags/example_nested_branch_dag.py took 0.050 seconds
[2023-07-01 16:17:15,188] {processor.py:153} INFO - Started process (PID=237) to work on /home/airflow/.local/lib/python3.7/site-packages/airflow/example_dags/example_nested_branch_dag.py
[2023-07-01 16:17:15,189] {processor.py:641} INFO - Processing file /home/airflow/.local/lib/python3.7/site-packages/airflow/example_dags/example_nested_branch_dag.py for tasks to queue
[2023-07-01 16:17:15,189] {logging_mixin.py:115} INFO - [2023-07-01 16:17:15,189] {dagbag.py:507} INFO - Filling up the DagBag from /home/airflow/.local/lib/python3.7/site-packages/airflow/example_dags/example_nested_branch_dag.py
[2023-07-01 16:17:15,196] {processor.py:651} INFO - DAG(s) dict_keys(['example_nested_branch_dag']) retrieved from /home/airflow/.local/lib/python3.7/site-packages/airflow/example_dags/example_nested_branch_dag.py
[2023-07-01 16:17:15,215] {logging_mixin.py:115} INFO - [2023-07-01 16:17:15,215] {dag.py:2371} INFO - Sync 1 DAGs
[2023-07-01 16:17:15,229] {logging_mixin.py:115} INFO - [2023-07-01 16:17:15,229] {dag.py:2919} INFO - Setting next_dagrun for example_nested_branch_dag to 2023-06-30T00:00:00+00:00, run_after=2023-07-01T00:00:00+00:00
[2023-07-01 16:17:15,236] {processor.py:161} INFO - Processing /home/airflow/.local/lib/python3.7/site-packages/airflow/example_dags/example_nested_branch_dag.py took 0.050 seconds
[2023-07-01 16:23:11,879] {processor.py:163} INFO - Started process (PID=234) to work on /home/airflow/.local/lib/python3.6/site-packages/airflow/example_dags/example_nested_branch_dag.py
[2023-07-01 16:23:11,880] {processor.py:620} INFO - Processing file /home/airflow/.local/lib/python3.6/site-packages/airflow/example_dags/example_nested_branch_dag.py for tasks to queue
[2023-07-01 16:23:11,881] {logging_mixin.py:109} INFO - [2023-07-01 16:23:11,881] {dagbag.py:500} INFO - Filling up the DagBag from /home/airflow/.local/lib/python3.6/site-packages/airflow/example_dags/example_nested_branch_dag.py
[2023-07-01 16:23:11,963] {processor.py:632} INFO - DAG(s) dict_keys(['example_nested_branch_dag']) retrieved from /home/airflow/.local/lib/python3.6/site-packages/airflow/example_dags/example_nested_branch_dag.py
[2023-07-01 16:23:13,310] {logging_mixin.py:109} INFO - [2023-07-01 16:23:13,310] {opentelemetry_tracing.py:29} INFO - This service is instrumented using OpenTelemetry. OpenTelemetry could not be imported; please add opentelemetry-api and opentelemetry-instrumentation packages in order to get BigQuery Tracing data.
[2023-07-01 16:23:13,332] {logging_mixin.py:109} INFO - [2023-07-01 16:23:13,332] {providers_manager.py:156} WARNING - Exception when importing 'airflow.providers.google.leveldb.hooks.leveldb.LevelDBHook' from 'apache-airflow-providers-google' package: No module named 'plyvel'
[2023-07-01 16:23:13,587] {logging_mixin.py:109} INFO - [2023-07-01 16:23:13,587] {providers_manager.py:156} WARNING - Exception when importing 'airflow.providers.google.leveldb.hooks.leveldb.LevelDBHook' from 'apache-airflow-providers-google' package: No module named 'plyvel'
[2023-07-01 16:23:13,601] {logging_mixin.py:109} INFO - [2023-07-01 16:23:13,601] {manager.py:496} INFO - Created Permission View: can edit on DAG:example_nested_branch_dag
[2023-07-01 16:23:13,607] {logging_mixin.py:109} INFO - [2023-07-01 16:23:13,607] {manager.py:496} INFO - Created Permission View: can read on DAG:example_nested_branch_dag
[2023-07-01 16:23:13,609] {logging_mixin.py:109} INFO - [2023-07-01 16:23:13,608] {dag.py:2389} INFO - Sync 1 DAGs
[2023-07-01 16:23:13,616] {logging_mixin.py:109} INFO - [2023-07-01 16:23:13,615] {dag.py:2408} INFO - Creating ORM DAG for example_nested_branch_dag
[2023-07-01 16:23:13,622] {logging_mixin.py:109} INFO - [2023-07-01 16:23:13,622] {dag.py:2914} INFO - Setting next_dagrun for example_nested_branch_dag to 2023-06-30 00:00:00+00:00
[2023-07-01 16:23:13,630] {processor.py:171} INFO - Processing /home/airflow/.local/lib/python3.6/site-packages/airflow/example_dags/example_nested_branch_dag.py took 1.754 seconds
[2023-07-01 16:23:43,735] {processor.py:163} INFO - Started process (PID=342) to work on /home/airflow/.local/lib/python3.6/site-packages/airflow/example_dags/example_nested_branch_dag.py
[2023-07-01 16:23:43,737] {processor.py:620} INFO - Processing file /home/airflow/.local/lib/python3.6/site-packages/airflow/example_dags/example_nested_branch_dag.py for tasks to queue
[2023-07-01 16:23:43,738] {logging_mixin.py:109} INFO - [2023-07-01 16:23:43,738] {dagbag.py:500} INFO - Filling up the DagBag from /home/airflow/.local/lib/python3.6/site-packages/airflow/example_dags/example_nested_branch_dag.py
[2023-07-01 16:23:43,824] {processor.py:632} INFO - DAG(s) dict_keys(['example_nested_branch_dag']) retrieved from /home/airflow/.local/lib/python3.6/site-packages/airflow/example_dags/example_nested_branch_dag.py
[2023-07-01 16:23:43,833] {logging_mixin.py:109} INFO - [2023-07-01 16:23:43,833] {dag.py:2389} INFO - Sync 1 DAGs
[2023-07-01 16:23:43,843] {logging_mixin.py:109} INFO - [2023-07-01 16:23:43,843] {dag.py:2914} INFO - Setting next_dagrun for example_nested_branch_dag to 2023-06-30 00:00:00+00:00
[2023-07-01 16:23:43,850] {processor.py:171} INFO - Processing /home/airflow/.local/lib/python3.6/site-packages/airflow/example_dags/example_nested_branch_dag.py took 0.119 seconds
[2023-07-01 16:24:14,136] {processor.py:163} INFO - Started process (PID=398) to work on /home/airflow/.local/lib/python3.6/site-packages/airflow/example_dags/example_nested_branch_dag.py
[2023-07-01 16:24:14,139] {processor.py:620} INFO - Processing file /home/airflow/.local/lib/python3.6/site-packages/airflow/example_dags/example_nested_branch_dag.py for tasks to queue
[2023-07-01 16:24:14,140] {logging_mixin.py:109} INFO - [2023-07-01 16:24:14,140] {dagbag.py:500} INFO - Filling up the DagBag from /home/airflow/.local/lib/python3.6/site-packages/airflow/example_dags/example_nested_branch_dag.py
[2023-07-01 16:24:14,230] {processor.py:632} INFO - DAG(s) dict_keys(['example_nested_branch_dag']) retrieved from /home/airflow/.local/lib/python3.6/site-packages/airflow/example_dags/example_nested_branch_dag.py
[2023-07-01 16:24:14,238] {logging_mixin.py:109} INFO - [2023-07-01 16:24:14,238] {dag.py:2389} INFO - Sync 1 DAGs
[2023-07-01 16:24:14,249] {logging_mixin.py:109} INFO - [2023-07-01 16:24:14,249] {dag.py:2914} INFO - Setting next_dagrun for example_nested_branch_dag to 2023-06-30 00:00:00+00:00
[2023-07-01 16:24:14,256] {processor.py:171} INFO - Processing /home/airflow/.local/lib/python3.6/site-packages/airflow/example_dags/example_nested_branch_dag.py took 0.126 seconds
[2023-07-01 16:24:44,399] {processor.py:163} INFO - Started process (PID=452) to work on /home/airflow/.local/lib/python3.6/site-packages/airflow/example_dags/example_nested_branch_dag.py
[2023-07-01 16:24:44,400] {processor.py:620} INFO - Processing file /home/airflow/.local/lib/python3.6/site-packages/airflow/example_dags/example_nested_branch_dag.py for tasks to queue
[2023-07-01 16:24:44,401] {logging_mixin.py:109} INFO - [2023-07-01 16:24:44,401] {dagbag.py:500} INFO - Filling up the DagBag from /home/airflow/.local/lib/python3.6/site-packages/airflow/example_dags/example_nested_branch_dag.py
[2023-07-01 16:24:44,427] {processor.py:632} INFO - DAG(s) dict_keys(['example_nested_branch_dag']) retrieved from /home/airflow/.local/lib/python3.6/site-packages/airflow/example_dags/example_nested_branch_dag.py
[2023-07-01 16:24:44,437] {logging_mixin.py:109} INFO - [2023-07-01 16:24:44,437] {dag.py:2389} INFO - Sync 1 DAGs
[2023-07-01 16:24:44,450] {logging_mixin.py:109} INFO - [2023-07-01 16:24:44,450] {dag.py:2914} INFO - Setting next_dagrun for example_nested_branch_dag to 2023-06-30 00:00:00+00:00
[2023-07-01 16:24:44,456] {processor.py:171} INFO - Processing /home/airflow/.local/lib/python3.6/site-packages/airflow/example_dags/example_nested_branch_dag.py took 0.061 seconds
[2023-07-01 16:25:14,547] {processor.py:163} INFO - Started process (PID=506) to work on /home/airflow/.local/lib/python3.6/site-packages/airflow/example_dags/example_nested_branch_dag.py
[2023-07-01 16:25:14,548] {processor.py:620} INFO - Processing file /home/airflow/.local/lib/python3.6/site-packages/airflow/example_dags/example_nested_branch_dag.py for tasks to queue
[2023-07-01 16:25:14,549] {logging_mixin.py:109} INFO - [2023-07-01 16:25:14,549] {dagbag.py:500} INFO - Filling up the DagBag from /home/airflow/.local/lib/python3.6/site-packages/airflow/example_dags/example_nested_branch_dag.py
[2023-07-01 16:25:14,575] {processor.py:632} INFO - DAG(s) dict_keys(['example_nested_branch_dag']) retrieved from /home/airflow/.local/lib/python3.6/site-packages/airflow/example_dags/example_nested_branch_dag.py
[2023-07-01 16:25:14,585] {logging_mixin.py:109} INFO - [2023-07-01 16:25:14,585] {dag.py:2389} INFO - Sync 1 DAGs
[2023-07-01 16:25:14,599] {logging_mixin.py:109} INFO - [2023-07-01 16:25:14,598] {dag.py:2914} INFO - Setting next_dagrun for example_nested_branch_dag to 2023-06-30 00:00:00+00:00
[2023-07-01 16:25:14,605] {processor.py:171} INFO - Processing /home/airflow/.local/lib/python3.6/site-packages/airflow/example_dags/example_nested_branch_dag.py took 0.061 seconds
[2023-07-01 16:25:44,642] {processor.py:163} INFO - Started process (PID=559) to work on /home/airflow/.local/lib/python3.6/site-packages/airflow/example_dags/example_nested_branch_dag.py
[2023-07-01 16:25:44,643] {processor.py:620} INFO - Processing file /home/airflow/.local/lib/python3.6/site-packages/airflow/example_dags/example_nested_branch_dag.py for tasks to queue
[2023-07-01 16:25:44,644] {logging_mixin.py:109} INFO - [2023-07-01 16:25:44,643] {dagbag.py:500} INFO - Filling up the DagBag from /home/airflow/.local/lib/python3.6/site-packages/airflow/example_dags/example_nested_branch_dag.py
[2023-07-01 16:25:44,670] {processor.py:632} INFO - DAG(s) dict_keys(['example_nested_branch_dag']) retrieved from /home/airflow/.local/lib/python3.6/site-packages/airflow/example_dags/example_nested_branch_dag.py
[2023-07-01 16:25:44,682] {logging_mixin.py:109} INFO - [2023-07-01 16:25:44,682] {dag.py:2389} INFO - Sync 1 DAGs
[2023-07-01 16:25:44,695] {logging_mixin.py:109} INFO - [2023-07-01 16:25:44,695] {dag.py:2914} INFO - Setting next_dagrun for example_nested_branch_dag to 2023-06-30 00:00:00+00:00
[2023-07-01 16:25:44,703] {processor.py:171} INFO - Processing /home/airflow/.local/lib/python3.6/site-packages/airflow/example_dags/example_nested_branch_dag.py took 0.064 seconds
[2023-07-01 16:26:15,475] {processor.py:163} INFO - Started process (PID=612) to work on /home/airflow/.local/lib/python3.6/site-packages/airflow/example_dags/example_nested_branch_dag.py
[2023-07-01 16:26:15,476] {processor.py:620} INFO - Processing file /home/airflow/.local/lib/python3.6/site-packages/airflow/example_dags/example_nested_branch_dag.py for tasks to queue
[2023-07-01 16:26:15,477] {logging_mixin.py:109} INFO - [2023-07-01 16:26:15,477] {dagbag.py:500} INFO - Filling up the DagBag from /home/airflow/.local/lib/python3.6/site-packages/airflow/example_dags/example_nested_branch_dag.py
[2023-07-01 16:26:15,504] {processor.py:632} INFO - DAG(s) dict_keys(['example_nested_branch_dag']) retrieved from /home/airflow/.local/lib/python3.6/site-packages/airflow/example_dags/example_nested_branch_dag.py
[2023-07-01 16:26:15,515] {logging_mixin.py:109} INFO - [2023-07-01 16:26:15,515] {dag.py:2389} INFO - Sync 1 DAGs
[2023-07-01 16:26:15,529] {logging_mixin.py:109} INFO - [2023-07-01 16:26:15,529] {dag.py:2914} INFO - Setting next_dagrun for example_nested_branch_dag to 2023-06-30 00:00:00+00:00
[2023-07-01 16:26:15,536] {processor.py:171} INFO - Processing /home/airflow/.local/lib/python3.6/site-packages/airflow/example_dags/example_nested_branch_dag.py took 0.065 seconds
[2023-07-01 16:26:46,462] {processor.py:163} INFO - Started process (PID=667) to work on /home/airflow/.local/lib/python3.6/site-packages/airflow/example_dags/example_nested_branch_dag.py
[2023-07-01 16:26:46,464] {processor.py:620} INFO - Processing file /home/airflow/.local/lib/python3.6/site-packages/airflow/example_dags/example_nested_branch_dag.py for tasks to queue
[2023-07-01 16:26:46,465] {logging_mixin.py:109} INFO - [2023-07-01 16:26:46,465] {dagbag.py:500} INFO - Filling up the DagBag from /home/airflow/.local/lib/python3.6/site-packages/airflow/example_dags/example_nested_branch_dag.py
[2023-07-01 16:26:46,494] {processor.py:632} INFO - DAG(s) dict_keys(['example_nested_branch_dag']) retrieved from /home/airflow/.local/lib/python3.6/site-packages/airflow/example_dags/example_nested_branch_dag.py
[2023-07-01 16:26:46,504] {logging_mixin.py:109} INFO - [2023-07-01 16:26:46,504] {dag.py:2389} INFO - Sync 1 DAGs
[2023-07-01 16:26:46,517] {logging_mixin.py:109} INFO - [2023-07-01 16:26:46,517] {dag.py:2914} INFO - Setting next_dagrun for example_nested_branch_dag to 2023-06-30 00:00:00+00:00
[2023-07-01 16:26:46,523] {processor.py:171} INFO - Processing /home/airflow/.local/lib/python3.6/site-packages/airflow/example_dags/example_nested_branch_dag.py took 0.064 seconds
