[2023-07-01 16:15:43,275] {processor.py:153} INFO - Started process (PID=65) to work on /home/airflow/.local/lib/python3.7/site-packages/airflow/example_dags/example_trigger_target_dag.py
[2023-07-01 16:15:43,280] {processor.py:641} INFO - Processing file /home/airflow/.local/lib/python3.7/site-packages/airflow/example_dags/example_trigger_target_dag.py for tasks to queue
[2023-07-01 16:15:43,281] {logging_mixin.py:115} INFO - [2023-07-01 16:15:43,281] {dagbag.py:507} INFO - Filling up the DagBag from /home/airflow/.local/lib/python3.7/site-packages/airflow/example_dags/example_trigger_target_dag.py
[2023-07-01 16:15:43,304] {processor.py:651} INFO - DAG(s) dict_keys(['example_trigger_target_dag']) retrieved from /home/airflow/.local/lib/python3.7/site-packages/airflow/example_dags/example_trigger_target_dag.py
[2023-07-01 16:15:43,394] {logging_mixin.py:115} INFO - [2023-07-01 16:15:43,394] {manager.py:508} INFO - Created Permission View: can edit on DAG:example_trigger_target_dag
[2023-07-01 16:15:43,404] {logging_mixin.py:115} INFO - [2023-07-01 16:15:43,404] {manager.py:508} INFO - Created Permission View: can delete on DAG:example_trigger_target_dag
[2023-07-01 16:15:43,412] {logging_mixin.py:115} INFO - [2023-07-01 16:15:43,412] {manager.py:508} INFO - Created Permission View: can read on DAG:example_trigger_target_dag
[2023-07-01 16:15:43,413] {logging_mixin.py:115} INFO - [2023-07-01 16:15:43,413] {dag.py:2371} INFO - Sync 1 DAGs
[2023-07-01 16:15:43,421] {logging_mixin.py:115} INFO - [2023-07-01 16:15:43,421] {dag.py:2390} INFO - Creating ORM DAG for example_trigger_target_dag
[2023-07-01 16:15:43,430] {logging_mixin.py:115} INFO - [2023-07-01 16:15:43,430] {dag.py:2919} INFO - Setting next_dagrun for example_trigger_target_dag to None, run_after=None
[2023-07-01 16:15:43,442] {processor.py:161} INFO - Processing /home/airflow/.local/lib/python3.7/site-packages/airflow/example_dags/example_trigger_target_dag.py took 0.170 seconds
[2023-07-01 16:16:14,052] {processor.py:153} INFO - Started process (PID=120) to work on /home/airflow/.local/lib/python3.7/site-packages/airflow/example_dags/example_trigger_target_dag.py
[2023-07-01 16:16:14,053] {processor.py:641} INFO - Processing file /home/airflow/.local/lib/python3.7/site-packages/airflow/example_dags/example_trigger_target_dag.py for tasks to queue
[2023-07-01 16:16:14,054] {logging_mixin.py:115} INFO - [2023-07-01 16:16:14,054] {dagbag.py:507} INFO - Filling up the DagBag from /home/airflow/.local/lib/python3.7/site-packages/airflow/example_dags/example_trigger_target_dag.py
[2023-07-01 16:16:14,064] {processor.py:651} INFO - DAG(s) dict_keys(['example_trigger_target_dag']) retrieved from /home/airflow/.local/lib/python3.7/site-packages/airflow/example_dags/example_trigger_target_dag.py
[2023-07-01 16:16:14,082] {logging_mixin.py:115} INFO - [2023-07-01 16:16:14,082] {dag.py:2371} INFO - Sync 1 DAGs
[2023-07-01 16:16:14,094] {logging_mixin.py:115} INFO - [2023-07-01 16:16:14,094] {dag.py:2919} INFO - Setting next_dagrun for example_trigger_target_dag to None, run_after=None
[2023-07-01 16:16:14,101] {processor.py:161} INFO - Processing /home/airflow/.local/lib/python3.7/site-packages/airflow/example_dags/example_trigger_target_dag.py took 0.051 seconds
[2023-07-01 16:16:44,524] {processor.py:153} INFO - Started process (PID=175) to work on /home/airflow/.local/lib/python3.7/site-packages/airflow/example_dags/example_trigger_target_dag.py
[2023-07-01 16:16:44,525] {processor.py:641} INFO - Processing file /home/airflow/.local/lib/python3.7/site-packages/airflow/example_dags/example_trigger_target_dag.py for tasks to queue
[2023-07-01 16:16:44,526] {logging_mixin.py:115} INFO - [2023-07-01 16:16:44,526] {dagbag.py:507} INFO - Filling up the DagBag from /home/airflow/.local/lib/python3.7/site-packages/airflow/example_dags/example_trigger_target_dag.py
[2023-07-01 16:16:44,536] {processor.py:651} INFO - DAG(s) dict_keys(['example_trigger_target_dag']) retrieved from /home/airflow/.local/lib/python3.7/site-packages/airflow/example_dags/example_trigger_target_dag.py
[2023-07-01 16:16:44,554] {logging_mixin.py:115} INFO - [2023-07-01 16:16:44,554] {dag.py:2371} INFO - Sync 1 DAGs
[2023-07-01 16:16:44,566] {logging_mixin.py:115} INFO - [2023-07-01 16:16:44,566] {dag.py:2919} INFO - Setting next_dagrun for example_trigger_target_dag to None, run_after=None
[2023-07-01 16:16:44,572] {processor.py:161} INFO - Processing /home/airflow/.local/lib/python3.7/site-packages/airflow/example_dags/example_trigger_target_dag.py took 0.050 seconds
[2023-07-01 16:17:14,923] {processor.py:153} INFO - Started process (PID=229) to work on /home/airflow/.local/lib/python3.7/site-packages/airflow/example_dags/example_trigger_target_dag.py
[2023-07-01 16:17:14,924] {processor.py:641} INFO - Processing file /home/airflow/.local/lib/python3.7/site-packages/airflow/example_dags/example_trigger_target_dag.py for tasks to queue
[2023-07-01 16:17:14,924] {logging_mixin.py:115} INFO - [2023-07-01 16:17:14,924] {dagbag.py:507} INFO - Filling up the DagBag from /home/airflow/.local/lib/python3.7/site-packages/airflow/example_dags/example_trigger_target_dag.py
[2023-07-01 16:17:14,934] {processor.py:651} INFO - DAG(s) dict_keys(['example_trigger_target_dag']) retrieved from /home/airflow/.local/lib/python3.7/site-packages/airflow/example_dags/example_trigger_target_dag.py
[2023-07-01 16:17:14,952] {logging_mixin.py:115} INFO - [2023-07-01 16:17:14,952] {dag.py:2371} INFO - Sync 1 DAGs
[2023-07-01 16:17:14,965] {logging_mixin.py:115} INFO - [2023-07-01 16:17:14,965] {dag.py:2919} INFO - Setting next_dagrun for example_trigger_target_dag to None, run_after=None
[2023-07-01 16:17:14,971] {processor.py:161} INFO - Processing /home/airflow/.local/lib/python3.7/site-packages/airflow/example_dags/example_trigger_target_dag.py took 0.050 seconds
[2023-07-01 16:23:04,714] {processor.py:163} INFO - Started process (PID=186) to work on /home/airflow/.local/lib/python3.6/site-packages/airflow/example_dags/example_trigger_target_dag.py
[2023-07-01 16:23:04,716] {processor.py:620} INFO - Processing file /home/airflow/.local/lib/python3.6/site-packages/airflow/example_dags/example_trigger_target_dag.py for tasks to queue
[2023-07-01 16:23:04,717] {logging_mixin.py:109} INFO - [2023-07-01 16:23:04,717] {dagbag.py:500} INFO - Filling up the DagBag from /home/airflow/.local/lib/python3.6/site-packages/airflow/example_dags/example_trigger_target_dag.py
[2023-07-01 16:23:04,798] {processor.py:632} INFO - DAG(s) dict_keys(['example_trigger_target_dag']) retrieved from /home/airflow/.local/lib/python3.6/site-packages/airflow/example_dags/example_trigger_target_dag.py
[2023-07-01 16:23:06,030] {logging_mixin.py:109} INFO - [2023-07-01 16:23:06,030] {opentelemetry_tracing.py:29} INFO - This service is instrumented using OpenTelemetry. OpenTelemetry could not be imported; please add opentelemetry-api and opentelemetry-instrumentation packages in order to get BigQuery Tracing data.
[2023-07-01 16:23:06,056] {logging_mixin.py:109} INFO - [2023-07-01 16:23:06,056] {providers_manager.py:156} WARNING - Exception when importing 'airflow.providers.google.leveldb.hooks.leveldb.LevelDBHook' from 'apache-airflow-providers-google' package: No module named 'plyvel'
[2023-07-01 16:23:06,280] {logging_mixin.py:109} INFO - [2023-07-01 16:23:06,280] {providers_manager.py:156} WARNING - Exception when importing 'airflow.providers.google.leveldb.hooks.leveldb.LevelDBHook' from 'apache-airflow-providers-google' package: No module named 'plyvel'
[2023-07-01 16:23:06,295] {logging_mixin.py:109} INFO - [2023-07-01 16:23:06,295] {manager.py:496} INFO - Created Permission View: can edit on DAG:example_trigger_target_dag
[2023-07-01 16:23:06,301] {logging_mixin.py:109} INFO - [2023-07-01 16:23:06,301] {manager.py:496} INFO - Created Permission View: can read on DAG:example_trigger_target_dag
[2023-07-01 16:23:06,302] {logging_mixin.py:109} INFO - [2023-07-01 16:23:06,301] {dag.py:2389} INFO - Sync 1 DAGs
[2023-07-01 16:23:06,309] {logging_mixin.py:109} INFO - [2023-07-01 16:23:06,308] {dag.py:2408} INFO - Creating ORM DAG for example_trigger_target_dag
[2023-07-01 16:23:06,313] {logging_mixin.py:109} INFO - [2023-07-01 16:23:06,313] {dag.py:2914} INFO - Setting next_dagrun for example_trigger_target_dag to None
[2023-07-01 16:23:06,320] {processor.py:171} INFO - Processing /home/airflow/.local/lib/python3.6/site-packages/airflow/example_dags/example_trigger_target_dag.py took 1.609 seconds
[2023-07-01 16:23:37,042] {processor.py:163} INFO - Started process (PID=334) to work on /home/airflow/.local/lib/python3.6/site-packages/airflow/example_dags/example_trigger_target_dag.py
[2023-07-01 16:23:37,044] {processor.py:620} INFO - Processing file /home/airflow/.local/lib/python3.6/site-packages/airflow/example_dags/example_trigger_target_dag.py for tasks to queue
[2023-07-01 16:23:37,045] {logging_mixin.py:109} INFO - [2023-07-01 16:23:37,045] {dagbag.py:500} INFO - Filling up the DagBag from /home/airflow/.local/lib/python3.6/site-packages/airflow/example_dags/example_trigger_target_dag.py
[2023-07-01 16:23:37,135] {processor.py:632} INFO - DAG(s) dict_keys(['example_trigger_target_dag']) retrieved from /home/airflow/.local/lib/python3.6/site-packages/airflow/example_dags/example_trigger_target_dag.py
[2023-07-01 16:23:37,144] {logging_mixin.py:109} INFO - [2023-07-01 16:23:37,144] {dag.py:2389} INFO - Sync 1 DAGs
[2023-07-01 16:23:37,155] {logging_mixin.py:109} INFO - [2023-07-01 16:23:37,155] {dag.py:2914} INFO - Setting next_dagrun for example_trigger_target_dag to None
[2023-07-01 16:23:37,162] {processor.py:171} INFO - Processing /home/airflow/.local/lib/python3.6/site-packages/airflow/example_dags/example_trigger_target_dag.py took 0.123 seconds
[2023-07-01 16:24:07,597] {processor.py:163} INFO - Started process (PID=390) to work on /home/airflow/.local/lib/python3.6/site-packages/airflow/example_dags/example_trigger_target_dag.py
[2023-07-01 16:24:07,598] {processor.py:620} INFO - Processing file /home/airflow/.local/lib/python3.6/site-packages/airflow/example_dags/example_trigger_target_dag.py for tasks to queue
[2023-07-01 16:24:07,599] {logging_mixin.py:109} INFO - [2023-07-01 16:24:07,599] {dagbag.py:500} INFO - Filling up the DagBag from /home/airflow/.local/lib/python3.6/site-packages/airflow/example_dags/example_trigger_target_dag.py
[2023-07-01 16:24:07,684] {processor.py:632} INFO - DAG(s) dict_keys(['example_trigger_target_dag']) retrieved from /home/airflow/.local/lib/python3.6/site-packages/airflow/example_dags/example_trigger_target_dag.py
[2023-07-01 16:24:07,693] {logging_mixin.py:109} INFO - [2023-07-01 16:24:07,693] {dag.py:2389} INFO - Sync 1 DAGs
[2023-07-01 16:24:07,702] {logging_mixin.py:109} INFO - [2023-07-01 16:24:07,702] {dag.py:2914} INFO - Setting next_dagrun for example_trigger_target_dag to None
[2023-07-01 16:24:07,708] {processor.py:171} INFO - Processing /home/airflow/.local/lib/python3.6/site-packages/airflow/example_dags/example_trigger_target_dag.py took 0.115 seconds
[2023-07-01 16:24:37,927] {processor.py:163} INFO - Started process (PID=444) to work on /home/airflow/.local/lib/python3.6/site-packages/airflow/example_dags/example_trigger_target_dag.py
[2023-07-01 16:24:37,928] {processor.py:620} INFO - Processing file /home/airflow/.local/lib/python3.6/site-packages/airflow/example_dags/example_trigger_target_dag.py for tasks to queue
[2023-07-01 16:24:37,929] {logging_mixin.py:109} INFO - [2023-07-01 16:24:37,929] {dagbag.py:500} INFO - Filling up the DagBag from /home/airflow/.local/lib/python3.6/site-packages/airflow/example_dags/example_trigger_target_dag.py
[2023-07-01 16:24:37,958] {processor.py:632} INFO - DAG(s) dict_keys(['example_trigger_target_dag']) retrieved from /home/airflow/.local/lib/python3.6/site-packages/airflow/example_dags/example_trigger_target_dag.py
[2023-07-01 16:24:37,968] {logging_mixin.py:109} INFO - [2023-07-01 16:24:37,968] {dag.py:2389} INFO - Sync 1 DAGs
[2023-07-01 16:24:37,979] {logging_mixin.py:109} INFO - [2023-07-01 16:24:37,978] {dag.py:2914} INFO - Setting next_dagrun for example_trigger_target_dag to None
[2023-07-01 16:24:37,985] {processor.py:171} INFO - Processing /home/airflow/.local/lib/python3.6/site-packages/airflow/example_dags/example_trigger_target_dag.py took 0.062 seconds
[2023-07-01 16:25:08,051] {processor.py:163} INFO - Started process (PID=498) to work on /home/airflow/.local/lib/python3.6/site-packages/airflow/example_dags/example_trigger_target_dag.py
[2023-07-01 16:25:08,052] {processor.py:620} INFO - Processing file /home/airflow/.local/lib/python3.6/site-packages/airflow/example_dags/example_trigger_target_dag.py for tasks to queue
[2023-07-01 16:25:08,053] {logging_mixin.py:109} INFO - [2023-07-01 16:25:08,053] {dagbag.py:500} INFO - Filling up the DagBag from /home/airflow/.local/lib/python3.6/site-packages/airflow/example_dags/example_trigger_target_dag.py
[2023-07-01 16:25:08,079] {processor.py:632} INFO - DAG(s) dict_keys(['example_trigger_target_dag']) retrieved from /home/airflow/.local/lib/python3.6/site-packages/airflow/example_dags/example_trigger_target_dag.py
[2023-07-01 16:25:08,090] {logging_mixin.py:109} INFO - [2023-07-01 16:25:08,089] {dag.py:2389} INFO - Sync 1 DAGs
[2023-07-01 16:25:08,100] {logging_mixin.py:109} INFO - [2023-07-01 16:25:08,100] {dag.py:2914} INFO - Setting next_dagrun for example_trigger_target_dag to None
[2023-07-01 16:25:08,107] {processor.py:171} INFO - Processing /home/airflow/.local/lib/python3.6/site-packages/airflow/example_dags/example_trigger_target_dag.py took 0.059 seconds
[2023-07-01 16:25:38,171] {processor.py:163} INFO - Started process (PID=551) to work on /home/airflow/.local/lib/python3.6/site-packages/airflow/example_dags/example_trigger_target_dag.py
[2023-07-01 16:25:38,172] {processor.py:620} INFO - Processing file /home/airflow/.local/lib/python3.6/site-packages/airflow/example_dags/example_trigger_target_dag.py for tasks to queue
[2023-07-01 16:25:38,173] {logging_mixin.py:109} INFO - [2023-07-01 16:25:38,173] {dagbag.py:500} INFO - Filling up the DagBag from /home/airflow/.local/lib/python3.6/site-packages/airflow/example_dags/example_trigger_target_dag.py
[2023-07-01 16:25:38,200] {processor.py:632} INFO - DAG(s) dict_keys(['example_trigger_target_dag']) retrieved from /home/airflow/.local/lib/python3.6/site-packages/airflow/example_dags/example_trigger_target_dag.py
[2023-07-01 16:25:38,210] {logging_mixin.py:109} INFO - [2023-07-01 16:25:38,210] {dag.py:2389} INFO - Sync 1 DAGs
[2023-07-01 16:25:38,221] {logging_mixin.py:109} INFO - [2023-07-01 16:25:38,221] {dag.py:2914} INFO - Setting next_dagrun for example_trigger_target_dag to None
[2023-07-01 16:25:38,227] {processor.py:171} INFO - Processing /home/airflow/.local/lib/python3.6/site-packages/airflow/example_dags/example_trigger_target_dag.py took 0.059 seconds
[2023-07-01 16:26:09,037] {processor.py:163} INFO - Started process (PID=604) to work on /home/airflow/.local/lib/python3.6/site-packages/airflow/example_dags/example_trigger_target_dag.py
[2023-07-01 16:26:09,039] {processor.py:620} INFO - Processing file /home/airflow/.local/lib/python3.6/site-packages/airflow/example_dags/example_trigger_target_dag.py for tasks to queue
[2023-07-01 16:26:09,041] {logging_mixin.py:109} INFO - [2023-07-01 16:26:09,041] {dagbag.py:500} INFO - Filling up the DagBag from /home/airflow/.local/lib/python3.6/site-packages/airflow/example_dags/example_trigger_target_dag.py
[2023-07-01 16:26:09,073] {processor.py:632} INFO - DAG(s) dict_keys(['example_trigger_target_dag']) retrieved from /home/airflow/.local/lib/python3.6/site-packages/airflow/example_dags/example_trigger_target_dag.py
[2023-07-01 16:26:09,084] {logging_mixin.py:109} INFO - [2023-07-01 16:26:09,083] {dag.py:2389} INFO - Sync 1 DAGs
[2023-07-01 16:26:09,096] {logging_mixin.py:109} INFO - [2023-07-01 16:26:09,095] {dag.py:2914} INFO - Setting next_dagrun for example_trigger_target_dag to None
[2023-07-01 16:26:09,103] {processor.py:171} INFO - Processing /home/airflow/.local/lib/python3.6/site-packages/airflow/example_dags/example_trigger_target_dag.py took 0.072 seconds
[2023-07-01 16:26:40,010] {processor.py:163} INFO - Started process (PID=659) to work on /home/airflow/.local/lib/python3.6/site-packages/airflow/example_dags/example_trigger_target_dag.py
[2023-07-01 16:26:40,012] {processor.py:620} INFO - Processing file /home/airflow/.local/lib/python3.6/site-packages/airflow/example_dags/example_trigger_target_dag.py for tasks to queue
[2023-07-01 16:26:40,014] {logging_mixin.py:109} INFO - [2023-07-01 16:26:40,014] {dagbag.py:500} INFO - Filling up the DagBag from /home/airflow/.local/lib/python3.6/site-packages/airflow/example_dags/example_trigger_target_dag.py
[2023-07-01 16:26:40,046] {processor.py:632} INFO - DAG(s) dict_keys(['example_trigger_target_dag']) retrieved from /home/airflow/.local/lib/python3.6/site-packages/airflow/example_dags/example_trigger_target_dag.py
[2023-07-01 16:26:40,057] {logging_mixin.py:109} INFO - [2023-07-01 16:26:40,057] {dag.py:2389} INFO - Sync 1 DAGs
[2023-07-01 16:26:40,068] {logging_mixin.py:109} INFO - [2023-07-01 16:26:40,068] {dag.py:2914} INFO - Setting next_dagrun for example_trigger_target_dag to None
[2023-07-01 16:26:40,074] {processor.py:171} INFO - Processing /home/airflow/.local/lib/python3.6/site-packages/airflow/example_dags/example_trigger_target_dag.py took 0.068 seconds
