[2023-07-01 16:15:45,200] {processor.py:153} INFO - Started process (PID=83) to work on /home/airflow/.local/lib/python3.7/site-packages/airflow/example_dags/example_branch_operator.py
[2023-07-01 16:15:45,201] {processor.py:641} INFO - Processing file /home/airflow/.local/lib/python3.7/site-packages/airflow/example_dags/example_branch_operator.py for tasks to queue
[2023-07-01 16:15:45,202] {logging_mixin.py:115} INFO - [2023-07-01 16:15:45,202] {dagbag.py:507} INFO - Filling up the DagBag from /home/airflow/.local/lib/python3.7/site-packages/airflow/example_dags/example_branch_operator.py
[2023-07-01 16:15:45,214] {processor.py:651} INFO - DAG(s) dict_keys(['example_branch_operator']) retrieved from /home/airflow/.local/lib/python3.7/site-packages/airflow/example_dags/example_branch_operator.py
[2023-07-01 16:15:45,272] {logging_mixin.py:115} INFO - [2023-07-01 16:15:45,272] {manager.py:508} INFO - Created Permission View: can edit on DAG:example_branch_operator
[2023-07-01 16:15:45,280] {logging_mixin.py:115} INFO - [2023-07-01 16:15:45,280] {manager.py:508} INFO - Created Permission View: can delete on DAG:example_branch_operator
[2023-07-01 16:15:45,285] {logging_mixin.py:115} INFO - [2023-07-01 16:15:45,285] {manager.py:508} INFO - Created Permission View: can read on DAG:example_branch_operator
[2023-07-01 16:15:45,286] {logging_mixin.py:115} INFO - [2023-07-01 16:15:45,286] {dag.py:2371} INFO - Sync 1 DAGs
[2023-07-01 16:15:45,294] {logging_mixin.py:115} INFO - [2023-07-01 16:15:45,294] {dag.py:2390} INFO - Creating ORM DAG for example_branch_operator
[2023-07-01 16:15:45,304] {logging_mixin.py:115} INFO - [2023-07-01 16:15:45,304] {dag.py:2919} INFO - Setting next_dagrun for example_branch_operator to 2023-06-30T00:00:00+00:00, run_after=2023-07-01T00:00:00+00:00
[2023-07-01 16:15:45,315] {processor.py:161} INFO - Processing /home/airflow/.local/lib/python3.7/site-packages/airflow/example_dags/example_branch_operator.py took 0.118 seconds
[2023-07-01 16:16:15,721] {processor.py:153} INFO - Started process (PID=138) to work on /home/airflow/.local/lib/python3.7/site-packages/airflow/example_dags/example_branch_operator.py
[2023-07-01 16:16:15,722] {processor.py:641} INFO - Processing file /home/airflow/.local/lib/python3.7/site-packages/airflow/example_dags/example_branch_operator.py for tasks to queue
[2023-07-01 16:16:15,723] {logging_mixin.py:115} INFO - [2023-07-01 16:16:15,723] {dagbag.py:507} INFO - Filling up the DagBag from /home/airflow/.local/lib/python3.7/site-packages/airflow/example_dags/example_branch_operator.py
[2023-07-01 16:16:15,729] {processor.py:651} INFO - DAG(s) dict_keys(['example_branch_operator']) retrieved from /home/airflow/.local/lib/python3.7/site-packages/airflow/example_dags/example_branch_operator.py
[2023-07-01 16:16:15,747] {logging_mixin.py:115} INFO - [2023-07-01 16:16:15,747] {dag.py:2371} INFO - Sync 1 DAGs
[2023-07-01 16:16:15,761] {logging_mixin.py:115} INFO - [2023-07-01 16:16:15,760] {dag.py:2919} INFO - Setting next_dagrun for example_branch_operator to 2023-06-30T00:00:00+00:00, run_after=2023-07-01T00:00:00+00:00
[2023-07-01 16:16:15,767] {processor.py:161} INFO - Processing /home/airflow/.local/lib/python3.7/site-packages/airflow/example_dags/example_branch_operator.py took 0.048 seconds
[2023-07-01 16:16:46,152] {processor.py:153} INFO - Started process (PID=193) to work on /home/airflow/.local/lib/python3.7/site-packages/airflow/example_dags/example_branch_operator.py
[2023-07-01 16:16:46,152] {processor.py:641} INFO - Processing file /home/airflow/.local/lib/python3.7/site-packages/airflow/example_dags/example_branch_operator.py for tasks to queue
[2023-07-01 16:16:46,153] {logging_mixin.py:115} INFO - [2023-07-01 16:16:46,153] {dagbag.py:507} INFO - Filling up the DagBag from /home/airflow/.local/lib/python3.7/site-packages/airflow/example_dags/example_branch_operator.py
[2023-07-01 16:16:46,160] {processor.py:651} INFO - DAG(s) dict_keys(['example_branch_operator']) retrieved from /home/airflow/.local/lib/python3.7/site-packages/airflow/example_dags/example_branch_operator.py
[2023-07-01 16:16:46,179] {logging_mixin.py:115} INFO - [2023-07-01 16:16:46,179] {dag.py:2371} INFO - Sync 1 DAGs
[2023-07-01 16:16:46,192] {logging_mixin.py:115} INFO - [2023-07-01 16:16:46,192] {dag.py:2919} INFO - Setting next_dagrun for example_branch_operator to 2023-06-30T00:00:00+00:00, run_after=2023-07-01T00:00:00+00:00
[2023-07-01 16:16:46,199] {processor.py:161} INFO - Processing /home/airflow/.local/lib/python3.7/site-packages/airflow/example_dags/example_branch_operator.py took 0.050 seconds
[2023-07-01 16:17:16,557] {processor.py:153} INFO - Started process (PID=247) to work on /home/airflow/.local/lib/python3.7/site-packages/airflow/example_dags/example_branch_operator.py
[2023-07-01 16:17:16,558] {processor.py:641} INFO - Processing file /home/airflow/.local/lib/python3.7/site-packages/airflow/example_dags/example_branch_operator.py for tasks to queue
[2023-07-01 16:17:16,559] {logging_mixin.py:115} INFO - [2023-07-01 16:17:16,559] {dagbag.py:507} INFO - Filling up the DagBag from /home/airflow/.local/lib/python3.7/site-packages/airflow/example_dags/example_branch_operator.py
[2023-07-01 16:17:16,566] {processor.py:651} INFO - DAG(s) dict_keys(['example_branch_operator']) retrieved from /home/airflow/.local/lib/python3.7/site-packages/airflow/example_dags/example_branch_operator.py
[2023-07-01 16:17:16,586] {logging_mixin.py:115} INFO - [2023-07-01 16:17:16,586] {dag.py:2371} INFO - Sync 1 DAGs
[2023-07-01 16:17:16,602] {logging_mixin.py:115} INFO - [2023-07-01 16:17:16,602] {dag.py:2919} INFO - Setting next_dagrun for example_branch_operator to 2023-06-30T00:00:00+00:00, run_after=2023-07-01T00:00:00+00:00
[2023-07-01 16:17:16,609] {processor.py:161} INFO - Processing /home/airflow/.local/lib/python3.7/site-packages/airflow/example_dags/example_branch_operator.py took 0.055 seconds
[2023-07-01 16:23:20,757] {processor.py:163} INFO - Started process (PID=300) to work on /home/airflow/.local/lib/python3.6/site-packages/airflow/example_dags/example_branch_operator.py
[2023-07-01 16:23:20,759] {processor.py:620} INFO - Processing file /home/airflow/.local/lib/python3.6/site-packages/airflow/example_dags/example_branch_operator.py for tasks to queue
[2023-07-01 16:23:20,760] {logging_mixin.py:109} INFO - [2023-07-01 16:23:20,759] {dagbag.py:500} INFO - Filling up the DagBag from /home/airflow/.local/lib/python3.6/site-packages/airflow/example_dags/example_branch_operator.py
[2023-07-01 16:23:20,852] {processor.py:632} INFO - DAG(s) dict_keys(['example_branch_operator']) retrieved from /home/airflow/.local/lib/python3.6/site-packages/airflow/example_dags/example_branch_operator.py
[2023-07-01 16:23:22,061] {logging_mixin.py:109} INFO - [2023-07-01 16:23:22,061] {opentelemetry_tracing.py:29} INFO - This service is instrumented using OpenTelemetry. OpenTelemetry could not be imported; please add opentelemetry-api and opentelemetry-instrumentation packages in order to get BigQuery Tracing data.
[2023-07-01 16:23:22,085] {logging_mixin.py:109} INFO - [2023-07-01 16:23:22,085] {providers_manager.py:156} WARNING - Exception when importing 'airflow.providers.google.leveldb.hooks.leveldb.LevelDBHook' from 'apache-airflow-providers-google' package: No module named 'plyvel'
[2023-07-01 16:23:22,316] {logging_mixin.py:109} INFO - [2023-07-01 16:23:22,316] {providers_manager.py:156} WARNING - Exception when importing 'airflow.providers.google.leveldb.hooks.leveldb.LevelDBHook' from 'apache-airflow-providers-google' package: No module named 'plyvel'
[2023-07-01 16:23:22,331] {logging_mixin.py:109} INFO - [2023-07-01 16:23:22,331] {manager.py:496} INFO - Created Permission View: can edit on DAG:example_branch_operator
[2023-07-01 16:23:22,336] {logging_mixin.py:109} INFO - [2023-07-01 16:23:22,336] {manager.py:496} INFO - Created Permission View: can read on DAG:example_branch_operator
[2023-07-01 16:23:22,338] {logging_mixin.py:109} INFO - [2023-07-01 16:23:22,337] {dag.py:2389} INFO - Sync 1 DAGs
[2023-07-01 16:23:22,344] {logging_mixin.py:109} INFO - [2023-07-01 16:23:22,344] {dag.py:2408} INFO - Creating ORM DAG for example_branch_operator
[2023-07-01 16:23:22,350] {logging_mixin.py:109} INFO - [2023-07-01 16:23:22,350] {dag.py:2914} INFO - Setting next_dagrun for example_branch_operator to 2023-06-30 00:00:00+00:00
[2023-07-01 16:23:22,358] {processor.py:171} INFO - Processing /home/airflow/.local/lib/python3.6/site-packages/airflow/example_dags/example_branch_operator.py took 1.603 seconds
[2023-07-01 16:23:52,688] {processor.py:163} INFO - Started process (PID=360) to work on /home/airflow/.local/lib/python3.6/site-packages/airflow/example_dags/example_branch_operator.py
[2023-07-01 16:23:52,689] {processor.py:620} INFO - Processing file /home/airflow/.local/lib/python3.6/site-packages/airflow/example_dags/example_branch_operator.py for tasks to queue
[2023-07-01 16:23:52,690] {logging_mixin.py:109} INFO - [2023-07-01 16:23:52,690] {dagbag.py:500} INFO - Filling up the DagBag from /home/airflow/.local/lib/python3.6/site-packages/airflow/example_dags/example_branch_operator.py
[2023-07-01 16:23:52,773] {processor.py:632} INFO - DAG(s) dict_keys(['example_branch_operator']) retrieved from /home/airflow/.local/lib/python3.6/site-packages/airflow/example_dags/example_branch_operator.py
[2023-07-01 16:23:52,782] {logging_mixin.py:109} INFO - [2023-07-01 16:23:52,782] {dag.py:2389} INFO - Sync 1 DAGs
[2023-07-01 16:23:52,793] {logging_mixin.py:109} INFO - [2023-07-01 16:23:52,793] {dag.py:2914} INFO - Setting next_dagrun for example_branch_operator to 2023-06-30 00:00:00+00:00
[2023-07-01 16:23:52,799] {processor.py:171} INFO - Processing /home/airflow/.local/lib/python3.6/site-packages/airflow/example_dags/example_branch_operator.py took 0.114 seconds
[2023-07-01 16:24:23,065] {processor.py:163} INFO - Started process (PID=416) to work on /home/airflow/.local/lib/python3.6/site-packages/airflow/example_dags/example_branch_operator.py
[2023-07-01 16:24:23,068] {processor.py:620} INFO - Processing file /home/airflow/.local/lib/python3.6/site-packages/airflow/example_dags/example_branch_operator.py for tasks to queue
[2023-07-01 16:24:23,070] {logging_mixin.py:109} INFO - [2023-07-01 16:24:23,069] {dagbag.py:500} INFO - Filling up the DagBag from /home/airflow/.local/lib/python3.6/site-packages/airflow/example_dags/example_branch_operator.py
[2023-07-01 16:24:23,162] {processor.py:632} INFO - DAG(s) dict_keys(['example_branch_operator']) retrieved from /home/airflow/.local/lib/python3.6/site-packages/airflow/example_dags/example_branch_operator.py
[2023-07-01 16:24:23,171] {logging_mixin.py:109} INFO - [2023-07-01 16:24:23,171] {dag.py:2389} INFO - Sync 1 DAGs
[2023-07-01 16:24:23,181] {logging_mixin.py:109} INFO - [2023-07-01 16:24:23,181] {dag.py:2914} INFO - Setting next_dagrun for example_branch_operator to 2023-06-30 00:00:00+00:00
[2023-07-01 16:24:23,187] {processor.py:171} INFO - Processing /home/airflow/.local/lib/python3.6/site-packages/airflow/example_dags/example_branch_operator.py took 0.128 seconds
[2023-07-01 16:24:53,291] {processor.py:163} INFO - Started process (PID=470) to work on /home/airflow/.local/lib/python3.6/site-packages/airflow/example_dags/example_branch_operator.py
[2023-07-01 16:24:53,293] {processor.py:620} INFO - Processing file /home/airflow/.local/lib/python3.6/site-packages/airflow/example_dags/example_branch_operator.py for tasks to queue
[2023-07-01 16:24:53,294] {logging_mixin.py:109} INFO - [2023-07-01 16:24:53,294] {dagbag.py:500} INFO - Filling up the DagBag from /home/airflow/.local/lib/python3.6/site-packages/airflow/example_dags/example_branch_operator.py
[2023-07-01 16:24:53,326] {processor.py:632} INFO - DAG(s) dict_keys(['example_branch_operator']) retrieved from /home/airflow/.local/lib/python3.6/site-packages/airflow/example_dags/example_branch_operator.py
[2023-07-01 16:24:53,338] {logging_mixin.py:109} INFO - [2023-07-01 16:24:53,337] {dag.py:2389} INFO - Sync 1 DAGs
[2023-07-01 16:24:53,352] {logging_mixin.py:109} INFO - [2023-07-01 16:24:53,352] {dag.py:2914} INFO - Setting next_dagrun for example_branch_operator to 2023-06-30 00:00:00+00:00
[2023-07-01 16:24:53,359] {processor.py:171} INFO - Processing /home/airflow/.local/lib/python3.6/site-packages/airflow/example_dags/example_branch_operator.py took 0.073 seconds
[2023-07-01 16:25:23,386] {processor.py:163} INFO - Started process (PID=524) to work on /home/airflow/.local/lib/python3.6/site-packages/airflow/example_dags/example_branch_operator.py
[2023-07-01 16:25:23,388] {processor.py:620} INFO - Processing file /home/airflow/.local/lib/python3.6/site-packages/airflow/example_dags/example_branch_operator.py for tasks to queue
[2023-07-01 16:25:23,388] {logging_mixin.py:109} INFO - [2023-07-01 16:25:23,388] {dagbag.py:500} INFO - Filling up the DagBag from /home/airflow/.local/lib/python3.6/site-packages/airflow/example_dags/example_branch_operator.py
[2023-07-01 16:25:23,413] {processor.py:632} INFO - DAG(s) dict_keys(['example_branch_operator']) retrieved from /home/airflow/.local/lib/python3.6/site-packages/airflow/example_dags/example_branch_operator.py
[2023-07-01 16:25:23,423] {logging_mixin.py:109} INFO - [2023-07-01 16:25:23,423] {dag.py:2389} INFO - Sync 1 DAGs
[2023-07-01 16:25:23,436] {logging_mixin.py:109} INFO - [2023-07-01 16:25:23,436] {dag.py:2914} INFO - Setting next_dagrun for example_branch_operator to 2023-06-30 00:00:00+00:00
[2023-07-01 16:25:23,443] {processor.py:171} INFO - Processing /home/airflow/.local/lib/python3.6/site-packages/airflow/example_dags/example_branch_operator.py took 0.059 seconds
[2023-07-01 16:25:54,102] {processor.py:163} INFO - Started process (PID=576) to work on /home/airflow/.local/lib/python3.6/site-packages/airflow/example_dags/example_branch_operator.py
[2023-07-01 16:25:54,104] {processor.py:620} INFO - Processing file /home/airflow/.local/lib/python3.6/site-packages/airflow/example_dags/example_branch_operator.py for tasks to queue
[2023-07-01 16:25:54,106] {logging_mixin.py:109} INFO - [2023-07-01 16:25:54,105] {dagbag.py:500} INFO - Filling up the DagBag from /home/airflow/.local/lib/python3.6/site-packages/airflow/example_dags/example_branch_operator.py
[2023-07-01 16:25:54,141] {processor.py:632} INFO - DAG(s) dict_keys(['example_branch_operator']) retrieved from /home/airflow/.local/lib/python3.6/site-packages/airflow/example_dags/example_branch_operator.py
[2023-07-01 16:25:54,154] {logging_mixin.py:109} INFO - [2023-07-01 16:25:54,154] {dag.py:2389} INFO - Sync 1 DAGs
[2023-07-01 16:25:54,170] {logging_mixin.py:109} INFO - [2023-07-01 16:25:54,170] {dag.py:2914} INFO - Setting next_dagrun for example_branch_operator to 2023-06-30 00:00:00+00:00
[2023-07-01 16:25:54,177] {processor.py:171} INFO - Processing /home/airflow/.local/lib/python3.6/site-packages/airflow/example_dags/example_branch_operator.py took 0.078 seconds
[2023-07-01 16:26:25,001] {processor.py:163} INFO - Started process (PID=630) to work on /home/airflow/.local/lib/python3.6/site-packages/airflow/example_dags/example_branch_operator.py
[2023-07-01 16:26:25,003] {processor.py:620} INFO - Processing file /home/airflow/.local/lib/python3.6/site-packages/airflow/example_dags/example_branch_operator.py for tasks to queue
[2023-07-01 16:26:25,004] {logging_mixin.py:109} INFO - [2023-07-01 16:26:25,004] {dagbag.py:500} INFO - Filling up the DagBag from /home/airflow/.local/lib/python3.6/site-packages/airflow/example_dags/example_branch_operator.py
[2023-07-01 16:26:25,040] {processor.py:632} INFO - DAG(s) dict_keys(['example_branch_operator']) retrieved from /home/airflow/.local/lib/python3.6/site-packages/airflow/example_dags/example_branch_operator.py
[2023-07-01 16:26:25,052] {logging_mixin.py:109} INFO - [2023-07-01 16:26:25,051] {dag.py:2389} INFO - Sync 1 DAGs
[2023-07-01 16:26:25,065] {logging_mixin.py:109} INFO - [2023-07-01 16:26:25,065] {dag.py:2914} INFO - Setting next_dagrun for example_branch_operator to 2023-06-30 00:00:00+00:00
[2023-07-01 16:26:25,071] {processor.py:171} INFO - Processing /home/airflow/.local/lib/python3.6/site-packages/airflow/example_dags/example_branch_operator.py took 0.075 seconds
[2023-07-01 16:26:55,945] {processor.py:163} INFO - Started process (PID=684) to work on /home/airflow/.local/lib/python3.6/site-packages/airflow/example_dags/example_branch_operator.py
[2023-07-01 16:26:55,947] {processor.py:620} INFO - Processing file /home/airflow/.local/lib/python3.6/site-packages/airflow/example_dags/example_branch_operator.py for tasks to queue
[2023-07-01 16:26:55,948] {logging_mixin.py:109} INFO - [2023-07-01 16:26:55,948] {dagbag.py:500} INFO - Filling up the DagBag from /home/airflow/.local/lib/python3.6/site-packages/airflow/example_dags/example_branch_operator.py
[2023-07-01 16:26:55,980] {processor.py:632} INFO - DAG(s) dict_keys(['example_branch_operator']) retrieved from /home/airflow/.local/lib/python3.6/site-packages/airflow/example_dags/example_branch_operator.py
[2023-07-01 16:26:55,992] {logging_mixin.py:109} INFO - [2023-07-01 16:26:55,992] {dag.py:2389} INFO - Sync 1 DAGs
[2023-07-01 16:26:56,005] {logging_mixin.py:109} INFO - [2023-07-01 16:26:56,005] {dag.py:2914} INFO - Setting next_dagrun for example_branch_operator to 2023-06-30 00:00:00+00:00
[2023-07-01 16:26:56,011] {processor.py:171} INFO - Processing /home/airflow/.local/lib/python3.6/site-packages/airflow/example_dags/example_branch_operator.py took 0.070 seconds
