[2023-07-01 16:15:42,657] {processor.py:153} INFO - Started process (PID=59) to work on /home/airflow/.local/lib/python3.7/site-packages/airflow/example_dags/example_sla_dag.py
[2023-07-01 16:15:42,657] {processor.py:641} INFO - Processing file /home/airflow/.local/lib/python3.7/site-packages/airflow/example_dags/example_sla_dag.py for tasks to queue
[2023-07-01 16:15:42,658] {logging_mixin.py:115} INFO - [2023-07-01 16:15:42,658] {dagbag.py:507} INFO - Filling up the DagBag from /home/airflow/.local/lib/python3.7/site-packages/airflow/example_dags/example_sla_dag.py
[2023-07-01 16:15:42,673] {processor.py:651} INFO - DAG(s) dict_keys(['example_sla_dag']) retrieved from /home/airflow/.local/lib/python3.7/site-packages/airflow/example_dags/example_sla_dag.py
[2023-07-01 16:15:42,748] {logging_mixin.py:115} INFO - [2023-07-01 16:15:42,747] {manager.py:508} INFO - Created Permission View: can edit on DAG:example_sla_dag
[2023-07-01 16:15:42,756] {logging_mixin.py:115} INFO - [2023-07-01 16:15:42,756] {manager.py:508} INFO - Created Permission View: can delete on DAG:example_sla_dag
[2023-07-01 16:15:42,759] {logging_mixin.py:115} INFO - [2023-07-01 16:15:42,759] {manager.py:508} INFO - Created Permission View: can read on DAG:example_sla_dag
[2023-07-01 16:15:42,760] {logging_mixin.py:115} INFO - [2023-07-01 16:15:42,760] {dag.py:2371} INFO - Sync 1 DAGs
[2023-07-01 16:15:42,766] {logging_mixin.py:115} INFO - [2023-07-01 16:15:42,766] {dag.py:2390} INFO - Creating ORM DAG for example_sla_dag
[2023-07-01 16:15:42,786] {logging_mixin.py:115} INFO - [2023-07-01 16:15:42,786] {dag.py:2919} INFO - Setting next_dagrun for example_sla_dag to 2023-07-01T16:12:00+00:00, run_after=2023-07-01T16:14:00+00:00
[2023-07-01 16:15:42,804] {processor.py:161} INFO - Processing /home/airflow/.local/lib/python3.7/site-packages/airflow/example_dags/example_sla_dag.py took 0.150 seconds
[2023-07-01 16:16:13,816] {processor.py:153} INFO - Started process (PID=114) to work on /home/airflow/.local/lib/python3.7/site-packages/airflow/example_dags/example_sla_dag.py
[2023-07-01 16:16:13,820] {processor.py:641} INFO - Processing file /home/airflow/.local/lib/python3.7/site-packages/airflow/example_dags/example_sla_dag.py for tasks to queue
[2023-07-01 16:16:13,821] {logging_mixin.py:115} INFO - [2023-07-01 16:16:13,821] {dagbag.py:507} INFO - Filling up the DagBag from /home/airflow/.local/lib/python3.7/site-packages/airflow/example_dags/example_sla_dag.py
[2023-07-01 16:16:13,841] {processor.py:651} INFO - DAG(s) dict_keys(['example_sla_dag']) retrieved from /home/airflow/.local/lib/python3.7/site-packages/airflow/example_dags/example_sla_dag.py
[2023-07-01 16:16:13,861] {logging_mixin.py:115} INFO - [2023-07-01 16:16:13,861] {dag.py:2371} INFO - Sync 1 DAGs
[2023-07-01 16:16:13,876] {logging_mixin.py:115} INFO - [2023-07-01 16:16:13,876] {dag.py:2919} INFO - Setting next_dagrun for example_sla_dag to 2023-07-01T16:14:00+00:00, run_after=2023-07-01T16:16:00+00:00
[2023-07-01 16:16:13,883] {processor.py:161} INFO - Processing /home/airflow/.local/lib/python3.7/site-packages/airflow/example_dags/example_sla_dag.py took 0.073 seconds
[2023-07-01 16:16:44,284] {processor.py:153} INFO - Started process (PID=169) to work on /home/airflow/.local/lib/python3.7/site-packages/airflow/example_dags/example_sla_dag.py
[2023-07-01 16:16:44,285] {processor.py:641} INFO - Processing file /home/airflow/.local/lib/python3.7/site-packages/airflow/example_dags/example_sla_dag.py for tasks to queue
[2023-07-01 16:16:44,287] {logging_mixin.py:115} INFO - [2023-07-01 16:16:44,286] {dagbag.py:507} INFO - Filling up the DagBag from /home/airflow/.local/lib/python3.7/site-packages/airflow/example_dags/example_sla_dag.py
[2023-07-01 16:16:44,308] {processor.py:651} INFO - DAG(s) dict_keys(['example_sla_dag']) retrieved from /home/airflow/.local/lib/python3.7/site-packages/airflow/example_dags/example_sla_dag.py
[2023-07-01 16:16:44,330] {logging_mixin.py:115} INFO - [2023-07-01 16:16:44,330] {dag.py:2371} INFO - Sync 1 DAGs
[2023-07-01 16:16:44,345] {logging_mixin.py:115} INFO - [2023-07-01 16:16:44,345] {dag.py:2919} INFO - Setting next_dagrun for example_sla_dag to 2023-07-01T16:14:00+00:00, run_after=2023-07-01T16:16:00+00:00
[2023-07-01 16:16:44,352] {processor.py:161} INFO - Processing /home/airflow/.local/lib/python3.7/site-packages/airflow/example_dags/example_sla_dag.py took 0.075 seconds
[2023-07-01 16:17:14,690] {processor.py:153} INFO - Started process (PID=223) to work on /home/airflow/.local/lib/python3.7/site-packages/airflow/example_dags/example_sla_dag.py
[2023-07-01 16:17:14,691] {processor.py:641} INFO - Processing file /home/airflow/.local/lib/python3.7/site-packages/airflow/example_dags/example_sla_dag.py for tasks to queue
[2023-07-01 16:17:14,692] {logging_mixin.py:115} INFO - [2023-07-01 16:17:14,692] {dagbag.py:507} INFO - Filling up the DagBag from /home/airflow/.local/lib/python3.7/site-packages/airflow/example_dags/example_sla_dag.py
[2023-07-01 16:17:14,706] {processor.py:651} INFO - DAG(s) dict_keys(['example_sla_dag']) retrieved from /home/airflow/.local/lib/python3.7/site-packages/airflow/example_dags/example_sla_dag.py
[2023-07-01 16:17:14,726] {logging_mixin.py:115} INFO - [2023-07-01 16:17:14,726] {dag.py:2371} INFO - Sync 1 DAGs
[2023-07-01 16:17:14,741] {logging_mixin.py:115} INFO - [2023-07-01 16:17:14,741] {dag.py:2919} INFO - Setting next_dagrun for example_sla_dag to 2023-07-01T16:14:00+00:00, run_after=2023-07-01T16:16:00+00:00
[2023-07-01 16:17:14,748] {processor.py:161} INFO - Processing /home/airflow/.local/lib/python3.7/site-packages/airflow/example_dags/example_sla_dag.py took 0.062 seconds
