[2023-07-01 16:15:42,449] {processor.py:153} INFO - Started process (PID=51) to work on /home/airflow/.local/lib/python3.7/site-packages/airflow/example_dags/example_trigger_controller_dag.py
[2023-07-01 16:15:42,450] {processor.py:641} INFO - Processing file /home/airflow/.local/lib/python3.7/site-packages/airflow/example_dags/example_trigger_controller_dag.py for tasks to queue
[2023-07-01 16:15:42,452] {logging_mixin.py:115} INFO - [2023-07-01 16:15:42,452] {dagbag.py:507} INFO - Filling up the DagBag from /home/airflow/.local/lib/python3.7/site-packages/airflow/example_dags/example_trigger_controller_dag.py
[2023-07-01 16:15:42,455] {processor.py:651} INFO - DAG(s) dict_keys(['example_trigger_controller_dag']) retrieved from /home/airflow/.local/lib/python3.7/site-packages/airflow/example_dags/example_trigger_controller_dag.py
[2023-07-01 16:15:42,522] {logging_mixin.py:115} INFO - [2023-07-01 16:15:42,522] {manager.py:508} INFO - Created Permission View: can edit on DAG:example_trigger_controller_dag
[2023-07-01 16:15:42,528] {logging_mixin.py:115} INFO - [2023-07-01 16:15:42,528] {manager.py:508} INFO - Created Permission View: can delete on DAG:example_trigger_controller_dag
[2023-07-01 16:15:42,532] {logging_mixin.py:115} INFO - [2023-07-01 16:15:42,531] {manager.py:508} INFO - Created Permission View: can read on DAG:example_trigger_controller_dag
[2023-07-01 16:15:42,532] {logging_mixin.py:115} INFO - [2023-07-01 16:15:42,532] {dag.py:2371} INFO - Sync 1 DAGs
[2023-07-01 16:15:42,542] {logging_mixin.py:115} INFO - [2023-07-01 16:15:42,542] {dag.py:2390} INFO - Creating ORM DAG for example_trigger_controller_dag
[2023-07-01 16:15:42,558] {logging_mixin.py:115} INFO - [2023-07-01 16:15:42,558] {dag.py:2919} INFO - Setting next_dagrun for example_trigger_controller_dag to 2021-01-01T00:00:00+00:00, run_after=2021-01-01T00:00:00+00:00
[2023-07-01 16:15:42,570] {processor.py:161} INFO - Processing /home/airflow/.local/lib/python3.7/site-packages/airflow/example_dags/example_trigger_controller_dag.py took 0.123 seconds
[2023-07-01 16:16:12,709] {processor.py:153} INFO - Started process (PID=112) to work on /home/airflow/.local/lib/python3.7/site-packages/airflow/example_dags/example_trigger_controller_dag.py
[2023-07-01 16:16:12,710] {processor.py:641} INFO - Processing file /home/airflow/.local/lib/python3.7/site-packages/airflow/example_dags/example_trigger_controller_dag.py for tasks to queue
[2023-07-01 16:16:12,711] {logging_mixin.py:115} INFO - [2023-07-01 16:16:12,711] {dagbag.py:507} INFO - Filling up the DagBag from /home/airflow/.local/lib/python3.7/site-packages/airflow/example_dags/example_trigger_controller_dag.py
[2023-07-01 16:16:12,713] {processor.py:651} INFO - DAG(s) dict_keys(['example_trigger_controller_dag']) retrieved from /home/airflow/.local/lib/python3.7/site-packages/airflow/example_dags/example_trigger_controller_dag.py
[2023-07-01 16:16:12,732] {logging_mixin.py:115} INFO - [2023-07-01 16:16:12,732] {dag.py:2371} INFO - Sync 1 DAGs
[2023-07-01 16:16:12,745] {logging_mixin.py:115} INFO - [2023-07-01 16:16:12,745] {dag.py:2919} INFO - Setting next_dagrun for example_trigger_controller_dag to 2021-01-01T00:00:00+00:00, run_after=2021-01-01T00:00:00+00:00
[2023-07-01 16:16:12,752] {processor.py:161} INFO - Processing /home/airflow/.local/lib/python3.7/site-packages/airflow/example_dags/example_trigger_controller_dag.py took 0.045 seconds
[2023-07-01 16:16:43,234] {processor.py:153} INFO - Started process (PID=167) to work on /home/airflow/.local/lib/python3.7/site-packages/airflow/example_dags/example_trigger_controller_dag.py
[2023-07-01 16:16:43,235] {processor.py:641} INFO - Processing file /home/airflow/.local/lib/python3.7/site-packages/airflow/example_dags/example_trigger_controller_dag.py for tasks to queue
[2023-07-01 16:16:43,235] {logging_mixin.py:115} INFO - [2023-07-01 16:16:43,235] {dagbag.py:507} INFO - Filling up the DagBag from /home/airflow/.local/lib/python3.7/site-packages/airflow/example_dags/example_trigger_controller_dag.py
[2023-07-01 16:16:43,238] {processor.py:651} INFO - DAG(s) dict_keys(['example_trigger_controller_dag']) retrieved from /home/airflow/.local/lib/python3.7/site-packages/airflow/example_dags/example_trigger_controller_dag.py
[2023-07-01 16:16:43,258] {logging_mixin.py:115} INFO - [2023-07-01 16:16:43,258] {dag.py:2371} INFO - Sync 1 DAGs
[2023-07-01 16:16:43,272] {logging_mixin.py:115} INFO - [2023-07-01 16:16:43,272] {dag.py:2919} INFO - Setting next_dagrun for example_trigger_controller_dag to 2021-01-01T00:00:00+00:00, run_after=2021-01-01T00:00:00+00:00
[2023-07-01 16:16:43,281] {processor.py:161} INFO - Processing /home/airflow/.local/lib/python3.7/site-packages/airflow/example_dags/example_trigger_controller_dag.py took 0.049 seconds
[2023-07-01 16:17:13,598] {processor.py:153} INFO - Started process (PID=221) to work on /home/airflow/.local/lib/python3.7/site-packages/airflow/example_dags/example_trigger_controller_dag.py
[2023-07-01 16:17:13,599] {processor.py:641} INFO - Processing file /home/airflow/.local/lib/python3.7/site-packages/airflow/example_dags/example_trigger_controller_dag.py for tasks to queue
[2023-07-01 16:17:13,600] {logging_mixin.py:115} INFO - [2023-07-01 16:17:13,600] {dagbag.py:507} INFO - Filling up the DagBag from /home/airflow/.local/lib/python3.7/site-packages/airflow/example_dags/example_trigger_controller_dag.py
[2023-07-01 16:17:13,602] {processor.py:651} INFO - DAG(s) dict_keys(['example_trigger_controller_dag']) retrieved from /home/airflow/.local/lib/python3.7/site-packages/airflow/example_dags/example_trigger_controller_dag.py
[2023-07-01 16:17:13,622] {logging_mixin.py:115} INFO - [2023-07-01 16:17:13,622] {dag.py:2371} INFO - Sync 1 DAGs
[2023-07-01 16:17:13,637] {logging_mixin.py:115} INFO - [2023-07-01 16:17:13,637] {dag.py:2919} INFO - Setting next_dagrun for example_trigger_controller_dag to 2021-01-01T00:00:00+00:00, run_after=2021-01-01T00:00:00+00:00
[2023-07-01 16:17:13,644] {processor.py:161} INFO - Processing /home/airflow/.local/lib/python3.7/site-packages/airflow/example_dags/example_trigger_controller_dag.py took 0.048 seconds
[2023-07-01 16:22:59,380] {processor.py:163} INFO - Started process (PID=142) to work on /home/airflow/.local/lib/python3.6/site-packages/airflow/example_dags/example_trigger_controller_dag.py
[2023-07-01 16:22:59,386] {processor.py:620} INFO - Processing file /home/airflow/.local/lib/python3.6/site-packages/airflow/example_dags/example_trigger_controller_dag.py for tasks to queue
[2023-07-01 16:22:59,387] {logging_mixin.py:109} INFO - [2023-07-01 16:22:59,387] {dagbag.py:500} INFO - Filling up the DagBag from /home/airflow/.local/lib/python3.6/site-packages/airflow/example_dags/example_trigger_controller_dag.py
[2023-07-01 16:22:59,473] {processor.py:632} INFO - DAG(s) dict_keys(['example_trigger_controller_dag']) retrieved from /home/airflow/.local/lib/python3.6/site-packages/airflow/example_dags/example_trigger_controller_dag.py
[2023-07-01 16:23:00,829] {logging_mixin.py:109} INFO - [2023-07-01 16:23:00,829] {opentelemetry_tracing.py:29} INFO - This service is instrumented using OpenTelemetry. OpenTelemetry could not be imported; please add opentelemetry-api and opentelemetry-instrumentation packages in order to get BigQuery Tracing data.
[2023-07-01 16:23:00,852] {logging_mixin.py:109} INFO - [2023-07-01 16:23:00,852] {providers_manager.py:156} WARNING - Exception when importing 'airflow.providers.google.leveldb.hooks.leveldb.LevelDBHook' from 'apache-airflow-providers-google' package: No module named 'plyvel'
[2023-07-01 16:23:01,081] {logging_mixin.py:109} INFO - [2023-07-01 16:23:01,081] {providers_manager.py:156} WARNING - Exception when importing 'airflow.providers.google.leveldb.hooks.leveldb.LevelDBHook' from 'apache-airflow-providers-google' package: No module named 'plyvel'
[2023-07-01 16:23:01,096] {logging_mixin.py:109} INFO - [2023-07-01 16:23:01,096] {manager.py:496} INFO - Created Permission View: can edit on DAG:example_trigger_controller_dag
[2023-07-01 16:23:01,101] {logging_mixin.py:109} INFO - [2023-07-01 16:23:01,101] {manager.py:496} INFO - Created Permission View: can read on DAG:example_trigger_controller_dag
[2023-07-01 16:23:01,102] {logging_mixin.py:109} INFO - [2023-07-01 16:23:01,101] {dag.py:2389} INFO - Sync 1 DAGs
[2023-07-01 16:23:01,109] {logging_mixin.py:109} INFO - [2023-07-01 16:23:01,109] {dag.py:2408} INFO - Creating ORM DAG for example_trigger_controller_dag
[2023-07-01 16:23:01,113] {logging_mixin.py:109} INFO - [2023-07-01 16:23:01,113] {dag.py:2914} INFO - Setting next_dagrun for example_trigger_controller_dag to 2021-01-01T00:00:00+00:00
[2023-07-01 16:23:01,121] {processor.py:171} INFO - Processing /home/airflow/.local/lib/python3.6/site-packages/airflow/example_dags/example_trigger_controller_dag.py took 1.745 seconds
[2023-07-01 16:23:31,568] {processor.py:163} INFO - Started process (PID=321) to work on /home/airflow/.local/lib/python3.6/site-packages/airflow/example_dags/example_trigger_controller_dag.py
[2023-07-01 16:23:31,569] {processor.py:620} INFO - Processing file /home/airflow/.local/lib/python3.6/site-packages/airflow/example_dags/example_trigger_controller_dag.py for tasks to queue
[2023-07-01 16:23:31,570] {logging_mixin.py:109} INFO - [2023-07-01 16:23:31,570] {dagbag.py:500} INFO - Filling up the DagBag from /home/airflow/.local/lib/python3.6/site-packages/airflow/example_dags/example_trigger_controller_dag.py
[2023-07-01 16:23:31,653] {processor.py:632} INFO - DAG(s) dict_keys(['example_trigger_controller_dag']) retrieved from /home/airflow/.local/lib/python3.6/site-packages/airflow/example_dags/example_trigger_controller_dag.py
[2023-07-01 16:23:31,662] {logging_mixin.py:109} INFO - [2023-07-01 16:23:31,661] {dag.py:2389} INFO - Sync 1 DAGs
[2023-07-01 16:23:31,671] {logging_mixin.py:109} INFO - [2023-07-01 16:23:31,671] {dag.py:2914} INFO - Setting next_dagrun for example_trigger_controller_dag to 2021-01-01T00:00:00+00:00
[2023-07-01 16:23:31,678] {processor.py:171} INFO - Processing /home/airflow/.local/lib/python3.6/site-packages/airflow/example_dags/example_trigger_controller_dag.py took 0.114 seconds
[2023-07-01 16:24:02,232] {processor.py:163} INFO - Started process (PID=375) to work on /home/airflow/.local/lib/python3.6/site-packages/airflow/example_dags/example_trigger_controller_dag.py
[2023-07-01 16:24:02,233] {processor.py:620} INFO - Processing file /home/airflow/.local/lib/python3.6/site-packages/airflow/example_dags/example_trigger_controller_dag.py for tasks to queue
[2023-07-01 16:24:02,235] {logging_mixin.py:109} INFO - [2023-07-01 16:24:02,234] {dagbag.py:500} INFO - Filling up the DagBag from /home/airflow/.local/lib/python3.6/site-packages/airflow/example_dags/example_trigger_controller_dag.py
[2023-07-01 16:24:02,327] {processor.py:632} INFO - DAG(s) dict_keys(['example_trigger_controller_dag']) retrieved from /home/airflow/.local/lib/python3.6/site-packages/airflow/example_dags/example_trigger_controller_dag.py
[2023-07-01 16:24:02,335] {logging_mixin.py:109} INFO - [2023-07-01 16:24:02,335] {dag.py:2389} INFO - Sync 1 DAGs
[2023-07-01 16:24:02,345] {logging_mixin.py:109} INFO - [2023-07-01 16:24:02,345] {dag.py:2914} INFO - Setting next_dagrun for example_trigger_controller_dag to 2021-01-01T00:00:00+00:00
[2023-07-01 16:24:02,351] {processor.py:171} INFO - Processing /home/airflow/.local/lib/python3.6/site-packages/airflow/example_dags/example_trigger_controller_dag.py took 0.123 seconds
[2023-07-01 16:24:32,542] {processor.py:163} INFO - Started process (PID=430) to work on /home/airflow/.local/lib/python3.6/site-packages/airflow/example_dags/example_trigger_controller_dag.py
[2023-07-01 16:24:32,544] {processor.py:620} INFO - Processing file /home/airflow/.local/lib/python3.6/site-packages/airflow/example_dags/example_trigger_controller_dag.py for tasks to queue
[2023-07-01 16:24:32,545] {logging_mixin.py:109} INFO - [2023-07-01 16:24:32,545] {dagbag.py:500} INFO - Filling up the DagBag from /home/airflow/.local/lib/python3.6/site-packages/airflow/example_dags/example_trigger_controller_dag.py
[2023-07-01 16:24:32,577] {processor.py:632} INFO - DAG(s) dict_keys(['example_trigger_controller_dag']) retrieved from /home/airflow/.local/lib/python3.6/site-packages/airflow/example_dags/example_trigger_controller_dag.py
[2023-07-01 16:24:32,591] {logging_mixin.py:109} INFO - [2023-07-01 16:24:32,591] {dag.py:2389} INFO - Sync 1 DAGs
[2023-07-01 16:24:32,605] {logging_mixin.py:109} INFO - [2023-07-01 16:24:32,605] {dag.py:2914} INFO - Setting next_dagrun for example_trigger_controller_dag to 2021-01-01T00:00:00+00:00
[2023-07-01 16:24:32,613] {processor.py:171} INFO - Processing /home/airflow/.local/lib/python3.6/site-packages/airflow/example_dags/example_trigger_controller_dag.py took 0.075 seconds
[2023-07-01 16:25:02,675] {processor.py:163} INFO - Started process (PID=484) to work on /home/airflow/.local/lib/python3.6/site-packages/airflow/example_dags/example_trigger_controller_dag.py
[2023-07-01 16:25:02,677] {processor.py:620} INFO - Processing file /home/airflow/.local/lib/python3.6/site-packages/airflow/example_dags/example_trigger_controller_dag.py for tasks to queue
[2023-07-01 16:25:02,677] {logging_mixin.py:109} INFO - [2023-07-01 16:25:02,677] {dagbag.py:500} INFO - Filling up the DagBag from /home/airflow/.local/lib/python3.6/site-packages/airflow/example_dags/example_trigger_controller_dag.py
[2023-07-01 16:25:02,700] {processor.py:632} INFO - DAG(s) dict_keys(['example_trigger_controller_dag']) retrieved from /home/airflow/.local/lib/python3.6/site-packages/airflow/example_dags/example_trigger_controller_dag.py
[2023-07-01 16:25:02,710] {logging_mixin.py:109} INFO - [2023-07-01 16:25:02,710] {dag.py:2389} INFO - Sync 1 DAGs
[2023-07-01 16:25:02,722] {logging_mixin.py:109} INFO - [2023-07-01 16:25:02,722] {dag.py:2914} INFO - Setting next_dagrun for example_trigger_controller_dag to 2021-01-01T00:00:00+00:00
[2023-07-01 16:25:02,729] {processor.py:171} INFO - Processing /home/airflow/.local/lib/python3.6/site-packages/airflow/example_dags/example_trigger_controller_dag.py took 0.057 seconds
[2023-07-01 16:25:32,843] {processor.py:163} INFO - Started process (PID=538) to work on /home/airflow/.local/lib/python3.6/site-packages/airflow/example_dags/example_trigger_controller_dag.py
[2023-07-01 16:25:32,844] {processor.py:620} INFO - Processing file /home/airflow/.local/lib/python3.6/site-packages/airflow/example_dags/example_trigger_controller_dag.py for tasks to queue
[2023-07-01 16:25:32,845] {logging_mixin.py:109} INFO - [2023-07-01 16:25:32,845] {dagbag.py:500} INFO - Filling up the DagBag from /home/airflow/.local/lib/python3.6/site-packages/airflow/example_dags/example_trigger_controller_dag.py
[2023-07-01 16:25:32,870] {processor.py:632} INFO - DAG(s) dict_keys(['example_trigger_controller_dag']) retrieved from /home/airflow/.local/lib/python3.6/site-packages/airflow/example_dags/example_trigger_controller_dag.py
[2023-07-01 16:25:32,880] {logging_mixin.py:109} INFO - [2023-07-01 16:25:32,880] {dag.py:2389} INFO - Sync 1 DAGs
[2023-07-01 16:25:32,891] {logging_mixin.py:109} INFO - [2023-07-01 16:25:32,891] {dag.py:2914} INFO - Setting next_dagrun for example_trigger_controller_dag to 2021-01-01T00:00:00+00:00
[2023-07-01 16:25:32,898] {processor.py:171} INFO - Processing /home/airflow/.local/lib/python3.6/site-packages/airflow/example_dags/example_trigger_controller_dag.py took 0.058 seconds
[2023-07-01 16:26:03,614] {processor.py:163} INFO - Started process (PID=591) to work on /home/airflow/.local/lib/python3.6/site-packages/airflow/example_dags/example_trigger_controller_dag.py
[2023-07-01 16:26:03,616] {processor.py:620} INFO - Processing file /home/airflow/.local/lib/python3.6/site-packages/airflow/example_dags/example_trigger_controller_dag.py for tasks to queue
[2023-07-01 16:26:03,617] {logging_mixin.py:109} INFO - [2023-07-01 16:26:03,617] {dagbag.py:500} INFO - Filling up the DagBag from /home/airflow/.local/lib/python3.6/site-packages/airflow/example_dags/example_trigger_controller_dag.py
[2023-07-01 16:26:03,641] {processor.py:632} INFO - DAG(s) dict_keys(['example_trigger_controller_dag']) retrieved from /home/airflow/.local/lib/python3.6/site-packages/airflow/example_dags/example_trigger_controller_dag.py
[2023-07-01 16:26:03,651] {logging_mixin.py:109} INFO - [2023-07-01 16:26:03,651] {dag.py:2389} INFO - Sync 1 DAGs
[2023-07-01 16:26:03,662] {logging_mixin.py:109} INFO - [2023-07-01 16:26:03,662] {dag.py:2914} INFO - Setting next_dagrun for example_trigger_controller_dag to 2021-01-01T00:00:00+00:00
[2023-07-01 16:26:03,669] {processor.py:171} INFO - Processing /home/airflow/.local/lib/python3.6/site-packages/airflow/example_dags/example_trigger_controller_dag.py took 0.058 seconds
[2023-07-01 16:26:34,572] {processor.py:163} INFO - Started process (PID=645) to work on /home/airflow/.local/lib/python3.6/site-packages/airflow/example_dags/example_trigger_controller_dag.py
[2023-07-01 16:26:34,574] {processor.py:620} INFO - Processing file /home/airflow/.local/lib/python3.6/site-packages/airflow/example_dags/example_trigger_controller_dag.py for tasks to queue
[2023-07-01 16:26:34,576] {logging_mixin.py:109} INFO - [2023-07-01 16:26:34,576] {dagbag.py:500} INFO - Filling up the DagBag from /home/airflow/.local/lib/python3.6/site-packages/airflow/example_dags/example_trigger_controller_dag.py
[2023-07-01 16:26:34,609] {processor.py:632} INFO - DAG(s) dict_keys(['example_trigger_controller_dag']) retrieved from /home/airflow/.local/lib/python3.6/site-packages/airflow/example_dags/example_trigger_controller_dag.py
[2023-07-01 16:26:34,620] {logging_mixin.py:109} INFO - [2023-07-01 16:26:34,619] {dag.py:2389} INFO - Sync 1 DAGs
[2023-07-01 16:26:34,632] {logging_mixin.py:109} INFO - [2023-07-01 16:26:34,632] {dag.py:2914} INFO - Setting next_dagrun for example_trigger_controller_dag to 2021-01-01T00:00:00+00:00
[2023-07-01 16:26:34,639] {processor.py:171} INFO - Processing /home/airflow/.local/lib/python3.6/site-packages/airflow/example_dags/example_trigger_controller_dag.py took 0.073 seconds
