[2023-07-01 16:22:55,731] {processor.py:163} INFO - Started process (PID=119) to work on /home/airflow/.local/lib/python3.6/site-packages/airflow/example_dags/example_kubernetes_executor_config.py
[2023-07-01 16:22:55,745] {processor.py:620} INFO - Processing file /home/airflow/.local/lib/python3.6/site-packages/airflow/example_dags/example_kubernetes_executor_config.py for tasks to queue
[2023-07-01 16:22:55,748] {logging_mixin.py:109} INFO - [2023-07-01 16:22:55,748] {dagbag.py:500} INFO - Filling up the DagBag from /home/airflow/.local/lib/python3.6/site-packages/airflow/example_dags/example_kubernetes_executor_config.py
[2023-07-01 16:22:55,861] {processor.py:632} INFO - DAG(s) dict_keys(['example_kubernetes_executor_config']) retrieved from /home/airflow/.local/lib/python3.6/site-packages/airflow/example_dags/example_kubernetes_executor_config.py
[2023-07-01 16:22:57,268] {logging_mixin.py:109} INFO - [2023-07-01 16:22:57,268] {opentelemetry_tracing.py:29} INFO - This service is instrumented using OpenTelemetry. OpenTelemetry could not be imported; please add opentelemetry-api and opentelemetry-instrumentation packages in order to get BigQuery Tracing data.
[2023-07-01 16:22:57,294] {logging_mixin.py:109} INFO - [2023-07-01 16:22:57,294] {providers_manager.py:156} WARNING - Exception when importing 'airflow.providers.google.leveldb.hooks.leveldb.LevelDBHook' from 'apache-airflow-providers-google' package: No module named 'plyvel'
[2023-07-01 16:22:57,523] {logging_mixin.py:109} INFO - [2023-07-01 16:22:57,523] {providers_manager.py:156} WARNING - Exception when importing 'airflow.providers.google.leveldb.hooks.leveldb.LevelDBHook' from 'apache-airflow-providers-google' package: No module named 'plyvel'
[2023-07-01 16:22:57,541] {logging_mixin.py:109} INFO - [2023-07-01 16:22:57,541] {manager.py:496} INFO - Created Permission View: can edit on DAG:example_kubernetes_executor_config
[2023-07-01 16:22:57,546] {logging_mixin.py:109} INFO - [2023-07-01 16:22:57,546] {manager.py:496} INFO - Created Permission View: can read on DAG:example_kubernetes_executor_config
[2023-07-01 16:22:57,547] {logging_mixin.py:109} INFO - [2023-07-01 16:22:57,547] {dag.py:2389} INFO - Sync 1 DAGs
[2023-07-01 16:22:57,554] {logging_mixin.py:109} INFO - [2023-07-01 16:22:57,553] {dag.py:2408} INFO - Creating ORM DAG for example_kubernetes_executor_config
[2023-07-01 16:22:57,558] {logging_mixin.py:109} INFO - [2023-07-01 16:22:57,558] {dag.py:2914} INFO - Setting next_dagrun for example_kubernetes_executor_config to None
[2023-07-01 16:22:57,565] {processor.py:171} INFO - Processing /home/airflow/.local/lib/python3.6/site-packages/airflow/example_dags/example_kubernetes_executor_config.py took 1.837 seconds
[2023-07-01 16:23:28,258] {processor.py:163} INFO - Started process (PID=318) to work on /home/airflow/.local/lib/python3.6/site-packages/airflow/example_dags/example_kubernetes_executor_config.py
[2023-07-01 16:23:28,260] {processor.py:620} INFO - Processing file /home/airflow/.local/lib/python3.6/site-packages/airflow/example_dags/example_kubernetes_executor_config.py for tasks to queue
[2023-07-01 16:23:28,261] {logging_mixin.py:109} INFO - [2023-07-01 16:23:28,261] {dagbag.py:500} INFO - Filling up the DagBag from /home/airflow/.local/lib/python3.6/site-packages/airflow/example_dags/example_kubernetes_executor_config.py
[2023-07-01 16:23:28,347] {processor.py:632} INFO - DAG(s) dict_keys(['example_kubernetes_executor_config']) retrieved from /home/airflow/.local/lib/python3.6/site-packages/airflow/example_dags/example_kubernetes_executor_config.py
[2023-07-01 16:23:28,357] {logging_mixin.py:109} INFO - [2023-07-01 16:23:28,357] {dag.py:2389} INFO - Sync 1 DAGs
[2023-07-01 16:23:28,366] {logging_mixin.py:109} INFO - [2023-07-01 16:23:28,366] {dag.py:2914} INFO - Setting next_dagrun for example_kubernetes_executor_config to None
[2023-07-01 16:23:28,372] {processor.py:171} INFO - Processing /home/airflow/.local/lib/python3.6/site-packages/airflow/example_dags/example_kubernetes_executor_config.py took 0.118 seconds
[2023-07-01 16:23:59,015] {processor.py:163} INFO - Started process (PID=372) to work on /home/airflow/.local/lib/python3.6/site-packages/airflow/example_dags/example_kubernetes_executor_config.py
[2023-07-01 16:23:59,017] {processor.py:620} INFO - Processing file /home/airflow/.local/lib/python3.6/site-packages/airflow/example_dags/example_kubernetes_executor_config.py for tasks to queue
[2023-07-01 16:23:59,019] {logging_mixin.py:109} INFO - [2023-07-01 16:23:59,019] {dagbag.py:500} INFO - Filling up the DagBag from /home/airflow/.local/lib/python3.6/site-packages/airflow/example_dags/example_kubernetes_executor_config.py
[2023-07-01 16:23:59,105] {processor.py:632} INFO - DAG(s) dict_keys(['example_kubernetes_executor_config']) retrieved from /home/airflow/.local/lib/python3.6/site-packages/airflow/example_dags/example_kubernetes_executor_config.py
[2023-07-01 16:23:59,114] {logging_mixin.py:109} INFO - [2023-07-01 16:23:59,114] {dag.py:2389} INFO - Sync 1 DAGs
[2023-07-01 16:23:59,123] {logging_mixin.py:109} INFO - [2023-07-01 16:23:59,123] {dag.py:2914} INFO - Setting next_dagrun for example_kubernetes_executor_config to None
[2023-07-01 16:23:59,129] {processor.py:171} INFO - Processing /home/airflow/.local/lib/python3.6/site-packages/airflow/example_dags/example_kubernetes_executor_config.py took 0.120 seconds
[2023-07-01 16:24:29,426] {processor.py:163} INFO - Started process (PID=427) to work on /home/airflow/.local/lib/python3.6/site-packages/airflow/example_dags/example_kubernetes_executor_config.py
[2023-07-01 16:24:29,427] {processor.py:620} INFO - Processing file /home/airflow/.local/lib/python3.6/site-packages/airflow/example_dags/example_kubernetes_executor_config.py for tasks to queue
[2023-07-01 16:24:29,427] {logging_mixin.py:109} INFO - [2023-07-01 16:24:29,427] {dagbag.py:500} INFO - Filling up the DagBag from /home/airflow/.local/lib/python3.6/site-packages/airflow/example_dags/example_kubernetes_executor_config.py
[2023-07-01 16:24:29,452] {processor.py:632} INFO - DAG(s) dict_keys(['example_kubernetes_executor_config']) retrieved from /home/airflow/.local/lib/python3.6/site-packages/airflow/example_dags/example_kubernetes_executor_config.py
[2023-07-01 16:24:29,463] {logging_mixin.py:109} INFO - [2023-07-01 16:24:29,463] {dag.py:2389} INFO - Sync 1 DAGs
[2023-07-01 16:24:29,473] {logging_mixin.py:109} INFO - [2023-07-01 16:24:29,473] {dag.py:2914} INFO - Setting next_dagrun for example_kubernetes_executor_config to None
[2023-07-01 16:24:29,480] {processor.py:171} INFO - Processing /home/airflow/.local/lib/python3.6/site-packages/airflow/example_dags/example_kubernetes_executor_config.py took 0.057 seconds
[2023-07-01 16:25:00,510] {processor.py:163} INFO - Started process (PID=481) to work on /home/airflow/.local/lib/python3.6/site-packages/airflow/example_dags/example_kubernetes_executor_config.py
[2023-07-01 16:25:00,512] {processor.py:620} INFO - Processing file /home/airflow/.local/lib/python3.6/site-packages/airflow/example_dags/example_kubernetes_executor_config.py for tasks to queue
[2023-07-01 16:25:00,513] {logging_mixin.py:109} INFO - [2023-07-01 16:25:00,513] {dagbag.py:500} INFO - Filling up the DagBag from /home/airflow/.local/lib/python3.6/site-packages/airflow/example_dags/example_kubernetes_executor_config.py
[2023-07-01 16:25:00,540] {processor.py:632} INFO - DAG(s) dict_keys(['example_kubernetes_executor_config']) retrieved from /home/airflow/.local/lib/python3.6/site-packages/airflow/example_dags/example_kubernetes_executor_config.py
[2023-07-01 16:25:00,551] {logging_mixin.py:109} INFO - [2023-07-01 16:25:00,550] {dag.py:2389} INFO - Sync 1 DAGs
[2023-07-01 16:25:00,561] {logging_mixin.py:109} INFO - [2023-07-01 16:25:00,561] {dag.py:2914} INFO - Setting next_dagrun for example_kubernetes_executor_config to None
[2023-07-01 16:25:00,568] {processor.py:171} INFO - Processing /home/airflow/.local/lib/python3.6/site-packages/airflow/example_dags/example_kubernetes_executor_config.py took 0.060 seconds
[2023-07-01 16:25:30,650] {processor.py:163} INFO - Started process (PID=535) to work on /home/airflow/.local/lib/python3.6/site-packages/airflow/example_dags/example_kubernetes_executor_config.py
[2023-07-01 16:25:30,652] {processor.py:620} INFO - Processing file /home/airflow/.local/lib/python3.6/site-packages/airflow/example_dags/example_kubernetes_executor_config.py for tasks to queue
[2023-07-01 16:25:30,653] {logging_mixin.py:109} INFO - [2023-07-01 16:25:30,653] {dagbag.py:500} INFO - Filling up the DagBag from /home/airflow/.local/lib/python3.6/site-packages/airflow/example_dags/example_kubernetes_executor_config.py
[2023-07-01 16:25:30,682] {processor.py:632} INFO - DAG(s) dict_keys(['example_kubernetes_executor_config']) retrieved from /home/airflow/.local/lib/python3.6/site-packages/airflow/example_dags/example_kubernetes_executor_config.py
[2023-07-01 16:25:30,693] {logging_mixin.py:109} INFO - [2023-07-01 16:25:30,693] {dag.py:2389} INFO - Sync 1 DAGs
[2023-07-01 16:25:30,704] {logging_mixin.py:109} INFO - [2023-07-01 16:25:30,704] {dag.py:2914} INFO - Setting next_dagrun for example_kubernetes_executor_config to None
[2023-07-01 16:25:30,710] {processor.py:171} INFO - Processing /home/airflow/.local/lib/python3.6/site-packages/airflow/example_dags/example_kubernetes_executor_config.py took 0.064 seconds
[2023-07-01 16:26:01,439] {processor.py:163} INFO - Started process (PID=588) to work on /home/airflow/.local/lib/python3.6/site-packages/airflow/example_dags/example_kubernetes_executor_config.py
[2023-07-01 16:26:01,440] {processor.py:620} INFO - Processing file /home/airflow/.local/lib/python3.6/site-packages/airflow/example_dags/example_kubernetes_executor_config.py for tasks to queue
[2023-07-01 16:26:01,441] {logging_mixin.py:109} INFO - [2023-07-01 16:26:01,441] {dagbag.py:500} INFO - Filling up the DagBag from /home/airflow/.local/lib/python3.6/site-packages/airflow/example_dags/example_kubernetes_executor_config.py
[2023-07-01 16:26:01,467] {processor.py:632} INFO - DAG(s) dict_keys(['example_kubernetes_executor_config']) retrieved from /home/airflow/.local/lib/python3.6/site-packages/airflow/example_dags/example_kubernetes_executor_config.py
[2023-07-01 16:26:01,480] {logging_mixin.py:109} INFO - [2023-07-01 16:26:01,480] {dag.py:2389} INFO - Sync 1 DAGs
[2023-07-01 16:26:01,492] {logging_mixin.py:109} INFO - [2023-07-01 16:26:01,492] {dag.py:2914} INFO - Setting next_dagrun for example_kubernetes_executor_config to None
[2023-07-01 16:26:01,499] {processor.py:171} INFO - Processing /home/airflow/.local/lib/python3.6/site-packages/airflow/example_dags/example_kubernetes_executor_config.py took 0.063 seconds
[2023-07-01 16:26:32,347] {processor.py:163} INFO - Started process (PID=642) to work on /home/airflow/.local/lib/python3.6/site-packages/airflow/example_dags/example_kubernetes_executor_config.py
[2023-07-01 16:26:32,350] {processor.py:620} INFO - Processing file /home/airflow/.local/lib/python3.6/site-packages/airflow/example_dags/example_kubernetes_executor_config.py for tasks to queue
[2023-07-01 16:26:32,351] {logging_mixin.py:109} INFO - [2023-07-01 16:26:32,351] {dagbag.py:500} INFO - Filling up the DagBag from /home/airflow/.local/lib/python3.6/site-packages/airflow/example_dags/example_kubernetes_executor_config.py
[2023-07-01 16:26:32,389] {processor.py:632} INFO - DAG(s) dict_keys(['example_kubernetes_executor_config']) retrieved from /home/airflow/.local/lib/python3.6/site-packages/airflow/example_dags/example_kubernetes_executor_config.py
[2023-07-01 16:26:32,402] {logging_mixin.py:109} INFO - [2023-07-01 16:26:32,402] {dag.py:2389} INFO - Sync 1 DAGs
[2023-07-01 16:26:32,413] {logging_mixin.py:109} INFO - [2023-07-01 16:26:32,413] {dag.py:2914} INFO - Setting next_dagrun for example_kubernetes_executor_config to None
[2023-07-01 16:26:32,420] {processor.py:171} INFO - Processing /home/airflow/.local/lib/python3.6/site-packages/airflow/example_dags/example_kubernetes_executor_config.py took 0.079 seconds
