[2023-07-01 16:15:43,407] {processor.py:153} INFO - Started process (PID=66) to work on /home/airflow/.local/lib/python3.7/site-packages/airflow/example_dags/example_subdag_operator.py
[2023-07-01 16:15:43,408] {processor.py:641} INFO - Processing file /home/airflow/.local/lib/python3.7/site-packages/airflow/example_dags/example_subdag_operator.py for tasks to queue
[2023-07-01 16:15:43,410] {logging_mixin.py:115} INFO - [2023-07-01 16:15:43,410] {dagbag.py:507} INFO - Filling up the DagBag from /home/airflow/.local/lib/python3.7/site-packages/airflow/example_dags/example_subdag_operator.py
[2023-07-01 16:15:43,452] {processor.py:651} INFO - DAG(s) dict_keys(['example_subdag_operator.section-1', 'example_subdag_operator.section-2', 'example_subdag_operator']) retrieved from /home/airflow/.local/lib/python3.7/site-packages/airflow/example_dags/example_subdag_operator.py
[2023-07-01 16:15:43,539] {logging_mixin.py:115} INFO - [2023-07-01 16:15:43,539] {manager.py:508} INFO - Created Permission View: can edit on DAG:example_subdag_operator
[2023-07-01 16:15:43,547] {logging_mixin.py:115} INFO - [2023-07-01 16:15:43,547] {manager.py:508} INFO - Created Permission View: can delete on DAG:example_subdag_operator
[2023-07-01 16:15:43,551] {logging_mixin.py:115} INFO - [2023-07-01 16:15:43,551] {manager.py:508} INFO - Created Permission View: can read on DAG:example_subdag_operator
[2023-07-01 16:15:43,551] {logging_mixin.py:115} INFO - [2023-07-01 16:15:43,551] {dag.py:2371} INFO - Sync 3 DAGs
[2023-07-01 16:15:43,558] {logging_mixin.py:115} INFO - [2023-07-01 16:15:43,557] {dag.py:2390} INFO - Creating ORM DAG for example_subdag_operator
[2023-07-01 16:15:43,558] {logging_mixin.py:115} INFO - [2023-07-01 16:15:43,558] {dag.py:2390} INFO - Creating ORM DAG for example_subdag_operator.section-1
[2023-07-01 16:15:43,559] {logging_mixin.py:115} INFO - [2023-07-01 16:15:43,559] {dag.py:2390} INFO - Creating ORM DAG for example_subdag_operator.section-2
[2023-07-01 16:15:43,568] {logging_mixin.py:115} INFO - [2023-07-01 16:15:43,568] {dag.py:2919} INFO - Setting next_dagrun for example_subdag_operator to 2023-06-29T00:00:00+00:00, run_after=2023-06-29T00:00:00+00:00
[2023-07-01 16:15:43,569] {logging_mixin.py:115} INFO - [2023-07-01 16:15:43,569] {dag.py:2919} INFO - Setting next_dagrun for example_subdag_operator.section-1 to None, run_after=None
[2023-07-01 16:15:43,569] {logging_mixin.py:115} INFO - [2023-07-01 16:15:43,569] {dag.py:2919} INFO - Setting next_dagrun for example_subdag_operator.section-2 to None, run_after=None
[2023-07-01 16:15:43,578] {logging_mixin.py:115} INFO - [2023-07-01 16:15:43,578] {dag.py:2371} INFO - Sync 2 DAGs
[2023-07-01 16:15:43,583] {logging_mixin.py:115} INFO - [2023-07-01 16:15:43,583] {dag.py:2919} INFO - Setting next_dagrun for example_subdag_operator.section-1 to None, run_after=None
[2023-07-01 16:15:43,584] {logging_mixin.py:115} INFO - [2023-07-01 16:15:43,584] {dag.py:2919} INFO - Setting next_dagrun for example_subdag_operator.section-2 to None, run_after=None
[2023-07-01 16:15:43,590] {processor.py:161} INFO - Processing /home/airflow/.local/lib/python3.7/site-packages/airflow/example_dags/example_subdag_operator.py took 0.186 seconds
[2023-07-01 16:16:14,072] {processor.py:153} INFO - Started process (PID=121) to work on /home/airflow/.local/lib/python3.7/site-packages/airflow/example_dags/example_subdag_operator.py
[2023-07-01 16:16:14,073] {processor.py:641} INFO - Processing file /home/airflow/.local/lib/python3.7/site-packages/airflow/example_dags/example_subdag_operator.py for tasks to queue
[2023-07-01 16:16:14,073] {logging_mixin.py:115} INFO - [2023-07-01 16:16:14,073] {dagbag.py:507} INFO - Filling up the DagBag from /home/airflow/.local/lib/python3.7/site-packages/airflow/example_dags/example_subdag_operator.py
[2023-07-01 16:16:14,090] {processor.py:651} INFO - DAG(s) dict_keys(['example_subdag_operator.section-1', 'example_subdag_operator.section-2', 'example_subdag_operator']) retrieved from /home/airflow/.local/lib/python3.7/site-packages/airflow/example_dags/example_subdag_operator.py
[2023-07-01 16:16:14,106] {logging_mixin.py:115} INFO - [2023-07-01 16:16:14,106] {dag.py:2371} INFO - Sync 3 DAGs
[2023-07-01 16:16:14,120] {logging_mixin.py:115} INFO - [2023-07-01 16:16:14,120] {dag.py:2919} INFO - Setting next_dagrun for example_subdag_operator to 2023-06-29T00:00:00+00:00, run_after=2023-06-29T00:00:00+00:00
[2023-07-01 16:16:14,120] {logging_mixin.py:115} INFO - [2023-07-01 16:16:14,120] {dag.py:2919} INFO - Setting next_dagrun for example_subdag_operator.section-1 to None, run_after=None
[2023-07-01 16:16:14,121] {logging_mixin.py:115} INFO - [2023-07-01 16:16:14,121] {dag.py:2919} INFO - Setting next_dagrun for example_subdag_operator.section-2 to None, run_after=None
[2023-07-01 16:16:14,125] {logging_mixin.py:115} INFO - [2023-07-01 16:16:14,124] {dag.py:2371} INFO - Sync 2 DAGs
[2023-07-01 16:16:14,128] {logging_mixin.py:115} INFO - [2023-07-01 16:16:14,127] {dag.py:2919} INFO - Setting next_dagrun for example_subdag_operator.section-1 to None, run_after=None
[2023-07-01 16:16:14,128] {logging_mixin.py:115} INFO - [2023-07-01 16:16:14,128] {dag.py:2919} INFO - Setting next_dagrun for example_subdag_operator.section-2 to None, run_after=None
[2023-07-01 16:16:14,132] {processor.py:161} INFO - Processing /home/airflow/.local/lib/python3.7/site-packages/airflow/example_dags/example_subdag_operator.py took 0.062 seconds
[2023-07-01 16:16:44,542] {processor.py:153} INFO - Started process (PID=176) to work on /home/airflow/.local/lib/python3.7/site-packages/airflow/example_dags/example_subdag_operator.py
[2023-07-01 16:16:44,542] {processor.py:641} INFO - Processing file /home/airflow/.local/lib/python3.7/site-packages/airflow/example_dags/example_subdag_operator.py for tasks to queue
[2023-07-01 16:16:44,543] {logging_mixin.py:115} INFO - [2023-07-01 16:16:44,543] {dagbag.py:507} INFO - Filling up the DagBag from /home/airflow/.local/lib/python3.7/site-packages/airflow/example_dags/example_subdag_operator.py
[2023-07-01 16:16:44,561] {processor.py:651} INFO - DAG(s) dict_keys(['example_subdag_operator.section-1', 'example_subdag_operator.section-2', 'example_subdag_operator']) retrieved from /home/airflow/.local/lib/python3.7/site-packages/airflow/example_dags/example_subdag_operator.py
[2023-07-01 16:16:44,576] {logging_mixin.py:115} INFO - [2023-07-01 16:16:44,576] {dag.py:2371} INFO - Sync 3 DAGs
[2023-07-01 16:16:44,590] {logging_mixin.py:115} INFO - [2023-07-01 16:16:44,590] {dag.py:2919} INFO - Setting next_dagrun for example_subdag_operator to 2023-06-29T00:00:00+00:00, run_after=2023-06-29T00:00:00+00:00
[2023-07-01 16:16:44,591] {logging_mixin.py:115} INFO - [2023-07-01 16:16:44,590] {dag.py:2919} INFO - Setting next_dagrun for example_subdag_operator.section-1 to None, run_after=None
[2023-07-01 16:16:44,591] {logging_mixin.py:115} INFO - [2023-07-01 16:16:44,591] {dag.py:2919} INFO - Setting next_dagrun for example_subdag_operator.section-2 to None, run_after=None
[2023-07-01 16:16:44,595] {logging_mixin.py:115} INFO - [2023-07-01 16:16:44,595] {dag.py:2371} INFO - Sync 2 DAGs
[2023-07-01 16:16:44,598] {logging_mixin.py:115} INFO - [2023-07-01 16:16:44,598] {dag.py:2919} INFO - Setting next_dagrun for example_subdag_operator.section-1 to None, run_after=None
[2023-07-01 16:16:44,598] {logging_mixin.py:115} INFO - [2023-07-01 16:16:44,598] {dag.py:2919} INFO - Setting next_dagrun for example_subdag_operator.section-2 to None, run_after=None
[2023-07-01 16:16:44,603] {processor.py:161} INFO - Processing /home/airflow/.local/lib/python3.7/site-packages/airflow/example_dags/example_subdag_operator.py took 0.063 seconds
[2023-07-01 16:17:14,934] {processor.py:153} INFO - Started process (PID=230) to work on /home/airflow/.local/lib/python3.7/site-packages/airflow/example_dags/example_subdag_operator.py
[2023-07-01 16:17:14,935] {processor.py:641} INFO - Processing file /home/airflow/.local/lib/python3.7/site-packages/airflow/example_dags/example_subdag_operator.py for tasks to queue
[2023-07-01 16:17:14,935] {logging_mixin.py:115} INFO - [2023-07-01 16:17:14,935] {dagbag.py:507} INFO - Filling up the DagBag from /home/airflow/.local/lib/python3.7/site-packages/airflow/example_dags/example_subdag_operator.py
[2023-07-01 16:17:14,953] {processor.py:651} INFO - DAG(s) dict_keys(['example_subdag_operator.section-1', 'example_subdag_operator.section-2', 'example_subdag_operator']) retrieved from /home/airflow/.local/lib/python3.7/site-packages/airflow/example_dags/example_subdag_operator.py
[2023-07-01 16:17:14,969] {logging_mixin.py:115} INFO - [2023-07-01 16:17:14,969] {dag.py:2371} INFO - Sync 3 DAGs
[2023-07-01 16:17:14,983] {logging_mixin.py:115} INFO - [2023-07-01 16:17:14,983] {dag.py:2919} INFO - Setting next_dagrun for example_subdag_operator to 2023-06-29T00:00:00+00:00, run_after=2023-06-29T00:00:00+00:00
[2023-07-01 16:17:14,984] {logging_mixin.py:115} INFO - [2023-07-01 16:17:14,984] {dag.py:2919} INFO - Setting next_dagrun for example_subdag_operator.section-1 to None, run_after=None
[2023-07-01 16:17:14,984] {logging_mixin.py:115} INFO - [2023-07-01 16:17:14,984] {dag.py:2919} INFO - Setting next_dagrun for example_subdag_operator.section-2 to None, run_after=None
[2023-07-01 16:17:14,988] {logging_mixin.py:115} INFO - [2023-07-01 16:17:14,988] {dag.py:2371} INFO - Sync 2 DAGs
[2023-07-01 16:17:14,991] {logging_mixin.py:115} INFO - [2023-07-01 16:17:14,991] {dag.py:2919} INFO - Setting next_dagrun for example_subdag_operator.section-1 to None, run_after=None
[2023-07-01 16:17:14,991] {logging_mixin.py:115} INFO - [2023-07-01 16:17:14,991] {dag.py:2919} INFO - Setting next_dagrun for example_subdag_operator.section-2 to None, run_after=None
[2023-07-01 16:17:14,996] {processor.py:161} INFO - Processing /home/airflow/.local/lib/python3.7/site-packages/airflow/example_dags/example_subdag_operator.py took 0.064 seconds
[2023-07-01 16:23:06,371] {processor.py:163} INFO - Started process (PID=197) to work on /home/airflow/.local/lib/python3.6/site-packages/airflow/example_dags/example_subdag_operator.py
[2023-07-01 16:23:06,372] {processor.py:620} INFO - Processing file /home/airflow/.local/lib/python3.6/site-packages/airflow/example_dags/example_subdag_operator.py for tasks to queue
[2023-07-01 16:23:06,374] {logging_mixin.py:109} INFO - [2023-07-01 16:23:06,374] {dagbag.py:500} INFO - Filling up the DagBag from /home/airflow/.local/lib/python3.6/site-packages/airflow/example_dags/example_subdag_operator.py
[2023-07-01 16:23:06,462] {processor.py:632} INFO - DAG(s) dict_keys(['example_subdag_operator.section-1', 'example_subdag_operator.section-2', 'example_subdag_operator']) retrieved from /home/airflow/.local/lib/python3.6/site-packages/airflow/example_dags/example_subdag_operator.py
[2023-07-01 16:23:07,864] {logging_mixin.py:109} INFO - [2023-07-01 16:23:07,864] {opentelemetry_tracing.py:29} INFO - This service is instrumented using OpenTelemetry. OpenTelemetry could not be imported; please add opentelemetry-api and opentelemetry-instrumentation packages in order to get BigQuery Tracing data.
[2023-07-01 16:23:07,890] {logging_mixin.py:109} INFO - [2023-07-01 16:23:07,890] {providers_manager.py:156} WARNING - Exception when importing 'airflow.providers.google.leveldb.hooks.leveldb.LevelDBHook' from 'apache-airflow-providers-google' package: No module named 'plyvel'
[2023-07-01 16:23:08,117] {logging_mixin.py:109} INFO - [2023-07-01 16:23:08,116] {providers_manager.py:156} WARNING - Exception when importing 'airflow.providers.google.leveldb.hooks.leveldb.LevelDBHook' from 'apache-airflow-providers-google' package: No module named 'plyvel'
[2023-07-01 16:23:08,131] {logging_mixin.py:109} INFO - [2023-07-01 16:23:08,131] {manager.py:496} INFO - Created Permission View: can edit on DAG:example_subdag_operator
[2023-07-01 16:23:08,137] {logging_mixin.py:109} INFO - [2023-07-01 16:23:08,137] {manager.py:496} INFO - Created Permission View: can read on DAG:example_subdag_operator
[2023-07-01 16:23:08,138] {logging_mixin.py:109} INFO - [2023-07-01 16:23:08,137] {dag.py:2389} INFO - Sync 3 DAGs
[2023-07-01 16:23:08,145] {logging_mixin.py:109} INFO - [2023-07-01 16:23:08,144] {dag.py:2408} INFO - Creating ORM DAG for example_subdag_operator
[2023-07-01 16:23:08,146] {logging_mixin.py:109} INFO - [2023-07-01 16:23:08,146] {dag.py:2408} INFO - Creating ORM DAG for example_subdag_operator.section-1
[2023-07-01 16:23:08,147] {logging_mixin.py:109} INFO - [2023-07-01 16:23:08,146] {dag.py:2408} INFO - Creating ORM DAG for example_subdag_operator.section-2
[2023-07-01 16:23:08,151] {logging_mixin.py:109} INFO - [2023-07-01 16:23:08,150] {dag.py:2914} INFO - Setting next_dagrun for example_subdag_operator to 2023-06-29T00:00:00+00:00
[2023-07-01 16:23:08,151] {logging_mixin.py:109} INFO - [2023-07-01 16:23:08,151] {dag.py:2914} INFO - Setting next_dagrun for example_subdag_operator.section-1 to None
[2023-07-01 16:23:08,152] {logging_mixin.py:109} INFO - [2023-07-01 16:23:08,152] {dag.py:2914} INFO - Setting next_dagrun for example_subdag_operator.section-2 to None
[2023-07-01 16:23:08,158] {logging_mixin.py:109} INFO - [2023-07-01 16:23:08,158] {dag.py:2389} INFO - Sync 2 DAGs
[2023-07-01 16:23:08,162] {logging_mixin.py:109} INFO - [2023-07-01 16:23:08,162] {dag.py:2914} INFO - Setting next_dagrun for example_subdag_operator.section-1 to None
[2023-07-01 16:23:08,163] {logging_mixin.py:109} INFO - [2023-07-01 16:23:08,163] {dag.py:2914} INFO - Setting next_dagrun for example_subdag_operator.section-2 to None
[2023-07-01 16:23:08,168] {processor.py:171} INFO - Processing /home/airflow/.local/lib/python3.6/site-packages/airflow/example_dags/example_subdag_operator.py took 1.800 seconds
[2023-07-01 16:23:39,213] {processor.py:163} INFO - Started process (PID=335) to work on /home/airflow/.local/lib/python3.6/site-packages/airflow/example_dags/example_subdag_operator.py
[2023-07-01 16:23:39,215] {processor.py:620} INFO - Processing file /home/airflow/.local/lib/python3.6/site-packages/airflow/example_dags/example_subdag_operator.py for tasks to queue
[2023-07-01 16:23:39,216] {logging_mixin.py:109} INFO - [2023-07-01 16:23:39,216] {dagbag.py:500} INFO - Filling up the DagBag from /home/airflow/.local/lib/python3.6/site-packages/airflow/example_dags/example_subdag_operator.py
[2023-07-01 16:23:39,317] {processor.py:632} INFO - DAG(s) dict_keys(['example_subdag_operator.section-1', 'example_subdag_operator.section-2', 'example_subdag_operator']) retrieved from /home/airflow/.local/lib/python3.6/site-packages/airflow/example_dags/example_subdag_operator.py
[2023-07-01 16:23:39,327] {logging_mixin.py:109} INFO - [2023-07-01 16:23:39,327] {dag.py:2389} INFO - Sync 3 DAGs
[2023-07-01 16:23:39,338] {logging_mixin.py:109} INFO - [2023-07-01 16:23:39,337] {dag.py:2914} INFO - Setting next_dagrun for example_subdag_operator to 2023-06-29T00:00:00+00:00
[2023-07-01 16:23:39,338] {logging_mixin.py:109} INFO - [2023-07-01 16:23:39,338] {dag.py:2914} INFO - Setting next_dagrun for example_subdag_operator.section-1 to None
[2023-07-01 16:23:39,339] {logging_mixin.py:109} INFO - [2023-07-01 16:23:39,339] {dag.py:2914} INFO - Setting next_dagrun for example_subdag_operator.section-2 to None
[2023-07-01 16:23:39,344] {logging_mixin.py:109} INFO - [2023-07-01 16:23:39,344] {dag.py:2389} INFO - Sync 2 DAGs
[2023-07-01 16:23:39,349] {logging_mixin.py:109} INFO - [2023-07-01 16:23:39,349] {dag.py:2914} INFO - Setting next_dagrun for example_subdag_operator.section-1 to None
[2023-07-01 16:23:39,350] {logging_mixin.py:109} INFO - [2023-07-01 16:23:39,350] {dag.py:2914} INFO - Setting next_dagrun for example_subdag_operator.section-2 to None
[2023-07-01 16:23:39,356] {processor.py:171} INFO - Processing /home/airflow/.local/lib/python3.6/site-packages/airflow/example_dags/example_subdag_operator.py took 0.147 seconds
[2023-07-01 16:24:09,740] {processor.py:163} INFO - Started process (PID=391) to work on /home/airflow/.local/lib/python3.6/site-packages/airflow/example_dags/example_subdag_operator.py
[2023-07-01 16:24:09,742] {processor.py:620} INFO - Processing file /home/airflow/.local/lib/python3.6/site-packages/airflow/example_dags/example_subdag_operator.py for tasks to queue
[2023-07-01 16:24:09,743] {logging_mixin.py:109} INFO - [2023-07-01 16:24:09,743] {dagbag.py:500} INFO - Filling up the DagBag from /home/airflow/.local/lib/python3.6/site-packages/airflow/example_dags/example_subdag_operator.py
[2023-07-01 16:24:09,835] {processor.py:632} INFO - DAG(s) dict_keys(['example_subdag_operator.section-1', 'example_subdag_operator.section-2', 'example_subdag_operator']) retrieved from /home/airflow/.local/lib/python3.6/site-packages/airflow/example_dags/example_subdag_operator.py
[2023-07-01 16:24:09,844] {logging_mixin.py:109} INFO - [2023-07-01 16:24:09,844] {dag.py:2389} INFO - Sync 3 DAGs
[2023-07-01 16:24:09,854] {logging_mixin.py:109} INFO - [2023-07-01 16:24:09,854] {dag.py:2914} INFO - Setting next_dagrun for example_subdag_operator to 2023-06-29T00:00:00+00:00
[2023-07-01 16:24:09,855] {logging_mixin.py:109} INFO - [2023-07-01 16:24:09,855] {dag.py:2914} INFO - Setting next_dagrun for example_subdag_operator.section-1 to None
[2023-07-01 16:24:09,855] {logging_mixin.py:109} INFO - [2023-07-01 16:24:09,855] {dag.py:2914} INFO - Setting next_dagrun for example_subdag_operator.section-2 to None
[2023-07-01 16:24:09,859] {logging_mixin.py:109} INFO - [2023-07-01 16:24:09,859] {dag.py:2389} INFO - Sync 2 DAGs
[2023-07-01 16:24:09,863] {logging_mixin.py:109} INFO - [2023-07-01 16:24:09,863] {dag.py:2914} INFO - Setting next_dagrun for example_subdag_operator.section-1 to None
[2023-07-01 16:24:09,864] {logging_mixin.py:109} INFO - [2023-07-01 16:24:09,864] {dag.py:2914} INFO - Setting next_dagrun for example_subdag_operator.section-2 to None
[2023-07-01 16:24:09,868] {processor.py:171} INFO - Processing /home/airflow/.local/lib/python3.6/site-packages/airflow/example_dags/example_subdag_operator.py took 0.132 seconds
[2023-07-01 16:24:40,034] {processor.py:163} INFO - Started process (PID=445) to work on /home/airflow/.local/lib/python3.6/site-packages/airflow/example_dags/example_subdag_operator.py
[2023-07-01 16:24:40,035] {processor.py:620} INFO - Processing file /home/airflow/.local/lib/python3.6/site-packages/airflow/example_dags/example_subdag_operator.py for tasks to queue
[2023-07-01 16:24:40,036] {logging_mixin.py:109} INFO - [2023-07-01 16:24:40,036] {dagbag.py:500} INFO - Filling up the DagBag from /home/airflow/.local/lib/python3.6/site-packages/airflow/example_dags/example_subdag_operator.py
[2023-07-01 16:24:40,068] {processor.py:632} INFO - DAG(s) dict_keys(['example_subdag_operator.section-1', 'example_subdag_operator.section-2', 'example_subdag_operator']) retrieved from /home/airflow/.local/lib/python3.6/site-packages/airflow/example_dags/example_subdag_operator.py
[2023-07-01 16:24:40,078] {logging_mixin.py:109} INFO - [2023-07-01 16:24:40,078] {dag.py:2389} INFO - Sync 3 DAGs
[2023-07-01 16:24:40,090] {logging_mixin.py:109} INFO - [2023-07-01 16:24:40,090] {dag.py:2914} INFO - Setting next_dagrun for example_subdag_operator to 2023-06-29T00:00:00+00:00
[2023-07-01 16:24:40,091] {logging_mixin.py:109} INFO - [2023-07-01 16:24:40,091] {dag.py:2914} INFO - Setting next_dagrun for example_subdag_operator.section-1 to None
[2023-07-01 16:24:40,091] {logging_mixin.py:109} INFO - [2023-07-01 16:24:40,091] {dag.py:2914} INFO - Setting next_dagrun for example_subdag_operator.section-2 to None
[2023-07-01 16:24:40,096] {logging_mixin.py:109} INFO - [2023-07-01 16:24:40,096] {dag.py:2389} INFO - Sync 2 DAGs
[2023-07-01 16:24:40,101] {logging_mixin.py:109} INFO - [2023-07-01 16:24:40,100] {dag.py:2914} INFO - Setting next_dagrun for example_subdag_operator.section-1 to None
[2023-07-01 16:24:40,101] {logging_mixin.py:109} INFO - [2023-07-01 16:24:40,101] {dag.py:2914} INFO - Setting next_dagrun for example_subdag_operator.section-2 to None
[2023-07-01 16:24:40,106] {processor.py:171} INFO - Processing /home/airflow/.local/lib/python3.6/site-packages/airflow/example_dags/example_subdag_operator.py took 0.076 seconds
[2023-07-01 16:25:10,153] {processor.py:163} INFO - Started process (PID=499) to work on /home/airflow/.local/lib/python3.6/site-packages/airflow/example_dags/example_subdag_operator.py
[2023-07-01 16:25:10,155] {processor.py:620} INFO - Processing file /home/airflow/.local/lib/python3.6/site-packages/airflow/example_dags/example_subdag_operator.py for tasks to queue
[2023-07-01 16:25:10,156] {logging_mixin.py:109} INFO - [2023-07-01 16:25:10,156] {dagbag.py:500} INFO - Filling up the DagBag from /home/airflow/.local/lib/python3.6/site-packages/airflow/example_dags/example_subdag_operator.py
[2023-07-01 16:25:10,189] {processor.py:632} INFO - DAG(s) dict_keys(['example_subdag_operator.section-1', 'example_subdag_operator.section-2', 'example_subdag_operator']) retrieved from /home/airflow/.local/lib/python3.6/site-packages/airflow/example_dags/example_subdag_operator.py
[2023-07-01 16:25:10,201] {logging_mixin.py:109} INFO - [2023-07-01 16:25:10,200] {dag.py:2389} INFO - Sync 3 DAGs
[2023-07-01 16:25:10,212] {logging_mixin.py:109} INFO - [2023-07-01 16:25:10,212] {dag.py:2914} INFO - Setting next_dagrun for example_subdag_operator to 2023-06-29T00:00:00+00:00
[2023-07-01 16:25:10,213] {logging_mixin.py:109} INFO - [2023-07-01 16:25:10,213] {dag.py:2914} INFO - Setting next_dagrun for example_subdag_operator.section-1 to None
[2023-07-01 16:25:10,213] {logging_mixin.py:109} INFO - [2023-07-01 16:25:10,213] {dag.py:2914} INFO - Setting next_dagrun for example_subdag_operator.section-2 to None
[2023-07-01 16:25:10,217] {logging_mixin.py:109} INFO - [2023-07-01 16:25:10,217] {dag.py:2389} INFO - Sync 2 DAGs
[2023-07-01 16:25:10,221] {logging_mixin.py:109} INFO - [2023-07-01 16:25:10,221] {dag.py:2914} INFO - Setting next_dagrun for example_subdag_operator.section-1 to None
[2023-07-01 16:25:10,222] {logging_mixin.py:109} INFO - [2023-07-01 16:25:10,222] {dag.py:2914} INFO - Setting next_dagrun for example_subdag_operator.section-2 to None
[2023-07-01 16:25:10,227] {processor.py:171} INFO - Processing /home/airflow/.local/lib/python3.6/site-packages/airflow/example_dags/example_subdag_operator.py took 0.077 seconds
[2023-07-01 16:25:40,278] {processor.py:163} INFO - Started process (PID=552) to work on /home/airflow/.local/lib/python3.6/site-packages/airflow/example_dags/example_subdag_operator.py
[2023-07-01 16:25:40,279] {processor.py:620} INFO - Processing file /home/airflow/.local/lib/python3.6/site-packages/airflow/example_dags/example_subdag_operator.py for tasks to queue
[2023-07-01 16:25:40,281] {logging_mixin.py:109} INFO - [2023-07-01 16:25:40,280] {dagbag.py:500} INFO - Filling up the DagBag from /home/airflow/.local/lib/python3.6/site-packages/airflow/example_dags/example_subdag_operator.py
[2023-07-01 16:25:40,316] {processor.py:632} INFO - DAG(s) dict_keys(['example_subdag_operator.section-1', 'example_subdag_operator.section-2', 'example_subdag_operator']) retrieved from /home/airflow/.local/lib/python3.6/site-packages/airflow/example_dags/example_subdag_operator.py
[2023-07-01 16:25:40,328] {logging_mixin.py:109} INFO - [2023-07-01 16:25:40,328] {dag.py:2389} INFO - Sync 3 DAGs
[2023-07-01 16:25:40,339] {logging_mixin.py:109} INFO - [2023-07-01 16:25:40,339] {dag.py:2914} INFO - Setting next_dagrun for example_subdag_operator to 2023-06-29T00:00:00+00:00
[2023-07-01 16:25:40,340] {logging_mixin.py:109} INFO - [2023-07-01 16:25:40,340] {dag.py:2914} INFO - Setting next_dagrun for example_subdag_operator.section-1 to None
[2023-07-01 16:25:40,341] {logging_mixin.py:109} INFO - [2023-07-01 16:25:40,340] {dag.py:2914} INFO - Setting next_dagrun for example_subdag_operator.section-2 to None
[2023-07-01 16:25:40,345] {logging_mixin.py:109} INFO - [2023-07-01 16:25:40,345] {dag.py:2389} INFO - Sync 2 DAGs
[2023-07-01 16:25:40,350] {logging_mixin.py:109} INFO - [2023-07-01 16:25:40,349] {dag.py:2914} INFO - Setting next_dagrun for example_subdag_operator.section-1 to None
[2023-07-01 16:25:40,350] {logging_mixin.py:109} INFO - [2023-07-01 16:25:40,350] {dag.py:2914} INFO - Setting next_dagrun for example_subdag_operator.section-2 to None
[2023-07-01 16:25:40,355] {processor.py:171} INFO - Processing /home/airflow/.local/lib/python3.6/site-packages/airflow/example_dags/example_subdag_operator.py took 0.082 seconds
[2023-07-01 16:26:11,077] {processor.py:163} INFO - Started process (PID=605) to work on /home/airflow/.local/lib/python3.6/site-packages/airflow/example_dags/example_subdag_operator.py
[2023-07-01 16:26:11,080] {processor.py:620} INFO - Processing file /home/airflow/.local/lib/python3.6/site-packages/airflow/example_dags/example_subdag_operator.py for tasks to queue
[2023-07-01 16:26:11,082] {logging_mixin.py:109} INFO - [2023-07-01 16:26:11,082] {dagbag.py:500} INFO - Filling up the DagBag from /home/airflow/.local/lib/python3.6/site-packages/airflow/example_dags/example_subdag_operator.py
[2023-07-01 16:26:11,120] {processor.py:632} INFO - DAG(s) dict_keys(['example_subdag_operator.section-1', 'example_subdag_operator.section-2', 'example_subdag_operator']) retrieved from /home/airflow/.local/lib/python3.6/site-packages/airflow/example_dags/example_subdag_operator.py
[2023-07-01 16:26:11,130] {logging_mixin.py:109} INFO - [2023-07-01 16:26:11,130] {dag.py:2389} INFO - Sync 3 DAGs
[2023-07-01 16:26:11,141] {logging_mixin.py:109} INFO - [2023-07-01 16:26:11,141] {dag.py:2914} INFO - Setting next_dagrun for example_subdag_operator to 2023-06-29T00:00:00+00:00
[2023-07-01 16:26:11,142] {logging_mixin.py:109} INFO - [2023-07-01 16:26:11,142] {dag.py:2914} INFO - Setting next_dagrun for example_subdag_operator.section-1 to None
[2023-07-01 16:26:11,142] {logging_mixin.py:109} INFO - [2023-07-01 16:26:11,142] {dag.py:2914} INFO - Setting next_dagrun for example_subdag_operator.section-2 to None
[2023-07-01 16:26:11,146] {logging_mixin.py:109} INFO - [2023-07-01 16:26:11,146] {dag.py:2389} INFO - Sync 2 DAGs
[2023-07-01 16:26:11,151] {logging_mixin.py:109} INFO - [2023-07-01 16:26:11,151] {dag.py:2914} INFO - Setting next_dagrun for example_subdag_operator.section-1 to None
[2023-07-01 16:26:11,152] {logging_mixin.py:109} INFO - [2023-07-01 16:26:11,152] {dag.py:2914} INFO - Setting next_dagrun for example_subdag_operator.section-2 to None
[2023-07-01 16:26:11,157] {processor.py:171} INFO - Processing /home/airflow/.local/lib/python3.6/site-packages/airflow/example_dags/example_subdag_operator.py took 0.086 seconds
[2023-07-01 16:26:42,098] {processor.py:163} INFO - Started process (PID=660) to work on /home/airflow/.local/lib/python3.6/site-packages/airflow/example_dags/example_subdag_operator.py
[2023-07-01 16:26:42,099] {processor.py:620} INFO - Processing file /home/airflow/.local/lib/python3.6/site-packages/airflow/example_dags/example_subdag_operator.py for tasks to queue
[2023-07-01 16:26:42,100] {logging_mixin.py:109} INFO - [2023-07-01 16:26:42,100] {dagbag.py:500} INFO - Filling up the DagBag from /home/airflow/.local/lib/python3.6/site-packages/airflow/example_dags/example_subdag_operator.py
[2023-07-01 16:26:42,132] {processor.py:632} INFO - DAG(s) dict_keys(['example_subdag_operator.section-1', 'example_subdag_operator.section-2', 'example_subdag_operator']) retrieved from /home/airflow/.local/lib/python3.6/site-packages/airflow/example_dags/example_subdag_operator.py
[2023-07-01 16:26:42,143] {logging_mixin.py:109} INFO - [2023-07-01 16:26:42,143] {dag.py:2389} INFO - Sync 3 DAGs
[2023-07-01 16:26:42,155] {logging_mixin.py:109} INFO - [2023-07-01 16:26:42,155] {dag.py:2914} INFO - Setting next_dagrun for example_subdag_operator to 2023-06-29T00:00:00+00:00
[2023-07-01 16:26:42,156] {logging_mixin.py:109} INFO - [2023-07-01 16:26:42,156] {dag.py:2914} INFO - Setting next_dagrun for example_subdag_operator.section-1 to None
[2023-07-01 16:26:42,157] {logging_mixin.py:109} INFO - [2023-07-01 16:26:42,157] {dag.py:2914} INFO - Setting next_dagrun for example_subdag_operator.section-2 to None
[2023-07-01 16:26:42,161] {logging_mixin.py:109} INFO - [2023-07-01 16:26:42,161] {dag.py:2389} INFO - Sync 2 DAGs
[2023-07-01 16:26:42,166] {logging_mixin.py:109} INFO - [2023-07-01 16:26:42,166] {dag.py:2914} INFO - Setting next_dagrun for example_subdag_operator.section-1 to None
[2023-07-01 16:26:42,167] {logging_mixin.py:109} INFO - [2023-07-01 16:26:42,167] {dag.py:2914} INFO - Setting next_dagrun for example_subdag_operator.section-2 to None
[2023-07-01 16:26:42,172] {processor.py:171} INFO - Processing /home/airflow/.local/lib/python3.6/site-packages/airflow/example_dags/example_subdag_operator.py took 0.078 seconds
