[2023-07-01 16:15:43,865] {processor.py:153} INFO - Started process (PID=70) to work on /home/airflow/.local/lib/python3.7/site-packages/airflow/example_dags/example_short_circuit_operator.py
[2023-07-01 16:15:43,866] {processor.py:641} INFO - Processing file /home/airflow/.local/lib/python3.7/site-packages/airflow/example_dags/example_short_circuit_operator.py for tasks to queue
[2023-07-01 16:15:43,867] {logging_mixin.py:115} INFO - [2023-07-01 16:15:43,867] {dagbag.py:507} INFO - Filling up the DagBag from /home/airflow/.local/lib/python3.7/site-packages/airflow/example_dags/example_short_circuit_operator.py
[2023-07-01 16:15:43,880] {processor.py:651} INFO - DAG(s) dict_keys(['example_short_circuit_operator']) retrieved from /home/airflow/.local/lib/python3.7/site-packages/airflow/example_dags/example_short_circuit_operator.py
[2023-07-01 16:15:43,944] {logging_mixin.py:115} INFO - [2023-07-01 16:15:43,944] {manager.py:508} INFO - Created Permission View: can edit on DAG:example_short_circuit_operator
[2023-07-01 16:15:43,952] {logging_mixin.py:115} INFO - [2023-07-01 16:15:43,951] {manager.py:508} INFO - Created Permission View: can delete on DAG:example_short_circuit_operator
[2023-07-01 16:15:43,957] {logging_mixin.py:115} INFO - [2023-07-01 16:15:43,957] {manager.py:508} INFO - Created Permission View: can read on DAG:example_short_circuit_operator
[2023-07-01 16:15:43,958] {logging_mixin.py:115} INFO - [2023-07-01 16:15:43,958] {dag.py:2371} INFO - Sync 1 DAGs
[2023-07-01 16:15:43,965] {logging_mixin.py:115} INFO - [2023-07-01 16:15:43,965] {dag.py:2390} INFO - Creating ORM DAG for example_short_circuit_operator
[2023-07-01 16:15:43,975] {logging_mixin.py:115} INFO - [2023-07-01 16:15:43,975] {dag.py:2919} INFO - Setting next_dagrun for example_short_circuit_operator to 2023-06-30T16:15:43.974609+00:00, run_after=2023-07-01T16:15:43.974609+00:00
[2023-07-01 16:15:43,986] {processor.py:161} INFO - Processing /home/airflow/.local/lib/python3.7/site-packages/airflow/example_dags/example_short_circuit_operator.py took 0.124 seconds
[2023-07-01 16:16:14,221] {processor.py:153} INFO - Started process (PID=125) to work on /home/airflow/.local/lib/python3.7/site-packages/airflow/example_dags/example_short_circuit_operator.py
[2023-07-01 16:16:14,222] {processor.py:641} INFO - Processing file /home/airflow/.local/lib/python3.7/site-packages/airflow/example_dags/example_short_circuit_operator.py for tasks to queue
[2023-07-01 16:16:14,222] {logging_mixin.py:115} INFO - [2023-07-01 16:16:14,222] {dagbag.py:507} INFO - Filling up the DagBag from /home/airflow/.local/lib/python3.7/site-packages/airflow/example_dags/example_short_circuit_operator.py
[2023-07-01 16:16:14,228] {processor.py:651} INFO - DAG(s) dict_keys(['example_short_circuit_operator']) retrieved from /home/airflow/.local/lib/python3.7/site-packages/airflow/example_dags/example_short_circuit_operator.py
[2023-07-01 16:16:14,247] {logging_mixin.py:115} INFO - [2023-07-01 16:16:14,247] {dag.py:2371} INFO - Sync 1 DAGs
[2023-07-01 16:16:14,261] {logging_mixin.py:115} INFO - [2023-07-01 16:16:14,261] {dag.py:2919} INFO - Setting next_dagrun for example_short_circuit_operator to 2023-06-30T16:16:14.261340+00:00, run_after=2023-07-01T16:16:14.261340+00:00
[2023-07-01 16:16:14,267] {processor.py:161} INFO - Processing /home/airflow/.local/lib/python3.7/site-packages/airflow/example_dags/example_short_circuit_operator.py took 0.049 seconds
[2023-07-01 16:16:44,693] {processor.py:153} INFO - Started process (PID=180) to work on /home/airflow/.local/lib/python3.7/site-packages/airflow/example_dags/example_short_circuit_operator.py
[2023-07-01 16:16:44,693] {processor.py:641} INFO - Processing file /home/airflow/.local/lib/python3.7/site-packages/airflow/example_dags/example_short_circuit_operator.py for tasks to queue
[2023-07-01 16:16:44,694] {logging_mixin.py:115} INFO - [2023-07-01 16:16:44,694] {dagbag.py:507} INFO - Filling up the DagBag from /home/airflow/.local/lib/python3.7/site-packages/airflow/example_dags/example_short_circuit_operator.py
[2023-07-01 16:16:44,699] {processor.py:651} INFO - DAG(s) dict_keys(['example_short_circuit_operator']) retrieved from /home/airflow/.local/lib/python3.7/site-packages/airflow/example_dags/example_short_circuit_operator.py
[2023-07-01 16:16:44,719] {logging_mixin.py:115} INFO - [2023-07-01 16:16:44,719] {dag.py:2371} INFO - Sync 1 DAGs
[2023-07-01 16:16:44,733] {logging_mixin.py:115} INFO - [2023-07-01 16:16:44,733] {dag.py:2919} INFO - Setting next_dagrun for example_short_circuit_operator to 2023-06-30T16:16:44.733665+00:00, run_after=2023-07-01T16:16:44.733665+00:00
[2023-07-01 16:16:44,740] {processor.py:161} INFO - Processing /home/airflow/.local/lib/python3.7/site-packages/airflow/example_dags/example_short_circuit_operator.py took 0.049 seconds
[2023-07-01 16:17:15,084] {processor.py:153} INFO - Started process (PID=234) to work on /home/airflow/.local/lib/python3.7/site-packages/airflow/example_dags/example_short_circuit_operator.py
[2023-07-01 16:17:15,086] {processor.py:641} INFO - Processing file /home/airflow/.local/lib/python3.7/site-packages/airflow/example_dags/example_short_circuit_operator.py for tasks to queue
[2023-07-01 16:17:15,087] {logging_mixin.py:115} INFO - [2023-07-01 16:17:15,087] {dagbag.py:507} INFO - Filling up the DagBag from /home/airflow/.local/lib/python3.7/site-packages/airflow/example_dags/example_short_circuit_operator.py
[2023-07-01 16:17:15,092] {processor.py:651} INFO - DAG(s) dict_keys(['example_short_circuit_operator']) retrieved from /home/airflow/.local/lib/python3.7/site-packages/airflow/example_dags/example_short_circuit_operator.py
[2023-07-01 16:17:15,112] {logging_mixin.py:115} INFO - [2023-07-01 16:17:15,112] {dag.py:2371} INFO - Sync 1 DAGs
[2023-07-01 16:17:15,127] {logging_mixin.py:115} INFO - [2023-07-01 16:17:15,127] {dag.py:2919} INFO - Setting next_dagrun for example_short_circuit_operator to 2023-06-30T16:17:15.127043+00:00, run_after=2023-07-01T16:17:15.127043+00:00
[2023-07-01 16:17:15,133] {processor.py:161} INFO - Processing /home/airflow/.local/lib/python3.7/site-packages/airflow/example_dags/example_short_circuit_operator.py took 0.051 seconds
[2023-07-01 16:23:09,970] {processor.py:163} INFO - Started process (PID=221) to work on /home/airflow/.local/lib/python3.6/site-packages/airflow/example_dags/example_short_circuit_operator.py
[2023-07-01 16:23:09,971] {processor.py:620} INFO - Processing file /home/airflow/.local/lib/python3.6/site-packages/airflow/example_dags/example_short_circuit_operator.py for tasks to queue
[2023-07-01 16:23:09,972] {logging_mixin.py:109} INFO - [2023-07-01 16:23:09,972] {dagbag.py:500} INFO - Filling up the DagBag from /home/airflow/.local/lib/python3.6/site-packages/airflow/example_dags/example_short_circuit_operator.py
[2023-07-01 16:23:10,061] {processor.py:632} INFO - DAG(s) dict_keys(['example_short_circuit_operator']) retrieved from /home/airflow/.local/lib/python3.6/site-packages/airflow/example_dags/example_short_circuit_operator.py
[2023-07-01 16:23:11,454] {logging_mixin.py:109} INFO - [2023-07-01 16:23:11,454] {opentelemetry_tracing.py:29} INFO - This service is instrumented using OpenTelemetry. OpenTelemetry could not be imported; please add opentelemetry-api and opentelemetry-instrumentation packages in order to get BigQuery Tracing data.
[2023-07-01 16:23:11,479] {logging_mixin.py:109} INFO - [2023-07-01 16:23:11,479] {providers_manager.py:156} WARNING - Exception when importing 'airflow.providers.google.leveldb.hooks.leveldb.LevelDBHook' from 'apache-airflow-providers-google' package: No module named 'plyvel'
[2023-07-01 16:23:11,707] {logging_mixin.py:109} INFO - [2023-07-01 16:23:11,707] {providers_manager.py:156} WARNING - Exception when importing 'airflow.providers.google.leveldb.hooks.leveldb.LevelDBHook' from 'apache-airflow-providers-google' package: No module named 'plyvel'
[2023-07-01 16:23:11,722] {logging_mixin.py:109} INFO - [2023-07-01 16:23:11,722] {manager.py:496} INFO - Created Permission View: can edit on DAG:example_short_circuit_operator
[2023-07-01 16:23:11,728] {logging_mixin.py:109} INFO - [2023-07-01 16:23:11,728] {manager.py:496} INFO - Created Permission View: can read on DAG:example_short_circuit_operator
[2023-07-01 16:23:11,729] {logging_mixin.py:109} INFO - [2023-07-01 16:23:11,729] {dag.py:2389} INFO - Sync 1 DAGs
[2023-07-01 16:23:11,736] {logging_mixin.py:109} INFO - [2023-07-01 16:23:11,735] {dag.py:2408} INFO - Creating ORM DAG for example_short_circuit_operator
[2023-07-01 16:23:11,741] {logging_mixin.py:109} INFO - [2023-07-01 16:23:11,741] {dag.py:2914} INFO - Setting next_dagrun for example_short_circuit_operator to 2023-06-30T16:23:11.740489+00:00
[2023-07-01 16:23:11,748] {processor.py:171} INFO - Processing /home/airflow/.local/lib/python3.6/site-packages/airflow/example_dags/example_short_circuit_operator.py took 1.781 seconds
[2023-07-01 16:23:42,568] {processor.py:163} INFO - Started process (PID=339) to work on /home/airflow/.local/lib/python3.6/site-packages/airflow/example_dags/example_short_circuit_operator.py
[2023-07-01 16:23:42,570] {processor.py:620} INFO - Processing file /home/airflow/.local/lib/python3.6/site-packages/airflow/example_dags/example_short_circuit_operator.py for tasks to queue
[2023-07-01 16:23:42,571] {logging_mixin.py:109} INFO - [2023-07-01 16:23:42,571] {dagbag.py:500} INFO - Filling up the DagBag from /home/airflow/.local/lib/python3.6/site-packages/airflow/example_dags/example_short_circuit_operator.py
[2023-07-01 16:23:42,656] {processor.py:632} INFO - DAG(s) dict_keys(['example_short_circuit_operator']) retrieved from /home/airflow/.local/lib/python3.6/site-packages/airflow/example_dags/example_short_circuit_operator.py
[2023-07-01 16:23:42,666] {logging_mixin.py:109} INFO - [2023-07-01 16:23:42,666] {dag.py:2389} INFO - Sync 1 DAGs
[2023-07-01 16:23:42,675] {logging_mixin.py:109} INFO - [2023-07-01 16:23:42,675] {dag.py:2914} INFO - Setting next_dagrun for example_short_circuit_operator to 2023-06-30T16:23:42.675184+00:00
[2023-07-01 16:23:42,682] {processor.py:171} INFO - Processing /home/airflow/.local/lib/python3.6/site-packages/airflow/example_dags/example_short_circuit_operator.py took 0.117 seconds
[2023-07-01 16:24:13,087] {processor.py:163} INFO - Started process (PID=395) to work on /home/airflow/.local/lib/python3.6/site-packages/airflow/example_dags/example_short_circuit_operator.py
[2023-07-01 16:24:13,089] {processor.py:620} INFO - Processing file /home/airflow/.local/lib/python3.6/site-packages/airflow/example_dags/example_short_circuit_operator.py for tasks to queue
[2023-07-01 16:24:13,091] {logging_mixin.py:109} INFO - [2023-07-01 16:24:13,091] {dagbag.py:500} INFO - Filling up the DagBag from /home/airflow/.local/lib/python3.6/site-packages/airflow/example_dags/example_short_circuit_operator.py
[2023-07-01 16:24:13,181] {processor.py:632} INFO - DAG(s) dict_keys(['example_short_circuit_operator']) retrieved from /home/airflow/.local/lib/python3.6/site-packages/airflow/example_dags/example_short_circuit_operator.py
[2023-07-01 16:24:13,190] {logging_mixin.py:109} INFO - [2023-07-01 16:24:13,190] {dag.py:2389} INFO - Sync 1 DAGs
[2023-07-01 16:24:13,200] {logging_mixin.py:109} INFO - [2023-07-01 16:24:13,200] {dag.py:2914} INFO - Setting next_dagrun for example_short_circuit_operator to 2023-06-30T16:24:13.199621+00:00
[2023-07-01 16:24:13,206] {processor.py:171} INFO - Processing /home/airflow/.local/lib/python3.6/site-packages/airflow/example_dags/example_short_circuit_operator.py took 0.124 seconds
[2023-07-01 16:24:44,239] {processor.py:163} INFO - Started process (PID=449) to work on /home/airflow/.local/lib/python3.6/site-packages/airflow/example_dags/example_short_circuit_operator.py
[2023-07-01 16:24:44,241] {processor.py:620} INFO - Processing file /home/airflow/.local/lib/python3.6/site-packages/airflow/example_dags/example_short_circuit_operator.py for tasks to queue
[2023-07-01 16:24:44,242] {logging_mixin.py:109} INFO - [2023-07-01 16:24:44,242] {dagbag.py:500} INFO - Filling up the DagBag from /home/airflow/.local/lib/python3.6/site-packages/airflow/example_dags/example_short_circuit_operator.py
[2023-07-01 16:24:44,269] {processor.py:632} INFO - DAG(s) dict_keys(['example_short_circuit_operator']) retrieved from /home/airflow/.local/lib/python3.6/site-packages/airflow/example_dags/example_short_circuit_operator.py
[2023-07-01 16:24:44,280] {logging_mixin.py:109} INFO - [2023-07-01 16:24:44,280] {dag.py:2389} INFO - Sync 1 DAGs
[2023-07-01 16:24:44,291] {logging_mixin.py:109} INFO - [2023-07-01 16:24:44,291] {dag.py:2914} INFO - Setting next_dagrun for example_short_circuit_operator to 2023-06-30T16:24:44.290971+00:00
[2023-07-01 16:24:44,297] {processor.py:171} INFO - Processing /home/airflow/.local/lib/python3.6/site-packages/airflow/example_dags/example_short_circuit_operator.py took 0.062 seconds
[2023-07-01 16:25:14,380] {processor.py:163} INFO - Started process (PID=503) to work on /home/airflow/.local/lib/python3.6/site-packages/airflow/example_dags/example_short_circuit_operator.py
[2023-07-01 16:25:14,381] {processor.py:620} INFO - Processing file /home/airflow/.local/lib/python3.6/site-packages/airflow/example_dags/example_short_circuit_operator.py for tasks to queue
[2023-07-01 16:25:14,382] {logging_mixin.py:109} INFO - [2023-07-01 16:25:14,382] {dagbag.py:500} INFO - Filling up the DagBag from /home/airflow/.local/lib/python3.6/site-packages/airflow/example_dags/example_short_circuit_operator.py
[2023-07-01 16:25:14,410] {processor.py:632} INFO - DAG(s) dict_keys(['example_short_circuit_operator']) retrieved from /home/airflow/.local/lib/python3.6/site-packages/airflow/example_dags/example_short_circuit_operator.py
[2023-07-01 16:25:14,420] {logging_mixin.py:109} INFO - [2023-07-01 16:25:14,420] {dag.py:2389} INFO - Sync 1 DAGs
[2023-07-01 16:25:14,434] {logging_mixin.py:109} INFO - [2023-07-01 16:25:14,434] {dag.py:2914} INFO - Setting next_dagrun for example_short_circuit_operator to 2023-06-30T16:25:14.433519+00:00
[2023-07-01 16:25:14,445] {processor.py:171} INFO - Processing /home/airflow/.local/lib/python3.6/site-packages/airflow/example_dags/example_short_circuit_operator.py took 0.069 seconds
[2023-07-01 16:25:44,482] {processor.py:163} INFO - Started process (PID=556) to work on /home/airflow/.local/lib/python3.6/site-packages/airflow/example_dags/example_short_circuit_operator.py
[2023-07-01 16:25:44,484] {processor.py:620} INFO - Processing file /home/airflow/.local/lib/python3.6/site-packages/airflow/example_dags/example_short_circuit_operator.py for tasks to queue
[2023-07-01 16:25:44,485] {logging_mixin.py:109} INFO - [2023-07-01 16:25:44,485] {dagbag.py:500} INFO - Filling up the DagBag from /home/airflow/.local/lib/python3.6/site-packages/airflow/example_dags/example_short_circuit_operator.py
[2023-07-01 16:25:44,513] {processor.py:632} INFO - DAG(s) dict_keys(['example_short_circuit_operator']) retrieved from /home/airflow/.local/lib/python3.6/site-packages/airflow/example_dags/example_short_circuit_operator.py
[2023-07-01 16:25:44,524] {logging_mixin.py:109} INFO - [2023-07-01 16:25:44,524] {dag.py:2389} INFO - Sync 1 DAGs
[2023-07-01 16:25:44,536] {logging_mixin.py:109} INFO - [2023-07-01 16:25:44,536] {dag.py:2914} INFO - Setting next_dagrun for example_short_circuit_operator to 2023-06-30T16:25:44.535788+00:00
[2023-07-01 16:25:44,542] {processor.py:171} INFO - Processing /home/airflow/.local/lib/python3.6/site-packages/airflow/example_dags/example_short_circuit_operator.py took 0.064 seconds
[2023-07-01 16:26:15,311] {processor.py:163} INFO - Started process (PID=609) to work on /home/airflow/.local/lib/python3.6/site-packages/airflow/example_dags/example_short_circuit_operator.py
[2023-07-01 16:26:15,313] {processor.py:620} INFO - Processing file /home/airflow/.local/lib/python3.6/site-packages/airflow/example_dags/example_short_circuit_operator.py for tasks to queue
[2023-07-01 16:26:15,314] {logging_mixin.py:109} INFO - [2023-07-01 16:26:15,314] {dagbag.py:500} INFO - Filling up the DagBag from /home/airflow/.local/lib/python3.6/site-packages/airflow/example_dags/example_short_circuit_operator.py
[2023-07-01 16:26:15,341] {processor.py:632} INFO - DAG(s) dict_keys(['example_short_circuit_operator']) retrieved from /home/airflow/.local/lib/python3.6/site-packages/airflow/example_dags/example_short_circuit_operator.py
[2023-07-01 16:26:15,352] {logging_mixin.py:109} INFO - [2023-07-01 16:26:15,352] {dag.py:2389} INFO - Sync 1 DAGs
[2023-07-01 16:26:15,364] {logging_mixin.py:109} INFO - [2023-07-01 16:26:15,364] {dag.py:2914} INFO - Setting next_dagrun for example_short_circuit_operator to 2023-06-30T16:26:15.364254+00:00
[2023-07-01 16:26:15,371] {processor.py:171} INFO - Processing /home/airflow/.local/lib/python3.6/site-packages/airflow/example_dags/example_short_circuit_operator.py took 0.063 seconds
[2023-07-01 16:26:46,300] {processor.py:163} INFO - Started process (PID=664) to work on /home/airflow/.local/lib/python3.6/site-packages/airflow/example_dags/example_short_circuit_operator.py
[2023-07-01 16:26:46,301] {processor.py:620} INFO - Processing file /home/airflow/.local/lib/python3.6/site-packages/airflow/example_dags/example_short_circuit_operator.py for tasks to queue
[2023-07-01 16:26:46,302] {logging_mixin.py:109} INFO - [2023-07-01 16:26:46,302] {dagbag.py:500} INFO - Filling up the DagBag from /home/airflow/.local/lib/python3.6/site-packages/airflow/example_dags/example_short_circuit_operator.py
[2023-07-01 16:26:46,331] {processor.py:632} INFO - DAG(s) dict_keys(['example_short_circuit_operator']) retrieved from /home/airflow/.local/lib/python3.6/site-packages/airflow/example_dags/example_short_circuit_operator.py
[2023-07-01 16:26:46,341] {logging_mixin.py:109} INFO - [2023-07-01 16:26:46,341] {dag.py:2389} INFO - Sync 1 DAGs
[2023-07-01 16:26:46,353] {logging_mixin.py:109} INFO - [2023-07-01 16:26:46,353] {dag.py:2914} INFO - Setting next_dagrun for example_short_circuit_operator to 2023-06-30T16:26:46.352900+00:00
[2023-07-01 16:26:46,360] {processor.py:171} INFO - Processing /home/airflow/.local/lib/python3.6/site-packages/airflow/example_dags/example_short_circuit_operator.py took 0.064 seconds
