[2023-07-01 16:15:42,296] {processor.py:153} INFO - Started process (PID=49) to work on /home/airflow/.local/lib/python3.7/site-packages/airflow/example_dags/example_branch_day_of_week_operator.py
[2023-07-01 16:15:42,299] {processor.py:641} INFO - Processing file /home/airflow/.local/lib/python3.7/site-packages/airflow/example_dags/example_branch_day_of_week_operator.py for tasks to queue
[2023-07-01 16:15:42,300] {logging_mixin.py:115} INFO - [2023-07-01 16:15:42,300] {dagbag.py:507} INFO - Filling up the DagBag from /home/airflow/.local/lib/python3.7/site-packages/airflow/example_dags/example_branch_day_of_week_operator.py
[2023-07-01 16:15:42,310] {processor.py:651} INFO - DAG(s) dict_keys(['example_weekday_branch_operator']) retrieved from /home/airflow/.local/lib/python3.7/site-packages/airflow/example_dags/example_branch_day_of_week_operator.py
[2023-07-01 16:15:42,353] {logging_mixin.py:115} INFO - [2023-07-01 16:15:42,353] {manager.py:508} INFO - Created Permission View: can edit on DAG:example_weekday_branch_operator
[2023-07-01 16:15:42,363] {logging_mixin.py:115} INFO - [2023-07-01 16:15:42,363] {manager.py:508} INFO - Created Permission View: can delete on DAG:example_weekday_branch_operator
[2023-07-01 16:15:42,369] {logging_mixin.py:115} INFO - [2023-07-01 16:15:42,369] {manager.py:508} INFO - Created Permission View: can read on DAG:example_weekday_branch_operator
[2023-07-01 16:15:42,370] {logging_mixin.py:115} INFO - [2023-07-01 16:15:42,370] {dag.py:2371} INFO - Sync 1 DAGs
[2023-07-01 16:15:42,379] {logging_mixin.py:115} INFO - [2023-07-01 16:15:42,379] {dag.py:2390} INFO - Creating ORM DAG for example_weekday_branch_operator
[2023-07-01 16:15:42,393] {logging_mixin.py:115} INFO - [2023-07-01 16:15:42,393] {dag.py:2919} INFO - Setting next_dagrun for example_weekday_branch_operator to 2023-06-30T00:00:00+00:00, run_after=2023-07-01T00:00:00+00:00
[2023-07-01 16:15:42,409] {processor.py:161} INFO - Processing /home/airflow/.local/lib/python3.7/site-packages/airflow/example_dags/example_branch_day_of_week_operator.py took 0.116 seconds
[2023-07-01 16:16:12,639] {processor.py:153} INFO - Started process (PID=103) to work on /home/airflow/.local/lib/python3.7/site-packages/airflow/example_dags/example_branch_day_of_week_operator.py
[2023-07-01 16:16:12,640] {processor.py:641} INFO - Processing file /home/airflow/.local/lib/python3.7/site-packages/airflow/example_dags/example_branch_day_of_week_operator.py for tasks to queue
[2023-07-01 16:16:12,641] {logging_mixin.py:115} INFO - [2023-07-01 16:16:12,641] {dagbag.py:507} INFO - Filling up the DagBag from /home/airflow/.local/lib/python3.7/site-packages/airflow/example_dags/example_branch_day_of_week_operator.py
[2023-07-01 16:16:12,646] {processor.py:651} INFO - DAG(s) dict_keys(['example_weekday_branch_operator']) retrieved from /home/airflow/.local/lib/python3.7/site-packages/airflow/example_dags/example_branch_day_of_week_operator.py
[2023-07-01 16:16:12,666] {logging_mixin.py:115} INFO - [2023-07-01 16:16:12,666] {dag.py:2371} INFO - Sync 1 DAGs
[2023-07-01 16:16:12,680] {logging_mixin.py:115} INFO - [2023-07-01 16:16:12,680] {dag.py:2919} INFO - Setting next_dagrun for example_weekday_branch_operator to 2023-06-30T00:00:00+00:00, run_after=2023-07-01T00:00:00+00:00
[2023-07-01 16:16:12,688] {processor.py:161} INFO - Processing /home/airflow/.local/lib/python3.7/site-packages/airflow/example_dags/example_branch_day_of_week_operator.py took 0.051 seconds
[2023-07-01 16:16:43,101] {processor.py:153} INFO - Started process (PID=165) to work on /home/airflow/.local/lib/python3.7/site-packages/airflow/example_dags/example_branch_day_of_week_operator.py
[2023-07-01 16:16:43,101] {processor.py:641} INFO - Processing file /home/airflow/.local/lib/python3.7/site-packages/airflow/example_dags/example_branch_day_of_week_operator.py for tasks to queue
[2023-07-01 16:16:43,102] {logging_mixin.py:115} INFO - [2023-07-01 16:16:43,102] {dagbag.py:507} INFO - Filling up the DagBag from /home/airflow/.local/lib/python3.7/site-packages/airflow/example_dags/example_branch_day_of_week_operator.py
[2023-07-01 16:16:43,108] {processor.py:651} INFO - DAG(s) dict_keys(['example_weekday_branch_operator']) retrieved from /home/airflow/.local/lib/python3.7/site-packages/airflow/example_dags/example_branch_day_of_week_operator.py
[2023-07-01 16:16:43,126] {logging_mixin.py:115} INFO - [2023-07-01 16:16:43,126] {dag.py:2371} INFO - Sync 1 DAGs
[2023-07-01 16:16:43,140] {logging_mixin.py:115} INFO - [2023-07-01 16:16:43,140] {dag.py:2919} INFO - Setting next_dagrun for example_weekday_branch_operator to 2023-06-30T00:00:00+00:00, run_after=2023-07-01T00:00:00+00:00
[2023-07-01 16:16:43,147] {processor.py:161} INFO - Processing /home/airflow/.local/lib/python3.7/site-packages/airflow/example_dags/example_branch_day_of_week_operator.py took 0.048 seconds
[2023-07-01 16:17:13,529] {processor.py:153} INFO - Started process (PID=219) to work on /home/airflow/.local/lib/python3.7/site-packages/airflow/example_dags/example_branch_day_of_week_operator.py
[2023-07-01 16:17:13,530] {processor.py:641} INFO - Processing file /home/airflow/.local/lib/python3.7/site-packages/airflow/example_dags/example_branch_day_of_week_operator.py for tasks to queue
[2023-07-01 16:17:13,531] {logging_mixin.py:115} INFO - [2023-07-01 16:17:13,531] {dagbag.py:507} INFO - Filling up the DagBag from /home/airflow/.local/lib/python3.7/site-packages/airflow/example_dags/example_branch_day_of_week_operator.py
[2023-07-01 16:17:13,537] {processor.py:651} INFO - DAG(s) dict_keys(['example_weekday_branch_operator']) retrieved from /home/airflow/.local/lib/python3.7/site-packages/airflow/example_dags/example_branch_day_of_week_operator.py
[2023-07-01 16:17:13,558] {logging_mixin.py:115} INFO - [2023-07-01 16:17:13,558] {dag.py:2371} INFO - Sync 1 DAGs
[2023-07-01 16:17:13,572] {logging_mixin.py:115} INFO - [2023-07-01 16:17:13,572] {dag.py:2919} INFO - Setting next_dagrun for example_weekday_branch_operator to 2023-06-30T00:00:00+00:00, run_after=2023-07-01T00:00:00+00:00
[2023-07-01 16:17:13,579] {processor.py:161} INFO - Processing /home/airflow/.local/lib/python3.7/site-packages/airflow/example_dags/example_branch_day_of_week_operator.py took 0.052 seconds
[2023-07-01 16:22:57,667] {processor.py:163} INFO - Started process (PID=131) to work on /home/airflow/.local/lib/python3.6/site-packages/airflow/example_dags/example_branch_day_of_week_operator.py
[2023-07-01 16:22:57,672] {processor.py:620} INFO - Processing file /home/airflow/.local/lib/python3.6/site-packages/airflow/example_dags/example_branch_day_of_week_operator.py for tasks to queue
[2023-07-01 16:22:57,673] {logging_mixin.py:109} INFO - [2023-07-01 16:22:57,673] {dagbag.py:500} INFO - Filling up the DagBag from /home/airflow/.local/lib/python3.6/site-packages/airflow/example_dags/example_branch_day_of_week_operator.py
[2023-07-01 16:22:57,751] {processor.py:632} INFO - DAG(s) dict_keys(['example_weekday_branch_operator']) retrieved from /home/airflow/.local/lib/python3.6/site-packages/airflow/example_dags/example_branch_day_of_week_operator.py
[2023-07-01 16:22:59,075] {logging_mixin.py:109} INFO - [2023-07-01 16:22:59,075] {opentelemetry_tracing.py:29} INFO - This service is instrumented using OpenTelemetry. OpenTelemetry could not be imported; please add opentelemetry-api and opentelemetry-instrumentation packages in order to get BigQuery Tracing data.
[2023-07-01 16:22:59,097] {logging_mixin.py:109} INFO - [2023-07-01 16:22:59,097] {providers_manager.py:156} WARNING - Exception when importing 'airflow.providers.google.leveldb.hooks.leveldb.LevelDBHook' from 'apache-airflow-providers-google' package: No module named 'plyvel'
[2023-07-01 16:22:59,321] {logging_mixin.py:109} INFO - [2023-07-01 16:22:59,321] {providers_manager.py:156} WARNING - Exception when importing 'airflow.providers.google.leveldb.hooks.leveldb.LevelDBHook' from 'apache-airflow-providers-google' package: No module named 'plyvel'
[2023-07-01 16:22:59,335] {logging_mixin.py:109} INFO - [2023-07-01 16:22:59,335] {manager.py:496} INFO - Created Permission View: can edit on DAG:example_weekday_branch_operator
[2023-07-01 16:22:59,341] {logging_mixin.py:109} INFO - [2023-07-01 16:22:59,341] {manager.py:496} INFO - Created Permission View: can read on DAG:example_weekday_branch_operator
[2023-07-01 16:22:59,343] {logging_mixin.py:109} INFO - [2023-07-01 16:22:59,342] {dag.py:2389} INFO - Sync 1 DAGs
[2023-07-01 16:22:59,351] {logging_mixin.py:109} INFO - [2023-07-01 16:22:59,350] {dag.py:2408} INFO - Creating ORM DAG for example_weekday_branch_operator
[2023-07-01 16:22:59,357] {logging_mixin.py:109} INFO - [2023-07-01 16:22:59,357] {dag.py:2914} INFO - Setting next_dagrun for example_weekday_branch_operator to 2023-06-30 00:00:00+00:00
[2023-07-01 16:22:59,365] {processor.py:171} INFO - Processing /home/airflow/.local/lib/python3.6/site-packages/airflow/example_dags/example_branch_day_of_week_operator.py took 1.701 seconds
[2023-07-01 16:23:29,553] {processor.py:163} INFO - Started process (PID=320) to work on /home/airflow/.local/lib/python3.6/site-packages/airflow/example_dags/example_branch_day_of_week_operator.py
[2023-07-01 16:23:29,554] {processor.py:620} INFO - Processing file /home/airflow/.local/lib/python3.6/site-packages/airflow/example_dags/example_branch_day_of_week_operator.py for tasks to queue
[2023-07-01 16:23:29,555] {logging_mixin.py:109} INFO - [2023-07-01 16:23:29,555] {dagbag.py:500} INFO - Filling up the DagBag from /home/airflow/.local/lib/python3.6/site-packages/airflow/example_dags/example_branch_day_of_week_operator.py
[2023-07-01 16:23:29,641] {processor.py:632} INFO - DAG(s) dict_keys(['example_weekday_branch_operator']) retrieved from /home/airflow/.local/lib/python3.6/site-packages/airflow/example_dags/example_branch_day_of_week_operator.py
[2023-07-01 16:23:29,649] {logging_mixin.py:109} INFO - [2023-07-01 16:23:29,649] {dag.py:2389} INFO - Sync 1 DAGs
[2023-07-01 16:23:29,659] {logging_mixin.py:109} INFO - [2023-07-01 16:23:29,659] {dag.py:2914} INFO - Setting next_dagrun for example_weekday_branch_operator to 2023-06-30 00:00:00+00:00
[2023-07-01 16:23:29,665] {processor.py:171} INFO - Processing /home/airflow/.local/lib/python3.6/site-packages/airflow/example_dags/example_branch_day_of_week_operator.py took 0.115 seconds
[2023-07-01 16:24:00,048] {processor.py:163} INFO - Started process (PID=374) to work on /home/airflow/.local/lib/python3.6/site-packages/airflow/example_dags/example_branch_day_of_week_operator.py
[2023-07-01 16:24:00,050] {processor.py:620} INFO - Processing file /home/airflow/.local/lib/python3.6/site-packages/airflow/example_dags/example_branch_day_of_week_operator.py for tasks to queue
[2023-07-01 16:24:00,051] {logging_mixin.py:109} INFO - [2023-07-01 16:24:00,051] {dagbag.py:500} INFO - Filling up the DagBag from /home/airflow/.local/lib/python3.6/site-packages/airflow/example_dags/example_branch_day_of_week_operator.py
[2023-07-01 16:24:00,144] {processor.py:632} INFO - DAG(s) dict_keys(['example_weekday_branch_operator']) retrieved from /home/airflow/.local/lib/python3.6/site-packages/airflow/example_dags/example_branch_day_of_week_operator.py
[2023-07-01 16:24:00,153] {logging_mixin.py:109} INFO - [2023-07-01 16:24:00,153] {dag.py:2389} INFO - Sync 1 DAGs
[2023-07-01 16:24:00,164] {logging_mixin.py:109} INFO - [2023-07-01 16:24:00,163] {dag.py:2914} INFO - Setting next_dagrun for example_weekday_branch_operator to 2023-06-30 00:00:00+00:00
[2023-07-01 16:24:00,169] {processor.py:171} INFO - Processing /home/airflow/.local/lib/python3.6/site-packages/airflow/example_dags/example_branch_day_of_week_operator.py took 0.127 seconds
[2023-07-01 16:24:30,484] {processor.py:163} INFO - Started process (PID=429) to work on /home/airflow/.local/lib/python3.6/site-packages/airflow/example_dags/example_branch_day_of_week_operator.py
[2023-07-01 16:24:30,486] {processor.py:620} INFO - Processing file /home/airflow/.local/lib/python3.6/site-packages/airflow/example_dags/example_branch_day_of_week_operator.py for tasks to queue
[2023-07-01 16:24:30,488] {logging_mixin.py:109} INFO - [2023-07-01 16:24:30,487] {dagbag.py:500} INFO - Filling up the DagBag from /home/airflow/.local/lib/python3.6/site-packages/airflow/example_dags/example_branch_day_of_week_operator.py
[2023-07-01 16:24:30,520] {processor.py:632} INFO - DAG(s) dict_keys(['example_weekday_branch_operator']) retrieved from /home/airflow/.local/lib/python3.6/site-packages/airflow/example_dags/example_branch_day_of_week_operator.py
[2023-07-01 16:24:30,530] {logging_mixin.py:109} INFO - [2023-07-01 16:24:30,530] {dag.py:2389} INFO - Sync 1 DAGs
[2023-07-01 16:24:30,543] {logging_mixin.py:109} INFO - [2023-07-01 16:24:30,542] {dag.py:2914} INFO - Setting next_dagrun for example_weekday_branch_operator to 2023-06-30 00:00:00+00:00
[2023-07-01 16:24:30,549] {processor.py:171} INFO - Processing /home/airflow/.local/lib/python3.6/site-packages/airflow/example_dags/example_branch_day_of_week_operator.py took 0.072 seconds
[2023-07-01 16:25:00,591] {processor.py:163} INFO - Started process (PID=483) to work on /home/airflow/.local/lib/python3.6/site-packages/airflow/example_dags/example_branch_day_of_week_operator.py
[2023-07-01 16:25:00,592] {processor.py:620} INFO - Processing file /home/airflow/.local/lib/python3.6/site-packages/airflow/example_dags/example_branch_day_of_week_operator.py for tasks to queue
[2023-07-01 16:25:00,593] {logging_mixin.py:109} INFO - [2023-07-01 16:25:00,593] {dagbag.py:500} INFO - Filling up the DagBag from /home/airflow/.local/lib/python3.6/site-packages/airflow/example_dags/example_branch_day_of_week_operator.py
[2023-07-01 16:25:00,617] {processor.py:632} INFO - DAG(s) dict_keys(['example_weekday_branch_operator']) retrieved from /home/airflow/.local/lib/python3.6/site-packages/airflow/example_dags/example_branch_day_of_week_operator.py
[2023-07-01 16:25:00,626] {logging_mixin.py:109} INFO - [2023-07-01 16:25:00,626] {dag.py:2389} INFO - Sync 1 DAGs
[2023-07-01 16:25:00,639] {logging_mixin.py:109} INFO - [2023-07-01 16:25:00,639] {dag.py:2914} INFO - Setting next_dagrun for example_weekday_branch_operator to 2023-06-30 00:00:00+00:00
[2023-07-01 16:25:00,645] {processor.py:171} INFO - Processing /home/airflow/.local/lib/python3.6/site-packages/airflow/example_dags/example_branch_day_of_week_operator.py took 0.057 seconds
[2023-07-01 16:25:30,805] {processor.py:163} INFO - Started process (PID=537) to work on /home/airflow/.local/lib/python3.6/site-packages/airflow/example_dags/example_branch_day_of_week_operator.py
[2023-07-01 16:25:30,806] {processor.py:620} INFO - Processing file /home/airflow/.local/lib/python3.6/site-packages/airflow/example_dags/example_branch_day_of_week_operator.py for tasks to queue
[2023-07-01 16:25:30,807] {logging_mixin.py:109} INFO - [2023-07-01 16:25:30,807] {dagbag.py:500} INFO - Filling up the DagBag from /home/airflow/.local/lib/python3.6/site-packages/airflow/example_dags/example_branch_day_of_week_operator.py
[2023-07-01 16:25:30,829] {processor.py:632} INFO - DAG(s) dict_keys(['example_weekday_branch_operator']) retrieved from /home/airflow/.local/lib/python3.6/site-packages/airflow/example_dags/example_branch_day_of_week_operator.py
[2023-07-01 16:25:30,838] {logging_mixin.py:109} INFO - [2023-07-01 16:25:30,838] {dag.py:2389} INFO - Sync 1 DAGs
[2023-07-01 16:25:30,851] {logging_mixin.py:109} INFO - [2023-07-01 16:25:30,851] {dag.py:2914} INFO - Setting next_dagrun for example_weekday_branch_operator to 2023-06-30 00:00:00+00:00
[2023-07-01 16:25:30,857] {processor.py:171} INFO - Processing /home/airflow/.local/lib/python3.6/site-packages/airflow/example_dags/example_branch_day_of_week_operator.py took 0.055 seconds
[2023-07-01 16:26:01,592] {processor.py:163} INFO - Started process (PID=590) to work on /home/airflow/.local/lib/python3.6/site-packages/airflow/example_dags/example_branch_day_of_week_operator.py
[2023-07-01 16:26:01,594] {processor.py:620} INFO - Processing file /home/airflow/.local/lib/python3.6/site-packages/airflow/example_dags/example_branch_day_of_week_operator.py for tasks to queue
[2023-07-01 16:26:01,594] {logging_mixin.py:109} INFO - [2023-07-01 16:26:01,594] {dagbag.py:500} INFO - Filling up the DagBag from /home/airflow/.local/lib/python3.6/site-packages/airflow/example_dags/example_branch_day_of_week_operator.py
[2023-07-01 16:26:01,617] {processor.py:632} INFO - DAG(s) dict_keys(['example_weekday_branch_operator']) retrieved from /home/airflow/.local/lib/python3.6/site-packages/airflow/example_dags/example_branch_day_of_week_operator.py
[2023-07-01 16:26:01,627] {logging_mixin.py:109} INFO - [2023-07-01 16:26:01,626] {dag.py:2389} INFO - Sync 1 DAGs
[2023-07-01 16:26:01,639] {logging_mixin.py:109} INFO - [2023-07-01 16:26:01,639] {dag.py:2914} INFO - Setting next_dagrun for example_weekday_branch_operator to 2023-06-30 00:00:00+00:00
[2023-07-01 16:26:01,646] {processor.py:171} INFO - Processing /home/airflow/.local/lib/python3.6/site-packages/airflow/example_dags/example_branch_day_of_week_operator.py took 0.056 seconds
[2023-07-01 16:26:32,443] {processor.py:163} INFO - Started process (PID=644) to work on /home/airflow/.local/lib/python3.6/site-packages/airflow/example_dags/example_branch_day_of_week_operator.py
[2023-07-01 16:26:32,444] {processor.py:620} INFO - Processing file /home/airflow/.local/lib/python3.6/site-packages/airflow/example_dags/example_branch_day_of_week_operator.py for tasks to queue
[2023-07-01 16:26:32,445] {logging_mixin.py:109} INFO - [2023-07-01 16:26:32,445] {dagbag.py:500} INFO - Filling up the DagBag from /home/airflow/.local/lib/python3.6/site-packages/airflow/example_dags/example_branch_day_of_week_operator.py
[2023-07-01 16:26:32,469] {processor.py:632} INFO - DAG(s) dict_keys(['example_weekday_branch_operator']) retrieved from /home/airflow/.local/lib/python3.6/site-packages/airflow/example_dags/example_branch_day_of_week_operator.py
[2023-07-01 16:26:32,479] {logging_mixin.py:109} INFO - [2023-07-01 16:26:32,479] {dag.py:2389} INFO - Sync 1 DAGs
[2023-07-01 16:26:32,495] {logging_mixin.py:109} INFO - [2023-07-01 16:26:32,495] {dag.py:2914} INFO - Setting next_dagrun for example_weekday_branch_operator to 2023-06-30 00:00:00+00:00
[2023-07-01 16:26:32,502] {processor.py:171} INFO - Processing /home/airflow/.local/lib/python3.6/site-packages/airflow/example_dags/example_branch_day_of_week_operator.py took 0.062 seconds
