[2023-07-01 16:15:44,023] {processor.py:153} INFO - Started process (PID=72) to work on /home/airflow/.local/lib/python3.7/site-packages/airflow/example_dags/example_branch_python_dop_operator_3.py
[2023-07-01 16:15:44,027] {processor.py:641} INFO - Processing file /home/airflow/.local/lib/python3.7/site-packages/airflow/example_dags/example_branch_python_dop_operator_3.py for tasks to queue
[2023-07-01 16:15:44,028] {logging_mixin.py:115} INFO - [2023-07-01 16:15:44,028] {dagbag.py:507} INFO - Filling up the DagBag from /home/airflow/.local/lib/python3.7/site-packages/airflow/example_dags/example_branch_python_dop_operator_3.py
[2023-07-01 16:15:44,035] {processor.py:651} INFO - DAG(s) dict_keys(['example_branch_dop_operator_v3']) retrieved from /home/airflow/.local/lib/python3.7/site-packages/airflow/example_dags/example_branch_python_dop_operator_3.py
[2023-07-01 16:15:44,122] {logging_mixin.py:115} INFO - [2023-07-01 16:15:44,122] {manager.py:508} INFO - Created Permission View: can edit on DAG:example_branch_dop_operator_v3
[2023-07-01 16:15:44,128] {logging_mixin.py:115} INFO - [2023-07-01 16:15:44,128] {manager.py:508} INFO - Created Permission View: can delete on DAG:example_branch_dop_operator_v3
[2023-07-01 16:15:44,133] {logging_mixin.py:115} INFO - [2023-07-01 16:15:44,133] {manager.py:508} INFO - Created Permission View: can read on DAG:example_branch_dop_operator_v3
[2023-07-01 16:15:44,134] {logging_mixin.py:115} INFO - [2023-07-01 16:15:44,133] {dag.py:2371} INFO - Sync 1 DAGs
[2023-07-01 16:15:44,142] {logging_mixin.py:115} INFO - [2023-07-01 16:15:44,142] {dag.py:2390} INFO - Creating ORM DAG for example_branch_dop_operator_v3
[2023-07-01 16:15:44,159] {logging_mixin.py:115} INFO - [2023-07-01 16:15:44,159] {dag.py:2919} INFO - Setting next_dagrun for example_branch_dop_operator_v3 to 2023-07-01T16:14:00+00:00, run_after=2023-07-01T16:15:00+00:00
[2023-07-01 16:15:44,177] {processor.py:161} INFO - Processing /home/airflow/.local/lib/python3.7/site-packages/airflow/example_dags/example_branch_python_dop_operator_3.py took 0.156 seconds
[2023-07-01 16:16:14,286] {processor.py:153} INFO - Started process (PID=127) to work on /home/airflow/.local/lib/python3.7/site-packages/airflow/example_dags/example_branch_python_dop_operator_3.py
[2023-07-01 16:16:14,287] {processor.py:641} INFO - Processing file /home/airflow/.local/lib/python3.7/site-packages/airflow/example_dags/example_branch_python_dop_operator_3.py for tasks to queue
[2023-07-01 16:16:14,288] {logging_mixin.py:115} INFO - [2023-07-01 16:16:14,288] {dagbag.py:507} INFO - Filling up the DagBag from /home/airflow/.local/lib/python3.7/site-packages/airflow/example_dags/example_branch_python_dop_operator_3.py
[2023-07-01 16:16:14,294] {processor.py:651} INFO - DAG(s) dict_keys(['example_branch_dop_operator_v3']) retrieved from /home/airflow/.local/lib/python3.7/site-packages/airflow/example_dags/example_branch_python_dop_operator_3.py
[2023-07-01 16:16:14,313] {logging_mixin.py:115} INFO - [2023-07-01 16:16:14,313] {dag.py:2371} INFO - Sync 1 DAGs
[2023-07-01 16:16:14,329] {logging_mixin.py:115} INFO - [2023-07-01 16:16:14,329] {dag.py:2919} INFO - Setting next_dagrun for example_branch_dop_operator_v3 to 2023-07-01T16:15:00+00:00, run_after=2023-07-01T16:16:00+00:00
[2023-07-01 16:16:14,336] {processor.py:161} INFO - Processing /home/airflow/.local/lib/python3.7/site-packages/airflow/example_dags/example_branch_python_dop_operator_3.py took 0.052 seconds
[2023-07-01 16:16:44,760] {processor.py:153} INFO - Started process (PID=182) to work on /home/airflow/.local/lib/python3.7/site-packages/airflow/example_dags/example_branch_python_dop_operator_3.py
[2023-07-01 16:16:44,761] {processor.py:641} INFO - Processing file /home/airflow/.local/lib/python3.7/site-packages/airflow/example_dags/example_branch_python_dop_operator_3.py for tasks to queue
[2023-07-01 16:16:44,762] {logging_mixin.py:115} INFO - [2023-07-01 16:16:44,762] {dagbag.py:507} INFO - Filling up the DagBag from /home/airflow/.local/lib/python3.7/site-packages/airflow/example_dags/example_branch_python_dop_operator_3.py
[2023-07-01 16:16:44,768] {processor.py:651} INFO - DAG(s) dict_keys(['example_branch_dop_operator_v3']) retrieved from /home/airflow/.local/lib/python3.7/site-packages/airflow/example_dags/example_branch_python_dop_operator_3.py
[2023-07-01 16:16:44,789] {logging_mixin.py:115} INFO - [2023-07-01 16:16:44,789] {dag.py:2371} INFO - Sync 1 DAGs
[2023-07-01 16:16:44,806] {logging_mixin.py:115} INFO - [2023-07-01 16:16:44,806] {dag.py:2919} INFO - Setting next_dagrun for example_branch_dop_operator_v3 to 2023-07-01T16:15:00+00:00, run_after=2023-07-01T16:16:00+00:00
[2023-07-01 16:16:44,813] {processor.py:161} INFO - Processing /home/airflow/.local/lib/python3.7/site-packages/airflow/example_dags/example_branch_python_dop_operator_3.py took 0.055 seconds
[2023-07-01 16:17:15,151] {processor.py:153} INFO - Started process (PID=236) to work on /home/airflow/.local/lib/python3.7/site-packages/airflow/example_dags/example_branch_python_dop_operator_3.py
[2023-07-01 16:17:15,151] {processor.py:641} INFO - Processing file /home/airflow/.local/lib/python3.7/site-packages/airflow/example_dags/example_branch_python_dop_operator_3.py for tasks to queue
[2023-07-01 16:17:15,152] {logging_mixin.py:115} INFO - [2023-07-01 16:17:15,152] {dagbag.py:507} INFO - Filling up the DagBag from /home/airflow/.local/lib/python3.7/site-packages/airflow/example_dags/example_branch_python_dop_operator_3.py
[2023-07-01 16:17:15,158] {processor.py:651} INFO - DAG(s) dict_keys(['example_branch_dop_operator_v3']) retrieved from /home/airflow/.local/lib/python3.7/site-packages/airflow/example_dags/example_branch_python_dop_operator_3.py
[2023-07-01 16:17:15,177] {logging_mixin.py:115} INFO - [2023-07-01 16:17:15,177] {dag.py:2371} INFO - Sync 1 DAGs
[2023-07-01 16:17:15,193] {logging_mixin.py:115} INFO - [2023-07-01 16:17:15,193] {dag.py:2919} INFO - Setting next_dagrun for example_branch_dop_operator_v3 to 2023-07-01T16:16:00+00:00, run_after=2023-07-01T16:17:00+00:00
[2023-07-01 16:17:15,200] {processor.py:161} INFO - Processing /home/airflow/.local/lib/python3.7/site-packages/airflow/example_dags/example_branch_python_dop_operator_3.py took 0.052 seconds
[2023-07-01 16:23:11,798] {processor.py:163} INFO - Started process (PID=233) to work on /home/airflow/.local/lib/python3.6/site-packages/airflow/example_dags/example_branch_python_dop_operator_3.py
[2023-07-01 16:23:11,800] {processor.py:620} INFO - Processing file /home/airflow/.local/lib/python3.6/site-packages/airflow/example_dags/example_branch_python_dop_operator_3.py for tasks to queue
[2023-07-01 16:23:11,800] {logging_mixin.py:109} INFO - [2023-07-01 16:23:11,800] {dagbag.py:500} INFO - Filling up the DagBag from /home/airflow/.local/lib/python3.6/site-packages/airflow/example_dags/example_branch_python_dop_operator_3.py
[2023-07-01 16:23:11,886] {processor.py:632} INFO - DAG(s) dict_keys(['example_branch_dop_operator_v3']) retrieved from /home/airflow/.local/lib/python3.6/site-packages/airflow/example_dags/example_branch_python_dop_operator_3.py
[2023-07-01 16:23:13,247] {logging_mixin.py:109} INFO - [2023-07-01 16:23:13,247] {opentelemetry_tracing.py:29} INFO - This service is instrumented using OpenTelemetry. OpenTelemetry could not be imported; please add opentelemetry-api and opentelemetry-instrumentation packages in order to get BigQuery Tracing data.
[2023-07-01 16:23:13,272] {logging_mixin.py:109} INFO - [2023-07-01 16:23:13,272] {providers_manager.py:156} WARNING - Exception when importing 'airflow.providers.google.leveldb.hooks.leveldb.LevelDBHook' from 'apache-airflow-providers-google' package: No module named 'plyvel'
[2023-07-01 16:23:13,518] {logging_mixin.py:109} INFO - [2023-07-01 16:23:13,518] {providers_manager.py:156} WARNING - Exception when importing 'airflow.providers.google.leveldb.hooks.leveldb.LevelDBHook' from 'apache-airflow-providers-google' package: No module named 'plyvel'
[2023-07-01 16:23:13,533] {logging_mixin.py:109} INFO - [2023-07-01 16:23:13,533] {manager.py:496} INFO - Created Permission View: can edit on DAG:example_branch_dop_operator_v3
[2023-07-01 16:23:13,541] {logging_mixin.py:109} INFO - [2023-07-01 16:23:13,541] {manager.py:496} INFO - Created Permission View: can read on DAG:example_branch_dop_operator_v3
[2023-07-01 16:23:13,543] {logging_mixin.py:109} INFO - [2023-07-01 16:23:13,542] {dag.py:2389} INFO - Sync 1 DAGs
[2023-07-01 16:23:13,550] {logging_mixin.py:109} INFO - [2023-07-01 16:23:13,549] {dag.py:2408} INFO - Creating ORM DAG for example_branch_dop_operator_v3
[2023-07-01 16:23:13,562] {logging_mixin.py:109} INFO - [2023-07-01 16:23:13,562] {dag.py:2914} INFO - Setting next_dagrun for example_branch_dop_operator_v3 to 2023-07-01T16:22:00+00:00
[2023-07-01 16:23:13,570] {processor.py:171} INFO - Processing /home/airflow/.local/lib/python3.6/site-packages/airflow/example_dags/example_branch_python_dop_operator_3.py took 1.774 seconds
[2023-07-01 16:23:43,732] {processor.py:163} INFO - Started process (PID=341) to work on /home/airflow/.local/lib/python3.6/site-packages/airflow/example_dags/example_branch_python_dop_operator_3.py
[2023-07-01 16:23:43,734] {processor.py:620} INFO - Processing file /home/airflow/.local/lib/python3.6/site-packages/airflow/example_dags/example_branch_python_dop_operator_3.py for tasks to queue
[2023-07-01 16:23:43,736] {logging_mixin.py:109} INFO - [2023-07-01 16:23:43,736] {dagbag.py:500} INFO - Filling up the DagBag from /home/airflow/.local/lib/python3.6/site-packages/airflow/example_dags/example_branch_python_dop_operator_3.py
[2023-07-01 16:23:43,824] {processor.py:632} INFO - DAG(s) dict_keys(['example_branch_dop_operator_v3']) retrieved from /home/airflow/.local/lib/python3.6/site-packages/airflow/example_dags/example_branch_python_dop_operator_3.py
[2023-07-01 16:23:43,833] {logging_mixin.py:109} INFO - [2023-07-01 16:23:43,833] {dag.py:2389} INFO - Sync 1 DAGs
[2023-07-01 16:23:43,847] {logging_mixin.py:109} INFO - [2023-07-01 16:23:43,847] {dag.py:2914} INFO - Setting next_dagrun for example_branch_dop_operator_v3 to 2023-07-01T16:22:00+00:00
[2023-07-01 16:23:43,852] {processor.py:171} INFO - Processing /home/airflow/.local/lib/python3.6/site-packages/airflow/example_dags/example_branch_python_dop_operator_3.py took 0.125 seconds
[2023-07-01 16:24:14,132] {processor.py:163} INFO - Started process (PID=397) to work on /home/airflow/.local/lib/python3.6/site-packages/airflow/example_dags/example_branch_python_dop_operator_3.py
[2023-07-01 16:24:14,134] {processor.py:620} INFO - Processing file /home/airflow/.local/lib/python3.6/site-packages/airflow/example_dags/example_branch_python_dop_operator_3.py for tasks to queue
[2023-07-01 16:24:14,136] {logging_mixin.py:109} INFO - [2023-07-01 16:24:14,136] {dagbag.py:500} INFO - Filling up the DagBag from /home/airflow/.local/lib/python3.6/site-packages/airflow/example_dags/example_branch_python_dop_operator_3.py
[2023-07-01 16:24:14,230] {processor.py:632} INFO - DAG(s) dict_keys(['example_branch_dop_operator_v3']) retrieved from /home/airflow/.local/lib/python3.6/site-packages/airflow/example_dags/example_branch_python_dop_operator_3.py
[2023-07-01 16:24:14,238] {logging_mixin.py:109} INFO - [2023-07-01 16:24:14,238] {dag.py:2389} INFO - Sync 1 DAGs
[2023-07-01 16:24:14,253] {logging_mixin.py:109} INFO - [2023-07-01 16:24:14,252] {dag.py:2914} INFO - Setting next_dagrun for example_branch_dop_operator_v3 to 2023-07-01T16:23:00+00:00
[2023-07-01 16:24:14,258] {processor.py:171} INFO - Processing /home/airflow/.local/lib/python3.6/site-packages/airflow/example_dags/example_branch_python_dop_operator_3.py took 0.133 seconds
[2023-07-01 16:24:44,319] {processor.py:163} INFO - Started process (PID=451) to work on /home/airflow/.local/lib/python3.6/site-packages/airflow/example_dags/example_branch_python_dop_operator_3.py
[2023-07-01 16:24:44,321] {processor.py:620} INFO - Processing file /home/airflow/.local/lib/python3.6/site-packages/airflow/example_dags/example_branch_python_dop_operator_3.py for tasks to queue
[2023-07-01 16:24:44,321] {logging_mixin.py:109} INFO - [2023-07-01 16:24:44,321] {dagbag.py:500} INFO - Filling up the DagBag from /home/airflow/.local/lib/python3.6/site-packages/airflow/example_dags/example_branch_python_dop_operator_3.py
[2023-07-01 16:24:44,346] {processor.py:632} INFO - DAG(s) dict_keys(['example_branch_dop_operator_v3']) retrieved from /home/airflow/.local/lib/python3.6/site-packages/airflow/example_dags/example_branch_python_dop_operator_3.py
[2023-07-01 16:24:44,356] {logging_mixin.py:109} INFO - [2023-07-01 16:24:44,356] {dag.py:2389} INFO - Sync 1 DAGs
[2023-07-01 16:24:44,372] {logging_mixin.py:109} INFO - [2023-07-01 16:24:44,372] {dag.py:2914} INFO - Setting next_dagrun for example_branch_dop_operator_v3 to 2023-07-01T16:23:00+00:00
[2023-07-01 16:24:44,379] {processor.py:171} INFO - Processing /home/airflow/.local/lib/python3.6/site-packages/airflow/example_dags/example_branch_python_dop_operator_3.py took 0.062 seconds
[2023-07-01 16:25:14,467] {processor.py:163} INFO - Started process (PID=505) to work on /home/airflow/.local/lib/python3.6/site-packages/airflow/example_dags/example_branch_python_dop_operator_3.py
[2023-07-01 16:25:14,468] {processor.py:620} INFO - Processing file /home/airflow/.local/lib/python3.6/site-packages/airflow/example_dags/example_branch_python_dop_operator_3.py for tasks to queue
[2023-07-01 16:25:14,469] {logging_mixin.py:109} INFO - [2023-07-01 16:25:14,469] {dagbag.py:500} INFO - Filling up the DagBag from /home/airflow/.local/lib/python3.6/site-packages/airflow/example_dags/example_branch_python_dop_operator_3.py
[2023-07-01 16:25:14,493] {processor.py:632} INFO - DAG(s) dict_keys(['example_branch_dop_operator_v3']) retrieved from /home/airflow/.local/lib/python3.6/site-packages/airflow/example_dags/example_branch_python_dop_operator_3.py
[2023-07-01 16:25:14,503] {logging_mixin.py:109} INFO - [2023-07-01 16:25:14,503] {dag.py:2389} INFO - Sync 1 DAGs
[2023-07-01 16:25:14,520] {logging_mixin.py:109} INFO - [2023-07-01 16:25:14,520] {dag.py:2914} INFO - Setting next_dagrun for example_branch_dop_operator_v3 to 2023-07-01T16:24:00+00:00
[2023-07-01 16:25:14,527] {processor.py:171} INFO - Processing /home/airflow/.local/lib/python3.6/site-packages/airflow/example_dags/example_branch_python_dop_operator_3.py took 0.062 seconds
[2023-07-01 16:25:44,564] {processor.py:163} INFO - Started process (PID=558) to work on /home/airflow/.local/lib/python3.6/site-packages/airflow/example_dags/example_branch_python_dop_operator_3.py
[2023-07-01 16:25:44,565] {processor.py:620} INFO - Processing file /home/airflow/.local/lib/python3.6/site-packages/airflow/example_dags/example_branch_python_dop_operator_3.py for tasks to queue
[2023-07-01 16:25:44,565] {logging_mixin.py:109} INFO - [2023-07-01 16:25:44,565] {dagbag.py:500} INFO - Filling up the DagBag from /home/airflow/.local/lib/python3.6/site-packages/airflow/example_dags/example_branch_python_dop_operator_3.py
[2023-07-01 16:25:44,590] {processor.py:632} INFO - DAG(s) dict_keys(['example_branch_dop_operator_v3']) retrieved from /home/airflow/.local/lib/python3.6/site-packages/airflow/example_dags/example_branch_python_dop_operator_3.py
[2023-07-01 16:25:44,600] {logging_mixin.py:109} INFO - [2023-07-01 16:25:44,599] {dag.py:2389} INFO - Sync 1 DAGs
[2023-07-01 16:25:44,616] {logging_mixin.py:109} INFO - [2023-07-01 16:25:44,616] {dag.py:2914} INFO - Setting next_dagrun for example_branch_dop_operator_v3 to 2023-07-01T16:24:00+00:00
[2023-07-01 16:25:44,622] {processor.py:171} INFO - Processing /home/airflow/.local/lib/python3.6/site-packages/airflow/example_dags/example_branch_python_dop_operator_3.py took 0.061 seconds
[2023-07-01 16:26:15,393] {processor.py:163} INFO - Started process (PID=611) to work on /home/airflow/.local/lib/python3.6/site-packages/airflow/example_dags/example_branch_python_dop_operator_3.py
[2023-07-01 16:26:15,394] {processor.py:620} INFO - Processing file /home/airflow/.local/lib/python3.6/site-packages/airflow/example_dags/example_branch_python_dop_operator_3.py for tasks to queue
[2023-07-01 16:26:15,395] {logging_mixin.py:109} INFO - [2023-07-01 16:26:15,395] {dagbag.py:500} INFO - Filling up the DagBag from /home/airflow/.local/lib/python3.6/site-packages/airflow/example_dags/example_branch_python_dop_operator_3.py
[2023-07-01 16:26:15,421] {processor.py:632} INFO - DAG(s) dict_keys(['example_branch_dop_operator_v3']) retrieved from /home/airflow/.local/lib/python3.6/site-packages/airflow/example_dags/example_branch_python_dop_operator_3.py
[2023-07-01 16:26:15,430] {logging_mixin.py:109} INFO - [2023-07-01 16:26:15,430] {dag.py:2389} INFO - Sync 1 DAGs
[2023-07-01 16:26:15,446] {logging_mixin.py:109} INFO - [2023-07-01 16:26:15,446] {dag.py:2914} INFO - Setting next_dagrun for example_branch_dop_operator_v3 to 2023-07-01T16:25:00+00:00
[2023-07-01 16:26:15,453] {processor.py:171} INFO - Processing /home/airflow/.local/lib/python3.6/site-packages/airflow/example_dags/example_branch_python_dop_operator_3.py took 0.063 seconds
[2023-07-01 16:26:46,380] {processor.py:163} INFO - Started process (PID=666) to work on /home/airflow/.local/lib/python3.6/site-packages/airflow/example_dags/example_branch_python_dop_operator_3.py
[2023-07-01 16:26:46,381] {processor.py:620} INFO - Processing file /home/airflow/.local/lib/python3.6/site-packages/airflow/example_dags/example_branch_python_dop_operator_3.py for tasks to queue
[2023-07-01 16:26:46,382] {logging_mixin.py:109} INFO - [2023-07-01 16:26:46,382] {dagbag.py:500} INFO - Filling up the DagBag from /home/airflow/.local/lib/python3.6/site-packages/airflow/example_dags/example_branch_python_dop_operator_3.py
[2023-07-01 16:26:46,407] {processor.py:632} INFO - DAG(s) dict_keys(['example_branch_dop_operator_v3']) retrieved from /home/airflow/.local/lib/python3.6/site-packages/airflow/example_dags/example_branch_python_dop_operator_3.py
[2023-07-01 16:26:46,417] {logging_mixin.py:109} INFO - [2023-07-01 16:26:46,417] {dag.py:2389} INFO - Sync 1 DAGs
[2023-07-01 16:26:46,434] {logging_mixin.py:109} INFO - [2023-07-01 16:26:46,433] {dag.py:2914} INFO - Setting next_dagrun for example_branch_dop_operator_v3 to 2023-07-01T16:25:00+00:00
[2023-07-01 16:26:46,441] {processor.py:171} INFO - Processing /home/airflow/.local/lib/python3.6/site-packages/airflow/example_dags/example_branch_python_dop_operator_3.py took 0.063 seconds
