[2023-07-01 16:15:45,040] {processor.py:153} INFO - Started process (PID=81) to work on /home/airflow/.local/lib/python3.7/site-packages/airflow/example_dags/example_task_group.py
[2023-07-01 16:15:45,043] {processor.py:641} INFO - Processing file /home/airflow/.local/lib/python3.7/site-packages/airflow/example_dags/example_task_group.py for tasks to queue
[2023-07-01 16:15:45,044] {logging_mixin.py:115} INFO - [2023-07-01 16:15:45,044] {dagbag.py:507} INFO - Filling up the DagBag from /home/airflow/.local/lib/python3.7/site-packages/airflow/example_dags/example_task_group.py
[2023-07-01 16:15:45,050] {processor.py:651} INFO - DAG(s) dict_keys(['example_task_group']) retrieved from /home/airflow/.local/lib/python3.7/site-packages/airflow/example_dags/example_task_group.py
[2023-07-01 16:15:45,116] {logging_mixin.py:115} INFO - [2023-07-01 16:15:45,116] {manager.py:508} INFO - Created Permission View: can edit on DAG:example_task_group
[2023-07-01 16:15:45,121] {logging_mixin.py:115} INFO - [2023-07-01 16:15:45,121] {manager.py:508} INFO - Created Permission View: can delete on DAG:example_task_group
[2023-07-01 16:15:45,127] {logging_mixin.py:115} INFO - [2023-07-01 16:15:45,127] {manager.py:508} INFO - Created Permission View: can read on DAG:example_task_group
[2023-07-01 16:15:45,128] {logging_mixin.py:115} INFO - [2023-07-01 16:15:45,128] {dag.py:2371} INFO - Sync 1 DAGs
[2023-07-01 16:15:45,135] {logging_mixin.py:115} INFO - [2023-07-01 16:15:45,135] {dag.py:2390} INFO - Creating ORM DAG for example_task_group
[2023-07-01 16:15:45,153] {logging_mixin.py:115} INFO - [2023-07-01 16:15:45,153] {dag.py:2919} INFO - Setting next_dagrun for example_task_group to 2023-06-30T16:15:45.153095+00:00, run_after=2023-07-01T16:15:45.153095+00:00
[2023-07-01 16:15:45,163] {processor.py:161} INFO - Processing /home/airflow/.local/lib/python3.7/site-packages/airflow/example_dags/example_task_group.py took 0.125 seconds
[2023-07-01 16:16:15,656] {processor.py:153} INFO - Started process (PID=136) to work on /home/airflow/.local/lib/python3.7/site-packages/airflow/example_dags/example_task_group.py
[2023-07-01 16:16:15,656] {processor.py:641} INFO - Processing file /home/airflow/.local/lib/python3.7/site-packages/airflow/example_dags/example_task_group.py for tasks to queue
[2023-07-01 16:16:15,657] {logging_mixin.py:115} INFO - [2023-07-01 16:16:15,657] {dagbag.py:507} INFO - Filling up the DagBag from /home/airflow/.local/lib/python3.7/site-packages/airflow/example_dags/example_task_group.py
[2023-07-01 16:16:15,662] {processor.py:651} INFO - DAG(s) dict_keys(['example_task_group']) retrieved from /home/airflow/.local/lib/python3.7/site-packages/airflow/example_dags/example_task_group.py
[2023-07-01 16:16:15,681] {logging_mixin.py:115} INFO - [2023-07-01 16:16:15,681] {dag.py:2371} INFO - Sync 1 DAGs
[2023-07-01 16:16:15,696] {logging_mixin.py:115} INFO - [2023-07-01 16:16:15,696] {dag.py:2919} INFO - Setting next_dagrun for example_task_group to 2023-06-30T16:16:15.696313+00:00, run_after=2023-07-01T16:16:15.696313+00:00
[2023-07-01 16:16:15,703] {processor.py:161} INFO - Processing /home/airflow/.local/lib/python3.7/site-packages/airflow/example_dags/example_task_group.py took 0.050 seconds
[2023-07-01 16:16:46,086] {processor.py:153} INFO - Started process (PID=191) to work on /home/airflow/.local/lib/python3.7/site-packages/airflow/example_dags/example_task_group.py
[2023-07-01 16:16:46,087] {processor.py:641} INFO - Processing file /home/airflow/.local/lib/python3.7/site-packages/airflow/example_dags/example_task_group.py for tasks to queue
[2023-07-01 16:16:46,088] {logging_mixin.py:115} INFO - [2023-07-01 16:16:46,088] {dagbag.py:507} INFO - Filling up the DagBag from /home/airflow/.local/lib/python3.7/site-packages/airflow/example_dags/example_task_group.py
[2023-07-01 16:16:46,093] {processor.py:651} INFO - DAG(s) dict_keys(['example_task_group']) retrieved from /home/airflow/.local/lib/python3.7/site-packages/airflow/example_dags/example_task_group.py
[2023-07-01 16:16:46,112] {logging_mixin.py:115} INFO - [2023-07-01 16:16:46,112] {dag.py:2371} INFO - Sync 1 DAGs
[2023-07-01 16:16:46,127] {logging_mixin.py:115} INFO - [2023-07-01 16:16:46,127] {dag.py:2919} INFO - Setting next_dagrun for example_task_group to 2023-06-30T16:16:46.126812+00:00, run_after=2023-07-01T16:16:46.126812+00:00
[2023-07-01 16:16:46,133] {processor.py:161} INFO - Processing /home/airflow/.local/lib/python3.7/site-packages/airflow/example_dags/example_task_group.py took 0.049 seconds
[2023-07-01 16:17:16,489] {processor.py:153} INFO - Started process (PID=245) to work on /home/airflow/.local/lib/python3.7/site-packages/airflow/example_dags/example_task_group.py
[2023-07-01 16:17:16,490] {processor.py:641} INFO - Processing file /home/airflow/.local/lib/python3.7/site-packages/airflow/example_dags/example_task_group.py for tasks to queue
[2023-07-01 16:17:16,491] {logging_mixin.py:115} INFO - [2023-07-01 16:17:16,491] {dagbag.py:507} INFO - Filling up the DagBag from /home/airflow/.local/lib/python3.7/site-packages/airflow/example_dags/example_task_group.py
[2023-07-01 16:17:16,495] {processor.py:651} INFO - DAG(s) dict_keys(['example_task_group']) retrieved from /home/airflow/.local/lib/python3.7/site-packages/airflow/example_dags/example_task_group.py
[2023-07-01 16:17:16,516] {logging_mixin.py:115} INFO - [2023-07-01 16:17:16,516] {dag.py:2371} INFO - Sync 1 DAGs
[2023-07-01 16:17:16,530] {logging_mixin.py:115} INFO - [2023-07-01 16:17:16,530] {dag.py:2919} INFO - Setting next_dagrun for example_task_group to 2023-06-30T16:17:16.530000+00:00, run_after=2023-07-01T16:17:16.530000+00:00
[2023-07-01 16:17:16,537] {processor.py:161} INFO - Processing /home/airflow/.local/lib/python3.7/site-packages/airflow/example_dags/example_task_group.py took 0.050 seconds
[2023-07-01 16:23:18,944] {processor.py:163} INFO - Started process (PID=288) to work on /home/airflow/.local/lib/python3.6/site-packages/airflow/example_dags/example_task_group.py
[2023-07-01 16:23:18,945] {processor.py:620} INFO - Processing file /home/airflow/.local/lib/python3.6/site-packages/airflow/example_dags/example_task_group.py for tasks to queue
[2023-07-01 16:23:18,946] {logging_mixin.py:109} INFO - [2023-07-01 16:23:18,946] {dagbag.py:500} INFO - Filling up the DagBag from /home/airflow/.local/lib/python3.6/site-packages/airflow/example_dags/example_task_group.py
[2023-07-01 16:23:19,027] {processor.py:632} INFO - DAG(s) dict_keys(['example_task_group']) retrieved from /home/airflow/.local/lib/python3.6/site-packages/airflow/example_dags/example_task_group.py
[2023-07-01 16:23:20,400] {logging_mixin.py:109} INFO - [2023-07-01 16:23:20,400] {opentelemetry_tracing.py:29} INFO - This service is instrumented using OpenTelemetry. OpenTelemetry could not be imported; please add opentelemetry-api and opentelemetry-instrumentation packages in order to get BigQuery Tracing data.
[2023-07-01 16:23:20,423] {logging_mixin.py:109} INFO - [2023-07-01 16:23:20,423] {providers_manager.py:156} WARNING - Exception when importing 'airflow.providers.google.leveldb.hooks.leveldb.LevelDBHook' from 'apache-airflow-providers-google' package: No module named 'plyvel'
[2023-07-01 16:23:20,662] {logging_mixin.py:109} INFO - [2023-07-01 16:23:20,662] {providers_manager.py:156} WARNING - Exception when importing 'airflow.providers.google.leveldb.hooks.leveldb.LevelDBHook' from 'apache-airflow-providers-google' package: No module named 'plyvel'
[2023-07-01 16:23:20,677] {logging_mixin.py:109} INFO - [2023-07-01 16:23:20,677] {manager.py:496} INFO - Created Permission View: can edit on DAG:example_task_group
[2023-07-01 16:23:20,682] {logging_mixin.py:109} INFO - [2023-07-01 16:23:20,682] {manager.py:496} INFO - Created Permission View: can read on DAG:example_task_group
[2023-07-01 16:23:20,684] {logging_mixin.py:109} INFO - [2023-07-01 16:23:20,683] {dag.py:2389} INFO - Sync 1 DAGs
[2023-07-01 16:23:20,691] {logging_mixin.py:109} INFO - [2023-07-01 16:23:20,690] {dag.py:2408} INFO - Creating ORM DAG for example_task_group
[2023-07-01 16:23:20,696] {logging_mixin.py:109} INFO - [2023-07-01 16:23:20,695] {dag.py:2914} INFO - Setting next_dagrun for example_task_group to 2023-06-30T16:23:20.695445+00:00
[2023-07-01 16:23:20,704] {processor.py:171} INFO - Processing /home/airflow/.local/lib/python3.6/site-packages/airflow/example_dags/example_task_group.py took 1.763 seconds
[2023-07-01 16:23:51,391] {processor.py:163} INFO - Started process (PID=356) to work on /home/airflow/.local/lib/python3.6/site-packages/airflow/example_dags/example_task_group.py
[2023-07-01 16:23:51,393] {processor.py:620} INFO - Processing file /home/airflow/.local/lib/python3.6/site-packages/airflow/example_dags/example_task_group.py for tasks to queue
[2023-07-01 16:23:51,393] {logging_mixin.py:109} INFO - [2023-07-01 16:23:51,393] {dagbag.py:500} INFO - Filling up the DagBag from /home/airflow/.local/lib/python3.6/site-packages/airflow/example_dags/example_task_group.py
[2023-07-01 16:23:51,479] {processor.py:632} INFO - DAG(s) dict_keys(['example_task_group']) retrieved from /home/airflow/.local/lib/python3.6/site-packages/airflow/example_dags/example_task_group.py
[2023-07-01 16:23:51,489] {logging_mixin.py:109} INFO - [2023-07-01 16:23:51,489] {dag.py:2389} INFO - Sync 1 DAGs
[2023-07-01 16:23:51,499] {logging_mixin.py:109} INFO - [2023-07-01 16:23:51,499] {dag.py:2914} INFO - Setting next_dagrun for example_task_group to 2023-06-30T16:23:51.498448+00:00
[2023-07-01 16:23:51,506] {processor.py:171} INFO - Processing /home/airflow/.local/lib/python3.6/site-packages/airflow/example_dags/example_task_group.py took 0.118 seconds
[2023-07-01 16:24:21,721] {processor.py:163} INFO - Started process (PID=412) to work on /home/airflow/.local/lib/python3.6/site-packages/airflow/example_dags/example_task_group.py
[2023-07-01 16:24:21,723] {processor.py:620} INFO - Processing file /home/airflow/.local/lib/python3.6/site-packages/airflow/example_dags/example_task_group.py for tasks to queue
[2023-07-01 16:24:21,724] {logging_mixin.py:109} INFO - [2023-07-01 16:24:21,724] {dagbag.py:500} INFO - Filling up the DagBag from /home/airflow/.local/lib/python3.6/site-packages/airflow/example_dags/example_task_group.py
[2023-07-01 16:24:21,822] {processor.py:632} INFO - DAG(s) dict_keys(['example_task_group']) retrieved from /home/airflow/.local/lib/python3.6/site-packages/airflow/example_dags/example_task_group.py
[2023-07-01 16:24:21,832] {logging_mixin.py:109} INFO - [2023-07-01 16:24:21,832] {dag.py:2389} INFO - Sync 1 DAGs
[2023-07-01 16:24:21,842] {logging_mixin.py:109} INFO - [2023-07-01 16:24:21,842] {dag.py:2914} INFO - Setting next_dagrun for example_task_group to 2023-06-30T16:24:21.841674+00:00
[2023-07-01 16:24:21,849] {processor.py:171} INFO - Processing /home/airflow/.local/lib/python3.6/site-packages/airflow/example_dags/example_task_group.py took 0.132 seconds
[2023-07-01 16:24:51,954] {processor.py:163} INFO - Started process (PID=466) to work on /home/airflow/.local/lib/python3.6/site-packages/airflow/example_dags/example_task_group.py
[2023-07-01 16:24:51,955] {processor.py:620} INFO - Processing file /home/airflow/.local/lib/python3.6/site-packages/airflow/example_dags/example_task_group.py for tasks to queue
[2023-07-01 16:24:51,956] {logging_mixin.py:109} INFO - [2023-07-01 16:24:51,956] {dagbag.py:500} INFO - Filling up the DagBag from /home/airflow/.local/lib/python3.6/site-packages/airflow/example_dags/example_task_group.py
[2023-07-01 16:24:51,986] {processor.py:632} INFO - DAG(s) dict_keys(['example_task_group']) retrieved from /home/airflow/.local/lib/python3.6/site-packages/airflow/example_dags/example_task_group.py
[2023-07-01 16:24:51,998] {logging_mixin.py:109} INFO - [2023-07-01 16:24:51,998] {dag.py:2389} INFO - Sync 1 DAGs
[2023-07-01 16:24:52,011] {logging_mixin.py:109} INFO - [2023-07-01 16:24:52,011] {dag.py:2914} INFO - Setting next_dagrun for example_task_group to 2023-06-30T16:24:52.011006+00:00
[2023-07-01 16:24:52,019] {processor.py:171} INFO - Processing /home/airflow/.local/lib/python3.6/site-packages/airflow/example_dags/example_task_group.py took 0.069 seconds
[2023-07-01 16:25:22,107] {processor.py:163} INFO - Started process (PID=520) to work on /home/airflow/.local/lib/python3.6/site-packages/airflow/example_dags/example_task_group.py
[2023-07-01 16:25:22,110] {processor.py:620} INFO - Processing file /home/airflow/.local/lib/python3.6/site-packages/airflow/example_dags/example_task_group.py for tasks to queue
[2023-07-01 16:25:22,111] {logging_mixin.py:109} INFO - [2023-07-01 16:25:22,110] {dagbag.py:500} INFO - Filling up the DagBag from /home/airflow/.local/lib/python3.6/site-packages/airflow/example_dags/example_task_group.py
[2023-07-01 16:25:22,141] {processor.py:632} INFO - DAG(s) dict_keys(['example_task_group']) retrieved from /home/airflow/.local/lib/python3.6/site-packages/airflow/example_dags/example_task_group.py
[2023-07-01 16:25:22,153] {logging_mixin.py:109} INFO - [2023-07-01 16:25:22,153] {dag.py:2389} INFO - Sync 1 DAGs
[2023-07-01 16:25:22,165] {logging_mixin.py:109} INFO - [2023-07-01 16:25:22,165] {dag.py:2914} INFO - Setting next_dagrun for example_task_group to 2023-06-30T16:25:22.164702+00:00
[2023-07-01 16:25:22,171] {processor.py:171} INFO - Processing /home/airflow/.local/lib/python3.6/site-packages/airflow/example_dags/example_task_group.py took 0.067 seconds
[2023-07-01 16:25:53,041] {processor.py:163} INFO - Started process (PID=573) to work on /home/airflow/.local/lib/python3.6/site-packages/airflow/example_dags/example_task_group.py
[2023-07-01 16:25:53,042] {processor.py:620} INFO - Processing file /home/airflow/.local/lib/python3.6/site-packages/airflow/example_dags/example_task_group.py for tasks to queue
[2023-07-01 16:25:53,043] {logging_mixin.py:109} INFO - [2023-07-01 16:25:53,043] {dagbag.py:500} INFO - Filling up the DagBag from /home/airflow/.local/lib/python3.6/site-packages/airflow/example_dags/example_task_group.py
[2023-07-01 16:25:53,072] {processor.py:632} INFO - DAG(s) dict_keys(['example_task_group']) retrieved from /home/airflow/.local/lib/python3.6/site-packages/airflow/example_dags/example_task_group.py
[2023-07-01 16:25:53,083] {logging_mixin.py:109} INFO - [2023-07-01 16:25:53,083] {dag.py:2389} INFO - Sync 1 DAGs
[2023-07-01 16:25:53,095] {logging_mixin.py:109} INFO - [2023-07-01 16:25:53,095] {dag.py:2914} INFO - Setting next_dagrun for example_task_group to 2023-06-30T16:25:53.094900+00:00
[2023-07-01 16:25:53,102] {processor.py:171} INFO - Processing /home/airflow/.local/lib/python3.6/site-packages/airflow/example_dags/example_task_group.py took 0.064 seconds
[2023-07-01 16:26:23,928] {processor.py:163} INFO - Started process (PID=627) to work on /home/airflow/.local/lib/python3.6/site-packages/airflow/example_dags/example_task_group.py
[2023-07-01 16:26:23,930] {processor.py:620} INFO - Processing file /home/airflow/.local/lib/python3.6/site-packages/airflow/example_dags/example_task_group.py for tasks to queue
[2023-07-01 16:26:23,930] {logging_mixin.py:109} INFO - [2023-07-01 16:26:23,930] {dagbag.py:500} INFO - Filling up the DagBag from /home/airflow/.local/lib/python3.6/site-packages/airflow/example_dags/example_task_group.py
[2023-07-01 16:26:23,958] {processor.py:632} INFO - DAG(s) dict_keys(['example_task_group']) retrieved from /home/airflow/.local/lib/python3.6/site-packages/airflow/example_dags/example_task_group.py
[2023-07-01 16:26:23,969] {logging_mixin.py:109} INFO - [2023-07-01 16:26:23,969] {dag.py:2389} INFO - Sync 1 DAGs
[2023-07-01 16:26:23,981] {logging_mixin.py:109} INFO - [2023-07-01 16:26:23,981] {dag.py:2914} INFO - Setting next_dagrun for example_task_group to 2023-06-30T16:26:23.981127+00:00
[2023-07-01 16:26:23,988] {processor.py:171} INFO - Processing /home/airflow/.local/lib/python3.6/site-packages/airflow/example_dags/example_task_group.py took 0.062 seconds
[2023-07-01 16:26:54,864] {processor.py:163} INFO - Started process (PID=681) to work on /home/airflow/.local/lib/python3.6/site-packages/airflow/example_dags/example_task_group.py
[2023-07-01 16:26:54,866] {processor.py:620} INFO - Processing file /home/airflow/.local/lib/python3.6/site-packages/airflow/example_dags/example_task_group.py for tasks to queue
[2023-07-01 16:26:54,867] {logging_mixin.py:109} INFO - [2023-07-01 16:26:54,867] {dagbag.py:500} INFO - Filling up the DagBag from /home/airflow/.local/lib/python3.6/site-packages/airflow/example_dags/example_task_group.py
[2023-07-01 16:26:54,901] {processor.py:632} INFO - DAG(s) dict_keys(['example_task_group']) retrieved from /home/airflow/.local/lib/python3.6/site-packages/airflow/example_dags/example_task_group.py
[2023-07-01 16:26:54,913] {logging_mixin.py:109} INFO - [2023-07-01 16:26:54,913] {dag.py:2389} INFO - Sync 1 DAGs
[2023-07-01 16:26:54,926] {logging_mixin.py:109} INFO - [2023-07-01 16:26:54,926] {dag.py:2914} INFO - Setting next_dagrun for example_task_group to 2023-06-30T16:26:54.925762+00:00
[2023-07-01 16:26:54,933] {processor.py:171} INFO - Processing /home/airflow/.local/lib/python3.6/site-packages/airflow/example_dags/example_task_group.py took 0.074 seconds
