[2023-07-01 16:15:45,045] {processor.py:153} INFO - Started process (PID=82) to work on /home/airflow/.local/lib/python3.7/site-packages/airflow/example_dags/example_dag_decorator.py
[2023-07-01 16:15:45,048] {processor.py:641} INFO - Processing file /home/airflow/.local/lib/python3.7/site-packages/airflow/example_dags/example_dag_decorator.py for tasks to queue
[2023-07-01 16:15:45,051] {logging_mixin.py:115} INFO - [2023-07-01 16:15:45,051] {dagbag.py:507} INFO - Filling up the DagBag from /home/airflow/.local/lib/python3.7/site-packages/airflow/example_dags/example_dag_decorator.py
[2023-07-01 16:15:45,074] {processor.py:651} INFO - DAG(s) dict_keys(['example_dag_decorator']) retrieved from /home/airflow/.local/lib/python3.7/site-packages/airflow/example_dags/example_dag_decorator.py
[2023-07-01 16:15:45,154] {logging_mixin.py:115} INFO - [2023-07-01 16:15:45,154] {manager.py:508} INFO - Created Permission View: can edit on DAG:example_dag_decorator
[2023-07-01 16:15:45,161] {logging_mixin.py:115} INFO - [2023-07-01 16:15:45,161] {manager.py:508} INFO - Created Permission View: can delete on DAG:example_dag_decorator
[2023-07-01 16:15:45,170] {logging_mixin.py:115} INFO - [2023-07-01 16:15:45,170] {manager.py:508} INFO - Created Permission View: can read on DAG:example_dag_decorator
[2023-07-01 16:15:45,171] {logging_mixin.py:115} INFO - [2023-07-01 16:15:45,171] {dag.py:2371} INFO - Sync 1 DAGs
[2023-07-01 16:15:45,178] {logging_mixin.py:115} INFO - [2023-07-01 16:15:45,178] {dag.py:2390} INFO - Creating ORM DAG for example_dag_decorator
[2023-07-01 16:15:45,186] {logging_mixin.py:115} INFO - [2023-07-01 16:15:45,186] {dag.py:2919} INFO - Setting next_dagrun for example_dag_decorator to None, run_after=None
[2023-07-01 16:15:45,195] {processor.py:161} INFO - Processing /home/airflow/.local/lib/python3.7/site-packages/airflow/example_dags/example_dag_decorator.py took 0.152 seconds
[2023-07-01 16:16:15,692] {processor.py:153} INFO - Started process (PID=137) to work on /home/airflow/.local/lib/python3.7/site-packages/airflow/example_dags/example_dag_decorator.py
[2023-07-01 16:16:15,693] {processor.py:641} INFO - Processing file /home/airflow/.local/lib/python3.7/site-packages/airflow/example_dags/example_dag_decorator.py for tasks to queue
[2023-07-01 16:16:15,694] {logging_mixin.py:115} INFO - [2023-07-01 16:16:15,694] {dagbag.py:507} INFO - Filling up the DagBag from /home/airflow/.local/lib/python3.7/site-packages/airflow/example_dags/example_dag_decorator.py
[2023-07-01 16:16:15,708] {processor.py:651} INFO - DAG(s) dict_keys(['example_dag_decorator']) retrieved from /home/airflow/.local/lib/python3.7/site-packages/airflow/example_dags/example_dag_decorator.py
[2023-07-01 16:16:15,746] {logging_mixin.py:115} INFO - [2023-07-01 16:16:15,746] {dag.py:2371} INFO - Sync 1 DAGs
[2023-07-01 16:16:15,757] {logging_mixin.py:115} INFO - [2023-07-01 16:16:15,757] {dag.py:2919} INFO - Setting next_dagrun for example_dag_decorator to None, run_after=None
[2023-07-01 16:16:15,764] {processor.py:161} INFO - Processing /home/airflow/.local/lib/python3.7/site-packages/airflow/example_dags/example_dag_decorator.py took 0.074 seconds
[2023-07-01 16:16:46,117] {processor.py:153} INFO - Started process (PID=192) to work on /home/airflow/.local/lib/python3.7/site-packages/airflow/example_dags/example_dag_decorator.py
[2023-07-01 16:16:46,117] {processor.py:641} INFO - Processing file /home/airflow/.local/lib/python3.7/site-packages/airflow/example_dags/example_dag_decorator.py for tasks to queue
[2023-07-01 16:16:46,118] {logging_mixin.py:115} INFO - [2023-07-01 16:16:46,118] {dagbag.py:507} INFO - Filling up the DagBag from /home/airflow/.local/lib/python3.7/site-packages/airflow/example_dags/example_dag_decorator.py
[2023-07-01 16:16:46,134] {processor.py:651} INFO - DAG(s) dict_keys(['example_dag_decorator']) retrieved from /home/airflow/.local/lib/python3.7/site-packages/airflow/example_dags/example_dag_decorator.py
[2023-07-01 16:16:46,172] {logging_mixin.py:115} INFO - [2023-07-01 16:16:46,172] {dag.py:2371} INFO - Sync 1 DAGs
[2023-07-01 16:16:46,182] {logging_mixin.py:115} INFO - [2023-07-01 16:16:46,182] {dag.py:2919} INFO - Setting next_dagrun for example_dag_decorator to None, run_after=None
[2023-07-01 16:16:46,189] {processor.py:161} INFO - Processing /home/airflow/.local/lib/python3.7/site-packages/airflow/example_dags/example_dag_decorator.py took 0.074 seconds
[2023-07-01 16:17:16,519] {processor.py:153} INFO - Started process (PID=246) to work on /home/airflow/.local/lib/python3.7/site-packages/airflow/example_dags/example_dag_decorator.py
[2023-07-01 16:17:16,520] {processor.py:641} INFO - Processing file /home/airflow/.local/lib/python3.7/site-packages/airflow/example_dags/example_dag_decorator.py for tasks to queue
[2023-07-01 16:17:16,521] {logging_mixin.py:115} INFO - [2023-07-01 16:17:16,521] {dagbag.py:507} INFO - Filling up the DagBag from /home/airflow/.local/lib/python3.7/site-packages/airflow/example_dags/example_dag_decorator.py
[2023-07-01 16:17:16,534] {processor.py:651} INFO - DAG(s) dict_keys(['example_dag_decorator']) retrieved from /home/airflow/.local/lib/python3.7/site-packages/airflow/example_dags/example_dag_decorator.py
[2023-07-01 16:17:16,575] {logging_mixin.py:115} INFO - [2023-07-01 16:17:16,575] {dag.py:2371} INFO - Sync 1 DAGs
[2023-07-01 16:17:16,586] {logging_mixin.py:115} INFO - [2023-07-01 16:17:16,586] {dag.py:2919} INFO - Setting next_dagrun for example_dag_decorator to None, run_after=None
[2023-07-01 16:17:16,594] {processor.py:161} INFO - Processing /home/airflow/.local/lib/python3.7/site-packages/airflow/example_dags/example_dag_decorator.py took 0.077 seconds
[2023-07-01 16:23:19,096] {processor.py:163} INFO - Started process (PID=289) to work on /home/airflow/.local/lib/python3.6/site-packages/airflow/example_dags/example_dag_decorator.py
[2023-07-01 16:23:19,098] {processor.py:620} INFO - Processing file /home/airflow/.local/lib/python3.6/site-packages/airflow/example_dags/example_dag_decorator.py for tasks to queue
[2023-07-01 16:23:19,099] {logging_mixin.py:109} INFO - [2023-07-01 16:23:19,099] {dagbag.py:500} INFO - Filling up the DagBag from /home/airflow/.local/lib/python3.6/site-packages/airflow/example_dags/example_dag_decorator.py
[2023-07-01 16:23:19,192] {processor.py:632} INFO - DAG(s) dict_keys(['example_dag_decorator']) retrieved from /home/airflow/.local/lib/python3.6/site-packages/airflow/example_dags/example_dag_decorator.py
[2023-07-01 16:23:20,564] {logging_mixin.py:109} INFO - [2023-07-01 16:23:20,564] {opentelemetry_tracing.py:29} INFO - This service is instrumented using OpenTelemetry. OpenTelemetry could not be imported; please add opentelemetry-api and opentelemetry-instrumentation packages in order to get BigQuery Tracing data.
[2023-07-01 16:23:20,588] {logging_mixin.py:109} INFO - [2023-07-01 16:23:20,588] {providers_manager.py:156} WARNING - Exception when importing 'airflow.providers.google.leveldb.hooks.leveldb.LevelDBHook' from 'apache-airflow-providers-google' package: No module named 'plyvel'
[2023-07-01 16:23:20,837] {logging_mixin.py:109} INFO - [2023-07-01 16:23:20,837] {providers_manager.py:156} WARNING - Exception when importing 'airflow.providers.google.leveldb.hooks.leveldb.LevelDBHook' from 'apache-airflow-providers-google' package: No module named 'plyvel'
[2023-07-01 16:23:20,853] {logging_mixin.py:109} INFO - [2023-07-01 16:23:20,853] {manager.py:496} INFO - Created Permission View: can edit on DAG:example_dag_decorator
[2023-07-01 16:23:20,859] {logging_mixin.py:109} INFO - [2023-07-01 16:23:20,859] {manager.py:496} INFO - Created Permission View: can read on DAG:example_dag_decorator
[2023-07-01 16:23:20,860] {logging_mixin.py:109} INFO - [2023-07-01 16:23:20,860] {dag.py:2389} INFO - Sync 1 DAGs
[2023-07-01 16:23:20,867] {logging_mixin.py:109} INFO - [2023-07-01 16:23:20,866] {dag.py:2408} INFO - Creating ORM DAG for example_dag_decorator
[2023-07-01 16:23:20,871] {logging_mixin.py:109} INFO - [2023-07-01 16:23:20,871] {dag.py:2914} INFO - Setting next_dagrun for example_dag_decorator to None
[2023-07-01 16:23:20,879] {processor.py:171} INFO - Processing /home/airflow/.local/lib/python3.6/site-packages/airflow/example_dags/example_dag_decorator.py took 1.785 seconds
[2023-07-01 16:23:51,394] {processor.py:163} INFO - Started process (PID=357) to work on /home/airflow/.local/lib/python3.6/site-packages/airflow/example_dags/example_dag_decorator.py
[2023-07-01 16:23:51,395] {processor.py:620} INFO - Processing file /home/airflow/.local/lib/python3.6/site-packages/airflow/example_dags/example_dag_decorator.py for tasks to queue
[2023-07-01 16:23:51,397] {logging_mixin.py:109} INFO - [2023-07-01 16:23:51,396] {dagbag.py:500} INFO - Filling up the DagBag from /home/airflow/.local/lib/python3.6/site-packages/airflow/example_dags/example_dag_decorator.py
[2023-07-01 16:23:51,482] {processor.py:632} INFO - DAG(s) dict_keys(['example_dag_decorator']) retrieved from /home/airflow/.local/lib/python3.6/site-packages/airflow/example_dags/example_dag_decorator.py
[2023-07-01 16:23:51,630] {logging_mixin.py:109} INFO - [2023-07-01 16:23:51,630] {dag.py:2389} INFO - Sync 1 DAGs
[2023-07-01 16:23:51,638] {logging_mixin.py:109} INFO - [2023-07-01 16:23:51,638] {dag.py:2914} INFO - Setting next_dagrun for example_dag_decorator to None
[2023-07-01 16:23:51,645] {processor.py:171} INFO - Processing /home/airflow/.local/lib/python3.6/site-packages/airflow/example_dags/example_dag_decorator.py took 0.254 seconds
[2023-07-01 16:24:21,723] {processor.py:163} INFO - Started process (PID=413) to work on /home/airflow/.local/lib/python3.6/site-packages/airflow/example_dags/example_dag_decorator.py
[2023-07-01 16:24:21,724] {processor.py:620} INFO - Processing file /home/airflow/.local/lib/python3.6/site-packages/airflow/example_dags/example_dag_decorator.py for tasks to queue
[2023-07-01 16:24:21,725] {logging_mixin.py:109} INFO - [2023-07-01 16:24:21,725] {dagbag.py:500} INFO - Filling up the DagBag from /home/airflow/.local/lib/python3.6/site-packages/airflow/example_dags/example_dag_decorator.py
[2023-07-01 16:24:21,825] {processor.py:632} INFO - DAG(s) dict_keys(['example_dag_decorator']) retrieved from /home/airflow/.local/lib/python3.6/site-packages/airflow/example_dags/example_dag_decorator.py
[2023-07-01 16:24:21,974] {logging_mixin.py:109} INFO - [2023-07-01 16:24:21,973] {dag.py:2389} INFO - Sync 1 DAGs
[2023-07-01 16:24:21,983] {logging_mixin.py:109} INFO - [2023-07-01 16:24:21,983] {dag.py:2914} INFO - Setting next_dagrun for example_dag_decorator to None
[2023-07-01 16:24:21,990] {processor.py:171} INFO - Processing /home/airflow/.local/lib/python3.6/site-packages/airflow/example_dags/example_dag_decorator.py took 0.273 seconds
[2023-07-01 16:24:52,041] {processor.py:163} INFO - Started process (PID=467) to work on /home/airflow/.local/lib/python3.6/site-packages/airflow/example_dags/example_dag_decorator.py
[2023-07-01 16:24:52,043] {processor.py:620} INFO - Processing file /home/airflow/.local/lib/python3.6/site-packages/airflow/example_dags/example_dag_decorator.py for tasks to queue
[2023-07-01 16:24:52,043] {logging_mixin.py:109} INFO - [2023-07-01 16:24:52,043] {dagbag.py:500} INFO - Filling up the DagBag from /home/airflow/.local/lib/python3.6/site-packages/airflow/example_dags/example_dag_decorator.py
[2023-07-01 16:24:52,078] {processor.py:632} INFO - DAG(s) dict_keys(['example_dag_decorator']) retrieved from /home/airflow/.local/lib/python3.6/site-packages/airflow/example_dags/example_dag_decorator.py
[2023-07-01 16:24:52,226] {logging_mixin.py:109} INFO - [2023-07-01 16:24:52,226] {dag.py:2389} INFO - Sync 1 DAGs
[2023-07-01 16:24:52,236] {logging_mixin.py:109} INFO - [2023-07-01 16:24:52,236] {dag.py:2914} INFO - Setting next_dagrun for example_dag_decorator to None
[2023-07-01 16:24:52,243] {processor.py:171} INFO - Processing /home/airflow/.local/lib/python3.6/site-packages/airflow/example_dags/example_dag_decorator.py took 0.205 seconds
[2023-07-01 16:25:23,174] {processor.py:163} INFO - Started process (PID=522) to work on /home/airflow/.local/lib/python3.6/site-packages/airflow/example_dags/example_dag_decorator.py
[2023-07-01 16:25:23,176] {processor.py:620} INFO - Processing file /home/airflow/.local/lib/python3.6/site-packages/airflow/example_dags/example_dag_decorator.py for tasks to queue
[2023-07-01 16:25:23,177] {logging_mixin.py:109} INFO - [2023-07-01 16:25:23,177] {dagbag.py:500} INFO - Filling up the DagBag from /home/airflow/.local/lib/python3.6/site-packages/airflow/example_dags/example_dag_decorator.py
[2023-07-01 16:25:23,213] {processor.py:632} INFO - DAG(s) dict_keys(['example_dag_decorator']) retrieved from /home/airflow/.local/lib/python3.6/site-packages/airflow/example_dags/example_dag_decorator.py
[2023-07-01 16:25:23,346] {logging_mixin.py:109} INFO - [2023-07-01 16:25:23,346] {dag.py:2389} INFO - Sync 1 DAGs
[2023-07-01 16:25:23,355] {logging_mixin.py:109} INFO - [2023-07-01 16:25:23,355] {dag.py:2914} INFO - Setting next_dagrun for example_dag_decorator to None
[2023-07-01 16:25:23,363] {processor.py:171} INFO - Processing /home/airflow/.local/lib/python3.6/site-packages/airflow/example_dags/example_dag_decorator.py took 0.193 seconds
[2023-07-01 16:25:54,100] {processor.py:163} INFO - Started process (PID=575) to work on /home/airflow/.local/lib/python3.6/site-packages/airflow/example_dags/example_dag_decorator.py
[2023-07-01 16:25:54,102] {processor.py:620} INFO - Processing file /home/airflow/.local/lib/python3.6/site-packages/airflow/example_dags/example_dag_decorator.py for tasks to queue
[2023-07-01 16:25:54,103] {logging_mixin.py:109} INFO - [2023-07-01 16:25:54,103] {dagbag.py:500} INFO - Filling up the DagBag from /home/airflow/.local/lib/python3.6/site-packages/airflow/example_dags/example_dag_decorator.py
[2023-07-01 16:25:54,143] {processor.py:632} INFO - DAG(s) dict_keys(['example_dag_decorator']) retrieved from /home/airflow/.local/lib/python3.6/site-packages/airflow/example_dags/example_dag_decorator.py
[2023-07-01 16:25:54,299] {logging_mixin.py:109} INFO - [2023-07-01 16:25:54,299] {dag.py:2389} INFO - Sync 1 DAGs
[2023-07-01 16:25:54,309] {logging_mixin.py:109} INFO - [2023-07-01 16:25:54,309] {dag.py:2914} INFO - Setting next_dagrun for example_dag_decorator to None
[2023-07-01 16:25:54,317] {processor.py:171} INFO - Processing /home/airflow/.local/lib/python3.6/site-packages/airflow/example_dags/example_dag_decorator.py took 0.220 seconds
[2023-07-01 16:26:24,998] {processor.py:163} INFO - Started process (PID=629) to work on /home/airflow/.local/lib/python3.6/site-packages/airflow/example_dags/example_dag_decorator.py
[2023-07-01 16:26:25,000] {processor.py:620} INFO - Processing file /home/airflow/.local/lib/python3.6/site-packages/airflow/example_dags/example_dag_decorator.py for tasks to queue
[2023-07-01 16:26:25,002] {logging_mixin.py:109} INFO - [2023-07-01 16:26:25,002] {dagbag.py:500} INFO - Filling up the DagBag from /home/airflow/.local/lib/python3.6/site-packages/airflow/example_dags/example_dag_decorator.py
[2023-07-01 16:26:25,044] {processor.py:632} INFO - DAG(s) dict_keys(['example_dag_decorator']) retrieved from /home/airflow/.local/lib/python3.6/site-packages/airflow/example_dags/example_dag_decorator.py
[2023-07-01 16:26:25,193] {logging_mixin.py:109} INFO - [2023-07-01 16:26:25,193] {dag.py:2389} INFO - Sync 1 DAGs
[2023-07-01 16:26:25,202] {logging_mixin.py:109} INFO - [2023-07-01 16:26:25,202] {dag.py:2914} INFO - Setting next_dagrun for example_dag_decorator to None
[2023-07-01 16:26:25,210] {processor.py:171} INFO - Processing /home/airflow/.local/lib/python3.6/site-packages/airflow/example_dags/example_dag_decorator.py took 0.219 seconds
[2023-07-01 16:26:55,943] {processor.py:163} INFO - Started process (PID=683) to work on /home/airflow/.local/lib/python3.6/site-packages/airflow/example_dags/example_dag_decorator.py
[2023-07-01 16:26:55,945] {processor.py:620} INFO - Processing file /home/airflow/.local/lib/python3.6/site-packages/airflow/example_dags/example_dag_decorator.py for tasks to queue
[2023-07-01 16:26:55,946] {logging_mixin.py:109} INFO - [2023-07-01 16:26:55,946] {dagbag.py:500} INFO - Filling up the DagBag from /home/airflow/.local/lib/python3.6/site-packages/airflow/example_dags/example_dag_decorator.py
[2023-07-01 16:26:55,983] {processor.py:632} INFO - DAG(s) dict_keys(['example_dag_decorator']) retrieved from /home/airflow/.local/lib/python3.6/site-packages/airflow/example_dags/example_dag_decorator.py
[2023-07-01 16:26:56,128] {logging_mixin.py:109} INFO - [2023-07-01 16:26:56,127] {dag.py:2389} INFO - Sync 1 DAGs
[2023-07-01 16:26:56,137] {logging_mixin.py:109} INFO - [2023-07-01 16:26:56,137] {dag.py:2914} INFO - Setting next_dagrun for example_dag_decorator to None
[2023-07-01 16:26:56,145] {processor.py:171} INFO - Processing /home/airflow/.local/lib/python3.6/site-packages/airflow/example_dags/example_dag_decorator.py took 0.206 seconds
