[2023-07-01 16:15:42,592] {processor.py:153} INFO - Started process (PID=58) to work on /home/airflow/.local/lib/python3.7/site-packages/airflow/example_dags/example_branch_datetime_operator.py
[2023-07-01 16:15:42,593] {processor.py:641} INFO - Processing file /home/airflow/.local/lib/python3.7/site-packages/airflow/example_dags/example_branch_datetime_operator.py for tasks to queue
[2023-07-01 16:15:42,597] {logging_mixin.py:115} INFO - [2023-07-01 16:15:42,597] {dagbag.py:507} INFO - Filling up the DagBag from /home/airflow/.local/lib/python3.7/site-packages/airflow/example_dags/example_branch_datetime_operator.py
[2023-07-01 16:15:42,604] {processor.py:651} INFO - DAG(s) dict_keys(['example_branch_datetime_operator_2']) retrieved from /home/airflow/.local/lib/python3.7/site-packages/airflow/example_dags/example_branch_datetime_operator.py
[2023-07-01 16:15:42,670] {logging_mixin.py:115} INFO - [2023-07-01 16:15:42,669] {manager.py:508} INFO - Created Permission View: can edit on DAG:example_branch_datetime_operator_2
[2023-07-01 16:15:42,678] {logging_mixin.py:115} INFO - [2023-07-01 16:15:42,678] {manager.py:508} INFO - Created Permission View: can delete on DAG:example_branch_datetime_operator_2
[2023-07-01 16:15:42,698] {logging_mixin.py:115} INFO - [2023-07-01 16:15:42,698] {manager.py:508} INFO - Created Permission View: can read on DAG:example_branch_datetime_operator_2
[2023-07-01 16:15:42,699] {logging_mixin.py:115} INFO - [2023-07-01 16:15:42,699] {dag.py:2371} INFO - Sync 1 DAGs
[2023-07-01 16:15:42,709] {logging_mixin.py:115} INFO - [2023-07-01 16:15:42,709] {dag.py:2390} INFO - Creating ORM DAG for example_branch_datetime_operator_2
[2023-07-01 16:15:42,724] {logging_mixin.py:115} INFO - [2023-07-01 16:15:42,724] {dag.py:2919} INFO - Setting next_dagrun for example_branch_datetime_operator_2 to 2023-06-30T00:00:00+00:00, run_after=2023-07-01T00:00:00+00:00
[2023-07-01 16:15:42,740] {processor.py:161} INFO - Processing /home/airflow/.local/lib/python3.7/site-packages/airflow/example_dags/example_branch_datetime_operator.py took 0.150 seconds
[2023-07-01 16:16:12,770] {processor.py:153} INFO - Started process (PID=113) to work on /home/airflow/.local/lib/python3.7/site-packages/airflow/example_dags/example_branch_datetime_operator.py
[2023-07-01 16:16:12,770] {processor.py:641} INFO - Processing file /home/airflow/.local/lib/python3.7/site-packages/airflow/example_dags/example_branch_datetime_operator.py for tasks to queue
[2023-07-01 16:16:12,771] {logging_mixin.py:115} INFO - [2023-07-01 16:16:12,771] {dagbag.py:507} INFO - Filling up the DagBag from /home/airflow/.local/lib/python3.7/site-packages/airflow/example_dags/example_branch_datetime_operator.py
[2023-07-01 16:16:12,776] {processor.py:651} INFO - DAG(s) dict_keys(['example_branch_datetime_operator_2']) retrieved from /home/airflow/.local/lib/python3.7/site-packages/airflow/example_dags/example_branch_datetime_operator.py
[2023-07-01 16:16:12,795] {logging_mixin.py:115} INFO - [2023-07-01 16:16:12,795] {dag.py:2371} INFO - Sync 1 DAGs
[2023-07-01 16:16:12,809] {logging_mixin.py:115} INFO - [2023-07-01 16:16:12,809] {dag.py:2919} INFO - Setting next_dagrun for example_branch_datetime_operator_2 to 2023-06-30T00:00:00+00:00, run_after=2023-07-01T00:00:00+00:00
[2023-07-01 16:16:12,815] {processor.py:161} INFO - Processing /home/airflow/.local/lib/python3.7/site-packages/airflow/example_dags/example_branch_datetime_operator.py took 0.048 seconds
[2023-07-01 16:16:43,236] {processor.py:153} INFO - Started process (PID=168) to work on /home/airflow/.local/lib/python3.7/site-packages/airflow/example_dags/example_branch_datetime_operator.py
[2023-07-01 16:16:43,237] {processor.py:641} INFO - Processing file /home/airflow/.local/lib/python3.7/site-packages/airflow/example_dags/example_branch_datetime_operator.py for tasks to queue
[2023-07-01 16:16:43,238] {logging_mixin.py:115} INFO - [2023-07-01 16:16:43,238] {dagbag.py:507} INFO - Filling up the DagBag from /home/airflow/.local/lib/python3.7/site-packages/airflow/example_dags/example_branch_datetime_operator.py
[2023-07-01 16:16:43,243] {processor.py:651} INFO - DAG(s) dict_keys(['example_branch_datetime_operator_2']) retrieved from /home/airflow/.local/lib/python3.7/site-packages/airflow/example_dags/example_branch_datetime_operator.py
[2023-07-01 16:16:43,261] {logging_mixin.py:115} INFO - [2023-07-01 16:16:43,261] {dag.py:2371} INFO - Sync 1 DAGs
[2023-07-01 16:16:43,274] {logging_mixin.py:115} INFO - [2023-07-01 16:16:43,274] {dag.py:2919} INFO - Setting next_dagrun for example_branch_datetime_operator_2 to 2023-06-30T00:00:00+00:00, run_after=2023-07-01T00:00:00+00:00
[2023-07-01 16:16:43,286] {processor.py:161} INFO - Processing /home/airflow/.local/lib/python3.7/site-packages/airflow/example_dags/example_branch_datetime_operator.py took 0.052 seconds
[2023-07-01 16:17:13,666] {processor.py:153} INFO - Started process (PID=222) to work on /home/airflow/.local/lib/python3.7/site-packages/airflow/example_dags/example_branch_datetime_operator.py
[2023-07-01 16:17:13,667] {processor.py:641} INFO - Processing file /home/airflow/.local/lib/python3.7/site-packages/airflow/example_dags/example_branch_datetime_operator.py for tasks to queue
[2023-07-01 16:17:13,667] {logging_mixin.py:115} INFO - [2023-07-01 16:17:13,667] {dagbag.py:507} INFO - Filling up the DagBag from /home/airflow/.local/lib/python3.7/site-packages/airflow/example_dags/example_branch_datetime_operator.py
[2023-07-01 16:17:13,673] {processor.py:651} INFO - DAG(s) dict_keys(['example_branch_datetime_operator_2']) retrieved from /home/airflow/.local/lib/python3.7/site-packages/airflow/example_dags/example_branch_datetime_operator.py
[2023-07-01 16:17:13,691] {logging_mixin.py:115} INFO - [2023-07-01 16:17:13,691] {dag.py:2371} INFO - Sync 1 DAGs
[2023-07-01 16:17:13,706] {logging_mixin.py:115} INFO - [2023-07-01 16:17:13,706] {dag.py:2919} INFO - Setting next_dagrun for example_branch_datetime_operator_2 to 2023-06-30T00:00:00+00:00, run_after=2023-07-01T00:00:00+00:00
[2023-07-01 16:17:13,713] {processor.py:161} INFO - Processing /home/airflow/.local/lib/python3.7/site-packages/airflow/example_dags/example_branch_datetime_operator.py took 0.050 seconds
[2023-07-01 16:22:59,415] {processor.py:163} INFO - Started process (PID=143) to work on /home/airflow/.local/lib/python3.6/site-packages/airflow/example_dags/example_branch_datetime_operator.py
[2023-07-01 16:22:59,422] {processor.py:620} INFO - Processing file /home/airflow/.local/lib/python3.6/site-packages/airflow/example_dags/example_branch_datetime_operator.py for tasks to queue
[2023-07-01 16:22:59,423] {logging_mixin.py:109} INFO - [2023-07-01 16:22:59,422] {dagbag.py:500} INFO - Filling up the DagBag from /home/airflow/.local/lib/python3.6/site-packages/airflow/example_dags/example_branch_datetime_operator.py
[2023-07-01 16:22:59,502] {processor.py:632} INFO - DAG(s) dict_keys(['example_branch_datetime_operator_2']) retrieved from /home/airflow/.local/lib/python3.6/site-packages/airflow/example_dags/example_branch_datetime_operator.py
[2023-07-01 16:23:00,741] {logging_mixin.py:109} INFO - [2023-07-01 16:23:00,741] {opentelemetry_tracing.py:29} INFO - This service is instrumented using OpenTelemetry. OpenTelemetry could not be imported; please add opentelemetry-api and opentelemetry-instrumentation packages in order to get BigQuery Tracing data.
[2023-07-01 16:23:00,765] {logging_mixin.py:109} INFO - [2023-07-01 16:23:00,765] {providers_manager.py:156} WARNING - Exception when importing 'airflow.providers.google.leveldb.hooks.leveldb.LevelDBHook' from 'apache-airflow-providers-google' package: No module named 'plyvel'
[2023-07-01 16:23:00,995] {logging_mixin.py:109} INFO - [2023-07-01 16:23:00,994] {providers_manager.py:156} WARNING - Exception when importing 'airflow.providers.google.leveldb.hooks.leveldb.LevelDBHook' from 'apache-airflow-providers-google' package: No module named 'plyvel'
[2023-07-01 16:23:01,009] {logging_mixin.py:109} INFO - [2023-07-01 16:23:01,009] {manager.py:496} INFO - Created Permission View: can edit on DAG:example_branch_datetime_operator_2
[2023-07-01 16:23:01,014] {logging_mixin.py:109} INFO - [2023-07-01 16:23:01,014] {manager.py:496} INFO - Created Permission View: can read on DAG:example_branch_datetime_operator_2
[2023-07-01 16:23:01,016] {logging_mixin.py:109} INFO - [2023-07-01 16:23:01,015] {dag.py:2389} INFO - Sync 1 DAGs
[2023-07-01 16:23:01,022] {logging_mixin.py:109} INFO - [2023-07-01 16:23:01,021] {dag.py:2408} INFO - Creating ORM DAG for example_branch_datetime_operator_2
[2023-07-01 16:23:01,027] {logging_mixin.py:109} INFO - [2023-07-01 16:23:01,027] {dag.py:2914} INFO - Setting next_dagrun for example_branch_datetime_operator_2 to 2023-06-30 00:00:00+00:00
[2023-07-01 16:23:01,035] {processor.py:171} INFO - Processing /home/airflow/.local/lib/python3.6/site-packages/airflow/example_dags/example_branch_datetime_operator.py took 1.623 seconds
[2023-07-01 16:23:31,570] {processor.py:163} INFO - Started process (PID=322) to work on /home/airflow/.local/lib/python3.6/site-packages/airflow/example_dags/example_branch_datetime_operator.py
[2023-07-01 16:23:31,571] {processor.py:620} INFO - Processing file /home/airflow/.local/lib/python3.6/site-packages/airflow/example_dags/example_branch_datetime_operator.py for tasks to queue
[2023-07-01 16:23:31,572] {logging_mixin.py:109} INFO - [2023-07-01 16:23:31,572] {dagbag.py:500} INFO - Filling up the DagBag from /home/airflow/.local/lib/python3.6/site-packages/airflow/example_dags/example_branch_datetime_operator.py
[2023-07-01 16:23:31,654] {processor.py:632} INFO - DAG(s) dict_keys(['example_branch_datetime_operator_2']) retrieved from /home/airflow/.local/lib/python3.6/site-packages/airflow/example_dags/example_branch_datetime_operator.py
[2023-07-01 16:23:31,663] {logging_mixin.py:109} INFO - [2023-07-01 16:23:31,663] {dag.py:2389} INFO - Sync 1 DAGs
[2023-07-01 16:23:31,673] {logging_mixin.py:109} INFO - [2023-07-01 16:23:31,673] {dag.py:2914} INFO - Setting next_dagrun for example_branch_datetime_operator_2 to 2023-06-30 00:00:00+00:00
[2023-07-01 16:23:31,679] {processor.py:171} INFO - Processing /home/airflow/.local/lib/python3.6/site-packages/airflow/example_dags/example_branch_datetime_operator.py took 0.113 seconds
[2023-07-01 16:24:02,234] {processor.py:163} INFO - Started process (PID=376) to work on /home/airflow/.local/lib/python3.6/site-packages/airflow/example_dags/example_branch_datetime_operator.py
[2023-07-01 16:24:02,235] {processor.py:620} INFO - Processing file /home/airflow/.local/lib/python3.6/site-packages/airflow/example_dags/example_branch_datetime_operator.py for tasks to queue
[2023-07-01 16:24:02,236] {logging_mixin.py:109} INFO - [2023-07-01 16:24:02,236] {dagbag.py:500} INFO - Filling up the DagBag from /home/airflow/.local/lib/python3.6/site-packages/airflow/example_dags/example_branch_datetime_operator.py
[2023-07-01 16:24:02,328] {processor.py:632} INFO - DAG(s) dict_keys(['example_branch_datetime_operator_2']) retrieved from /home/airflow/.local/lib/python3.6/site-packages/airflow/example_dags/example_branch_datetime_operator.py
[2023-07-01 16:24:02,337] {logging_mixin.py:109} INFO - [2023-07-01 16:24:02,337] {dag.py:2389} INFO - Sync 1 DAGs
[2023-07-01 16:24:02,347] {logging_mixin.py:109} INFO - [2023-07-01 16:24:02,347] {dag.py:2914} INFO - Setting next_dagrun for example_branch_datetime_operator_2 to 2023-06-30 00:00:00+00:00
[2023-07-01 16:24:02,353] {processor.py:171} INFO - Processing /home/airflow/.local/lib/python3.6/site-packages/airflow/example_dags/example_branch_datetime_operator.py took 0.125 seconds
[2023-07-01 16:24:32,545] {processor.py:163} INFO - Started process (PID=431) to work on /home/airflow/.local/lib/python3.6/site-packages/airflow/example_dags/example_branch_datetime_operator.py
[2023-07-01 16:24:32,547] {processor.py:620} INFO - Processing file /home/airflow/.local/lib/python3.6/site-packages/airflow/example_dags/example_branch_datetime_operator.py for tasks to queue
[2023-07-01 16:24:32,549] {logging_mixin.py:109} INFO - [2023-07-01 16:24:32,548] {dagbag.py:500} INFO - Filling up the DagBag from /home/airflow/.local/lib/python3.6/site-packages/airflow/example_dags/example_branch_datetime_operator.py
[2023-07-01 16:24:32,583] {processor.py:632} INFO - DAG(s) dict_keys(['example_branch_datetime_operator_2']) retrieved from /home/airflow/.local/lib/python3.6/site-packages/airflow/example_dags/example_branch_datetime_operator.py
[2023-07-01 16:24:32,595] {logging_mixin.py:109} INFO - [2023-07-01 16:24:32,595] {dag.py:2389} INFO - Sync 1 DAGs
[2023-07-01 16:24:32,610] {logging_mixin.py:109} INFO - [2023-07-01 16:24:32,610] {dag.py:2914} INFO - Setting next_dagrun for example_branch_datetime_operator_2 to 2023-06-30 00:00:00+00:00
[2023-07-01 16:24:32,618] {processor.py:171} INFO - Processing /home/airflow/.local/lib/python3.6/site-packages/airflow/example_dags/example_branch_datetime_operator.py took 0.076 seconds
[2023-07-01 16:25:02,676] {processor.py:163} INFO - Started process (PID=485) to work on /home/airflow/.local/lib/python3.6/site-packages/airflow/example_dags/example_branch_datetime_operator.py
[2023-07-01 16:25:02,677] {processor.py:620} INFO - Processing file /home/airflow/.local/lib/python3.6/site-packages/airflow/example_dags/example_branch_datetime_operator.py for tasks to queue
[2023-07-01 16:25:02,678] {logging_mixin.py:109} INFO - [2023-07-01 16:25:02,678] {dagbag.py:500} INFO - Filling up the DagBag from /home/airflow/.local/lib/python3.6/site-packages/airflow/example_dags/example_branch_datetime_operator.py
[2023-07-01 16:25:02,701] {processor.py:632} INFO - DAG(s) dict_keys(['example_branch_datetime_operator_2']) retrieved from /home/airflow/.local/lib/python3.6/site-packages/airflow/example_dags/example_branch_datetime_operator.py
[2023-07-01 16:25:02,710] {logging_mixin.py:109} INFO - [2023-07-01 16:25:02,710] {dag.py:2389} INFO - Sync 1 DAGs
[2023-07-01 16:25:02,724] {logging_mixin.py:109} INFO - [2023-07-01 16:25:02,724] {dag.py:2914} INFO - Setting next_dagrun for example_branch_datetime_operator_2 to 2023-06-30 00:00:00+00:00
[2023-07-01 16:25:02,730] {processor.py:171} INFO - Processing /home/airflow/.local/lib/python3.6/site-packages/airflow/example_dags/example_branch_datetime_operator.py took 0.057 seconds
[2023-07-01 16:25:32,846] {processor.py:163} INFO - Started process (PID=539) to work on /home/airflow/.local/lib/python3.6/site-packages/airflow/example_dags/example_branch_datetime_operator.py
[2023-07-01 16:25:32,847] {processor.py:620} INFO - Processing file /home/airflow/.local/lib/python3.6/site-packages/airflow/example_dags/example_branch_datetime_operator.py for tasks to queue
[2023-07-01 16:25:32,848] {logging_mixin.py:109} INFO - [2023-07-01 16:25:32,848] {dagbag.py:500} INFO - Filling up the DagBag from /home/airflow/.local/lib/python3.6/site-packages/airflow/example_dags/example_branch_datetime_operator.py
[2023-07-01 16:25:32,873] {processor.py:632} INFO - DAG(s) dict_keys(['example_branch_datetime_operator_2']) retrieved from /home/airflow/.local/lib/python3.6/site-packages/airflow/example_dags/example_branch_datetime_operator.py
[2023-07-01 16:25:32,883] {logging_mixin.py:109} INFO - [2023-07-01 16:25:32,883] {dag.py:2389} INFO - Sync 1 DAGs
[2023-07-01 16:25:32,896] {logging_mixin.py:109} INFO - [2023-07-01 16:25:32,896] {dag.py:2914} INFO - Setting next_dagrun for example_branch_datetime_operator_2 to 2023-06-30 00:00:00+00:00
[2023-07-01 16:25:32,902] {processor.py:171} INFO - Processing /home/airflow/.local/lib/python3.6/site-packages/airflow/example_dags/example_branch_datetime_operator.py took 0.060 seconds
[2023-07-01 16:26:03,615] {processor.py:163} INFO - Started process (PID=592) to work on /home/airflow/.local/lib/python3.6/site-packages/airflow/example_dags/example_branch_datetime_operator.py
[2023-07-01 16:26:03,616] {processor.py:620} INFO - Processing file /home/airflow/.local/lib/python3.6/site-packages/airflow/example_dags/example_branch_datetime_operator.py for tasks to queue
[2023-07-01 16:26:03,617] {logging_mixin.py:109} INFO - [2023-07-01 16:26:03,617] {dagbag.py:500} INFO - Filling up the DagBag from /home/airflow/.local/lib/python3.6/site-packages/airflow/example_dags/example_branch_datetime_operator.py
[2023-07-01 16:26:03,641] {processor.py:632} INFO - DAG(s) dict_keys(['example_branch_datetime_operator_2']) retrieved from /home/airflow/.local/lib/python3.6/site-packages/airflow/example_dags/example_branch_datetime_operator.py
[2023-07-01 16:26:03,651] {logging_mixin.py:109} INFO - [2023-07-01 16:26:03,651] {dag.py:2389} INFO - Sync 1 DAGs
[2023-07-01 16:26:03,664] {logging_mixin.py:109} INFO - [2023-07-01 16:26:03,664] {dag.py:2914} INFO - Setting next_dagrun for example_branch_datetime_operator_2 to 2023-06-30 00:00:00+00:00
[2023-07-01 16:26:03,670] {processor.py:171} INFO - Processing /home/airflow/.local/lib/python3.6/site-packages/airflow/example_dags/example_branch_datetime_operator.py took 0.058 seconds
[2023-07-01 16:26:34,576] {processor.py:163} INFO - Started process (PID=646) to work on /home/airflow/.local/lib/python3.6/site-packages/airflow/example_dags/example_branch_datetime_operator.py
[2023-07-01 16:26:34,578] {processor.py:620} INFO - Processing file /home/airflow/.local/lib/python3.6/site-packages/airflow/example_dags/example_branch_datetime_operator.py for tasks to queue
[2023-07-01 16:26:34,580] {logging_mixin.py:109} INFO - [2023-07-01 16:26:34,579] {dagbag.py:500} INFO - Filling up the DagBag from /home/airflow/.local/lib/python3.6/site-packages/airflow/example_dags/example_branch_datetime_operator.py
[2023-07-01 16:26:34,612] {processor.py:632} INFO - DAG(s) dict_keys(['example_branch_datetime_operator_2']) retrieved from /home/airflow/.local/lib/python3.6/site-packages/airflow/example_dags/example_branch_datetime_operator.py
[2023-07-01 16:26:34,622] {logging_mixin.py:109} INFO - [2023-07-01 16:26:34,622] {dag.py:2389} INFO - Sync 1 DAGs
[2023-07-01 16:26:34,635] {logging_mixin.py:109} INFO - [2023-07-01 16:26:34,635] {dag.py:2914} INFO - Setting next_dagrun for example_branch_datetime_operator_2 to 2023-06-30 00:00:00+00:00
[2023-07-01 16:26:34,641] {processor.py:171} INFO - Processing /home/airflow/.local/lib/python3.6/site-packages/airflow/example_dags/example_branch_datetime_operator.py took 0.070 seconds
