[2023-07-01 16:15:44,541] {processor.py:153} INFO - Started process (PID=77) to work on /home/airflow/.local/lib/python3.7/site-packages/airflow/example_dags/example_xcomargs.py
[2023-07-01 16:15:44,550] {processor.py:641} INFO - Processing file /home/airflow/.local/lib/python3.7/site-packages/airflow/example_dags/example_xcomargs.py for tasks to queue
[2023-07-01 16:15:44,551] {logging_mixin.py:115} INFO - [2023-07-01 16:15:44,551] {dagbag.py:507} INFO - Filling up the DagBag from /home/airflow/.local/lib/python3.7/site-packages/airflow/example_dags/example_xcomargs.py
[2023-07-01 16:15:44,588] {processor.py:651} INFO - DAG(s) dict_keys(['example_xcom_args', 'example_xcom_args_with_operators']) retrieved from /home/airflow/.local/lib/python3.7/site-packages/airflow/example_dags/example_xcomargs.py
[2023-07-01 16:15:44,672] {logging_mixin.py:115} INFO - [2023-07-01 16:15:44,672] {manager.py:508} INFO - Created Permission View: can edit on DAG:example_xcom_args
[2023-07-01 16:15:44,698] {logging_mixin.py:115} INFO - [2023-07-01 16:15:44,698] {manager.py:508} INFO - Created Permission View: can delete on DAG:example_xcom_args
[2023-07-01 16:15:44,717] {logging_mixin.py:115} INFO - [2023-07-01 16:15:44,717] {manager.py:508} INFO - Created Permission View: can read on DAG:example_xcom_args
[2023-07-01 16:15:44,729] {logging_mixin.py:115} INFO - [2023-07-01 16:15:44,729] {manager.py:508} INFO - Created Permission View: can edit on DAG:example_xcom_args_with_operators
[2023-07-01 16:15:44,748] {logging_mixin.py:115} INFO - [2023-07-01 16:15:44,748] {manager.py:508} INFO - Created Permission View: can delete on DAG:example_xcom_args_with_operators
[2023-07-01 16:15:44,762] {logging_mixin.py:115} INFO - [2023-07-01 16:15:44,761] {manager.py:508} INFO - Created Permission View: can read on DAG:example_xcom_args_with_operators
[2023-07-01 16:15:44,762] {logging_mixin.py:115} INFO - [2023-07-01 16:15:44,762] {dag.py:2371} INFO - Sync 2 DAGs
[2023-07-01 16:15:44,781] {logging_mixin.py:115} INFO - [2023-07-01 16:15:44,781] {dag.py:2390} INFO - Creating ORM DAG for example_xcom_args
[2023-07-01 16:15:44,782] {logging_mixin.py:115} INFO - [2023-07-01 16:15:44,782] {dag.py:2390} INFO - Creating ORM DAG for example_xcom_args_with_operators
[2023-07-01 16:15:44,794] {logging_mixin.py:115} INFO - [2023-07-01 16:15:44,794] {dag.py:2919} INFO - Setting next_dagrun for example_xcom_args to None, run_after=None
[2023-07-01 16:15:44,794] {logging_mixin.py:115} INFO - [2023-07-01 16:15:44,794] {dag.py:2919} INFO - Setting next_dagrun for example_xcom_args_with_operators to None, run_after=None
[2023-07-01 16:15:44,822] {processor.py:161} INFO - Processing /home/airflow/.local/lib/python3.7/site-packages/airflow/example_dags/example_xcomargs.py took 0.290 seconds
[2023-07-01 16:16:15,505] {processor.py:153} INFO - Started process (PID=132) to work on /home/airflow/.local/lib/python3.7/site-packages/airflow/example_dags/example_xcomargs.py
[2023-07-01 16:16:15,506] {processor.py:641} INFO - Processing file /home/airflow/.local/lib/python3.7/site-packages/airflow/example_dags/example_xcomargs.py for tasks to queue
[2023-07-01 16:16:15,506] {logging_mixin.py:115} INFO - [2023-07-01 16:16:15,506] {dagbag.py:507} INFO - Filling up the DagBag from /home/airflow/.local/lib/python3.7/site-packages/airflow/example_dags/example_xcomargs.py
[2023-07-01 16:16:15,517] {processor.py:651} INFO - DAG(s) dict_keys(['example_xcom_args', 'example_xcom_args_with_operators']) retrieved from /home/airflow/.local/lib/python3.7/site-packages/airflow/example_dags/example_xcomargs.py
[2023-07-01 16:16:15,558] {logging_mixin.py:115} INFO - [2023-07-01 16:16:15,558] {dag.py:2371} INFO - Sync 2 DAGs
[2023-07-01 16:16:15,569] {logging_mixin.py:115} INFO - [2023-07-01 16:16:15,569] {dag.py:2919} INFO - Setting next_dagrun for example_xcom_args to None, run_after=None
[2023-07-01 16:16:15,569] {logging_mixin.py:115} INFO - [2023-07-01 16:16:15,569] {dag.py:2919} INFO - Setting next_dagrun for example_xcom_args_with_operators to None, run_after=None
[2023-07-01 16:16:15,577] {processor.py:161} INFO - Processing /home/airflow/.local/lib/python3.7/site-packages/airflow/example_dags/example_xcomargs.py took 0.074 seconds
[2023-07-01 16:16:45,936] {processor.py:153} INFO - Started process (PID=187) to work on /home/airflow/.local/lib/python3.7/site-packages/airflow/example_dags/example_xcomargs.py
[2023-07-01 16:16:45,937] {processor.py:641} INFO - Processing file /home/airflow/.local/lib/python3.7/site-packages/airflow/example_dags/example_xcomargs.py for tasks to queue
[2023-07-01 16:16:45,937] {logging_mixin.py:115} INFO - [2023-07-01 16:16:45,937] {dagbag.py:507} INFO - Filling up the DagBag from /home/airflow/.local/lib/python3.7/site-packages/airflow/example_dags/example_xcomargs.py
[2023-07-01 16:16:45,949] {processor.py:651} INFO - DAG(s) dict_keys(['example_xcom_args', 'example_xcom_args_with_operators']) retrieved from /home/airflow/.local/lib/python3.7/site-packages/airflow/example_dags/example_xcomargs.py
[2023-07-01 16:16:45,988] {logging_mixin.py:115} INFO - [2023-07-01 16:16:45,988] {dag.py:2371} INFO - Sync 2 DAGs
[2023-07-01 16:16:45,999] {logging_mixin.py:115} INFO - [2023-07-01 16:16:45,999] {dag.py:2919} INFO - Setting next_dagrun for example_xcom_args to None, run_after=None
[2023-07-01 16:16:45,999] {logging_mixin.py:115} INFO - [2023-07-01 16:16:45,999] {dag.py:2919} INFO - Setting next_dagrun for example_xcom_args_with_operators to None, run_after=None
[2023-07-01 16:16:46,006] {processor.py:161} INFO - Processing /home/airflow/.local/lib/python3.7/site-packages/airflow/example_dags/example_xcomargs.py took 0.072 seconds
[2023-07-01 16:17:16,336] {processor.py:153} INFO - Started process (PID=241) to work on /home/airflow/.local/lib/python3.7/site-packages/airflow/example_dags/example_xcomargs.py
[2023-07-01 16:17:16,337] {processor.py:641} INFO - Processing file /home/airflow/.local/lib/python3.7/site-packages/airflow/example_dags/example_xcomargs.py for tasks to queue
[2023-07-01 16:17:16,337] {logging_mixin.py:115} INFO - [2023-07-01 16:17:16,337] {dagbag.py:507} INFO - Filling up the DagBag from /home/airflow/.local/lib/python3.7/site-packages/airflow/example_dags/example_xcomargs.py
[2023-07-01 16:17:16,348] {processor.py:651} INFO - DAG(s) dict_keys(['example_xcom_args', 'example_xcom_args_with_operators']) retrieved from /home/airflow/.local/lib/python3.7/site-packages/airflow/example_dags/example_xcomargs.py
[2023-07-01 16:17:16,388] {logging_mixin.py:115} INFO - [2023-07-01 16:17:16,388] {dag.py:2371} INFO - Sync 2 DAGs
[2023-07-01 16:17:16,399] {logging_mixin.py:115} INFO - [2023-07-01 16:17:16,399] {dag.py:2919} INFO - Setting next_dagrun for example_xcom_args to None, run_after=None
[2023-07-01 16:17:16,399] {logging_mixin.py:115} INFO - [2023-07-01 16:17:16,399] {dag.py:2919} INFO - Setting next_dagrun for example_xcom_args_with_operators to None, run_after=None
[2023-07-01 16:17:16,407] {processor.py:161} INFO - Processing /home/airflow/.local/lib/python3.7/site-packages/airflow/example_dags/example_xcomargs.py took 0.073 seconds
[2023-07-01 16:23:15,476] {processor.py:163} INFO - Started process (PID=265) to work on /home/airflow/.local/lib/python3.6/site-packages/airflow/example_dags/example_xcomargs.py
[2023-07-01 16:23:15,478] {processor.py:620} INFO - Processing file /home/airflow/.local/lib/python3.6/site-packages/airflow/example_dags/example_xcomargs.py for tasks to queue
[2023-07-01 16:23:15,478] {logging_mixin.py:109} INFO - [2023-07-01 16:23:15,478] {dagbag.py:500} INFO - Filling up the DagBag from /home/airflow/.local/lib/python3.6/site-packages/airflow/example_dags/example_xcomargs.py
[2023-07-01 16:23:15,563] {processor.py:632} INFO - DAG(s) dict_keys(['example_xcom_args', 'example_xcom_args_with_operators']) retrieved from /home/airflow/.local/lib/python3.6/site-packages/airflow/example_dags/example_xcomargs.py
[2023-07-01 16:23:16,950] {logging_mixin.py:109} INFO - [2023-07-01 16:23:16,949] {opentelemetry_tracing.py:29} INFO - This service is instrumented using OpenTelemetry. OpenTelemetry could not be imported; please add opentelemetry-api and opentelemetry-instrumentation packages in order to get BigQuery Tracing data.
[2023-07-01 16:23:16,975] {logging_mixin.py:109} INFO - [2023-07-01 16:23:16,975] {providers_manager.py:156} WARNING - Exception when importing 'airflow.providers.google.leveldb.hooks.leveldb.LevelDBHook' from 'apache-airflow-providers-google' package: No module named 'plyvel'
[2023-07-01 16:23:17,219] {logging_mixin.py:109} INFO - [2023-07-01 16:23:17,219] {providers_manager.py:156} WARNING - Exception when importing 'airflow.providers.google.leveldb.hooks.leveldb.LevelDBHook' from 'apache-airflow-providers-google' package: No module named 'plyvel'
[2023-07-01 16:23:17,233] {logging_mixin.py:109} INFO - [2023-07-01 16:23:17,233] {manager.py:496} INFO - Created Permission View: can edit on DAG:example_xcom_args
[2023-07-01 16:23:17,239] {logging_mixin.py:109} INFO - [2023-07-01 16:23:17,239] {manager.py:496} INFO - Created Permission View: can read on DAG:example_xcom_args
[2023-07-01 16:23:17,250] {logging_mixin.py:109} INFO - [2023-07-01 16:23:17,250] {manager.py:496} INFO - Created Permission View: can edit on DAG:example_xcom_args_with_operators
[2023-07-01 16:23:17,255] {logging_mixin.py:109} INFO - [2023-07-01 16:23:17,255] {manager.py:496} INFO - Created Permission View: can read on DAG:example_xcom_args_with_operators
[2023-07-01 16:23:17,257] {logging_mixin.py:109} INFO - [2023-07-01 16:23:17,256] {dag.py:2389} INFO - Sync 2 DAGs
[2023-07-01 16:23:17,263] {logging_mixin.py:109} INFO - [2023-07-01 16:23:17,263] {dag.py:2408} INFO - Creating ORM DAG for example_xcom_args_with_operators
[2023-07-01 16:23:17,264] {logging_mixin.py:109} INFO - [2023-07-01 16:23:17,264] {dag.py:2408} INFO - Creating ORM DAG for example_xcom_args
[2023-07-01 16:23:17,268] {logging_mixin.py:109} INFO - [2023-07-01 16:23:17,268] {dag.py:2914} INFO - Setting next_dagrun for example_xcom_args to None
[2023-07-01 16:23:17,269] {logging_mixin.py:109} INFO - [2023-07-01 16:23:17,269] {dag.py:2914} INFO - Setting next_dagrun for example_xcom_args_with_operators to None
[2023-07-01 16:23:17,277] {processor.py:171} INFO - Processing /home/airflow/.local/lib/python3.6/site-packages/airflow/example_dags/example_xcomargs.py took 1.803 seconds
[2023-07-01 16:23:48,080] {processor.py:163} INFO - Started process (PID=353) to work on /home/airflow/.local/lib/python3.6/site-packages/airflow/example_dags/example_xcomargs.py
[2023-07-01 16:23:48,081] {processor.py:620} INFO - Processing file /home/airflow/.local/lib/python3.6/site-packages/airflow/example_dags/example_xcomargs.py for tasks to queue
[2023-07-01 16:23:48,082] {logging_mixin.py:109} INFO - [2023-07-01 16:23:48,082] {dagbag.py:500} INFO - Filling up the DagBag from /home/airflow/.local/lib/python3.6/site-packages/airflow/example_dags/example_xcomargs.py
[2023-07-01 16:23:48,170] {processor.py:632} INFO - DAG(s) dict_keys(['example_xcom_args', 'example_xcom_args_with_operators']) retrieved from /home/airflow/.local/lib/python3.6/site-packages/airflow/example_dags/example_xcomargs.py
[2023-07-01 16:23:48,311] {logging_mixin.py:109} INFO - [2023-07-01 16:23:48,311] {dag.py:2389} INFO - Sync 2 DAGs
[2023-07-01 16:23:48,320] {logging_mixin.py:109} INFO - [2023-07-01 16:23:48,320] {dag.py:2914} INFO - Setting next_dagrun for example_xcom_args to None
[2023-07-01 16:23:48,321] {logging_mixin.py:109} INFO - [2023-07-01 16:23:48,321] {dag.py:2914} INFO - Setting next_dagrun for example_xcom_args_with_operators to None
[2023-07-01 16:23:48,328] {processor.py:171} INFO - Processing /home/airflow/.local/lib/python3.6/site-packages/airflow/example_dags/example_xcomargs.py took 0.251 seconds
[2023-07-01 16:24:18,377] {processor.py:163} INFO - Started process (PID=409) to work on /home/airflow/.local/lib/python3.6/site-packages/airflow/example_dags/example_xcomargs.py
[2023-07-01 16:24:18,379] {processor.py:620} INFO - Processing file /home/airflow/.local/lib/python3.6/site-packages/airflow/example_dags/example_xcomargs.py for tasks to queue
[2023-07-01 16:24:18,380] {logging_mixin.py:109} INFO - [2023-07-01 16:24:18,380] {dagbag.py:500} INFO - Filling up the DagBag from /home/airflow/.local/lib/python3.6/site-packages/airflow/example_dags/example_xcomargs.py
[2023-07-01 16:24:18,467] {processor.py:632} INFO - DAG(s) dict_keys(['example_xcom_args', 'example_xcom_args_with_operators']) retrieved from /home/airflow/.local/lib/python3.6/site-packages/airflow/example_dags/example_xcomargs.py
[2023-07-01 16:24:18,609] {logging_mixin.py:109} INFO - [2023-07-01 16:24:18,609] {dag.py:2389} INFO - Sync 2 DAGs
[2023-07-01 16:24:18,618] {logging_mixin.py:109} INFO - [2023-07-01 16:24:18,618] {dag.py:2914} INFO - Setting next_dagrun for example_xcom_args to None
[2023-07-01 16:24:18,620] {logging_mixin.py:109} INFO - [2023-07-01 16:24:18,620] {dag.py:2914} INFO - Setting next_dagrun for example_xcom_args_with_operators to None
[2023-07-01 16:24:18,627] {processor.py:171} INFO - Processing /home/airflow/.local/lib/python3.6/site-packages/airflow/example_dags/example_xcomargs.py took 0.254 seconds
[2023-07-01 16:24:49,622] {processor.py:163} INFO - Started process (PID=463) to work on /home/airflow/.local/lib/python3.6/site-packages/airflow/example_dags/example_xcomargs.py
[2023-07-01 16:24:49,624] {processor.py:620} INFO - Processing file /home/airflow/.local/lib/python3.6/site-packages/airflow/example_dags/example_xcomargs.py for tasks to queue
[2023-07-01 16:24:49,625] {logging_mixin.py:109} INFO - [2023-07-01 16:24:49,625] {dagbag.py:500} INFO - Filling up the DagBag from /home/airflow/.local/lib/python3.6/site-packages/airflow/example_dags/example_xcomargs.py
[2023-07-01 16:24:49,664] {processor.py:632} INFO - DAG(s) dict_keys(['example_xcom_args', 'example_xcom_args_with_operators']) retrieved from /home/airflow/.local/lib/python3.6/site-packages/airflow/example_dags/example_xcomargs.py
[2023-07-01 16:24:49,805] {logging_mixin.py:109} INFO - [2023-07-01 16:24:49,805] {dag.py:2389} INFO - Sync 2 DAGs
[2023-07-01 16:24:49,814] {logging_mixin.py:109} INFO - [2023-07-01 16:24:49,814] {dag.py:2914} INFO - Setting next_dagrun for example_xcom_args to None
[2023-07-01 16:24:49,815] {logging_mixin.py:109} INFO - [2023-07-01 16:24:49,815] {dag.py:2914} INFO - Setting next_dagrun for example_xcom_args_with_operators to None
[2023-07-01 16:24:49,824] {processor.py:171} INFO - Processing /home/airflow/.local/lib/python3.6/site-packages/airflow/example_dags/example_xcomargs.py took 0.207 seconds
[2023-07-01 16:25:20,781] {processor.py:163} INFO - Started process (PID=517) to work on /home/airflow/.local/lib/python3.6/site-packages/airflow/example_dags/example_xcomargs.py
[2023-07-01 16:25:20,783] {processor.py:620} INFO - Processing file /home/airflow/.local/lib/python3.6/site-packages/airflow/example_dags/example_xcomargs.py for tasks to queue
[2023-07-01 16:25:20,784] {logging_mixin.py:109} INFO - [2023-07-01 16:25:20,783] {dagbag.py:500} INFO - Filling up the DagBag from /home/airflow/.local/lib/python3.6/site-packages/airflow/example_dags/example_xcomargs.py
[2023-07-01 16:25:20,816] {processor.py:632} INFO - DAG(s) dict_keys(['example_xcom_args', 'example_xcom_args_with_operators']) retrieved from /home/airflow/.local/lib/python3.6/site-packages/airflow/example_dags/example_xcomargs.py
[2023-07-01 16:25:20,963] {logging_mixin.py:109} INFO - [2023-07-01 16:25:20,963] {dag.py:2389} INFO - Sync 2 DAGs
[2023-07-01 16:25:20,973] {logging_mixin.py:109} INFO - [2023-07-01 16:25:20,973] {dag.py:2914} INFO - Setting next_dagrun for example_xcom_args to None
[2023-07-01 16:25:20,974] {logging_mixin.py:109} INFO - [2023-07-01 16:25:20,974] {dag.py:2914} INFO - Setting next_dagrun for example_xcom_args_with_operators to None
[2023-07-01 16:25:20,981] {processor.py:171} INFO - Processing /home/airflow/.local/lib/python3.6/site-packages/airflow/example_dags/example_xcomargs.py took 0.203 seconds
[2023-07-01 16:25:51,805] {processor.py:163} INFO - Started process (PID=570) to work on /home/airflow/.local/lib/python3.6/site-packages/airflow/example_dags/example_xcomargs.py
[2023-07-01 16:25:51,806] {processor.py:620} INFO - Processing file /home/airflow/.local/lib/python3.6/site-packages/airflow/example_dags/example_xcomargs.py for tasks to queue
[2023-07-01 16:25:51,808] {logging_mixin.py:109} INFO - [2023-07-01 16:25:51,808] {dagbag.py:500} INFO - Filling up the DagBag from /home/airflow/.local/lib/python3.6/site-packages/airflow/example_dags/example_xcomargs.py
[2023-07-01 16:25:51,843] {processor.py:632} INFO - DAG(s) dict_keys(['example_xcom_args', 'example_xcom_args_with_operators']) retrieved from /home/airflow/.local/lib/python3.6/site-packages/airflow/example_dags/example_xcomargs.py
[2023-07-01 16:25:51,989] {logging_mixin.py:109} INFO - [2023-07-01 16:25:51,989] {dag.py:2389} INFO - Sync 2 DAGs
[2023-07-01 16:25:52,000] {logging_mixin.py:109} INFO - [2023-07-01 16:25:52,000] {dag.py:2914} INFO - Setting next_dagrun for example_xcom_args to None
[2023-07-01 16:25:52,000] {logging_mixin.py:109} INFO - [2023-07-01 16:25:52,000] {dag.py:2914} INFO - Setting next_dagrun for example_xcom_args_with_operators to None
[2023-07-01 16:25:52,008] {processor.py:171} INFO - Processing /home/airflow/.local/lib/python3.6/site-packages/airflow/example_dags/example_xcomargs.py took 0.207 seconds
[2023-07-01 16:26:22,684] {processor.py:163} INFO - Started process (PID=624) to work on /home/airflow/.local/lib/python3.6/site-packages/airflow/example_dags/example_xcomargs.py
[2023-07-01 16:26:22,686] {processor.py:620} INFO - Processing file /home/airflow/.local/lib/python3.6/site-packages/airflow/example_dags/example_xcomargs.py for tasks to queue
[2023-07-01 16:26:22,687] {logging_mixin.py:109} INFO - [2023-07-01 16:26:22,687] {dagbag.py:500} INFO - Filling up the DagBag from /home/airflow/.local/lib/python3.6/site-packages/airflow/example_dags/example_xcomargs.py
[2023-07-01 16:26:22,731] {processor.py:632} INFO - DAG(s) dict_keys(['example_xcom_args', 'example_xcom_args_with_operators']) retrieved from /home/airflow/.local/lib/python3.6/site-packages/airflow/example_dags/example_xcomargs.py
[2023-07-01 16:26:22,878] {logging_mixin.py:109} INFO - [2023-07-01 16:26:22,878] {dag.py:2389} INFO - Sync 2 DAGs
[2023-07-01 16:26:22,888] {logging_mixin.py:109} INFO - [2023-07-01 16:26:22,888] {dag.py:2914} INFO - Setting next_dagrun for example_xcom_args to None
[2023-07-01 16:26:22,888] {logging_mixin.py:109} INFO - [2023-07-01 16:26:22,888] {dag.py:2914} INFO - Setting next_dagrun for example_xcom_args_with_operators to None
[2023-07-01 16:26:22,896] {processor.py:171} INFO - Processing /home/airflow/.local/lib/python3.6/site-packages/airflow/example_dags/example_xcomargs.py took 0.216 seconds
[2023-07-01 16:26:53,619] {processor.py:163} INFO - Started process (PID=678) to work on /home/airflow/.local/lib/python3.6/site-packages/airflow/example_dags/example_xcomargs.py
[2023-07-01 16:26:53,620] {processor.py:620} INFO - Processing file /home/airflow/.local/lib/python3.6/site-packages/airflow/example_dags/example_xcomargs.py for tasks to queue
[2023-07-01 16:26:53,621] {logging_mixin.py:109} INFO - [2023-07-01 16:26:53,621] {dagbag.py:500} INFO - Filling up the DagBag from /home/airflow/.local/lib/python3.6/site-packages/airflow/example_dags/example_xcomargs.py
[2023-07-01 16:26:53,651] {processor.py:632} INFO - DAG(s) dict_keys(['example_xcom_args', 'example_xcom_args_with_operators']) retrieved from /home/airflow/.local/lib/python3.6/site-packages/airflow/example_dags/example_xcomargs.py
[2023-07-01 16:26:53,801] {logging_mixin.py:109} INFO - [2023-07-01 16:26:53,801] {dag.py:2389} INFO - Sync 2 DAGs
[2023-07-01 16:26:53,811] {logging_mixin.py:109} INFO - [2023-07-01 16:26:53,811] {dag.py:2914} INFO - Setting next_dagrun for example_xcom_args to None
[2023-07-01 16:26:53,812] {logging_mixin.py:109} INFO - [2023-07-01 16:26:53,811] {dag.py:2914} INFO - Setting next_dagrun for example_xcom_args_with_operators to None
[2023-07-01 16:26:53,819] {processor.py:171} INFO - Processing /home/airflow/.local/lib/python3.6/site-packages/airflow/example_dags/example_xcomargs.py took 0.204 seconds
