[2023-07-01 16:15:44,280] {processor.py:153} INFO - Started process (PID=75) to work on /home/airflow/.local/lib/python3.7/site-packages/airflow/example_dags/example_branch_labels.py
[2023-07-01 16:15:44,281] {processor.py:641} INFO - Processing file /home/airflow/.local/lib/python3.7/site-packages/airflow/example_dags/example_branch_labels.py for tasks to queue
[2023-07-01 16:15:44,282] {logging_mixin.py:115} INFO - [2023-07-01 16:15:44,282] {dagbag.py:507} INFO - Filling up the DagBag from /home/airflow/.local/lib/python3.7/site-packages/airflow/example_dags/example_branch_labels.py
[2023-07-01 16:15:44,290] {processor.py:651} INFO - DAG(s) dict_keys(['example_branch_labels']) retrieved from /home/airflow/.local/lib/python3.7/site-packages/airflow/example_dags/example_branch_labels.py
[2023-07-01 16:15:44,396] {logging_mixin.py:115} INFO - [2023-07-01 16:15:44,396] {manager.py:508} INFO - Created Permission View: can edit on DAG:example_branch_labels
[2023-07-01 16:15:44,414] {logging_mixin.py:115} INFO - [2023-07-01 16:15:44,414] {manager.py:508} INFO - Created Permission View: can delete on DAG:example_branch_labels
[2023-07-01 16:15:44,433] {logging_mixin.py:115} INFO - [2023-07-01 16:15:44,429] {manager.py:508} INFO - Created Permission View: can read on DAG:example_branch_labels
[2023-07-01 16:15:44,434] {logging_mixin.py:115} INFO - [2023-07-01 16:15:44,434] {dag.py:2371} INFO - Sync 1 DAGs
[2023-07-01 16:15:44,443] {logging_mixin.py:115} INFO - [2023-07-01 16:15:44,443] {dag.py:2390} INFO - Creating ORM DAG for example_branch_labels
[2023-07-01 16:15:44,468] {logging_mixin.py:115} INFO - [2023-07-01 16:15:44,467] {dag.py:2919} INFO - Setting next_dagrun for example_branch_labels to 2023-06-30T00:00:00+00:00, run_after=2023-07-01T00:00:00+00:00
[2023-07-01 16:15:44,491] {processor.py:161} INFO - Processing /home/airflow/.local/lib/python3.7/site-packages/airflow/example_dags/example_branch_labels.py took 0.215 seconds
[2023-07-01 16:16:15,425] {processor.py:153} INFO - Started process (PID=130) to work on /home/airflow/.local/lib/python3.7/site-packages/airflow/example_dags/example_branch_labels.py
[2023-07-01 16:16:15,428] {processor.py:641} INFO - Processing file /home/airflow/.local/lib/python3.7/site-packages/airflow/example_dags/example_branch_labels.py for tasks to queue
[2023-07-01 16:16:15,430] {logging_mixin.py:115} INFO - [2023-07-01 16:16:15,429] {dagbag.py:507} INFO - Filling up the DagBag from /home/airflow/.local/lib/python3.7/site-packages/airflow/example_dags/example_branch_labels.py
[2023-07-01 16:16:15,437] {processor.py:651} INFO - DAG(s) dict_keys(['example_branch_labels']) retrieved from /home/airflow/.local/lib/python3.7/site-packages/airflow/example_dags/example_branch_labels.py
[2023-07-01 16:16:15,464] {logging_mixin.py:115} INFO - [2023-07-01 16:16:15,464] {dag.py:2371} INFO - Sync 1 DAGs
[2023-07-01 16:16:15,480] {logging_mixin.py:115} INFO - [2023-07-01 16:16:15,480] {dag.py:2919} INFO - Setting next_dagrun for example_branch_labels to 2023-06-30T00:00:00+00:00, run_after=2023-07-01T00:00:00+00:00
[2023-07-01 16:16:15,486] {processor.py:161} INFO - Processing /home/airflow/.local/lib/python3.7/site-packages/airflow/example_dags/example_branch_labels.py took 0.066 seconds
[2023-07-01 16:16:45,867] {processor.py:153} INFO - Started process (PID=185) to work on /home/airflow/.local/lib/python3.7/site-packages/airflow/example_dags/example_branch_labels.py
[2023-07-01 16:16:45,868] {processor.py:641} INFO - Processing file /home/airflow/.local/lib/python3.7/site-packages/airflow/example_dags/example_branch_labels.py for tasks to queue
[2023-07-01 16:16:45,869] {logging_mixin.py:115} INFO - [2023-07-01 16:16:45,869] {dagbag.py:507} INFO - Filling up the DagBag from /home/airflow/.local/lib/python3.7/site-packages/airflow/example_dags/example_branch_labels.py
[2023-07-01 16:16:45,875] {processor.py:651} INFO - DAG(s) dict_keys(['example_branch_labels']) retrieved from /home/airflow/.local/lib/python3.7/site-packages/airflow/example_dags/example_branch_labels.py
[2023-07-01 16:16:45,897] {logging_mixin.py:115} INFO - [2023-07-01 16:16:45,896] {dag.py:2371} INFO - Sync 1 DAGs
[2023-07-01 16:16:45,911] {logging_mixin.py:115} INFO - [2023-07-01 16:16:45,911] {dag.py:2919} INFO - Setting next_dagrun for example_branch_labels to 2023-06-30T00:00:00+00:00, run_after=2023-07-01T00:00:00+00:00
[2023-07-01 16:16:45,918] {processor.py:161} INFO - Processing /home/airflow/.local/lib/python3.7/site-packages/airflow/example_dags/example_branch_labels.py took 0.054 seconds
[2023-07-01 16:17:16,265] {processor.py:153} INFO - Started process (PID=239) to work on /home/airflow/.local/lib/python3.7/site-packages/airflow/example_dags/example_branch_labels.py
[2023-07-01 16:17:16,266] {processor.py:641} INFO - Processing file /home/airflow/.local/lib/python3.7/site-packages/airflow/example_dags/example_branch_labels.py for tasks to queue
[2023-07-01 16:17:16,267] {logging_mixin.py:115} INFO - [2023-07-01 16:17:16,266] {dagbag.py:507} INFO - Filling up the DagBag from /home/airflow/.local/lib/python3.7/site-packages/airflow/example_dags/example_branch_labels.py
[2023-07-01 16:17:16,272] {processor.py:651} INFO - DAG(s) dict_keys(['example_branch_labels']) retrieved from /home/airflow/.local/lib/python3.7/site-packages/airflow/example_dags/example_branch_labels.py
[2023-07-01 16:17:16,296] {logging_mixin.py:115} INFO - [2023-07-01 16:17:16,296] {dag.py:2371} INFO - Sync 1 DAGs
[2023-07-01 16:17:16,311] {logging_mixin.py:115} INFO - [2023-07-01 16:17:16,311] {dag.py:2919} INFO - Setting next_dagrun for example_branch_labels to 2023-06-30T00:00:00+00:00, run_after=2023-07-01T00:00:00+00:00
[2023-07-01 16:17:16,318] {processor.py:161} INFO - Processing /home/airflow/.local/lib/python3.7/site-packages/airflow/example_dags/example_branch_labels.py took 0.056 seconds
[2023-07-01 16:23:13,687] {processor.py:163} INFO - Started process (PID=253) to work on /home/airflow/.local/lib/python3.6/site-packages/airflow/example_dags/example_branch_labels.py
[2023-07-01 16:23:13,688] {processor.py:620} INFO - Processing file /home/airflow/.local/lib/python3.6/site-packages/airflow/example_dags/example_branch_labels.py for tasks to queue
[2023-07-01 16:23:13,689] {logging_mixin.py:109} INFO - [2023-07-01 16:23:13,689] {dagbag.py:500} INFO - Filling up the DagBag from /home/airflow/.local/lib/python3.6/site-packages/airflow/example_dags/example_branch_labels.py
[2023-07-01 16:23:13,769] {processor.py:632} INFO - DAG(s) dict_keys(['example_branch_labels']) retrieved from /home/airflow/.local/lib/python3.6/site-packages/airflow/example_dags/example_branch_labels.py
[2023-07-01 16:23:15,113] {logging_mixin.py:109} INFO - [2023-07-01 16:23:15,113] {opentelemetry_tracing.py:29} INFO - This service is instrumented using OpenTelemetry. OpenTelemetry could not be imported; please add opentelemetry-api and opentelemetry-instrumentation packages in order to get BigQuery Tracing data.
[2023-07-01 16:23:15,135] {logging_mixin.py:109} INFO - [2023-07-01 16:23:15,135] {providers_manager.py:156} WARNING - Exception when importing 'airflow.providers.google.leveldb.hooks.leveldb.LevelDBHook' from 'apache-airflow-providers-google' package: No module named 'plyvel'
[2023-07-01 16:23:15,379] {logging_mixin.py:109} INFO - [2023-07-01 16:23:15,379] {providers_manager.py:156} WARNING - Exception when importing 'airflow.providers.google.leveldb.hooks.leveldb.LevelDBHook' from 'apache-airflow-providers-google' package: No module named 'plyvel'
[2023-07-01 16:23:15,395] {logging_mixin.py:109} INFO - [2023-07-01 16:23:15,395] {manager.py:496} INFO - Created Permission View: can edit on DAG:example_branch_labels
[2023-07-01 16:23:15,400] {logging_mixin.py:109} INFO - [2023-07-01 16:23:15,400] {manager.py:496} INFO - Created Permission View: can read on DAG:example_branch_labels
[2023-07-01 16:23:15,402] {logging_mixin.py:109} INFO - [2023-07-01 16:23:15,401] {dag.py:2389} INFO - Sync 1 DAGs
[2023-07-01 16:23:15,409] {logging_mixin.py:109} INFO - [2023-07-01 16:23:15,408] {dag.py:2408} INFO - Creating ORM DAG for example_branch_labels
[2023-07-01 16:23:15,414] {logging_mixin.py:109} INFO - [2023-07-01 16:23:15,414] {dag.py:2914} INFO - Setting next_dagrun for example_branch_labels to 2023-06-30 00:00:00+00:00
[2023-07-01 16:23:15,421] {processor.py:171} INFO - Processing /home/airflow/.local/lib/python3.6/site-packages/airflow/example_dags/example_branch_labels.py took 1.737 seconds
[2023-07-01 16:23:45,932] {processor.py:163} INFO - Started process (PID=351) to work on /home/airflow/.local/lib/python3.6/site-packages/airflow/example_dags/example_branch_labels.py
[2023-07-01 16:23:45,934] {processor.py:620} INFO - Processing file /home/airflow/.local/lib/python3.6/site-packages/airflow/example_dags/example_branch_labels.py for tasks to queue
[2023-07-01 16:23:45,935] {logging_mixin.py:109} INFO - [2023-07-01 16:23:45,935] {dagbag.py:500} INFO - Filling up the DagBag from /home/airflow/.local/lib/python3.6/site-packages/airflow/example_dags/example_branch_labels.py
[2023-07-01 16:23:46,017] {processor.py:632} INFO - DAG(s) dict_keys(['example_branch_labels']) retrieved from /home/airflow/.local/lib/python3.6/site-packages/airflow/example_dags/example_branch_labels.py
[2023-07-01 16:23:46,026] {logging_mixin.py:109} INFO - [2023-07-01 16:23:46,026] {dag.py:2389} INFO - Sync 1 DAGs
[2023-07-01 16:23:46,037] {logging_mixin.py:109} INFO - [2023-07-01 16:23:46,037] {dag.py:2914} INFO - Setting next_dagrun for example_branch_labels to 2023-06-30 00:00:00+00:00
[2023-07-01 16:23:46,043] {processor.py:171} INFO - Processing /home/airflow/.local/lib/python3.6/site-packages/airflow/example_dags/example_branch_labels.py took 0.114 seconds
[2023-07-01 16:24:16,341] {processor.py:163} INFO - Started process (PID=407) to work on /home/airflow/.local/lib/python3.6/site-packages/airflow/example_dags/example_branch_labels.py
[2023-07-01 16:24:16,343] {processor.py:620} INFO - Processing file /home/airflow/.local/lib/python3.6/site-packages/airflow/example_dags/example_branch_labels.py for tasks to queue
[2023-07-01 16:24:16,344] {logging_mixin.py:109} INFO - [2023-07-01 16:24:16,344] {dagbag.py:500} INFO - Filling up the DagBag from /home/airflow/.local/lib/python3.6/site-packages/airflow/example_dags/example_branch_labels.py
[2023-07-01 16:24:16,434] {processor.py:632} INFO - DAG(s) dict_keys(['example_branch_labels']) retrieved from /home/airflow/.local/lib/python3.6/site-packages/airflow/example_dags/example_branch_labels.py
[2023-07-01 16:24:16,443] {logging_mixin.py:109} INFO - [2023-07-01 16:24:16,443] {dag.py:2389} INFO - Sync 1 DAGs
[2023-07-01 16:24:16,453] {logging_mixin.py:109} INFO - [2023-07-01 16:24:16,453] {dag.py:2914} INFO - Setting next_dagrun for example_branch_labels to 2023-06-30 00:00:00+00:00
[2023-07-01 16:24:16,459] {processor.py:171} INFO - Processing /home/airflow/.local/lib/python3.6/site-packages/airflow/example_dags/example_branch_labels.py took 0.122 seconds
[2023-07-01 16:24:46,507] {processor.py:163} INFO - Started process (PID=461) to work on /home/airflow/.local/lib/python3.6/site-packages/airflow/example_dags/example_branch_labels.py
[2023-07-01 16:24:46,508] {processor.py:620} INFO - Processing file /home/airflow/.local/lib/python3.6/site-packages/airflow/example_dags/example_branch_labels.py for tasks to queue
[2023-07-01 16:24:46,509] {logging_mixin.py:109} INFO - [2023-07-01 16:24:46,509] {dagbag.py:500} INFO - Filling up the DagBag from /home/airflow/.local/lib/python3.6/site-packages/airflow/example_dags/example_branch_labels.py
[2023-07-01 16:24:46,537] {processor.py:632} INFO - DAG(s) dict_keys(['example_branch_labels']) retrieved from /home/airflow/.local/lib/python3.6/site-packages/airflow/example_dags/example_branch_labels.py
[2023-07-01 16:24:46,547] {logging_mixin.py:109} INFO - [2023-07-01 16:24:46,547] {dag.py:2389} INFO - Sync 1 DAGs
[2023-07-01 16:24:46,562] {logging_mixin.py:109} INFO - [2023-07-01 16:24:46,561] {dag.py:2914} INFO - Setting next_dagrun for example_branch_labels to 2023-06-30 00:00:00+00:00
[2023-07-01 16:24:46,568] {processor.py:171} INFO - Processing /home/airflow/.local/lib/python3.6/site-packages/airflow/example_dags/example_branch_labels.py took 0.065 seconds
[2023-07-01 16:25:16,653] {processor.py:163} INFO - Started process (PID=515) to work on /home/airflow/.local/lib/python3.6/site-packages/airflow/example_dags/example_branch_labels.py
[2023-07-01 16:25:16,654] {processor.py:620} INFO - Processing file /home/airflow/.local/lib/python3.6/site-packages/airflow/example_dags/example_branch_labels.py for tasks to queue
[2023-07-01 16:25:16,655] {logging_mixin.py:109} INFO - [2023-07-01 16:25:16,655] {dagbag.py:500} INFO - Filling up the DagBag from /home/airflow/.local/lib/python3.6/site-packages/airflow/example_dags/example_branch_labels.py
[2023-07-01 16:25:16,685] {processor.py:632} INFO - DAG(s) dict_keys(['example_branch_labels']) retrieved from /home/airflow/.local/lib/python3.6/site-packages/airflow/example_dags/example_branch_labels.py
[2023-07-01 16:25:16,695] {logging_mixin.py:109} INFO - [2023-07-01 16:25:16,695] {dag.py:2389} INFO - Sync 1 DAGs
[2023-07-01 16:25:16,709] {logging_mixin.py:109} INFO - [2023-07-01 16:25:16,709] {dag.py:2914} INFO - Setting next_dagrun for example_branch_labels to 2023-06-30 00:00:00+00:00
[2023-07-01 16:25:16,716] {processor.py:171} INFO - Processing /home/airflow/.local/lib/python3.6/site-packages/airflow/example_dags/example_branch_labels.py took 0.068 seconds
[2023-07-01 16:25:47,686] {processor.py:163} INFO - Started process (PID=568) to work on /home/airflow/.local/lib/python3.6/site-packages/airflow/example_dags/example_branch_labels.py
[2023-07-01 16:25:47,687] {processor.py:620} INFO - Processing file /home/airflow/.local/lib/python3.6/site-packages/airflow/example_dags/example_branch_labels.py for tasks to queue
[2023-07-01 16:25:47,688] {logging_mixin.py:109} INFO - [2023-07-01 16:25:47,688] {dagbag.py:500} INFO - Filling up the DagBag from /home/airflow/.local/lib/python3.6/site-packages/airflow/example_dags/example_branch_labels.py
[2023-07-01 16:25:47,712] {processor.py:632} INFO - DAG(s) dict_keys(['example_branch_labels']) retrieved from /home/airflow/.local/lib/python3.6/site-packages/airflow/example_dags/example_branch_labels.py
[2023-07-01 16:25:47,721] {logging_mixin.py:109} INFO - [2023-07-01 16:25:47,721] {dag.py:2389} INFO - Sync 1 DAGs
[2023-07-01 16:25:47,734] {logging_mixin.py:109} INFO - [2023-07-01 16:25:47,734] {dag.py:2914} INFO - Setting next_dagrun for example_branch_labels to 2023-06-30 00:00:00+00:00
[2023-07-01 16:25:47,740] {processor.py:171} INFO - Processing /home/airflow/.local/lib/python3.6/site-packages/airflow/example_dags/example_branch_labels.py took 0.057 seconds
[2023-07-01 16:26:18,526] {processor.py:163} INFO - Started process (PID=622) to work on /home/airflow/.local/lib/python3.6/site-packages/airflow/example_dags/example_branch_labels.py
[2023-07-01 16:26:18,529] {processor.py:620} INFO - Processing file /home/airflow/.local/lib/python3.6/site-packages/airflow/example_dags/example_branch_labels.py for tasks to queue
[2023-07-01 16:26:18,530] {logging_mixin.py:109} INFO - [2023-07-01 16:26:18,530] {dagbag.py:500} INFO - Filling up the DagBag from /home/airflow/.local/lib/python3.6/site-packages/airflow/example_dags/example_branch_labels.py
[2023-07-01 16:26:18,565] {processor.py:632} INFO - DAG(s) dict_keys(['example_branch_labels']) retrieved from /home/airflow/.local/lib/python3.6/site-packages/airflow/example_dags/example_branch_labels.py
[2023-07-01 16:26:18,576] {logging_mixin.py:109} INFO - [2023-07-01 16:26:18,576] {dag.py:2389} INFO - Sync 1 DAGs
[2023-07-01 16:26:18,589] {logging_mixin.py:109} INFO - [2023-07-01 16:26:18,589] {dag.py:2914} INFO - Setting next_dagrun for example_branch_labels to 2023-06-30 00:00:00+00:00
[2023-07-01 16:26:18,595] {processor.py:171} INFO - Processing /home/airflow/.local/lib/python3.6/site-packages/airflow/example_dags/example_branch_labels.py took 0.075 seconds
[2023-07-01 16:26:49,513] {processor.py:163} INFO - Started process (PID=676) to work on /home/airflow/.local/lib/python3.6/site-packages/airflow/example_dags/example_branch_labels.py
[2023-07-01 16:26:49,514] {processor.py:620} INFO - Processing file /home/airflow/.local/lib/python3.6/site-packages/airflow/example_dags/example_branch_labels.py for tasks to queue
[2023-07-01 16:26:49,516] {logging_mixin.py:109} INFO - [2023-07-01 16:26:49,516] {dagbag.py:500} INFO - Filling up the DagBag from /home/airflow/.local/lib/python3.6/site-packages/airflow/example_dags/example_branch_labels.py
[2023-07-01 16:26:49,544] {processor.py:632} INFO - DAG(s) dict_keys(['example_branch_labels']) retrieved from /home/airflow/.local/lib/python3.6/site-packages/airflow/example_dags/example_branch_labels.py
[2023-07-01 16:26:49,554] {logging_mixin.py:109} INFO - [2023-07-01 16:26:49,554] {dag.py:2389} INFO - Sync 1 DAGs
[2023-07-01 16:26:49,567] {logging_mixin.py:109} INFO - [2023-07-01 16:26:49,567] {dag.py:2914} INFO - Setting next_dagrun for example_branch_labels to 2023-06-30 00:00:00+00:00
[2023-07-01 16:26:49,573] {processor.py:171} INFO - Processing /home/airflow/.local/lib/python3.6/site-packages/airflow/example_dags/example_branch_labels.py took 0.064 seconds
