[2023-07-01 16:15:44,389] {processor.py:153} INFO - Started process (PID=76) to work on /home/airflow/.local/lib/python3.7/site-packages/airflow/example_dags/example_kubernetes_executor.py
[2023-07-01 16:15:44,390] {processor.py:641} INFO - Processing file /home/airflow/.local/lib/python3.7/site-packages/airflow/example_dags/example_kubernetes_executor.py for tasks to queue
[2023-07-01 16:15:44,391] {logging_mixin.py:115} INFO - [2023-07-01 16:15:44,391] {dagbag.py:507} INFO - Filling up the DagBag from /home/airflow/.local/lib/python3.7/site-packages/airflow/example_dags/example_kubernetes_executor.py
[2023-07-01 16:15:44,429] {processor.py:651} INFO - DAG(s) dict_keys(['example_kubernetes_executor']) retrieved from /home/airflow/.local/lib/python3.7/site-packages/airflow/example_dags/example_kubernetes_executor.py
[2023-07-01 16:15:44,546] {logging_mixin.py:115} INFO - [2023-07-01 16:15:44,546] {manager.py:508} INFO - Created Permission View: can edit on DAG:example_kubernetes_executor
[2023-07-01 16:15:44,556] {logging_mixin.py:115} INFO - [2023-07-01 16:15:44,556] {manager.py:508} INFO - Created Permission View: can delete on DAG:example_kubernetes_executor
[2023-07-01 16:15:44,561] {logging_mixin.py:115} INFO - [2023-07-01 16:15:44,560] {manager.py:508} INFO - Created Permission View: can read on DAG:example_kubernetes_executor
[2023-07-01 16:15:44,561] {logging_mixin.py:115} INFO - [2023-07-01 16:15:44,561] {dag.py:2371} INFO - Sync 1 DAGs
[2023-07-01 16:15:44,569] {logging_mixin.py:115} INFO - [2023-07-01 16:15:44,569] {dag.py:2390} INFO - Creating ORM DAG for example_kubernetes_executor
[2023-07-01 16:15:44,579] {logging_mixin.py:115} INFO - [2023-07-01 16:15:44,579] {dag.py:2919} INFO - Setting next_dagrun for example_kubernetes_executor to None, run_after=None
[2023-07-01 16:15:44,592] {processor.py:161} INFO - Processing /home/airflow/.local/lib/python3.7/site-packages/airflow/example_dags/example_kubernetes_executor.py took 0.211 seconds
[2023-07-01 16:16:15,431] {processor.py:153} INFO - Started process (PID=131) to work on /home/airflow/.local/lib/python3.7/site-packages/airflow/example_dags/example_kubernetes_executor.py
[2023-07-01 16:16:15,433] {processor.py:641} INFO - Processing file /home/airflow/.local/lib/python3.7/site-packages/airflow/example_dags/example_kubernetes_executor.py for tasks to queue
[2023-07-01 16:16:15,434] {logging_mixin.py:115} INFO - [2023-07-01 16:16:15,434] {dagbag.py:507} INFO - Filling up the DagBag from /home/airflow/.local/lib/python3.7/site-packages/airflow/example_dags/example_kubernetes_executor.py
[2023-07-01 16:16:15,453] {processor.py:651} INFO - DAG(s) dict_keys(['example_kubernetes_executor']) retrieved from /home/airflow/.local/lib/python3.7/site-packages/airflow/example_dags/example_kubernetes_executor.py
[2023-07-01 16:16:15,476] {logging_mixin.py:115} INFO - [2023-07-01 16:16:15,476] {dag.py:2371} INFO - Sync 1 DAGs
[2023-07-01 16:16:15,487] {logging_mixin.py:115} INFO - [2023-07-01 16:16:15,487] {dag.py:2919} INFO - Setting next_dagrun for example_kubernetes_executor to None, run_after=None
[2023-07-01 16:16:15,493] {processor.py:161} INFO - Processing /home/airflow/.local/lib/python3.7/site-packages/airflow/example_dags/example_kubernetes_executor.py took 0.065 seconds
[2023-07-01 16:16:45,871] {processor.py:153} INFO - Started process (PID=186) to work on /home/airflow/.local/lib/python3.7/site-packages/airflow/example_dags/example_kubernetes_executor.py
[2023-07-01 16:16:45,871] {processor.py:641} INFO - Processing file /home/airflow/.local/lib/python3.7/site-packages/airflow/example_dags/example_kubernetes_executor.py for tasks to queue
[2023-07-01 16:16:45,872] {logging_mixin.py:115} INFO - [2023-07-01 16:16:45,872] {dagbag.py:507} INFO - Filling up the DagBag from /home/airflow/.local/lib/python3.7/site-packages/airflow/example_dags/example_kubernetes_executor.py
[2023-07-01 16:16:45,889] {processor.py:651} INFO - DAG(s) dict_keys(['example_kubernetes_executor']) retrieved from /home/airflow/.local/lib/python3.7/site-packages/airflow/example_dags/example_kubernetes_executor.py
[2023-07-01 16:16:45,909] {logging_mixin.py:115} INFO - [2023-07-01 16:16:45,909] {dag.py:2371} INFO - Sync 1 DAGs
[2023-07-01 16:16:45,921] {logging_mixin.py:115} INFO - [2023-07-01 16:16:45,921] {dag.py:2919} INFO - Setting next_dagrun for example_kubernetes_executor to None, run_after=None
[2023-07-01 16:16:45,928] {processor.py:161} INFO - Processing /home/airflow/.local/lib/python3.7/site-packages/airflow/example_dags/example_kubernetes_executor.py took 0.061 seconds
[2023-07-01 16:17:16,267] {processor.py:153} INFO - Started process (PID=240) to work on /home/airflow/.local/lib/python3.7/site-packages/airflow/example_dags/example_kubernetes_executor.py
[2023-07-01 16:17:16,268] {processor.py:641} INFO - Processing file /home/airflow/.local/lib/python3.7/site-packages/airflow/example_dags/example_kubernetes_executor.py for tasks to queue
[2023-07-01 16:17:16,269] {logging_mixin.py:115} INFO - [2023-07-01 16:17:16,269] {dagbag.py:507} INFO - Filling up the DagBag from /home/airflow/.local/lib/python3.7/site-packages/airflow/example_dags/example_kubernetes_executor.py
[2023-07-01 16:17:16,287] {processor.py:651} INFO - DAG(s) dict_keys(['example_kubernetes_executor']) retrieved from /home/airflow/.local/lib/python3.7/site-packages/airflow/example_dags/example_kubernetes_executor.py
[2023-07-01 16:17:16,309] {logging_mixin.py:115} INFO - [2023-07-01 16:17:16,309] {dag.py:2371} INFO - Sync 1 DAGs
[2023-07-01 16:17:16,320] {logging_mixin.py:115} INFO - [2023-07-01 16:17:16,320] {dag.py:2919} INFO - Setting next_dagrun for example_kubernetes_executor to None, run_after=None
[2023-07-01 16:17:16,327] {processor.py:161} INFO - Processing /home/airflow/.local/lib/python3.7/site-packages/airflow/example_dags/example_kubernetes_executor.py took 0.063 seconds
[2023-07-01 16:23:15,272] {processor.py:163} INFO - Started process (PID=264) to work on /home/airflow/.local/lib/python3.6/site-packages/airflow/example_dags/example_kubernetes_executor.py
[2023-07-01 16:23:15,274] {processor.py:620} INFO - Processing file /home/airflow/.local/lib/python3.6/site-packages/airflow/example_dags/example_kubernetes_executor.py for tasks to queue
[2023-07-01 16:23:15,281] {logging_mixin.py:109} INFO - [2023-07-01 16:23:15,281] {dagbag.py:500} INFO - Filling up the DagBag from /home/airflow/.local/lib/python3.6/site-packages/airflow/example_dags/example_kubernetes_executor.py
[2023-07-01 16:23:15,364] {processor.py:632} INFO - DAG(s) dict_keys(['example_kubernetes_executor']) retrieved from /home/airflow/.local/lib/python3.6/site-packages/airflow/example_dags/example_kubernetes_executor.py
[2023-07-01 16:23:16,759] {logging_mixin.py:109} INFO - [2023-07-01 16:23:16,759] {opentelemetry_tracing.py:29} INFO - This service is instrumented using OpenTelemetry. OpenTelemetry could not be imported; please add opentelemetry-api and opentelemetry-instrumentation packages in order to get BigQuery Tracing data.
[2023-07-01 16:23:16,784] {logging_mixin.py:109} INFO - [2023-07-01 16:23:16,784] {providers_manager.py:156} WARNING - Exception when importing 'airflow.providers.google.leveldb.hooks.leveldb.LevelDBHook' from 'apache-airflow-providers-google' package: No module named 'plyvel'
[2023-07-01 16:23:17,022] {logging_mixin.py:109} INFO - [2023-07-01 16:23:17,022] {providers_manager.py:156} WARNING - Exception when importing 'airflow.providers.google.leveldb.hooks.leveldb.LevelDBHook' from 'apache-airflow-providers-google' package: No module named 'plyvel'
[2023-07-01 16:23:17,038] {logging_mixin.py:109} INFO - [2023-07-01 16:23:17,038] {manager.py:496} INFO - Created Permission View: can edit on DAG:example_kubernetes_executor
[2023-07-01 16:23:17,044] {logging_mixin.py:109} INFO - [2023-07-01 16:23:17,044] {manager.py:496} INFO - Created Permission View: can read on DAG:example_kubernetes_executor
[2023-07-01 16:23:17,045] {logging_mixin.py:109} INFO - [2023-07-01 16:23:17,045] {dag.py:2389} INFO - Sync 1 DAGs
[2023-07-01 16:23:17,052] {logging_mixin.py:109} INFO - [2023-07-01 16:23:17,052] {dag.py:2408} INFO - Creating ORM DAG for example_kubernetes_executor
[2023-07-01 16:23:17,057] {logging_mixin.py:109} INFO - [2023-07-01 16:23:17,056] {dag.py:2914} INFO - Setting next_dagrun for example_kubernetes_executor to None
[2023-07-01 16:23:17,065] {processor.py:171} INFO - Processing /home/airflow/.local/lib/python3.6/site-packages/airflow/example_dags/example_kubernetes_executor.py took 1.795 seconds
[2023-07-01 16:23:48,078] {processor.py:163} INFO - Started process (PID=352) to work on /home/airflow/.local/lib/python3.6/site-packages/airflow/example_dags/example_kubernetes_executor.py
[2023-07-01 16:23:48,079] {processor.py:620} INFO - Processing file /home/airflow/.local/lib/python3.6/site-packages/airflow/example_dags/example_kubernetes_executor.py for tasks to queue
[2023-07-01 16:23:48,080] {logging_mixin.py:109} INFO - [2023-07-01 16:23:48,080] {dagbag.py:500} INFO - Filling up the DagBag from /home/airflow/.local/lib/python3.6/site-packages/airflow/example_dags/example_kubernetes_executor.py
[2023-07-01 16:23:48,168] {processor.py:632} INFO - DAG(s) dict_keys(['example_kubernetes_executor']) retrieved from /home/airflow/.local/lib/python3.6/site-packages/airflow/example_dags/example_kubernetes_executor.py
[2023-07-01 16:23:48,177] {logging_mixin.py:109} INFO - [2023-07-01 16:23:48,177] {dag.py:2389} INFO - Sync 1 DAGs
[2023-07-01 16:23:48,187] {logging_mixin.py:109} INFO - [2023-07-01 16:23:48,187] {dag.py:2914} INFO - Setting next_dagrun for example_kubernetes_executor to None
[2023-07-01 16:23:48,193] {processor.py:171} INFO - Processing /home/airflow/.local/lib/python3.6/site-packages/airflow/example_dags/example_kubernetes_executor.py took 0.119 seconds
[2023-07-01 16:24:18,374] {processor.py:163} INFO - Started process (PID=408) to work on /home/airflow/.local/lib/python3.6/site-packages/airflow/example_dags/example_kubernetes_executor.py
[2023-07-01 16:24:18,376] {processor.py:620} INFO - Processing file /home/airflow/.local/lib/python3.6/site-packages/airflow/example_dags/example_kubernetes_executor.py for tasks to queue
[2023-07-01 16:24:18,377] {logging_mixin.py:109} INFO - [2023-07-01 16:24:18,377] {dagbag.py:500} INFO - Filling up the DagBag from /home/airflow/.local/lib/python3.6/site-packages/airflow/example_dags/example_kubernetes_executor.py
[2023-07-01 16:24:18,462] {processor.py:632} INFO - DAG(s) dict_keys(['example_kubernetes_executor']) retrieved from /home/airflow/.local/lib/python3.6/site-packages/airflow/example_dags/example_kubernetes_executor.py
[2023-07-01 16:24:18,471] {logging_mixin.py:109} INFO - [2023-07-01 16:24:18,471] {dag.py:2389} INFO - Sync 1 DAGs
[2023-07-01 16:24:18,480] {logging_mixin.py:109} INFO - [2023-07-01 16:24:18,480] {dag.py:2914} INFO - Setting next_dagrun for example_kubernetes_executor to None
[2023-07-01 16:24:18,486] {processor.py:171} INFO - Processing /home/airflow/.local/lib/python3.6/site-packages/airflow/example_dags/example_kubernetes_executor.py took 0.116 seconds
[2023-07-01 16:24:48,534] {processor.py:163} INFO - Started process (PID=462) to work on /home/airflow/.local/lib/python3.6/site-packages/airflow/example_dags/example_kubernetes_executor.py
[2023-07-01 16:24:48,536] {processor.py:620} INFO - Processing file /home/airflow/.local/lib/python3.6/site-packages/airflow/example_dags/example_kubernetes_executor.py for tasks to queue
[2023-07-01 16:24:48,537] {logging_mixin.py:109} INFO - [2023-07-01 16:24:48,537] {dagbag.py:500} INFO - Filling up the DagBag from /home/airflow/.local/lib/python3.6/site-packages/airflow/example_dags/example_kubernetes_executor.py
[2023-07-01 16:24:48,564] {processor.py:632} INFO - DAG(s) dict_keys(['example_kubernetes_executor']) retrieved from /home/airflow/.local/lib/python3.6/site-packages/airflow/example_dags/example_kubernetes_executor.py
[2023-07-01 16:24:48,574] {logging_mixin.py:109} INFO - [2023-07-01 16:24:48,574] {dag.py:2389} INFO - Sync 1 DAGs
[2023-07-01 16:24:48,586] {logging_mixin.py:109} INFO - [2023-07-01 16:24:48,585] {dag.py:2914} INFO - Setting next_dagrun for example_kubernetes_executor to None
[2023-07-01 16:24:48,592] {processor.py:171} INFO - Processing /home/airflow/.local/lib/python3.6/site-packages/airflow/example_dags/example_kubernetes_executor.py took 0.062 seconds
[2023-07-01 16:25:18,694] {processor.py:163} INFO - Started process (PID=516) to work on /home/airflow/.local/lib/python3.6/site-packages/airflow/example_dags/example_kubernetes_executor.py
[2023-07-01 16:25:18,697] {processor.py:620} INFO - Processing file /home/airflow/.local/lib/python3.6/site-packages/airflow/example_dags/example_kubernetes_executor.py for tasks to queue
[2023-07-01 16:25:18,699] {logging_mixin.py:109} INFO - [2023-07-01 16:25:18,699] {dagbag.py:500} INFO - Filling up the DagBag from /home/airflow/.local/lib/python3.6/site-packages/airflow/example_dags/example_kubernetes_executor.py
[2023-07-01 16:25:18,729] {processor.py:632} INFO - DAG(s) dict_keys(['example_kubernetes_executor']) retrieved from /home/airflow/.local/lib/python3.6/site-packages/airflow/example_dags/example_kubernetes_executor.py
[2023-07-01 16:25:18,739] {logging_mixin.py:109} INFO - [2023-07-01 16:25:18,739] {dag.py:2389} INFO - Sync 1 DAGs
[2023-07-01 16:25:18,750] {logging_mixin.py:109} INFO - [2023-07-01 16:25:18,750] {dag.py:2914} INFO - Setting next_dagrun for example_kubernetes_executor to None
[2023-07-01 16:25:18,756] {processor.py:171} INFO - Processing /home/airflow/.local/lib/python3.6/site-packages/airflow/example_dags/example_kubernetes_executor.py took 0.069 seconds
[2023-07-01 16:25:49,768] {processor.py:163} INFO - Started process (PID=569) to work on /home/airflow/.local/lib/python3.6/site-packages/airflow/example_dags/example_kubernetes_executor.py
[2023-07-01 16:25:49,769] {processor.py:620} INFO - Processing file /home/airflow/.local/lib/python3.6/site-packages/airflow/example_dags/example_kubernetes_executor.py for tasks to queue
[2023-07-01 16:25:49,771] {logging_mixin.py:109} INFO - [2023-07-01 16:25:49,770] {dagbag.py:500} INFO - Filling up the DagBag from /home/airflow/.local/lib/python3.6/site-packages/airflow/example_dags/example_kubernetes_executor.py
[2023-07-01 16:25:49,798] {processor.py:632} INFO - DAG(s) dict_keys(['example_kubernetes_executor']) retrieved from /home/airflow/.local/lib/python3.6/site-packages/airflow/example_dags/example_kubernetes_executor.py
[2023-07-01 16:25:49,808] {logging_mixin.py:109} INFO - [2023-07-01 16:25:49,808] {dag.py:2389} INFO - Sync 1 DAGs
[2023-07-01 16:25:49,819] {logging_mixin.py:109} INFO - [2023-07-01 16:25:49,819] {dag.py:2914} INFO - Setting next_dagrun for example_kubernetes_executor to None
[2023-07-01 16:25:49,825] {processor.py:171} INFO - Processing /home/airflow/.local/lib/python3.6/site-packages/airflow/example_dags/example_kubernetes_executor.py took 0.062 seconds
[2023-07-01 16:26:20,608] {processor.py:163} INFO - Started process (PID=623) to work on /home/airflow/.local/lib/python3.6/site-packages/airflow/example_dags/example_kubernetes_executor.py
[2023-07-01 16:26:20,611] {processor.py:620} INFO - Processing file /home/airflow/.local/lib/python3.6/site-packages/airflow/example_dags/example_kubernetes_executor.py for tasks to queue
[2023-07-01 16:26:20,612] {logging_mixin.py:109} INFO - [2023-07-01 16:26:20,612] {dagbag.py:500} INFO - Filling up the DagBag from /home/airflow/.local/lib/python3.6/site-packages/airflow/example_dags/example_kubernetes_executor.py
[2023-07-01 16:26:20,645] {processor.py:632} INFO - DAG(s) dict_keys(['example_kubernetes_executor']) retrieved from /home/airflow/.local/lib/python3.6/site-packages/airflow/example_dags/example_kubernetes_executor.py
[2023-07-01 16:26:20,656] {logging_mixin.py:109} INFO - [2023-07-01 16:26:20,655] {dag.py:2389} INFO - Sync 1 DAGs
[2023-07-01 16:26:20,667] {logging_mixin.py:109} INFO - [2023-07-01 16:26:20,667] {dag.py:2914} INFO - Setting next_dagrun for example_kubernetes_executor to None
[2023-07-01 16:26:20,673] {processor.py:171} INFO - Processing /home/airflow/.local/lib/python3.6/site-packages/airflow/example_dags/example_kubernetes_executor.py took 0.072 seconds
[2023-07-01 16:26:51,572] {processor.py:163} INFO - Started process (PID=677) to work on /home/airflow/.local/lib/python3.6/site-packages/airflow/example_dags/example_kubernetes_executor.py
[2023-07-01 16:26:51,574] {processor.py:620} INFO - Processing file /home/airflow/.local/lib/python3.6/site-packages/airflow/example_dags/example_kubernetes_executor.py for tasks to queue
[2023-07-01 16:26:51,575] {logging_mixin.py:109} INFO - [2023-07-01 16:26:51,575] {dagbag.py:500} INFO - Filling up the DagBag from /home/airflow/.local/lib/python3.6/site-packages/airflow/example_dags/example_kubernetes_executor.py
[2023-07-01 16:26:51,601] {processor.py:632} INFO - DAG(s) dict_keys(['example_kubernetes_executor']) retrieved from /home/airflow/.local/lib/python3.6/site-packages/airflow/example_dags/example_kubernetes_executor.py
[2023-07-01 16:26:51,612] {logging_mixin.py:109} INFO - [2023-07-01 16:26:51,612] {dag.py:2389} INFO - Sync 1 DAGs
[2023-07-01 16:26:51,625] {logging_mixin.py:109} INFO - [2023-07-01 16:26:51,625] {dag.py:2914} INFO - Setting next_dagrun for example_kubernetes_executor to None
[2023-07-01 16:26:51,632] {processor.py:171} INFO - Processing /home/airflow/.local/lib/python3.6/site-packages/airflow/example_dags/example_kubernetes_executor.py took 0.063 seconds
