[2023-07-01 16:15:42,875] {processor.py:153} INFO - Started process (PID=61) to work on /home/airflow/.local/lib/python3.7/site-packages/airflow/example_dags/example_latest_only.py
[2023-07-01 16:15:42,877] {processor.py:641} INFO - Processing file /home/airflow/.local/lib/python3.7/site-packages/airflow/example_dags/example_latest_only.py for tasks to queue
[2023-07-01 16:15:42,878] {logging_mixin.py:115} INFO - [2023-07-01 16:15:42,878] {dagbag.py:507} INFO - Filling up the DagBag from /home/airflow/.local/lib/python3.7/site-packages/airflow/example_dags/example_latest_only.py
[2023-07-01 16:15:42,887] {processor.py:651} INFO - DAG(s) dict_keys(['latest_only']) retrieved from /home/airflow/.local/lib/python3.7/site-packages/airflow/example_dags/example_latest_only.py
[2023-07-01 16:15:42,994] {logging_mixin.py:115} INFO - [2023-07-01 16:15:42,994] {manager.py:508} INFO - Created Permission View: can edit on DAG:latest_only
[2023-07-01 16:15:43,000] {logging_mixin.py:115} INFO - [2023-07-01 16:15:43,000] {manager.py:508} INFO - Created Permission View: can delete on DAG:latest_only
[2023-07-01 16:15:43,005] {logging_mixin.py:115} INFO - [2023-07-01 16:15:43,005] {manager.py:508} INFO - Created Permission View: can read on DAG:latest_only
[2023-07-01 16:15:43,005] {logging_mixin.py:115} INFO - [2023-07-01 16:15:43,005] {dag.py:2371} INFO - Sync 1 DAGs
[2023-07-01 16:15:43,014] {logging_mixin.py:115} INFO - [2023-07-01 16:15:43,014] {dag.py:2390} INFO - Creating ORM DAG for latest_only
[2023-07-01 16:15:43,026] {logging_mixin.py:115} INFO - [2023-07-01 16:15:43,026] {dag.py:2919} INFO - Setting next_dagrun for latest_only to 2023-07-01T12:15:43.026397+00:00, run_after=2023-07-01T16:15:43.026397+00:00
[2023-07-01 16:15:43,049] {processor.py:161} INFO - Processing /home/airflow/.local/lib/python3.7/site-packages/airflow/example_dags/example_latest_only.py took 0.178 seconds
[2023-07-01 16:16:13,902] {processor.py:153} INFO - Started process (PID=116) to work on /home/airflow/.local/lib/python3.7/site-packages/airflow/example_dags/example_latest_only.py
[2023-07-01 16:16:13,902] {processor.py:641} INFO - Processing file /home/airflow/.local/lib/python3.7/site-packages/airflow/example_dags/example_latest_only.py for tasks to queue
[2023-07-01 16:16:13,903] {logging_mixin.py:115} INFO - [2023-07-01 16:16:13,903] {dagbag.py:507} INFO - Filling up the DagBag from /home/airflow/.local/lib/python3.7/site-packages/airflow/example_dags/example_latest_only.py
[2023-07-01 16:16:13,907] {processor.py:651} INFO - DAG(s) dict_keys(['latest_only']) retrieved from /home/airflow/.local/lib/python3.7/site-packages/airflow/example_dags/example_latest_only.py
[2023-07-01 16:16:13,926] {logging_mixin.py:115} INFO - [2023-07-01 16:16:13,926] {dag.py:2371} INFO - Sync 1 DAGs
[2023-07-01 16:16:13,940] {logging_mixin.py:115} INFO - [2023-07-01 16:16:13,939] {dag.py:2919} INFO - Setting next_dagrun for latest_only to 2023-07-01T12:16:13.939692+00:00, run_after=2023-07-01T16:16:13.939692+00:00
[2023-07-01 16:16:13,946] {processor.py:161} INFO - Processing /home/airflow/.local/lib/python3.7/site-packages/airflow/example_dags/example_latest_only.py took 0.046 seconds
[2023-07-01 16:16:44,370] {processor.py:153} INFO - Started process (PID=171) to work on /home/airflow/.local/lib/python3.7/site-packages/airflow/example_dags/example_latest_only.py
[2023-07-01 16:16:44,370] {processor.py:641} INFO - Processing file /home/airflow/.local/lib/python3.7/site-packages/airflow/example_dags/example_latest_only.py for tasks to queue
[2023-07-01 16:16:44,371] {logging_mixin.py:115} INFO - [2023-07-01 16:16:44,371] {dagbag.py:507} INFO - Filling up the DagBag from /home/airflow/.local/lib/python3.7/site-packages/airflow/example_dags/example_latest_only.py
[2023-07-01 16:16:44,375] {processor.py:651} INFO - DAG(s) dict_keys(['latest_only']) retrieved from /home/airflow/.local/lib/python3.7/site-packages/airflow/example_dags/example_latest_only.py
[2023-07-01 16:16:44,397] {logging_mixin.py:115} INFO - [2023-07-01 16:16:44,397] {dag.py:2371} INFO - Sync 1 DAGs
[2023-07-01 16:16:44,411] {logging_mixin.py:115} INFO - [2023-07-01 16:16:44,411] {dag.py:2919} INFO - Setting next_dagrun for latest_only to 2023-07-01T12:16:44.410834+00:00, run_after=2023-07-01T16:16:44.410834+00:00
[2023-07-01 16:16:44,418] {processor.py:161} INFO - Processing /home/airflow/.local/lib/python3.7/site-packages/airflow/example_dags/example_latest_only.py took 0.050 seconds
[2023-07-01 16:17:14,766] {processor.py:153} INFO - Started process (PID=225) to work on /home/airflow/.local/lib/python3.7/site-packages/airflow/example_dags/example_latest_only.py
[2023-07-01 16:17:14,766] {processor.py:641} INFO - Processing file /home/airflow/.local/lib/python3.7/site-packages/airflow/example_dags/example_latest_only.py for tasks to queue
[2023-07-01 16:17:14,769] {logging_mixin.py:115} INFO - [2023-07-01 16:17:14,769] {dagbag.py:507} INFO - Filling up the DagBag from /home/airflow/.local/lib/python3.7/site-packages/airflow/example_dags/example_latest_only.py
[2023-07-01 16:17:14,773] {processor.py:651} INFO - DAG(s) dict_keys(['latest_only']) retrieved from /home/airflow/.local/lib/python3.7/site-packages/airflow/example_dags/example_latest_only.py
[2023-07-01 16:17:14,793] {logging_mixin.py:115} INFO - [2023-07-01 16:17:14,792] {dag.py:2371} INFO - Sync 1 DAGs
[2023-07-01 16:17:14,806] {logging_mixin.py:115} INFO - [2023-07-01 16:17:14,806] {dag.py:2919} INFO - Setting next_dagrun for latest_only to 2023-07-01T12:17:14.806085+00:00, run_after=2023-07-01T16:17:14.806085+00:00
[2023-07-01 16:17:14,812] {processor.py:161} INFO - Processing /home/airflow/.local/lib/python3.7/site-packages/airflow/example_dags/example_latest_only.py took 0.049 seconds
[2023-07-01 16:23:01,174] {processor.py:163} INFO - Started process (PID=155) to work on /home/airflow/.local/lib/python3.6/site-packages/airflow/example_dags/example_latest_only.py
[2023-07-01 16:23:01,180] {processor.py:620} INFO - Processing file /home/airflow/.local/lib/python3.6/site-packages/airflow/example_dags/example_latest_only.py for tasks to queue
[2023-07-01 16:23:01,181] {logging_mixin.py:109} INFO - [2023-07-01 16:23:01,181] {dagbag.py:500} INFO - Filling up the DagBag from /home/airflow/.local/lib/python3.6/site-packages/airflow/example_dags/example_latest_only.py
[2023-07-01 16:23:01,257] {processor.py:632} INFO - DAG(s) dict_keys(['latest_only']) retrieved from /home/airflow/.local/lib/python3.6/site-packages/airflow/example_dags/example_latest_only.py
[2023-07-01 16:23:02,604] {logging_mixin.py:109} INFO - [2023-07-01 16:23:02,604] {opentelemetry_tracing.py:29} INFO - This service is instrumented using OpenTelemetry. OpenTelemetry could not be imported; please add opentelemetry-api and opentelemetry-instrumentation packages in order to get BigQuery Tracing data.
[2023-07-01 16:23:02,628] {logging_mixin.py:109} INFO - [2023-07-01 16:23:02,628] {providers_manager.py:156} WARNING - Exception when importing 'airflow.providers.google.leveldb.hooks.leveldb.LevelDBHook' from 'apache-airflow-providers-google' package: No module named 'plyvel'
[2023-07-01 16:23:02,861] {logging_mixin.py:109} INFO - [2023-07-01 16:23:02,861] {providers_manager.py:156} WARNING - Exception when importing 'airflow.providers.google.leveldb.hooks.leveldb.LevelDBHook' from 'apache-airflow-providers-google' package: No module named 'plyvel'
[2023-07-01 16:23:02,879] {logging_mixin.py:109} INFO - [2023-07-01 16:23:02,879] {manager.py:496} INFO - Created Permission View: can edit on DAG:latest_only
[2023-07-01 16:23:02,884] {logging_mixin.py:109} INFO - [2023-07-01 16:23:02,884] {manager.py:496} INFO - Created Permission View: can read on DAG:latest_only
[2023-07-01 16:23:02,885] {logging_mixin.py:109} INFO - [2023-07-01 16:23:02,885] {dag.py:2389} INFO - Sync 1 DAGs
[2023-07-01 16:23:02,892] {logging_mixin.py:109} INFO - [2023-07-01 16:23:02,891] {dag.py:2408} INFO - Creating ORM DAG for latest_only
[2023-07-01 16:23:02,897] {logging_mixin.py:109} INFO - [2023-07-01 16:23:02,897] {dag.py:2914} INFO - Setting next_dagrun for latest_only to 2023-07-01T12:23:02.896642+00:00
[2023-07-01 16:23:02,905] {processor.py:171} INFO - Processing /home/airflow/.local/lib/python3.6/site-packages/airflow/example_dags/example_latest_only.py took 1.733 seconds
[2023-07-01 16:23:33,728] {processor.py:163} INFO - Started process (PID=324) to work on /home/airflow/.local/lib/python3.6/site-packages/airflow/example_dags/example_latest_only.py
[2023-07-01 16:23:33,729] {processor.py:620} INFO - Processing file /home/airflow/.local/lib/python3.6/site-packages/airflow/example_dags/example_latest_only.py for tasks to queue
[2023-07-01 16:23:33,730] {logging_mixin.py:109} INFO - [2023-07-01 16:23:33,730] {dagbag.py:500} INFO - Filling up the DagBag from /home/airflow/.local/lib/python3.6/site-packages/airflow/example_dags/example_latest_only.py
[2023-07-01 16:23:33,827] {processor.py:632} INFO - DAG(s) dict_keys(['latest_only']) retrieved from /home/airflow/.local/lib/python3.6/site-packages/airflow/example_dags/example_latest_only.py
[2023-07-01 16:23:33,835] {logging_mixin.py:109} INFO - [2023-07-01 16:23:33,835] {dag.py:2389} INFO - Sync 1 DAGs
[2023-07-01 16:23:33,845] {logging_mixin.py:109} INFO - [2023-07-01 16:23:33,845] {dag.py:2914} INFO - Setting next_dagrun for latest_only to 2023-07-01T12:23:33.845306+00:00
[2023-07-01 16:23:33,858] {processor.py:171} INFO - Processing /home/airflow/.local/lib/python3.6/site-packages/airflow/example_dags/example_latest_only.py took 0.135 seconds
[2023-07-01 16:24:04,258] {processor.py:163} INFO - Started process (PID=378) to work on /home/airflow/.local/lib/python3.6/site-packages/airflow/example_dags/example_latest_only.py
[2023-07-01 16:24:04,260] {processor.py:620} INFO - Processing file /home/airflow/.local/lib/python3.6/site-packages/airflow/example_dags/example_latest_only.py for tasks to queue
[2023-07-01 16:24:04,262] {logging_mixin.py:109} INFO - [2023-07-01 16:24:04,262] {dagbag.py:500} INFO - Filling up the DagBag from /home/airflow/.local/lib/python3.6/site-packages/airflow/example_dags/example_latest_only.py
[2023-07-01 16:24:04,361] {processor.py:632} INFO - DAG(s) dict_keys(['latest_only']) retrieved from /home/airflow/.local/lib/python3.6/site-packages/airflow/example_dags/example_latest_only.py
[2023-07-01 16:24:04,369] {logging_mixin.py:109} INFO - [2023-07-01 16:24:04,369] {dag.py:2389} INFO - Sync 1 DAGs
[2023-07-01 16:24:04,379] {logging_mixin.py:109} INFO - [2023-07-01 16:24:04,379] {dag.py:2914} INFO - Setting next_dagrun for latest_only to 2023-07-01T12:24:04.378923+00:00
[2023-07-01 16:24:04,385] {processor.py:171} INFO - Processing /home/airflow/.local/lib/python3.6/site-packages/airflow/example_dags/example_latest_only.py took 0.131 seconds
[2023-07-01 16:24:34,664] {processor.py:163} INFO - Started process (PID=433) to work on /home/airflow/.local/lib/python3.6/site-packages/airflow/example_dags/example_latest_only.py
[2023-07-01 16:24:34,666] {processor.py:620} INFO - Processing file /home/airflow/.local/lib/python3.6/site-packages/airflow/example_dags/example_latest_only.py for tasks to queue
[2023-07-01 16:24:34,667] {logging_mixin.py:109} INFO - [2023-07-01 16:24:34,667] {dagbag.py:500} INFO - Filling up the DagBag from /home/airflow/.local/lib/python3.6/site-packages/airflow/example_dags/example_latest_only.py
[2023-07-01 16:24:34,697] {processor.py:632} INFO - DAG(s) dict_keys(['latest_only']) retrieved from /home/airflow/.local/lib/python3.6/site-packages/airflow/example_dags/example_latest_only.py
[2023-07-01 16:24:34,707] {logging_mixin.py:109} INFO - [2023-07-01 16:24:34,707] {dag.py:2389} INFO - Sync 1 DAGs
[2023-07-01 16:24:34,720] {logging_mixin.py:109} INFO - [2023-07-01 16:24:34,720] {dag.py:2914} INFO - Setting next_dagrun for latest_only to 2023-07-01T12:24:34.719731+00:00
[2023-07-01 16:24:34,727] {processor.py:171} INFO - Processing /home/airflow/.local/lib/python3.6/site-packages/airflow/example_dags/example_latest_only.py took 0.067 seconds
[2023-07-01 16:25:04,786] {processor.py:163} INFO - Started process (PID=486) to work on /home/airflow/.local/lib/python3.6/site-packages/airflow/example_dags/example_latest_only.py
[2023-07-01 16:25:04,789] {processor.py:620} INFO - Processing file /home/airflow/.local/lib/python3.6/site-packages/airflow/example_dags/example_latest_only.py for tasks to queue
[2023-07-01 16:25:04,790] {logging_mixin.py:109} INFO - [2023-07-01 16:25:04,790] {dagbag.py:500} INFO - Filling up the DagBag from /home/airflow/.local/lib/python3.6/site-packages/airflow/example_dags/example_latest_only.py
[2023-07-01 16:25:04,817] {processor.py:632} INFO - DAG(s) dict_keys(['latest_only']) retrieved from /home/airflow/.local/lib/python3.6/site-packages/airflow/example_dags/example_latest_only.py
[2023-07-01 16:25:04,827] {logging_mixin.py:109} INFO - [2023-07-01 16:25:04,827] {dag.py:2389} INFO - Sync 1 DAGs
[2023-07-01 16:25:04,838] {logging_mixin.py:109} INFO - [2023-07-01 16:25:04,838] {dag.py:2914} INFO - Setting next_dagrun for latest_only to 2023-07-01T12:25:04.838293+00:00
[2023-07-01 16:25:04,845] {processor.py:171} INFO - Processing /home/airflow/.local/lib/python3.6/site-packages/airflow/example_dags/example_latest_only.py took 0.065 seconds
[2023-07-01 16:25:34,942] {processor.py:163} INFO - Started process (PID=540) to work on /home/airflow/.local/lib/python3.6/site-packages/airflow/example_dags/example_latest_only.py
[2023-07-01 16:25:34,944] {processor.py:620} INFO - Processing file /home/airflow/.local/lib/python3.6/site-packages/airflow/example_dags/example_latest_only.py for tasks to queue
[2023-07-01 16:25:34,945] {logging_mixin.py:109} INFO - [2023-07-01 16:25:34,945] {dagbag.py:500} INFO - Filling up the DagBag from /home/airflow/.local/lib/python3.6/site-packages/airflow/example_dags/example_latest_only.py
[2023-07-01 16:25:34,970] {processor.py:632} INFO - DAG(s) dict_keys(['latest_only']) retrieved from /home/airflow/.local/lib/python3.6/site-packages/airflow/example_dags/example_latest_only.py
[2023-07-01 16:25:34,980] {logging_mixin.py:109} INFO - [2023-07-01 16:25:34,980] {dag.py:2389} INFO - Sync 1 DAGs
[2023-07-01 16:25:34,992] {logging_mixin.py:109} INFO - [2023-07-01 16:25:34,992] {dag.py:2914} INFO - Setting next_dagrun for latest_only to 2023-07-01T12:25:34.991543+00:00
[2023-07-01 16:25:34,998] {processor.py:171} INFO - Processing /home/airflow/.local/lib/python3.6/site-packages/airflow/example_dags/example_latest_only.py took 0.059 seconds
[2023-07-01 16:26:05,747] {processor.py:163} INFO - Started process (PID=593) to work on /home/airflow/.local/lib/python3.6/site-packages/airflow/example_dags/example_latest_only.py
[2023-07-01 16:26:05,749] {processor.py:620} INFO - Processing file /home/airflow/.local/lib/python3.6/site-packages/airflow/example_dags/example_latest_only.py for tasks to queue
[2023-07-01 16:26:05,751] {logging_mixin.py:109} INFO - [2023-07-01 16:26:05,751] {dagbag.py:500} INFO - Filling up the DagBag from /home/airflow/.local/lib/python3.6/site-packages/airflow/example_dags/example_latest_only.py
[2023-07-01 16:26:05,787] {processor.py:632} INFO - DAG(s) dict_keys(['latest_only']) retrieved from /home/airflow/.local/lib/python3.6/site-packages/airflow/example_dags/example_latest_only.py
[2023-07-01 16:26:05,797] {logging_mixin.py:109} INFO - [2023-07-01 16:26:05,797] {dag.py:2389} INFO - Sync 1 DAGs
[2023-07-01 16:26:05,810] {logging_mixin.py:109} INFO - [2023-07-01 16:26:05,810] {dag.py:2914} INFO - Setting next_dagrun for latest_only to 2023-07-01T12:26:05.809803+00:00
[2023-07-01 16:26:05,817] {processor.py:171} INFO - Processing /home/airflow/.local/lib/python3.6/site-packages/airflow/example_dags/example_latest_only.py took 0.077 seconds
[2023-07-01 16:26:36,700] {processor.py:163} INFO - Started process (PID=647) to work on /home/airflow/.local/lib/python3.6/site-packages/airflow/example_dags/example_latest_only.py
[2023-07-01 16:26:36,701] {processor.py:620} INFO - Processing file /home/airflow/.local/lib/python3.6/site-packages/airflow/example_dags/example_latest_only.py for tasks to queue
[2023-07-01 16:26:36,702] {logging_mixin.py:109} INFO - [2023-07-01 16:26:36,702] {dagbag.py:500} INFO - Filling up the DagBag from /home/airflow/.local/lib/python3.6/site-packages/airflow/example_dags/example_latest_only.py
[2023-07-01 16:26:36,730] {processor.py:632} INFO - DAG(s) dict_keys(['latest_only']) retrieved from /home/airflow/.local/lib/python3.6/site-packages/airflow/example_dags/example_latest_only.py
[2023-07-01 16:26:36,740] {logging_mixin.py:109} INFO - [2023-07-01 16:26:36,740] {dag.py:2389} INFO - Sync 1 DAGs
[2023-07-01 16:26:36,752] {logging_mixin.py:109} INFO - [2023-07-01 16:26:36,752] {dag.py:2914} INFO - Setting next_dagrun for latest_only to 2023-07-01T12:26:36.751743+00:00
[2023-07-01 16:26:36,759] {processor.py:171} INFO - Processing /home/airflow/.local/lib/python3.6/site-packages/airflow/example_dags/example_latest_only.py took 0.063 seconds
