[2023-07-01 16:15:42,283] {processor.py:153} INFO - Started process (PID=48) to work on /home/airflow/.local/lib/python3.7/site-packages/airflow/example_dags/example_latest_only_with_trigger.py
[2023-07-01 16:15:42,284] {processor.py:641} INFO - Processing file /home/airflow/.local/lib/python3.7/site-packages/airflow/example_dags/example_latest_only_with_trigger.py for tasks to queue
[2023-07-01 16:15:42,285] {logging_mixin.py:115} INFO - [2023-07-01 16:15:42,285] {dagbag.py:507} INFO - Filling up the DagBag from /home/airflow/.local/lib/python3.7/site-packages/airflow/example_dags/example_latest_only_with_trigger.py
[2023-07-01 16:15:42,293] {processor.py:651} INFO - DAG(s) dict_keys(['latest_only_with_trigger']) retrieved from /home/airflow/.local/lib/python3.7/site-packages/airflow/example_dags/example_latest_only_with_trigger.py
[2023-07-01 16:15:42,358] {logging_mixin.py:115} INFO - [2023-07-01 16:15:42,358] {manager.py:508} INFO - Created Permission View: can edit on DAG:latest_only_with_trigger
[2023-07-01 16:15:42,364] {logging_mixin.py:115} INFO - [2023-07-01 16:15:42,364] {manager.py:508} INFO - Created Permission View: can delete on DAG:latest_only_with_trigger
[2023-07-01 16:15:42,372] {logging_mixin.py:115} INFO - [2023-07-01 16:15:42,372] {manager.py:508} INFO - Created Permission View: can read on DAG:latest_only_with_trigger
[2023-07-01 16:15:42,372] {logging_mixin.py:115} INFO - [2023-07-01 16:15:42,372] {dag.py:2371} INFO - Sync 1 DAGs
[2023-07-01 16:15:42,384] {logging_mixin.py:115} INFO - [2023-07-01 16:15:42,384] {dag.py:2390} INFO - Creating ORM DAG for latest_only_with_trigger
[2023-07-01 16:15:42,395] {logging_mixin.py:115} INFO - [2023-07-01 16:15:42,395] {dag.py:2919} INFO - Setting next_dagrun for latest_only_with_trigger to 2023-07-01T12:15:42.394803+00:00, run_after=2023-07-01T16:15:42.394803+00:00
[2023-07-01 16:15:42,410] {processor.py:161} INFO - Processing /home/airflow/.local/lib/python3.7/site-packages/airflow/example_dags/example_latest_only_with_trigger.py took 0.130 seconds
[2023-07-01 16:16:12,569] {processor.py:153} INFO - Started process (PID=102) to work on /home/airflow/.local/lib/python3.7/site-packages/airflow/example_dags/example_latest_only_with_trigger.py
[2023-07-01 16:16:12,570] {processor.py:641} INFO - Processing file /home/airflow/.local/lib/python3.7/site-packages/airflow/example_dags/example_latest_only_with_trigger.py for tasks to queue
[2023-07-01 16:16:12,570] {logging_mixin.py:115} INFO - [2023-07-01 16:16:12,570] {dagbag.py:507} INFO - Filling up the DagBag from /home/airflow/.local/lib/python3.7/site-packages/airflow/example_dags/example_latest_only_with_trigger.py
[2023-07-01 16:16:12,574] {processor.py:651} INFO - DAG(s) dict_keys(['latest_only_with_trigger']) retrieved from /home/airflow/.local/lib/python3.7/site-packages/airflow/example_dags/example_latest_only_with_trigger.py
[2023-07-01 16:16:12,595] {logging_mixin.py:115} INFO - [2023-07-01 16:16:12,595] {dag.py:2371} INFO - Sync 1 DAGs
[2023-07-01 16:16:12,609] {logging_mixin.py:115} INFO - [2023-07-01 16:16:12,609] {dag.py:2919} INFO - Setting next_dagrun for latest_only_with_trigger to 2023-07-01T12:16:12.608949+00:00, run_after=2023-07-01T16:16:12.608949+00:00
[2023-07-01 16:16:12,617] {processor.py:161} INFO - Processing /home/airflow/.local/lib/python3.7/site-packages/airflow/example_dags/example_latest_only_with_trigger.py took 0.050 seconds
[2023-07-01 16:16:43,096] {processor.py:153} INFO - Started process (PID=164) to work on /home/airflow/.local/lib/python3.7/site-packages/airflow/example_dags/example_latest_only_with_trigger.py
[2023-07-01 16:16:43,097] {processor.py:641} INFO - Processing file /home/airflow/.local/lib/python3.7/site-packages/airflow/example_dags/example_latest_only_with_trigger.py for tasks to queue
[2023-07-01 16:16:43,098] {logging_mixin.py:115} INFO - [2023-07-01 16:16:43,098] {dagbag.py:507} INFO - Filling up the DagBag from /home/airflow/.local/lib/python3.7/site-packages/airflow/example_dags/example_latest_only_with_trigger.py
[2023-07-01 16:16:43,102] {processor.py:651} INFO - DAG(s) dict_keys(['latest_only_with_trigger']) retrieved from /home/airflow/.local/lib/python3.7/site-packages/airflow/example_dags/example_latest_only_with_trigger.py
[2023-07-01 16:16:43,122] {logging_mixin.py:115} INFO - [2023-07-01 16:16:43,122] {dag.py:2371} INFO - Sync 1 DAGs
[2023-07-01 16:16:43,136] {logging_mixin.py:115} INFO - [2023-07-01 16:16:43,136] {dag.py:2919} INFO - Setting next_dagrun for latest_only_with_trigger to 2023-07-01T12:16:43.136012+00:00, run_after=2023-07-01T16:16:43.136012+00:00
[2023-07-01 16:16:43,143] {processor.py:161} INFO - Processing /home/airflow/.local/lib/python3.7/site-packages/airflow/example_dags/example_latest_only_with_trigger.py took 0.049 seconds
[2023-07-01 16:17:13,521] {processor.py:153} INFO - Started process (PID=218) to work on /home/airflow/.local/lib/python3.7/site-packages/airflow/example_dags/example_latest_only_with_trigger.py
[2023-07-01 16:17:13,522] {processor.py:641} INFO - Processing file /home/airflow/.local/lib/python3.7/site-packages/airflow/example_dags/example_latest_only_with_trigger.py for tasks to queue
[2023-07-01 16:17:13,522] {logging_mixin.py:115} INFO - [2023-07-01 16:17:13,522] {dagbag.py:507} INFO - Filling up the DagBag from /home/airflow/.local/lib/python3.7/site-packages/airflow/example_dags/example_latest_only_with_trigger.py
[2023-07-01 16:17:13,527] {processor.py:651} INFO - DAG(s) dict_keys(['latest_only_with_trigger']) retrieved from /home/airflow/.local/lib/python3.7/site-packages/airflow/example_dags/example_latest_only_with_trigger.py
[2023-07-01 16:17:13,550] {logging_mixin.py:115} INFO - [2023-07-01 16:17:13,550] {dag.py:2371} INFO - Sync 1 DAGs
[2023-07-01 16:17:13,566] {logging_mixin.py:115} INFO - [2023-07-01 16:17:13,566] {dag.py:2919} INFO - Setting next_dagrun for latest_only_with_trigger to 2023-07-01T12:17:13.566229+00:00, run_after=2023-07-01T16:17:13.566229+00:00
[2023-07-01 16:17:13,573] {processor.py:161} INFO - Processing /home/airflow/.local/lib/python3.7/site-packages/airflow/example_dags/example_latest_only_with_trigger.py took 0.055 seconds
[2023-07-01 16:22:55,616] {processor.py:163} INFO - Started process (PID=118) to work on /home/airflow/.local/lib/python3.6/site-packages/airflow/example_dags/example_latest_only_with_trigger.py
[2023-07-01 16:22:55,623] {processor.py:620} INFO - Processing file /home/airflow/.local/lib/python3.6/site-packages/airflow/example_dags/example_latest_only_with_trigger.py for tasks to queue
[2023-07-01 16:22:55,624] {logging_mixin.py:109} INFO - [2023-07-01 16:22:55,624] {dagbag.py:500} INFO - Filling up the DagBag from /home/airflow/.local/lib/python3.6/site-packages/airflow/example_dags/example_latest_only_with_trigger.py
[2023-07-01 16:22:55,777] {processor.py:632} INFO - DAG(s) dict_keys(['latest_only_with_trigger']) retrieved from /home/airflow/.local/lib/python3.6/site-packages/airflow/example_dags/example_latest_only_with_trigger.py
[2023-07-01 16:22:57,318] {logging_mixin.py:109} INFO - [2023-07-01 16:22:57,318] {opentelemetry_tracing.py:29} INFO - This service is instrumented using OpenTelemetry. OpenTelemetry could not be imported; please add opentelemetry-api and opentelemetry-instrumentation packages in order to get BigQuery Tracing data.
[2023-07-01 16:22:57,341] {logging_mixin.py:109} INFO - [2023-07-01 16:22:57,341] {providers_manager.py:156} WARNING - Exception when importing 'airflow.providers.google.leveldb.hooks.leveldb.LevelDBHook' from 'apache-airflow-providers-google' package: No module named 'plyvel'
[2023-07-01 16:22:57,572] {logging_mixin.py:109} INFO - [2023-07-01 16:22:57,571] {providers_manager.py:156} WARNING - Exception when importing 'airflow.providers.google.leveldb.hooks.leveldb.LevelDBHook' from 'apache-airflow-providers-google' package: No module named 'plyvel'
[2023-07-01 16:22:57,587] {logging_mixin.py:109} INFO - [2023-07-01 16:22:57,587] {manager.py:496} INFO - Created Permission View: can edit on DAG:latest_only_with_trigger
[2023-07-01 16:22:57,593] {logging_mixin.py:109} INFO - [2023-07-01 16:22:57,593] {manager.py:496} INFO - Created Permission View: can read on DAG:latest_only_with_trigger
[2023-07-01 16:22:57,595] {logging_mixin.py:109} INFO - [2023-07-01 16:22:57,594] {dag.py:2389} INFO - Sync 1 DAGs
[2023-07-01 16:22:57,602] {logging_mixin.py:109} INFO - [2023-07-01 16:22:57,602] {dag.py:2408} INFO - Creating ORM DAG for latest_only_with_trigger
[2023-07-01 16:22:57,607] {logging_mixin.py:109} INFO - [2023-07-01 16:22:57,607] {dag.py:2914} INFO - Setting next_dagrun for latest_only_with_trigger to 2023-07-01T12:22:57.607071+00:00
[2023-07-01 16:22:57,614] {processor.py:171} INFO - Processing /home/airflow/.local/lib/python3.6/site-packages/airflow/example_dags/example_latest_only_with_trigger.py took 2.002 seconds
[2023-07-01 16:23:28,256] {processor.py:163} INFO - Started process (PID=317) to work on /home/airflow/.local/lib/python3.6/site-packages/airflow/example_dags/example_latest_only_with_trigger.py
[2023-07-01 16:23:28,257] {processor.py:620} INFO - Processing file /home/airflow/.local/lib/python3.6/site-packages/airflow/example_dags/example_latest_only_with_trigger.py for tasks to queue
[2023-07-01 16:23:28,258] {logging_mixin.py:109} INFO - [2023-07-01 16:23:28,258] {dagbag.py:500} INFO - Filling up the DagBag from /home/airflow/.local/lib/python3.6/site-packages/airflow/example_dags/example_latest_only_with_trigger.py
[2023-07-01 16:23:28,347] {processor.py:632} INFO - DAG(s) dict_keys(['latest_only_with_trigger']) retrieved from /home/airflow/.local/lib/python3.6/site-packages/airflow/example_dags/example_latest_only_with_trigger.py
[2023-07-01 16:23:28,357] {logging_mixin.py:109} INFO - [2023-07-01 16:23:28,357] {dag.py:2389} INFO - Sync 1 DAGs
[2023-07-01 16:23:28,366] {logging_mixin.py:109} INFO - [2023-07-01 16:23:28,366] {dag.py:2914} INFO - Setting next_dagrun for latest_only_with_trigger to 2023-07-01T12:23:28.366170+00:00
[2023-07-01 16:23:28,372] {processor.py:171} INFO - Processing /home/airflow/.local/lib/python3.6/site-packages/airflow/example_dags/example_latest_only_with_trigger.py took 0.121 seconds
[2023-07-01 16:23:59,012] {processor.py:163} INFO - Started process (PID=371) to work on /home/airflow/.local/lib/python3.6/site-packages/airflow/example_dags/example_latest_only_with_trigger.py
[2023-07-01 16:23:59,014] {processor.py:620} INFO - Processing file /home/airflow/.local/lib/python3.6/site-packages/airflow/example_dags/example_latest_only_with_trigger.py for tasks to queue
[2023-07-01 16:23:59,016] {logging_mixin.py:109} INFO - [2023-07-01 16:23:59,015] {dagbag.py:500} INFO - Filling up the DagBag from /home/airflow/.local/lib/python3.6/site-packages/airflow/example_dags/example_latest_only_with_trigger.py
[2023-07-01 16:23:59,105] {processor.py:632} INFO - DAG(s) dict_keys(['latest_only_with_trigger']) retrieved from /home/airflow/.local/lib/python3.6/site-packages/airflow/example_dags/example_latest_only_with_trigger.py
[2023-07-01 16:23:59,114] {logging_mixin.py:109} INFO - [2023-07-01 16:23:59,114] {dag.py:2389} INFO - Sync 1 DAGs
[2023-07-01 16:23:59,124] {logging_mixin.py:109} INFO - [2023-07-01 16:23:59,124] {dag.py:2914} INFO - Setting next_dagrun for latest_only_with_trigger to 2023-07-01T12:23:59.123662+00:00
[2023-07-01 16:23:59,129] {processor.py:171} INFO - Processing /home/airflow/.local/lib/python3.6/site-packages/airflow/example_dags/example_latest_only_with_trigger.py took 0.123 seconds
[2023-07-01 16:24:29,424] {processor.py:163} INFO - Started process (PID=426) to work on /home/airflow/.local/lib/python3.6/site-packages/airflow/example_dags/example_latest_only_with_trigger.py
[2023-07-01 16:24:29,425] {processor.py:620} INFO - Processing file /home/airflow/.local/lib/python3.6/site-packages/airflow/example_dags/example_latest_only_with_trigger.py for tasks to queue
[2023-07-01 16:24:29,426] {logging_mixin.py:109} INFO - [2023-07-01 16:24:29,425] {dagbag.py:500} INFO - Filling up the DagBag from /home/airflow/.local/lib/python3.6/site-packages/airflow/example_dags/example_latest_only_with_trigger.py
[2023-07-01 16:24:29,450] {processor.py:632} INFO - DAG(s) dict_keys(['latest_only_with_trigger']) retrieved from /home/airflow/.local/lib/python3.6/site-packages/airflow/example_dags/example_latest_only_with_trigger.py
[2023-07-01 16:24:29,460] {logging_mixin.py:109} INFO - [2023-07-01 16:24:29,460] {dag.py:2389} INFO - Sync 1 DAGs
[2023-07-01 16:24:29,472] {logging_mixin.py:109} INFO - [2023-07-01 16:24:29,472] {dag.py:2914} INFO - Setting next_dagrun for latest_only_with_trigger to 2023-07-01T12:24:29.472124+00:00
[2023-07-01 16:24:29,480] {processor.py:171} INFO - Processing /home/airflow/.local/lib/python3.6/site-packages/airflow/example_dags/example_latest_only_with_trigger.py took 0.059 seconds
[2023-07-01 16:25:00,508] {processor.py:163} INFO - Started process (PID=480) to work on /home/airflow/.local/lib/python3.6/site-packages/airflow/example_dags/example_latest_only_with_trigger.py
[2023-07-01 16:25:00,509] {processor.py:620} INFO - Processing file /home/airflow/.local/lib/python3.6/site-packages/airflow/example_dags/example_latest_only_with_trigger.py for tasks to queue
[2023-07-01 16:25:00,510] {logging_mixin.py:109} INFO - [2023-07-01 16:25:00,510] {dagbag.py:500} INFO - Filling up the DagBag from /home/airflow/.local/lib/python3.6/site-packages/airflow/example_dags/example_latest_only_with_trigger.py
[2023-07-01 16:25:00,538] {processor.py:632} INFO - DAG(s) dict_keys(['latest_only_with_trigger']) retrieved from /home/airflow/.local/lib/python3.6/site-packages/airflow/example_dags/example_latest_only_with_trigger.py
[2023-07-01 16:25:00,549] {logging_mixin.py:109} INFO - [2023-07-01 16:25:00,548] {dag.py:2389} INFO - Sync 1 DAGs
[2023-07-01 16:25:00,561] {logging_mixin.py:109} INFO - [2023-07-01 16:25:00,561] {dag.py:2914} INFO - Setting next_dagrun for latest_only_with_trigger to 2023-07-01T12:25:00.561064+00:00
[2023-07-01 16:25:00,568] {processor.py:171} INFO - Processing /home/airflow/.local/lib/python3.6/site-packages/airflow/example_dags/example_latest_only_with_trigger.py took 0.063 seconds
[2023-07-01 16:25:30,647] {processor.py:163} INFO - Started process (PID=534) to work on /home/airflow/.local/lib/python3.6/site-packages/airflow/example_dags/example_latest_only_with_trigger.py
[2023-07-01 16:25:30,649] {processor.py:620} INFO - Processing file /home/airflow/.local/lib/python3.6/site-packages/airflow/example_dags/example_latest_only_with_trigger.py for tasks to queue
[2023-07-01 16:25:30,650] {logging_mixin.py:109} INFO - [2023-07-01 16:25:30,650] {dagbag.py:500} INFO - Filling up the DagBag from /home/airflow/.local/lib/python3.6/site-packages/airflow/example_dags/example_latest_only_with_trigger.py
[2023-07-01 16:25:30,680] {processor.py:632} INFO - DAG(s) dict_keys(['latest_only_with_trigger']) retrieved from /home/airflow/.local/lib/python3.6/site-packages/airflow/example_dags/example_latest_only_with_trigger.py
[2023-07-01 16:25:30,691] {logging_mixin.py:109} INFO - [2023-07-01 16:25:30,691] {dag.py:2389} INFO - Sync 1 DAGs
[2023-07-01 16:25:30,704] {logging_mixin.py:109} INFO - [2023-07-01 16:25:30,704] {dag.py:2914} INFO - Setting next_dagrun for latest_only_with_trigger to 2023-07-01T12:25:30.703608+00:00
[2023-07-01 16:25:30,711] {processor.py:171} INFO - Processing /home/airflow/.local/lib/python3.6/site-packages/airflow/example_dags/example_latest_only_with_trigger.py took 0.068 seconds
[2023-07-01 16:26:01,439] {processor.py:163} INFO - Started process (PID=587) to work on /home/airflow/.local/lib/python3.6/site-packages/airflow/example_dags/example_latest_only_with_trigger.py
[2023-07-01 16:26:01,440] {processor.py:620} INFO - Processing file /home/airflow/.local/lib/python3.6/site-packages/airflow/example_dags/example_latest_only_with_trigger.py for tasks to queue
[2023-07-01 16:26:01,441] {logging_mixin.py:109} INFO - [2023-07-01 16:26:01,441] {dagbag.py:500} INFO - Filling up the DagBag from /home/airflow/.local/lib/python3.6/site-packages/airflow/example_dags/example_latest_only_with_trigger.py
[2023-07-01 16:26:01,469] {processor.py:632} INFO - DAG(s) dict_keys(['latest_only_with_trigger']) retrieved from /home/airflow/.local/lib/python3.6/site-packages/airflow/example_dags/example_latest_only_with_trigger.py
[2023-07-01 16:26:01,482] {logging_mixin.py:109} INFO - [2023-07-01 16:26:01,482] {dag.py:2389} INFO - Sync 1 DAGs
[2023-07-01 16:26:01,494] {logging_mixin.py:109} INFO - [2023-07-01 16:26:01,494] {dag.py:2914} INFO - Setting next_dagrun for latest_only_with_trigger to 2023-07-01T12:26:01.493766+00:00
[2023-07-01 16:26:01,501] {processor.py:171} INFO - Processing /home/airflow/.local/lib/python3.6/site-packages/airflow/example_dags/example_latest_only_with_trigger.py took 0.067 seconds
[2023-07-01 16:26:32,341] {processor.py:163} INFO - Started process (PID=641) to work on /home/airflow/.local/lib/python3.6/site-packages/airflow/example_dags/example_latest_only_with_trigger.py
[2023-07-01 16:26:32,343] {processor.py:620} INFO - Processing file /home/airflow/.local/lib/python3.6/site-packages/airflow/example_dags/example_latest_only_with_trigger.py for tasks to queue
[2023-07-01 16:26:32,344] {logging_mixin.py:109} INFO - [2023-07-01 16:26:32,344] {dagbag.py:500} INFO - Filling up the DagBag from /home/airflow/.local/lib/python3.6/site-packages/airflow/example_dags/example_latest_only_with_trigger.py
[2023-07-01 16:26:32,381] {processor.py:632} INFO - DAG(s) dict_keys(['latest_only_with_trigger']) retrieved from /home/airflow/.local/lib/python3.6/site-packages/airflow/example_dags/example_latest_only_with_trigger.py
[2023-07-01 16:26:32,394] {logging_mixin.py:109} INFO - [2023-07-01 16:26:32,394] {dag.py:2389} INFO - Sync 1 DAGs
[2023-07-01 16:26:32,407] {logging_mixin.py:109} INFO - [2023-07-01 16:26:32,407] {dag.py:2914} INFO - Setting next_dagrun for latest_only_with_trigger to 2023-07-01T12:26:32.406859+00:00
[2023-07-01 16:26:32,415] {processor.py:171} INFO - Processing /home/airflow/.local/lib/python3.6/site-packages/airflow/example_dags/example_latest_only_with_trigger.py took 0.078 seconds
