[2023-07-01 16:15:42,139] {processor.py:153} INFO - Started process (PID=47) to work on /home/airflow/.local/lib/python3.7/site-packages/airflow/example_dags/example_bash_operator.py
[2023-07-01 16:15:42,140] {processor.py:641} INFO - Processing file /home/airflow/.local/lib/python3.7/site-packages/airflow/example_dags/example_bash_operator.py for tasks to queue
[2023-07-01 16:15:42,140] {logging_mixin.py:115} INFO - [2023-07-01 16:15:42,140] {dagbag.py:507} INFO - Filling up the DagBag from /home/airflow/.local/lib/python3.7/site-packages/airflow/example_dags/example_bash_operator.py
[2023-07-01 16:15:42,154] {processor.py:651} INFO - DAG(s) dict_keys(['example_bash_operator']) retrieved from /home/airflow/.local/lib/python3.7/site-packages/airflow/example_dags/example_bash_operator.py
[2023-07-01 16:15:42,224] {logging_mixin.py:115} INFO - [2023-07-01 16:15:42,224] {manager.py:508} INFO - Created Permission View: can edit on DAG:example_bash_operator
[2023-07-01 16:15:42,233] {logging_mixin.py:115} INFO - [2023-07-01 16:15:42,233] {manager.py:508} INFO - Created Permission View: can delete on DAG:example_bash_operator
[2023-07-01 16:15:42,238] {logging_mixin.py:115} INFO - [2023-07-01 16:15:42,238] {manager.py:508} INFO - Created Permission View: can read on DAG:example_bash_operator
[2023-07-01 16:15:42,238] {logging_mixin.py:115} INFO - [2023-07-01 16:15:42,238] {dag.py:2371} INFO - Sync 1 DAGs
[2023-07-01 16:15:42,242] {logging_mixin.py:115} INFO - [2023-07-01 16:15:42,242] {dag.py:2390} INFO - Creating ORM DAG for example_bash_operator
[2023-07-01 16:15:42,256] {logging_mixin.py:115} INFO - [2023-07-01 16:15:42,256] {dag.py:2919} INFO - Setting next_dagrun for example_bash_operator to 2023-06-30T00:00:00+00:00, run_after=2023-07-01T00:00:00+00:00
[2023-07-01 16:15:42,270] {processor.py:161} INFO - Processing /home/airflow/.local/lib/python3.7/site-packages/airflow/example_dags/example_bash_operator.py took 0.133 seconds
[2023-07-01 16:16:12,492] {processor.py:153} INFO - Started process (PID=101) to work on /home/airflow/.local/lib/python3.7/site-packages/airflow/example_dags/example_bash_operator.py
[2023-07-01 16:16:12,493] {processor.py:641} INFO - Processing file /home/airflow/.local/lib/python3.7/site-packages/airflow/example_dags/example_bash_operator.py for tasks to queue
[2023-07-01 16:16:12,494] {logging_mixin.py:115} INFO - [2023-07-01 16:16:12,494] {dagbag.py:507} INFO - Filling up the DagBag from /home/airflow/.local/lib/python3.7/site-packages/airflow/example_dags/example_bash_operator.py
[2023-07-01 16:16:12,505] {processor.py:651} INFO - DAG(s) dict_keys(['example_bash_operator']) retrieved from /home/airflow/.local/lib/python3.7/site-packages/airflow/example_dags/example_bash_operator.py
[2023-07-01 16:16:12,529] {logging_mixin.py:115} INFO - [2023-07-01 16:16:12,529] {dag.py:2371} INFO - Sync 1 DAGs
[2023-07-01 16:16:12,544] {logging_mixin.py:115} INFO - [2023-07-01 16:16:12,544] {dag.py:2919} INFO - Setting next_dagrun for example_bash_operator to 2023-06-30T00:00:00+00:00, run_after=2023-07-01T00:00:00+00:00
[2023-07-01 16:16:12,550] {processor.py:161} INFO - Processing /home/airflow/.local/lib/python3.7/site-packages/airflow/example_dags/example_bash_operator.py took 0.063 seconds
[2023-07-01 16:16:43,021] {processor.py:153} INFO - Started process (PID=163) to work on /home/airflow/.local/lib/python3.7/site-packages/airflow/example_dags/example_bash_operator.py
[2023-07-01 16:16:43,021] {processor.py:641} INFO - Processing file /home/airflow/.local/lib/python3.7/site-packages/airflow/example_dags/example_bash_operator.py for tasks to queue
[2023-07-01 16:16:43,022] {logging_mixin.py:115} INFO - [2023-07-01 16:16:43,022] {dagbag.py:507} INFO - Filling up the DagBag from /home/airflow/.local/lib/python3.7/site-packages/airflow/example_dags/example_bash_operator.py
[2023-07-01 16:16:43,033] {processor.py:651} INFO - DAG(s) dict_keys(['example_bash_operator']) retrieved from /home/airflow/.local/lib/python3.7/site-packages/airflow/example_dags/example_bash_operator.py
[2023-07-01 16:16:43,055] {logging_mixin.py:115} INFO - [2023-07-01 16:16:43,054] {dag.py:2371} INFO - Sync 1 DAGs
[2023-07-01 16:16:43,070] {logging_mixin.py:115} INFO - [2023-07-01 16:16:43,070] {dag.py:2919} INFO - Setting next_dagrun for example_bash_operator to 2023-06-30T00:00:00+00:00, run_after=2023-07-01T00:00:00+00:00
[2023-07-01 16:16:43,078] {processor.py:161} INFO - Processing /home/airflow/.local/lib/python3.7/site-packages/airflow/example_dags/example_bash_operator.py took 0.062 seconds
[2023-07-01 16:17:13,450] {processor.py:153} INFO - Started process (PID=217) to work on /home/airflow/.local/lib/python3.7/site-packages/airflow/example_dags/example_bash_operator.py
[2023-07-01 16:17:13,451] {processor.py:641} INFO - Processing file /home/airflow/.local/lib/python3.7/site-packages/airflow/example_dags/example_bash_operator.py for tasks to queue
[2023-07-01 16:17:13,451] {logging_mixin.py:115} INFO - [2023-07-01 16:17:13,451] {dagbag.py:507} INFO - Filling up the DagBag from /home/airflow/.local/lib/python3.7/site-packages/airflow/example_dags/example_bash_operator.py
[2023-07-01 16:17:13,458] {processor.py:651} INFO - DAG(s) dict_keys(['example_bash_operator']) retrieved from /home/airflow/.local/lib/python3.7/site-packages/airflow/example_dags/example_bash_operator.py
[2023-07-01 16:17:13,478] {logging_mixin.py:115} INFO - [2023-07-01 16:17:13,478] {dag.py:2371} INFO - Sync 1 DAGs
[2023-07-01 16:17:13,492] {logging_mixin.py:115} INFO - [2023-07-01 16:17:13,492] {dag.py:2919} INFO - Setting next_dagrun for example_bash_operator to 2023-06-30T00:00:00+00:00, run_after=2023-07-01T00:00:00+00:00
[2023-07-01 16:17:13,500] {processor.py:161} INFO - Processing /home/airflow/.local/lib/python3.7/site-packages/airflow/example_dags/example_bash_operator.py took 0.052 seconds
[2023-07-01 16:22:52,651] {processor.py:163} INFO - Started process (PID=100) to work on /home/airflow/.local/lib/python3.6/site-packages/airflow/example_dags/example_bash_operator.py
[2023-07-01 16:22:52,655] {processor.py:620} INFO - Processing file /home/airflow/.local/lib/python3.6/site-packages/airflow/example_dags/example_bash_operator.py for tasks to queue
[2023-07-01 16:22:52,659] {logging_mixin.py:109} INFO - [2023-07-01 16:22:52,659] {dagbag.py:500} INFO - Filling up the DagBag from /home/airflow/.local/lib/python3.6/site-packages/airflow/example_dags/example_bash_operator.py
[2023-07-01 16:22:52,727] {processor.py:632} INFO - DAG(s) dict_keys(['example_bash_operator']) retrieved from /home/airflow/.local/lib/python3.6/site-packages/airflow/example_dags/example_bash_operator.py
[2023-07-01 16:22:54,993] {logging_mixin.py:109} INFO - [2023-07-01 16:22:54,992] {opentelemetry_tracing.py:29} INFO - This service is instrumented using OpenTelemetry. OpenTelemetry could not be imported; please add opentelemetry-api and opentelemetry-instrumentation packages in order to get BigQuery Tracing data.
[2023-07-01 16:22:55,034] {logging_mixin.py:109} INFO - [2023-07-01 16:22:55,034] {providers_manager.py:156} WARNING - Exception when importing 'airflow.providers.google.leveldb.hooks.leveldb.LevelDBHook' from 'apache-airflow-providers-google' package: No module named 'plyvel'
[2023-07-01 16:22:55,470] {logging_mixin.py:109} INFO - [2023-07-01 16:22:55,470] {providers_manager.py:156} WARNING - Exception when importing 'airflow.providers.google.leveldb.hooks.leveldb.LevelDBHook' from 'apache-airflow-providers-google' package: No module named 'plyvel'
[2023-07-01 16:22:55,489] {logging_mixin.py:109} INFO - [2023-07-01 16:22:55,489] {manager.py:496} INFO - Created Permission View: can edit on DAG:example_bash_operator
[2023-07-01 16:22:55,498] {logging_mixin.py:109} INFO - [2023-07-01 16:22:55,498] {manager.py:496} INFO - Created Permission View: can read on DAG:example_bash_operator
[2023-07-01 16:22:55,499] {logging_mixin.py:109} INFO - [2023-07-01 16:22:55,498] {dag.py:2389} INFO - Sync 1 DAGs
[2023-07-01 16:22:55,506] {logging_mixin.py:109} INFO - [2023-07-01 16:22:55,505] {dag.py:2408} INFO - Creating ORM DAG for example_bash_operator
[2023-07-01 16:22:55,514] {logging_mixin.py:109} INFO - [2023-07-01 16:22:55,514] {dag.py:2914} INFO - Setting next_dagrun for example_bash_operator to 2023-06-30 00:00:00+00:00
[2023-07-01 16:22:55,524] {processor.py:171} INFO - Processing /home/airflow/.local/lib/python3.6/site-packages/airflow/example_dags/example_bash_operator.py took 2.875 seconds
[2023-07-01 16:23:26,082] {processor.py:163} INFO - Started process (PID=316) to work on /home/airflow/.local/lib/python3.6/site-packages/airflow/example_dags/example_bash_operator.py
[2023-07-01 16:23:26,083] {processor.py:620} INFO - Processing file /home/airflow/.local/lib/python3.6/site-packages/airflow/example_dags/example_bash_operator.py for tasks to queue
[2023-07-01 16:23:26,084] {logging_mixin.py:109} INFO - [2023-07-01 16:23:26,084] {dagbag.py:500} INFO - Filling up the DagBag from /home/airflow/.local/lib/python3.6/site-packages/airflow/example_dags/example_bash_operator.py
[2023-07-01 16:23:26,169] {processor.py:632} INFO - DAG(s) dict_keys(['example_bash_operator']) retrieved from /home/airflow/.local/lib/python3.6/site-packages/airflow/example_dags/example_bash_operator.py
[2023-07-01 16:23:26,178] {logging_mixin.py:109} INFO - [2023-07-01 16:23:26,178] {dag.py:2389} INFO - Sync 1 DAGs
[2023-07-01 16:23:26,190] {logging_mixin.py:109} INFO - [2023-07-01 16:23:26,190] {dag.py:2914} INFO - Setting next_dagrun for example_bash_operator to 2023-06-30 00:00:00+00:00
[2023-07-01 16:23:26,197] {processor.py:171} INFO - Processing /home/airflow/.local/lib/python3.6/site-packages/airflow/example_dags/example_bash_operator.py took 0.117 seconds
[2023-07-01 16:23:56,809] {processor.py:163} INFO - Started process (PID=370) to work on /home/airflow/.local/lib/python3.6/site-packages/airflow/example_dags/example_bash_operator.py
[2023-07-01 16:23:56,810] {processor.py:620} INFO - Processing file /home/airflow/.local/lib/python3.6/site-packages/airflow/example_dags/example_bash_operator.py for tasks to queue
[2023-07-01 16:23:56,812] {logging_mixin.py:109} INFO - [2023-07-01 16:23:56,811] {dagbag.py:500} INFO - Filling up the DagBag from /home/airflow/.local/lib/python3.6/site-packages/airflow/example_dags/example_bash_operator.py
[2023-07-01 16:23:56,906] {processor.py:632} INFO - DAG(s) dict_keys(['example_bash_operator']) retrieved from /home/airflow/.local/lib/python3.6/site-packages/airflow/example_dags/example_bash_operator.py
[2023-07-01 16:23:56,916] {logging_mixin.py:109} INFO - [2023-07-01 16:23:56,916] {dag.py:2389} INFO - Sync 1 DAGs
[2023-07-01 16:23:56,928] {logging_mixin.py:109} INFO - [2023-07-01 16:23:56,928] {dag.py:2914} INFO - Setting next_dagrun for example_bash_operator to 2023-06-30 00:00:00+00:00
[2023-07-01 16:23:56,935] {processor.py:171} INFO - Processing /home/airflow/.local/lib/python3.6/site-packages/airflow/example_dags/example_bash_operator.py took 0.130 seconds
[2023-07-01 16:24:27,155] {processor.py:163} INFO - Started process (PID=425) to work on /home/airflow/.local/lib/python3.6/site-packages/airflow/example_dags/example_bash_operator.py
[2023-07-01 16:24:27,156] {processor.py:620} INFO - Processing file /home/airflow/.local/lib/python3.6/site-packages/airflow/example_dags/example_bash_operator.py for tasks to queue
[2023-07-01 16:24:27,157] {logging_mixin.py:109} INFO - [2023-07-01 16:24:27,157] {dagbag.py:500} INFO - Filling up the DagBag from /home/airflow/.local/lib/python3.6/site-packages/airflow/example_dags/example_bash_operator.py
[2023-07-01 16:24:27,242] {processor.py:632} INFO - DAG(s) dict_keys(['example_bash_operator']) retrieved from /home/airflow/.local/lib/python3.6/site-packages/airflow/example_dags/example_bash_operator.py
[2023-07-01 16:24:27,251] {logging_mixin.py:109} INFO - [2023-07-01 16:24:27,251] {dag.py:2389} INFO - Sync 1 DAGs
[2023-07-01 16:24:27,262] {logging_mixin.py:109} INFO - [2023-07-01 16:24:27,262] {dag.py:2914} INFO - Setting next_dagrun for example_bash_operator to 2023-06-30 00:00:00+00:00
[2023-07-01 16:24:27,269] {processor.py:171} INFO - Processing /home/airflow/.local/lib/python3.6/site-packages/airflow/example_dags/example_bash_operator.py took 0.117 seconds
[2023-07-01 16:24:57,370] {processor.py:163} INFO - Started process (PID=479) to work on /home/airflow/.local/lib/python3.6/site-packages/airflow/example_dags/example_bash_operator.py
[2023-07-01 16:24:57,371] {processor.py:620} INFO - Processing file /home/airflow/.local/lib/python3.6/site-packages/airflow/example_dags/example_bash_operator.py for tasks to queue
[2023-07-01 16:24:57,373] {logging_mixin.py:109} INFO - [2023-07-01 16:24:57,372] {dagbag.py:500} INFO - Filling up the DagBag from /home/airflow/.local/lib/python3.6/site-packages/airflow/example_dags/example_bash_operator.py
[2023-07-01 16:24:57,407] {processor.py:632} INFO - DAG(s) dict_keys(['example_bash_operator']) retrieved from /home/airflow/.local/lib/python3.6/site-packages/airflow/example_dags/example_bash_operator.py
[2023-07-01 16:24:57,417] {logging_mixin.py:109} INFO - [2023-07-01 16:24:57,417] {dag.py:2389} INFO - Sync 1 DAGs
[2023-07-01 16:24:57,430] {logging_mixin.py:109} INFO - [2023-07-01 16:24:57,430] {dag.py:2914} INFO - Setting next_dagrun for example_bash_operator to 2023-06-30 00:00:00+00:00
[2023-07-01 16:24:57,436] {processor.py:171} INFO - Processing /home/airflow/.local/lib/python3.6/site-packages/airflow/example_dags/example_bash_operator.py took 0.071 seconds
[2023-07-01 16:25:27,509] {processor.py:163} INFO - Started process (PID=533) to work on /home/airflow/.local/lib/python3.6/site-packages/airflow/example_dags/example_bash_operator.py
[2023-07-01 16:25:27,510] {processor.py:620} INFO - Processing file /home/airflow/.local/lib/python3.6/site-packages/airflow/example_dags/example_bash_operator.py for tasks to queue
[2023-07-01 16:25:27,511] {logging_mixin.py:109} INFO - [2023-07-01 16:25:27,511] {dagbag.py:500} INFO - Filling up the DagBag from /home/airflow/.local/lib/python3.6/site-packages/airflow/example_dags/example_bash_operator.py
[2023-07-01 16:25:27,546] {processor.py:632} INFO - DAG(s) dict_keys(['example_bash_operator']) retrieved from /home/airflow/.local/lib/python3.6/site-packages/airflow/example_dags/example_bash_operator.py
[2023-07-01 16:25:27,556] {logging_mixin.py:109} INFO - [2023-07-01 16:25:27,556] {dag.py:2389} INFO - Sync 1 DAGs
[2023-07-01 16:25:27,568] {logging_mixin.py:109} INFO - [2023-07-01 16:25:27,568] {dag.py:2914} INFO - Setting next_dagrun for example_bash_operator to 2023-06-30 00:00:00+00:00
[2023-07-01 16:25:27,575] {processor.py:171} INFO - Processing /home/airflow/.local/lib/python3.6/site-packages/airflow/example_dags/example_bash_operator.py took 0.070 seconds
[2023-07-01 16:25:58,294] {processor.py:163} INFO - Started process (PID=586) to work on /home/airflow/.local/lib/python3.6/site-packages/airflow/example_dags/example_bash_operator.py
[2023-07-01 16:25:58,295] {processor.py:620} INFO - Processing file /home/airflow/.local/lib/python3.6/site-packages/airflow/example_dags/example_bash_operator.py for tasks to queue
[2023-07-01 16:25:58,296] {logging_mixin.py:109} INFO - [2023-07-01 16:25:58,296] {dagbag.py:500} INFO - Filling up the DagBag from /home/airflow/.local/lib/python3.6/site-packages/airflow/example_dags/example_bash_operator.py
[2023-07-01 16:25:58,327] {processor.py:632} INFO - DAG(s) dict_keys(['example_bash_operator']) retrieved from /home/airflow/.local/lib/python3.6/site-packages/airflow/example_dags/example_bash_operator.py
[2023-07-01 16:25:58,337] {logging_mixin.py:109} INFO - [2023-07-01 16:25:58,337] {dag.py:2389} INFO - Sync 1 DAGs
[2023-07-01 16:25:58,353] {logging_mixin.py:109} INFO - [2023-07-01 16:25:58,353] {dag.py:2914} INFO - Setting next_dagrun for example_bash_operator to 2023-06-30 00:00:00+00:00
[2023-07-01 16:25:58,361] {processor.py:171} INFO - Processing /home/airflow/.local/lib/python3.6/site-packages/airflow/example_dags/example_bash_operator.py took 0.070 seconds
[2023-07-01 16:26:29,214] {processor.py:163} INFO - Started process (PID=640) to work on /home/airflow/.local/lib/python3.6/site-packages/airflow/example_dags/example_bash_operator.py
[2023-07-01 16:26:29,215] {processor.py:620} INFO - Processing file /home/airflow/.local/lib/python3.6/site-packages/airflow/example_dags/example_bash_operator.py for tasks to queue
[2023-07-01 16:26:29,217] {logging_mixin.py:109} INFO - [2023-07-01 16:26:29,216] {dagbag.py:500} INFO - Filling up the DagBag from /home/airflow/.local/lib/python3.6/site-packages/airflow/example_dags/example_bash_operator.py
[2023-07-01 16:26:29,245] {processor.py:632} INFO - DAG(s) dict_keys(['example_bash_operator']) retrieved from /home/airflow/.local/lib/python3.6/site-packages/airflow/example_dags/example_bash_operator.py
[2023-07-01 16:26:29,256] {logging_mixin.py:109} INFO - [2023-07-01 16:26:29,255] {dag.py:2389} INFO - Sync 1 DAGs
[2023-07-01 16:26:29,268] {logging_mixin.py:109} INFO - [2023-07-01 16:26:29,268] {dag.py:2914} INFO - Setting next_dagrun for example_bash_operator to 2023-06-30 00:00:00+00:00
[2023-07-01 16:26:29,275] {processor.py:171} INFO - Processing /home/airflow/.local/lib/python3.6/site-packages/airflow/example_dags/example_bash_operator.py took 0.063 seconds
