[2023-07-01 16:15:43,476] {processor.py:153} INFO - Started process (PID=67) to work on /home/airflow/.local/lib/python3.7/site-packages/airflow/example_dags/example_skip_dag.py
[2023-07-01 16:15:43,477] {processor.py:641} INFO - Processing file /home/airflow/.local/lib/python3.7/site-packages/airflow/example_dags/example_skip_dag.py for tasks to queue
[2023-07-01 16:15:43,478] {logging_mixin.py:115} INFO - [2023-07-01 16:15:43,478] {dagbag.py:507} INFO - Filling up the DagBag from /home/airflow/.local/lib/python3.7/site-packages/airflow/example_dags/example_skip_dag.py
[2023-07-01 16:15:43,488] {processor.py:651} INFO - DAG(s) dict_keys(['example_skip_dag']) retrieved from /home/airflow/.local/lib/python3.7/site-packages/airflow/example_dags/example_skip_dag.py
[2023-07-01 16:15:43,577] {logging_mixin.py:115} INFO - [2023-07-01 16:15:43,577] {manager.py:508} INFO - Created Permission View: can edit on DAG:example_skip_dag
[2023-07-01 16:15:43,586] {logging_mixin.py:115} INFO - [2023-07-01 16:15:43,586] {manager.py:508} INFO - Created Permission View: can delete on DAG:example_skip_dag
[2023-07-01 16:15:43,591] {logging_mixin.py:115} INFO - [2023-07-01 16:15:43,591] {manager.py:508} INFO - Created Permission View: can read on DAG:example_skip_dag
[2023-07-01 16:15:43,592] {logging_mixin.py:115} INFO - [2023-07-01 16:15:43,592] {dag.py:2371} INFO - Sync 1 DAGs
[2023-07-01 16:15:43,599] {logging_mixin.py:115} INFO - [2023-07-01 16:15:43,599] {dag.py:2390} INFO - Creating ORM DAG for example_skip_dag
[2023-07-01 16:15:43,607] {logging_mixin.py:115} INFO - [2023-07-01 16:15:43,607] {dag.py:2919} INFO - Setting next_dagrun for example_skip_dag to 2023-06-30T16:15:43.607180+00:00, run_after=2023-07-01T16:15:43.607180+00:00
[2023-07-01 16:15:43,616] {processor.py:161} INFO - Processing /home/airflow/.local/lib/python3.7/site-packages/airflow/example_dags/example_skip_dag.py took 0.147 seconds
[2023-07-01 16:16:14,119] {processor.py:153} INFO - Started process (PID=122) to work on /home/airflow/.local/lib/python3.7/site-packages/airflow/example_dags/example_skip_dag.py
[2023-07-01 16:16:14,120] {processor.py:641} INFO - Processing file /home/airflow/.local/lib/python3.7/site-packages/airflow/example_dags/example_skip_dag.py for tasks to queue
[2023-07-01 16:16:14,120] {logging_mixin.py:115} INFO - [2023-07-01 16:16:14,120] {dagbag.py:507} INFO - Filling up the DagBag from /home/airflow/.local/lib/python3.7/site-packages/airflow/example_dags/example_skip_dag.py
[2023-07-01 16:16:14,124] {processor.py:651} INFO - DAG(s) dict_keys(['example_skip_dag']) retrieved from /home/airflow/.local/lib/python3.7/site-packages/airflow/example_dags/example_skip_dag.py
[2023-07-01 16:16:14,144] {logging_mixin.py:115} INFO - [2023-07-01 16:16:14,143] {dag.py:2371} INFO - Sync 1 DAGs
[2023-07-01 16:16:14,157] {logging_mixin.py:115} INFO - [2023-07-01 16:16:14,157] {dag.py:2919} INFO - Setting next_dagrun for example_skip_dag to 2023-06-30T16:16:14.157587+00:00, run_after=2023-07-01T16:16:14.157587+00:00
[2023-07-01 16:16:14,164] {processor.py:161} INFO - Processing /home/airflow/.local/lib/python3.7/site-packages/airflow/example_dags/example_skip_dag.py took 0.047 seconds
[2023-07-01 16:16:44,591] {processor.py:153} INFO - Started process (PID=177) to work on /home/airflow/.local/lib/python3.7/site-packages/airflow/example_dags/example_skip_dag.py
[2023-07-01 16:16:44,592] {processor.py:641} INFO - Processing file /home/airflow/.local/lib/python3.7/site-packages/airflow/example_dags/example_skip_dag.py for tasks to queue
[2023-07-01 16:16:44,592] {logging_mixin.py:115} INFO - [2023-07-01 16:16:44,592] {dagbag.py:507} INFO - Filling up the DagBag from /home/airflow/.local/lib/python3.7/site-packages/airflow/example_dags/example_skip_dag.py
[2023-07-01 16:16:44,596] {processor.py:651} INFO - DAG(s) dict_keys(['example_skip_dag']) retrieved from /home/airflow/.local/lib/python3.7/site-packages/airflow/example_dags/example_skip_dag.py
[2023-07-01 16:16:44,617] {logging_mixin.py:115} INFO - [2023-07-01 16:16:44,617] {dag.py:2371} INFO - Sync 1 DAGs
[2023-07-01 16:16:44,631] {logging_mixin.py:115} INFO - [2023-07-01 16:16:44,631] {dag.py:2919} INFO - Setting next_dagrun for example_skip_dag to 2023-06-30T16:16:44.631028+00:00, run_after=2023-07-01T16:16:44.631028+00:00
[2023-07-01 16:16:44,638] {processor.py:161} INFO - Processing /home/airflow/.local/lib/python3.7/site-packages/airflow/example_dags/example_skip_dag.py took 0.049 seconds
[2023-07-01 16:17:14,989] {processor.py:153} INFO - Started process (PID=231) to work on /home/airflow/.local/lib/python3.7/site-packages/airflow/example_dags/example_skip_dag.py
[2023-07-01 16:17:14,990] {processor.py:641} INFO - Processing file /home/airflow/.local/lib/python3.7/site-packages/airflow/example_dags/example_skip_dag.py for tasks to queue
[2023-07-01 16:17:14,991] {logging_mixin.py:115} INFO - [2023-07-01 16:17:14,991] {dagbag.py:507} INFO - Filling up the DagBag from /home/airflow/.local/lib/python3.7/site-packages/airflow/example_dags/example_skip_dag.py
[2023-07-01 16:17:14,995] {processor.py:651} INFO - DAG(s) dict_keys(['example_skip_dag']) retrieved from /home/airflow/.local/lib/python3.7/site-packages/airflow/example_dags/example_skip_dag.py
[2023-07-01 16:17:15,015] {logging_mixin.py:115} INFO - [2023-07-01 16:17:15,015] {dag.py:2371} INFO - Sync 1 DAGs
[2023-07-01 16:17:15,029] {logging_mixin.py:115} INFO - [2023-07-01 16:17:15,029] {dag.py:2919} INFO - Setting next_dagrun for example_skip_dag to 2023-06-30T16:17:15.029050+00:00, run_after=2023-07-01T16:17:15.029050+00:00
[2023-07-01 16:17:15,035] {processor.py:161} INFO - Processing /home/airflow/.local/lib/python3.7/site-packages/airflow/example_dags/example_skip_dag.py took 0.049 seconds
[2023-07-01 16:23:06,435] {processor.py:163} INFO - Started process (PID=198) to work on /home/airflow/.local/lib/python3.6/site-packages/airflow/example_dags/example_skip_dag.py
[2023-07-01 16:23:06,436] {processor.py:620} INFO - Processing file /home/airflow/.local/lib/python3.6/site-packages/airflow/example_dags/example_skip_dag.py for tasks to queue
[2023-07-01 16:23:06,437] {logging_mixin.py:109} INFO - [2023-07-01 16:23:06,437] {dagbag.py:500} INFO - Filling up the DagBag from /home/airflow/.local/lib/python3.6/site-packages/airflow/example_dags/example_skip_dag.py
[2023-07-01 16:23:06,521] {processor.py:632} INFO - DAG(s) dict_keys(['example_skip_dag']) retrieved from /home/airflow/.local/lib/python3.6/site-packages/airflow/example_dags/example_skip_dag.py
[2023-07-01 16:23:07,921] {logging_mixin.py:109} INFO - [2023-07-01 16:23:07,921] {opentelemetry_tracing.py:29} INFO - This service is instrumented using OpenTelemetry. OpenTelemetry could not be imported; please add opentelemetry-api and opentelemetry-instrumentation packages in order to get BigQuery Tracing data.
[2023-07-01 16:23:07,945] {logging_mixin.py:109} INFO - [2023-07-01 16:23:07,945] {providers_manager.py:156} WARNING - Exception when importing 'airflow.providers.google.leveldb.hooks.leveldb.LevelDBHook' from 'apache-airflow-providers-google' package: No module named 'plyvel'
[2023-07-01 16:23:08,175] {logging_mixin.py:109} INFO - [2023-07-01 16:23:08,174] {providers_manager.py:156} WARNING - Exception when importing 'airflow.providers.google.leveldb.hooks.leveldb.LevelDBHook' from 'apache-airflow-providers-google' package: No module named 'plyvel'
[2023-07-01 16:23:08,191] {logging_mixin.py:109} INFO - [2023-07-01 16:23:08,191] {manager.py:496} INFO - Created Permission View: can edit on DAG:example_skip_dag
[2023-07-01 16:23:08,196] {logging_mixin.py:109} INFO - [2023-07-01 16:23:08,196] {manager.py:496} INFO - Created Permission View: can read on DAG:example_skip_dag
[2023-07-01 16:23:08,198] {logging_mixin.py:109} INFO - [2023-07-01 16:23:08,197] {dag.py:2389} INFO - Sync 1 DAGs
[2023-07-01 16:23:08,205] {logging_mixin.py:109} INFO - [2023-07-01 16:23:08,204] {dag.py:2408} INFO - Creating ORM DAG for example_skip_dag
[2023-07-01 16:23:08,210] {logging_mixin.py:109} INFO - [2023-07-01 16:23:08,210] {dag.py:2914} INFO - Setting next_dagrun for example_skip_dag to 2023-06-30T16:23:08.209830+00:00
[2023-07-01 16:23:08,219] {processor.py:171} INFO - Processing /home/airflow/.local/lib/python3.6/site-packages/airflow/example_dags/example_skip_dag.py took 1.787 seconds
[2023-07-01 16:23:39,217] {processor.py:163} INFO - Started process (PID=336) to work on /home/airflow/.local/lib/python3.6/site-packages/airflow/example_dags/example_skip_dag.py
[2023-07-01 16:23:39,219] {processor.py:620} INFO - Processing file /home/airflow/.local/lib/python3.6/site-packages/airflow/example_dags/example_skip_dag.py for tasks to queue
[2023-07-01 16:23:39,220] {logging_mixin.py:109} INFO - [2023-07-01 16:23:39,220] {dagbag.py:500} INFO - Filling up the DagBag from /home/airflow/.local/lib/python3.6/site-packages/airflow/example_dags/example_skip_dag.py
[2023-07-01 16:23:39,311] {processor.py:632} INFO - DAG(s) dict_keys(['example_skip_dag']) retrieved from /home/airflow/.local/lib/python3.6/site-packages/airflow/example_dags/example_skip_dag.py
[2023-07-01 16:23:39,322] {logging_mixin.py:109} INFO - [2023-07-01 16:23:39,321] {dag.py:2389} INFO - Sync 1 DAGs
[2023-07-01 16:23:39,332] {logging_mixin.py:109} INFO - [2023-07-01 16:23:39,332] {dag.py:2914} INFO - Setting next_dagrun for example_skip_dag to 2023-06-30T16:23:39.331554+00:00
[2023-07-01 16:23:39,340] {processor.py:171} INFO - Processing /home/airflow/.local/lib/python3.6/site-packages/airflow/example_dags/example_skip_dag.py took 0.127 seconds
[2023-07-01 16:24:09,742] {processor.py:163} INFO - Started process (PID=392) to work on /home/airflow/.local/lib/python3.6/site-packages/airflow/example_dags/example_skip_dag.py
[2023-07-01 16:24:09,744] {processor.py:620} INFO - Processing file /home/airflow/.local/lib/python3.6/site-packages/airflow/example_dags/example_skip_dag.py for tasks to queue
[2023-07-01 16:24:09,745] {logging_mixin.py:109} INFO - [2023-07-01 16:24:09,745] {dagbag.py:500} INFO - Filling up the DagBag from /home/airflow/.local/lib/python3.6/site-packages/airflow/example_dags/example_skip_dag.py
[2023-07-01 16:24:09,830] {processor.py:632} INFO - DAG(s) dict_keys(['example_skip_dag']) retrieved from /home/airflow/.local/lib/python3.6/site-packages/airflow/example_dags/example_skip_dag.py
[2023-07-01 16:24:09,839] {logging_mixin.py:109} INFO - [2023-07-01 16:24:09,839] {dag.py:2389} INFO - Sync 1 DAGs
[2023-07-01 16:24:09,849] {logging_mixin.py:109} INFO - [2023-07-01 16:24:09,849] {dag.py:2914} INFO - Setting next_dagrun for example_skip_dag to 2023-06-30T16:24:09.848975+00:00
[2023-07-01 16:24:09,856] {processor.py:171} INFO - Processing /home/airflow/.local/lib/python3.6/site-packages/airflow/example_dags/example_skip_dag.py took 0.117 seconds
[2023-07-01 16:24:40,036] {processor.py:163} INFO - Started process (PID=446) to work on /home/airflow/.local/lib/python3.6/site-packages/airflow/example_dags/example_skip_dag.py
[2023-07-01 16:24:40,037] {processor.py:620} INFO - Processing file /home/airflow/.local/lib/python3.6/site-packages/airflow/example_dags/example_skip_dag.py for tasks to queue
[2023-07-01 16:24:40,038] {logging_mixin.py:109} INFO - [2023-07-01 16:24:40,038] {dagbag.py:500} INFO - Filling up the DagBag from /home/airflow/.local/lib/python3.6/site-packages/airflow/example_dags/example_skip_dag.py
[2023-07-01 16:24:40,063] {processor.py:632} INFO - DAG(s) dict_keys(['example_skip_dag']) retrieved from /home/airflow/.local/lib/python3.6/site-packages/airflow/example_dags/example_skip_dag.py
[2023-07-01 16:24:40,074] {logging_mixin.py:109} INFO - [2023-07-01 16:24:40,074] {dag.py:2389} INFO - Sync 1 DAGs
[2023-07-01 16:24:40,086] {logging_mixin.py:109} INFO - [2023-07-01 16:24:40,086] {dag.py:2914} INFO - Setting next_dagrun for example_skip_dag to 2023-06-30T16:24:40.086197+00:00
[2023-07-01 16:24:40,094] {processor.py:171} INFO - Processing /home/airflow/.local/lib/python3.6/site-packages/airflow/example_dags/example_skip_dag.py took 0.061 seconds
[2023-07-01 16:25:10,155] {processor.py:163} INFO - Started process (PID=500) to work on /home/airflow/.local/lib/python3.6/site-packages/airflow/example_dags/example_skip_dag.py
[2023-07-01 16:25:10,157] {processor.py:620} INFO - Processing file /home/airflow/.local/lib/python3.6/site-packages/airflow/example_dags/example_skip_dag.py for tasks to queue
[2023-07-01 16:25:10,158] {logging_mixin.py:109} INFO - [2023-07-01 16:25:10,158] {dagbag.py:500} INFO - Filling up the DagBag from /home/airflow/.local/lib/python3.6/site-packages/airflow/example_dags/example_skip_dag.py
[2023-07-01 16:25:10,185] {processor.py:632} INFO - DAG(s) dict_keys(['example_skip_dag']) retrieved from /home/airflow/.local/lib/python3.6/site-packages/airflow/example_dags/example_skip_dag.py
[2023-07-01 16:25:10,196] {logging_mixin.py:109} INFO - [2023-07-01 16:25:10,196] {dag.py:2389} INFO - Sync 1 DAGs
[2023-07-01 16:25:10,208] {logging_mixin.py:109} INFO - [2023-07-01 16:25:10,208] {dag.py:2914} INFO - Setting next_dagrun for example_skip_dag to 2023-06-30T16:25:10.208023+00:00
[2023-07-01 16:25:10,215] {processor.py:171} INFO - Processing /home/airflow/.local/lib/python3.6/site-packages/airflow/example_dags/example_skip_dag.py took 0.064 seconds
[2023-07-01 16:25:40,280] {processor.py:163} INFO - Started process (PID=553) to work on /home/airflow/.local/lib/python3.6/site-packages/airflow/example_dags/example_skip_dag.py
[2023-07-01 16:25:40,282] {processor.py:620} INFO - Processing file /home/airflow/.local/lib/python3.6/site-packages/airflow/example_dags/example_skip_dag.py for tasks to queue
[2023-07-01 16:25:40,283] {logging_mixin.py:109} INFO - [2023-07-01 16:25:40,283] {dagbag.py:500} INFO - Filling up the DagBag from /home/airflow/.local/lib/python3.6/site-packages/airflow/example_dags/example_skip_dag.py
[2023-07-01 16:25:40,312] {processor.py:632} INFO - DAG(s) dict_keys(['example_skip_dag']) retrieved from /home/airflow/.local/lib/python3.6/site-packages/airflow/example_dags/example_skip_dag.py
[2023-07-01 16:25:40,323] {logging_mixin.py:109} INFO - [2023-07-01 16:25:40,323] {dag.py:2389} INFO - Sync 1 DAGs
[2023-07-01 16:25:40,335] {logging_mixin.py:109} INFO - [2023-07-01 16:25:40,335] {dag.py:2914} INFO - Setting next_dagrun for example_skip_dag to 2023-06-30T16:25:40.334908+00:00
[2023-07-01 16:25:40,342] {processor.py:171} INFO - Processing /home/airflow/.local/lib/python3.6/site-packages/airflow/example_dags/example_skip_dag.py took 0.066 seconds
[2023-07-01 16:26:11,080] {processor.py:163} INFO - Started process (PID=606) to work on /home/airflow/.local/lib/python3.6/site-packages/airflow/example_dags/example_skip_dag.py
[2023-07-01 16:26:11,082] {processor.py:620} INFO - Processing file /home/airflow/.local/lib/python3.6/site-packages/airflow/example_dags/example_skip_dag.py for tasks to queue
[2023-07-01 16:26:11,083] {logging_mixin.py:109} INFO - [2023-07-01 16:26:11,083] {dagbag.py:500} INFO - Filling up the DagBag from /home/airflow/.local/lib/python3.6/site-packages/airflow/example_dags/example_skip_dag.py
[2023-07-01 16:26:11,113] {processor.py:632} INFO - DAG(s) dict_keys(['example_skip_dag']) retrieved from /home/airflow/.local/lib/python3.6/site-packages/airflow/example_dags/example_skip_dag.py
[2023-07-01 16:26:11,125] {logging_mixin.py:109} INFO - [2023-07-01 16:26:11,125] {dag.py:2389} INFO - Sync 1 DAGs
[2023-07-01 16:26:11,136] {logging_mixin.py:109} INFO - [2023-07-01 16:26:11,136] {dag.py:2914} INFO - Setting next_dagrun for example_skip_dag to 2023-06-30T16:26:11.136268+00:00
[2023-07-01 16:26:11,143] {processor.py:171} INFO - Processing /home/airflow/.local/lib/python3.6/site-packages/airflow/example_dags/example_skip_dag.py took 0.068 seconds
[2023-07-01 16:26:42,100] {processor.py:163} INFO - Started process (PID=661) to work on /home/airflow/.local/lib/python3.6/site-packages/airflow/example_dags/example_skip_dag.py
[2023-07-01 16:26:42,101] {processor.py:620} INFO - Processing file /home/airflow/.local/lib/python3.6/site-packages/airflow/example_dags/example_skip_dag.py for tasks to queue
[2023-07-01 16:26:42,103] {logging_mixin.py:109} INFO - [2023-07-01 16:26:42,102] {dagbag.py:500} INFO - Filling up the DagBag from /home/airflow/.local/lib/python3.6/site-packages/airflow/example_dags/example_skip_dag.py
[2023-07-01 16:26:42,128] {processor.py:632} INFO - DAG(s) dict_keys(['example_skip_dag']) retrieved from /home/airflow/.local/lib/python3.6/site-packages/airflow/example_dags/example_skip_dag.py
[2023-07-01 16:26:42,139] {logging_mixin.py:109} INFO - [2023-07-01 16:26:42,139] {dag.py:2389} INFO - Sync 1 DAGs
[2023-07-01 16:26:42,152] {logging_mixin.py:109} INFO - [2023-07-01 16:26:42,152] {dag.py:2914} INFO - Setting next_dagrun for example_skip_dag to 2023-06-30T16:26:42.151970+00:00
[2023-07-01 16:26:42,160] {processor.py:171} INFO - Processing /home/airflow/.local/lib/python3.6/site-packages/airflow/example_dags/example_skip_dag.py took 0.062 seconds
