[2023-07-01 16:15:42,139] {processor.py:153} INFO - Started process (PID=46) to work on /home/airflow/.local/lib/python3.7/site-packages/airflow/example_dags/example_complex.py
[2023-07-01 16:15:42,140] {processor.py:641} INFO - Processing file /home/airflow/.local/lib/python3.7/site-packages/airflow/example_dags/example_complex.py for tasks to queue
[2023-07-01 16:15:42,141] {logging_mixin.py:115} INFO - [2023-07-01 16:15:42,141] {dagbag.py:507} INFO - Filling up the DagBag from /home/airflow/.local/lib/python3.7/site-packages/airflow/example_dags/example_complex.py
[2023-07-01 16:15:42,155] {processor.py:651} INFO - DAG(s) dict_keys(['example_complex']) retrieved from /home/airflow/.local/lib/python3.7/site-packages/airflow/example_dags/example_complex.py
[2023-07-01 16:15:42,226] {logging_mixin.py:115} INFO - [2023-07-01 16:15:42,226] {manager.py:508} INFO - Created Permission View: can edit on DAG:example_complex
[2023-07-01 16:15:42,231] {logging_mixin.py:115} INFO - [2023-07-01 16:15:42,231] {manager.py:508} INFO - Created Permission View: can delete on DAG:example_complex
[2023-07-01 16:15:42,235] {logging_mixin.py:115} INFO - [2023-07-01 16:15:42,235] {manager.py:508} INFO - Created Permission View: can read on DAG:example_complex
[2023-07-01 16:15:42,236] {logging_mixin.py:115} INFO - [2023-07-01 16:15:42,236] {dag.py:2371} INFO - Sync 1 DAGs
[2023-07-01 16:15:42,241] {logging_mixin.py:115} INFO - [2023-07-01 16:15:42,241] {dag.py:2390} INFO - Creating ORM DAG for example_complex
[2023-07-01 16:15:42,248] {logging_mixin.py:115} INFO - [2023-07-01 16:15:42,248] {dag.py:2919} INFO - Setting next_dagrun for example_complex to None, run_after=None
[2023-07-01 16:15:42,259] {processor.py:161} INFO - Processing /home/airflow/.local/lib/python3.7/site-packages/airflow/example_dags/example_complex.py took 0.122 seconds
[2023-07-01 16:16:12,489] {processor.py:153} INFO - Started process (PID=100) to work on /home/airflow/.local/lib/python3.7/site-packages/airflow/example_dags/example_complex.py
[2023-07-01 16:16:12,491] {processor.py:641} INFO - Processing file /home/airflow/.local/lib/python3.7/site-packages/airflow/example_dags/example_complex.py for tasks to queue
[2023-07-01 16:16:12,492] {logging_mixin.py:115} INFO - [2023-07-01 16:16:12,492] {dagbag.py:507} INFO - Filling up the DagBag from /home/airflow/.local/lib/python3.7/site-packages/airflow/example_dags/example_complex.py
[2023-07-01 16:16:12,504] {processor.py:651} INFO - DAG(s) dict_keys(['example_complex']) retrieved from /home/airflow/.local/lib/python3.7/site-packages/airflow/example_dags/example_complex.py
[2023-07-01 16:16:12,531] {logging_mixin.py:115} INFO - [2023-07-01 16:16:12,531] {dag.py:2371} INFO - Sync 1 DAGs
[2023-07-01 16:16:12,545] {logging_mixin.py:115} INFO - [2023-07-01 16:16:12,545] {dag.py:2919} INFO - Setting next_dagrun for example_complex to None, run_after=None
[2023-07-01 16:16:12,551] {processor.py:161} INFO - Processing /home/airflow/.local/lib/python3.7/site-packages/airflow/example_dags/example_complex.py took 0.069 seconds
[2023-07-01 16:16:43,017] {processor.py:153} INFO - Started process (PID=162) to work on /home/airflow/.local/lib/python3.7/site-packages/airflow/example_dags/example_complex.py
[2023-07-01 16:16:43,018] {processor.py:641} INFO - Processing file /home/airflow/.local/lib/python3.7/site-packages/airflow/example_dags/example_complex.py for tasks to queue
[2023-07-01 16:16:43,019] {logging_mixin.py:115} INFO - [2023-07-01 16:16:43,019] {dagbag.py:507} INFO - Filling up the DagBag from /home/airflow/.local/lib/python3.7/site-packages/airflow/example_dags/example_complex.py
[2023-07-01 16:16:43,030] {processor.py:651} INFO - DAG(s) dict_keys(['example_complex']) retrieved from /home/airflow/.local/lib/python3.7/site-packages/airflow/example_dags/example_complex.py
[2023-07-01 16:16:43,057] {logging_mixin.py:115} INFO - [2023-07-01 16:16:43,057] {dag.py:2371} INFO - Sync 1 DAGs
[2023-07-01 16:16:43,070] {logging_mixin.py:115} INFO - [2023-07-01 16:16:43,070] {dag.py:2919} INFO - Setting next_dagrun for example_complex to None, run_after=None
[2023-07-01 16:16:43,078] {processor.py:161} INFO - Processing /home/airflow/.local/lib/python3.7/site-packages/airflow/example_dags/example_complex.py took 0.066 seconds
[2023-07-01 16:17:13,448] {processor.py:153} INFO - Started process (PID=216) to work on /home/airflow/.local/lib/python3.7/site-packages/airflow/example_dags/example_complex.py
[2023-07-01 16:17:13,449] {processor.py:641} INFO - Processing file /home/airflow/.local/lib/python3.7/site-packages/airflow/example_dags/example_complex.py for tasks to queue
[2023-07-01 16:17:13,450] {logging_mixin.py:115} INFO - [2023-07-01 16:17:13,450] {dagbag.py:507} INFO - Filling up the DagBag from /home/airflow/.local/lib/python3.7/site-packages/airflow/example_dags/example_complex.py
[2023-07-01 16:17:13,458] {processor.py:651} INFO - DAG(s) dict_keys(['example_complex']) retrieved from /home/airflow/.local/lib/python3.7/site-packages/airflow/example_dags/example_complex.py
[2023-07-01 16:17:13,480] {logging_mixin.py:115} INFO - [2023-07-01 16:17:13,480] {dag.py:2371} INFO - Sync 1 DAGs
[2023-07-01 16:17:13,493] {logging_mixin.py:115} INFO - [2023-07-01 16:17:13,493] {dag.py:2919} INFO - Setting next_dagrun for example_complex to None, run_after=None
[2023-07-01 16:17:13,500] {processor.py:161} INFO - Processing /home/airflow/.local/lib/python3.7/site-packages/airflow/example_dags/example_complex.py took 0.055 seconds
[2023-07-01 16:22:52,638] {processor.py:163} INFO - Started process (PID=99) to work on /home/airflow/.local/lib/python3.6/site-packages/airflow/example_dags/example_complex.py
[2023-07-01 16:22:52,643] {processor.py:620} INFO - Processing file /home/airflow/.local/lib/python3.6/site-packages/airflow/example_dags/example_complex.py for tasks to queue
[2023-07-01 16:22:52,644] {logging_mixin.py:109} INFO - [2023-07-01 16:22:52,644] {dagbag.py:500} INFO - Filling up the DagBag from /home/airflow/.local/lib/python3.6/site-packages/airflow/example_dags/example_complex.py
[2023-07-01 16:22:52,721] {processor.py:632} INFO - DAG(s) dict_keys(['example_complex']) retrieved from /home/airflow/.local/lib/python3.6/site-packages/airflow/example_dags/example_complex.py
[2023-07-01 16:22:55,000] {logging_mixin.py:109} INFO - [2023-07-01 16:22:55,000] {opentelemetry_tracing.py:29} INFO - This service is instrumented using OpenTelemetry. OpenTelemetry could not be imported; please add opentelemetry-api and opentelemetry-instrumentation packages in order to get BigQuery Tracing data.
[2023-07-01 16:22:55,034] {logging_mixin.py:109} INFO - [2023-07-01 16:22:55,034] {providers_manager.py:156} WARNING - Exception when importing 'airflow.providers.google.leveldb.hooks.leveldb.LevelDBHook' from 'apache-airflow-providers-google' package: No module named 'plyvel'
[2023-07-01 16:22:55,470] {logging_mixin.py:109} INFO - [2023-07-01 16:22:55,470] {providers_manager.py:156} WARNING - Exception when importing 'airflow.providers.google.leveldb.hooks.leveldb.LevelDBHook' from 'apache-airflow-providers-google' package: No module named 'plyvel'
[2023-07-01 16:22:55,497] {logging_mixin.py:109} INFO - [2023-07-01 16:22:55,497] {manager.py:496} INFO - Created Permission View: can edit on DAG:example_complex
[2023-07-01 16:22:55,511] {logging_mixin.py:109} INFO - [2023-07-01 16:22:55,511] {manager.py:496} INFO - Created Permission View: can read on DAG:example_complex
[2023-07-01 16:22:55,512] {logging_mixin.py:109} INFO - [2023-07-01 16:22:55,511] {dag.py:2389} INFO - Sync 1 DAGs
[2023-07-01 16:22:55,526] {logging_mixin.py:109} INFO - [2023-07-01 16:22:55,525] {dag.py:2408} INFO - Creating ORM DAG for example_complex
[2023-07-01 16:22:55,534] {logging_mixin.py:109} INFO - [2023-07-01 16:22:55,534] {dag.py:2914} INFO - Setting next_dagrun for example_complex to None
[2023-07-01 16:22:55,553] {processor.py:171} INFO - Processing /home/airflow/.local/lib/python3.6/site-packages/airflow/example_dags/example_complex.py took 2.919 seconds
[2023-07-01 16:23:26,080] {processor.py:163} INFO - Started process (PID=315) to work on /home/airflow/.local/lib/python3.6/site-packages/airflow/example_dags/example_complex.py
[2023-07-01 16:23:26,082] {processor.py:620} INFO - Processing file /home/airflow/.local/lib/python3.6/site-packages/airflow/example_dags/example_complex.py for tasks to queue
[2023-07-01 16:23:26,083] {logging_mixin.py:109} INFO - [2023-07-01 16:23:26,083] {dagbag.py:500} INFO - Filling up the DagBag from /home/airflow/.local/lib/python3.6/site-packages/airflow/example_dags/example_complex.py
[2023-07-01 16:23:26,171] {processor.py:632} INFO - DAG(s) dict_keys(['example_complex']) retrieved from /home/airflow/.local/lib/python3.6/site-packages/airflow/example_dags/example_complex.py
[2023-07-01 16:23:26,184] {logging_mixin.py:109} INFO - [2023-07-01 16:23:26,184] {dag.py:2389} INFO - Sync 1 DAGs
[2023-07-01 16:23:26,193] {logging_mixin.py:109} INFO - [2023-07-01 16:23:26,193] {dag.py:2914} INFO - Setting next_dagrun for example_complex to None
[2023-07-01 16:23:26,200] {processor.py:171} INFO - Processing /home/airflow/.local/lib/python3.6/site-packages/airflow/example_dags/example_complex.py took 0.122 seconds
[2023-07-01 16:23:56,806] {processor.py:163} INFO - Started process (PID=369) to work on /home/airflow/.local/lib/python3.6/site-packages/airflow/example_dags/example_complex.py
[2023-07-01 16:23:56,808] {processor.py:620} INFO - Processing file /home/airflow/.local/lib/python3.6/site-packages/airflow/example_dags/example_complex.py for tasks to queue
[2023-07-01 16:23:56,809] {logging_mixin.py:109} INFO - [2023-07-01 16:23:56,809] {dagbag.py:500} INFO - Filling up the DagBag from /home/airflow/.local/lib/python3.6/site-packages/airflow/example_dags/example_complex.py
[2023-07-01 16:23:56,908] {processor.py:632} INFO - DAG(s) dict_keys(['example_complex']) retrieved from /home/airflow/.local/lib/python3.6/site-packages/airflow/example_dags/example_complex.py
[2023-07-01 16:23:56,921] {logging_mixin.py:109} INFO - [2023-07-01 16:23:56,921] {dag.py:2389} INFO - Sync 1 DAGs
[2023-07-01 16:23:56,931] {logging_mixin.py:109} INFO - [2023-07-01 16:23:56,931] {dag.py:2914} INFO - Setting next_dagrun for example_complex to None
[2023-07-01 16:23:56,938] {processor.py:171} INFO - Processing /home/airflow/.local/lib/python3.6/site-packages/airflow/example_dags/example_complex.py took 0.135 seconds
[2023-07-01 16:24:27,153] {processor.py:163} INFO - Started process (PID=424) to work on /home/airflow/.local/lib/python3.6/site-packages/airflow/example_dags/example_complex.py
[2023-07-01 16:24:27,154] {processor.py:620} INFO - Processing file /home/airflow/.local/lib/python3.6/site-packages/airflow/example_dags/example_complex.py for tasks to queue
[2023-07-01 16:24:27,155] {logging_mixin.py:109} INFO - [2023-07-01 16:24:27,155] {dagbag.py:500} INFO - Filling up the DagBag from /home/airflow/.local/lib/python3.6/site-packages/airflow/example_dags/example_complex.py
[2023-07-01 16:24:27,244] {processor.py:632} INFO - DAG(s) dict_keys(['example_complex']) retrieved from /home/airflow/.local/lib/python3.6/site-packages/airflow/example_dags/example_complex.py
[2023-07-01 16:24:27,256] {logging_mixin.py:109} INFO - [2023-07-01 16:24:27,256] {dag.py:2389} INFO - Sync 1 DAGs
[2023-07-01 16:24:27,265] {logging_mixin.py:109} INFO - [2023-07-01 16:24:27,265] {dag.py:2914} INFO - Setting next_dagrun for example_complex to None
[2023-07-01 16:24:27,271] {processor.py:171} INFO - Processing /home/airflow/.local/lib/python3.6/site-packages/airflow/example_dags/example_complex.py took 0.122 seconds
[2023-07-01 16:24:57,367] {processor.py:163} INFO - Started process (PID=478) to work on /home/airflow/.local/lib/python3.6/site-packages/airflow/example_dags/example_complex.py
[2023-07-01 16:24:57,369] {processor.py:620} INFO - Processing file /home/airflow/.local/lib/python3.6/site-packages/airflow/example_dags/example_complex.py for tasks to queue
[2023-07-01 16:24:57,370] {logging_mixin.py:109} INFO - [2023-07-01 16:24:57,370] {dagbag.py:500} INFO - Filling up the DagBag from /home/airflow/.local/lib/python3.6/site-packages/airflow/example_dags/example_complex.py
[2023-07-01 16:24:57,407] {processor.py:632} INFO - DAG(s) dict_keys(['example_complex']) retrieved from /home/airflow/.local/lib/python3.6/site-packages/airflow/example_dags/example_complex.py
[2023-07-01 16:24:57,422] {logging_mixin.py:109} INFO - [2023-07-01 16:24:57,421] {dag.py:2389} INFO - Sync 1 DAGs
[2023-07-01 16:24:57,433] {logging_mixin.py:109} INFO - [2023-07-01 16:24:57,433] {dag.py:2914} INFO - Setting next_dagrun for example_complex to None
[2023-07-01 16:24:57,440] {processor.py:171} INFO - Processing /home/airflow/.local/lib/python3.6/site-packages/airflow/example_dags/example_complex.py took 0.077 seconds
[2023-07-01 16:25:27,506] {processor.py:163} INFO - Started process (PID=532) to work on /home/airflow/.local/lib/python3.6/site-packages/airflow/example_dags/example_complex.py
[2023-07-01 16:25:27,508] {processor.py:620} INFO - Processing file /home/airflow/.local/lib/python3.6/site-packages/airflow/example_dags/example_complex.py for tasks to queue
[2023-07-01 16:25:27,509] {logging_mixin.py:109} INFO - [2023-07-01 16:25:27,509] {dagbag.py:500} INFO - Filling up the DagBag from /home/airflow/.local/lib/python3.6/site-packages/airflow/example_dags/example_complex.py
[2023-07-01 16:25:27,546] {processor.py:632} INFO - DAG(s) dict_keys(['example_complex']) retrieved from /home/airflow/.local/lib/python3.6/site-packages/airflow/example_dags/example_complex.py
[2023-07-01 16:25:27,559] {logging_mixin.py:109} INFO - [2023-07-01 16:25:27,559] {dag.py:2389} INFO - Sync 1 DAGs
[2023-07-01 16:25:27,571] {logging_mixin.py:109} INFO - [2023-07-01 16:25:27,571] {dag.py:2914} INFO - Setting next_dagrun for example_complex to None
[2023-07-01 16:25:27,577] {processor.py:171} INFO - Processing /home/airflow/.local/lib/python3.6/site-packages/airflow/example_dags/example_complex.py took 0.076 seconds
[2023-07-01 16:25:58,294] {processor.py:163} INFO - Started process (PID=585) to work on /home/airflow/.local/lib/python3.6/site-packages/airflow/example_dags/example_complex.py
[2023-07-01 16:25:58,295] {processor.py:620} INFO - Processing file /home/airflow/.local/lib/python3.6/site-packages/airflow/example_dags/example_complex.py for tasks to queue
[2023-07-01 16:25:58,296] {logging_mixin.py:109} INFO - [2023-07-01 16:25:58,296] {dagbag.py:500} INFO - Filling up the DagBag from /home/airflow/.local/lib/python3.6/site-packages/airflow/example_dags/example_complex.py
[2023-07-01 16:25:58,327] {processor.py:632} INFO - DAG(s) dict_keys(['example_complex']) retrieved from /home/airflow/.local/lib/python3.6/site-packages/airflow/example_dags/example_complex.py
[2023-07-01 16:25:58,341] {logging_mixin.py:109} INFO - [2023-07-01 16:25:58,341] {dag.py:2389} INFO - Sync 1 DAGs
[2023-07-01 16:25:58,353] {logging_mixin.py:109} INFO - [2023-07-01 16:25:58,353] {dag.py:2914} INFO - Setting next_dagrun for example_complex to None
[2023-07-01 16:25:58,360] {processor.py:171} INFO - Processing /home/airflow/.local/lib/python3.6/site-packages/airflow/example_dags/example_complex.py took 0.069 seconds
[2023-07-01 16:26:29,212] {processor.py:163} INFO - Started process (PID=639) to work on /home/airflow/.local/lib/python3.6/site-packages/airflow/example_dags/example_complex.py
[2023-07-01 16:26:29,214] {processor.py:620} INFO - Processing file /home/airflow/.local/lib/python3.6/site-packages/airflow/example_dags/example_complex.py for tasks to queue
[2023-07-01 16:26:29,215] {logging_mixin.py:109} INFO - [2023-07-01 16:26:29,214] {dagbag.py:500} INFO - Filling up the DagBag from /home/airflow/.local/lib/python3.6/site-packages/airflow/example_dags/example_complex.py
[2023-07-01 16:26:29,245] {processor.py:632} INFO - DAG(s) dict_keys(['example_complex']) retrieved from /home/airflow/.local/lib/python3.6/site-packages/airflow/example_dags/example_complex.py
[2023-07-01 16:26:29,259] {logging_mixin.py:109} INFO - [2023-07-01 16:26:29,258] {dag.py:2389} INFO - Sync 1 DAGs
[2023-07-01 16:26:29,270] {logging_mixin.py:109} INFO - [2023-07-01 16:26:29,270] {dag.py:2914} INFO - Setting next_dagrun for example_complex to None
[2023-07-01 16:26:29,276] {processor.py:171} INFO - Processing /home/airflow/.local/lib/python3.6/site-packages/airflow/example_dags/example_complex.py took 0.067 seconds
