[2023-07-01 16:15:44,207] {processor.py:153} INFO - Started process (PID=74) to work on /home/airflow/.local/lib/python3.7/site-packages/airflow/example_dags/example_python_operator.py
[2023-07-01 16:15:44,208] {processor.py:641} INFO - Processing file /home/airflow/.local/lib/python3.7/site-packages/airflow/example_dags/example_python_operator.py for tasks to queue
[2023-07-01 16:15:44,209] {logging_mixin.py:115} INFO - [2023-07-01 16:15:44,209] {dagbag.py:507} INFO - Filling up the DagBag from /home/airflow/.local/lib/python3.7/site-packages/airflow/example_dags/example_python_operator.py
[2023-07-01 16:15:44,223] {processor.py:651} INFO - DAG(s) dict_keys(['example_python_operator']) retrieved from /home/airflow/.local/lib/python3.7/site-packages/airflow/example_dags/example_python_operator.py
[2023-07-01 16:15:44,310] {logging_mixin.py:115} INFO - [2023-07-01 16:15:44,310] {manager.py:508} INFO - Created Permission View: can edit on DAG:example_python_operator
[2023-07-01 16:15:44,318] {logging_mixin.py:115} INFO - [2023-07-01 16:15:44,318] {manager.py:508} INFO - Created Permission View: can delete on DAG:example_python_operator
[2023-07-01 16:15:44,323] {logging_mixin.py:115} INFO - [2023-07-01 16:15:44,323] {manager.py:508} INFO - Created Permission View: can read on DAG:example_python_operator
[2023-07-01 16:15:44,323] {logging_mixin.py:115} INFO - [2023-07-01 16:15:44,323] {dag.py:2371} INFO - Sync 1 DAGs
[2023-07-01 16:15:44,332] {logging_mixin.py:115} INFO - [2023-07-01 16:15:44,331] {dag.py:2390} INFO - Creating ORM DAG for example_python_operator
[2023-07-01 16:15:44,343] {logging_mixin.py:115} INFO - [2023-07-01 16:15:44,342] {dag.py:2919} INFO - Setting next_dagrun for example_python_operator to None, run_after=None
[2023-07-01 16:15:44,355] {processor.py:161} INFO - Processing /home/airflow/.local/lib/python3.7/site-packages/airflow/example_dags/example_python_operator.py took 0.151 seconds
[2023-07-01 16:16:14,381] {processor.py:153} INFO - Started process (PID=129) to work on /home/airflow/.local/lib/python3.7/site-packages/airflow/example_dags/example_python_operator.py
[2023-07-01 16:16:14,382] {processor.py:641} INFO - Processing file /home/airflow/.local/lib/python3.7/site-packages/airflow/example_dags/example_python_operator.py for tasks to queue
[2023-07-01 16:16:14,383] {logging_mixin.py:115} INFO - [2023-07-01 16:16:14,383] {dagbag.py:507} INFO - Filling up the DagBag from /home/airflow/.local/lib/python3.7/site-packages/airflow/example_dags/example_python_operator.py
[2023-07-01 16:16:14,393] {processor.py:651} INFO - DAG(s) dict_keys(['example_python_operator']) retrieved from /home/airflow/.local/lib/python3.7/site-packages/airflow/example_dags/example_python_operator.py
[2023-07-01 16:16:14,410] {logging_mixin.py:115} INFO - [2023-07-01 16:16:14,410] {dag.py:2371} INFO - Sync 1 DAGs
[2023-07-01 16:16:14,423] {logging_mixin.py:115} INFO - [2023-07-01 16:16:14,423] {dag.py:2919} INFO - Setting next_dagrun for example_python_operator to None, run_after=None
[2023-07-01 16:16:14,429] {processor.py:161} INFO - Processing /home/airflow/.local/lib/python3.7/site-packages/airflow/example_dags/example_python_operator.py took 0.050 seconds
[2023-07-01 16:16:44,831] {processor.py:153} INFO - Started process (PID=184) to work on /home/airflow/.local/lib/python3.7/site-packages/airflow/example_dags/example_python_operator.py
[2023-07-01 16:16:44,832] {processor.py:641} INFO - Processing file /home/airflow/.local/lib/python3.7/site-packages/airflow/example_dags/example_python_operator.py for tasks to queue
[2023-07-01 16:16:44,832] {logging_mixin.py:115} INFO - [2023-07-01 16:16:44,832] {dagbag.py:507} INFO - Filling up the DagBag from /home/airflow/.local/lib/python3.7/site-packages/airflow/example_dags/example_python_operator.py
[2023-07-01 16:16:44,842] {processor.py:651} INFO - DAG(s) dict_keys(['example_python_operator']) retrieved from /home/airflow/.local/lib/python3.7/site-packages/airflow/example_dags/example_python_operator.py
[2023-07-01 16:16:44,861] {logging_mixin.py:115} INFO - [2023-07-01 16:16:44,861] {dag.py:2371} INFO - Sync 1 DAGs
[2023-07-01 16:16:44,874] {logging_mixin.py:115} INFO - [2023-07-01 16:16:44,874] {dag.py:2919} INFO - Setting next_dagrun for example_python_operator to None, run_after=None
[2023-07-01 16:16:44,880] {processor.py:161} INFO - Processing /home/airflow/.local/lib/python3.7/site-packages/airflow/example_dags/example_python_operator.py took 0.051 seconds
[2023-07-01 16:17:15,219] {processor.py:153} INFO - Started process (PID=238) to work on /home/airflow/.local/lib/python3.7/site-packages/airflow/example_dags/example_python_operator.py
[2023-07-01 16:17:15,219] {processor.py:641} INFO - Processing file /home/airflow/.local/lib/python3.7/site-packages/airflow/example_dags/example_python_operator.py for tasks to queue
[2023-07-01 16:17:15,220] {logging_mixin.py:115} INFO - [2023-07-01 16:17:15,220] {dagbag.py:507} INFO - Filling up the DagBag from /home/airflow/.local/lib/python3.7/site-packages/airflow/example_dags/example_python_operator.py
[2023-07-01 16:17:15,229] {processor.py:651} INFO - DAG(s) dict_keys(['example_python_operator']) retrieved from /home/airflow/.local/lib/python3.7/site-packages/airflow/example_dags/example_python_operator.py
[2023-07-01 16:17:15,248] {logging_mixin.py:115} INFO - [2023-07-01 16:17:15,248] {dag.py:2371} INFO - Sync 1 DAGs
[2023-07-01 16:17:15,261] {logging_mixin.py:115} INFO - [2023-07-01 16:17:15,261] {dag.py:2919} INFO - Setting next_dagrun for example_python_operator to None, run_after=None
[2023-07-01 16:17:15,267] {processor.py:161} INFO - Processing /home/airflow/.local/lib/python3.7/site-packages/airflow/example_dags/example_python_operator.py took 0.051 seconds
[2023-07-01 16:23:13,630] {processor.py:163} INFO - Started process (PID=252) to work on /home/airflow/.local/lib/python3.6/site-packages/airflow/example_dags/example_python_operator.py
[2023-07-01 16:23:13,632] {processor.py:620} INFO - Processing file /home/airflow/.local/lib/python3.6/site-packages/airflow/example_dags/example_python_operator.py for tasks to queue
[2023-07-01 16:23:13,632] {logging_mixin.py:109} INFO - [2023-07-01 16:23:13,632] {dagbag.py:500} INFO - Filling up the DagBag from /home/airflow/.local/lib/python3.6/site-packages/airflow/example_dags/example_python_operator.py
[2023-07-01 16:23:13,720] {processor.py:632} INFO - DAG(s) dict_keys(['example_python_operator']) retrieved from /home/airflow/.local/lib/python3.6/site-packages/airflow/example_dags/example_python_operator.py
[2023-07-01 16:23:14,929] {logging_mixin.py:109} INFO - [2023-07-01 16:23:14,928] {opentelemetry_tracing.py:29} INFO - This service is instrumented using OpenTelemetry. OpenTelemetry could not be imported; please add opentelemetry-api and opentelemetry-instrumentation packages in order to get BigQuery Tracing data.
[2023-07-01 16:23:14,951] {logging_mixin.py:109} INFO - [2023-07-01 16:23:14,951] {providers_manager.py:156} WARNING - Exception when importing 'airflow.providers.google.leveldb.hooks.leveldb.LevelDBHook' from 'apache-airflow-providers-google' package: No module named 'plyvel'
[2023-07-01 16:23:15,179] {logging_mixin.py:109} INFO - [2023-07-01 16:23:15,179] {providers_manager.py:156} WARNING - Exception when importing 'airflow.providers.google.leveldb.hooks.leveldb.LevelDBHook' from 'apache-airflow-providers-google' package: No module named 'plyvel'
[2023-07-01 16:23:15,194] {logging_mixin.py:109} INFO - [2023-07-01 16:23:15,194] {manager.py:496} INFO - Created Permission View: can edit on DAG:example_python_operator
[2023-07-01 16:23:15,199] {logging_mixin.py:109} INFO - [2023-07-01 16:23:15,199] {manager.py:496} INFO - Created Permission View: can read on DAG:example_python_operator
[2023-07-01 16:23:15,201] {logging_mixin.py:109} INFO - [2023-07-01 16:23:15,200] {dag.py:2389} INFO - Sync 1 DAGs
[2023-07-01 16:23:15,208] {logging_mixin.py:109} INFO - [2023-07-01 16:23:15,207] {dag.py:2408} INFO - Creating ORM DAG for example_python_operator
[2023-07-01 16:23:15,212] {logging_mixin.py:109} INFO - [2023-07-01 16:23:15,212] {dag.py:2914} INFO - Setting next_dagrun for example_python_operator to None
[2023-07-01 16:23:15,220] {processor.py:171} INFO - Processing /home/airflow/.local/lib/python3.6/site-packages/airflow/example_dags/example_python_operator.py took 1.592 seconds
[2023-07-01 16:23:45,930] {processor.py:163} INFO - Started process (PID=350) to work on /home/airflow/.local/lib/python3.6/site-packages/airflow/example_dags/example_python_operator.py
[2023-07-01 16:23:45,932] {processor.py:620} INFO - Processing file /home/airflow/.local/lib/python3.6/site-packages/airflow/example_dags/example_python_operator.py for tasks to queue
[2023-07-01 16:23:45,932] {logging_mixin.py:109} INFO - [2023-07-01 16:23:45,932] {dagbag.py:500} INFO - Filling up the DagBag from /home/airflow/.local/lib/python3.6/site-packages/airflow/example_dags/example_python_operator.py
[2023-07-01 16:23:46,017] {processor.py:632} INFO - DAG(s) dict_keys(['example_python_operator']) retrieved from /home/airflow/.local/lib/python3.6/site-packages/airflow/example_dags/example_python_operator.py
[2023-07-01 16:23:46,026] {logging_mixin.py:109} INFO - [2023-07-01 16:23:46,026] {dag.py:2389} INFO - Sync 1 DAGs
[2023-07-01 16:23:46,036] {logging_mixin.py:109} INFO - [2023-07-01 16:23:46,036] {dag.py:2914} INFO - Setting next_dagrun for example_python_operator to None
[2023-07-01 16:23:46,042] {processor.py:171} INFO - Processing /home/airflow/.local/lib/python3.6/site-packages/airflow/example_dags/example_python_operator.py took 0.115 seconds
[2023-07-01 16:24:16,338] {processor.py:163} INFO - Started process (PID=406) to work on /home/airflow/.local/lib/python3.6/site-packages/airflow/example_dags/example_python_operator.py
[2023-07-01 16:24:16,341] {processor.py:620} INFO - Processing file /home/airflow/.local/lib/python3.6/site-packages/airflow/example_dags/example_python_operator.py for tasks to queue
[2023-07-01 16:24:16,342] {logging_mixin.py:109} INFO - [2023-07-01 16:24:16,342] {dagbag.py:500} INFO - Filling up the DagBag from /home/airflow/.local/lib/python3.6/site-packages/airflow/example_dags/example_python_operator.py
[2023-07-01 16:24:16,434] {processor.py:632} INFO - DAG(s) dict_keys(['example_python_operator']) retrieved from /home/airflow/.local/lib/python3.6/site-packages/airflow/example_dags/example_python_operator.py
[2023-07-01 16:24:16,443] {logging_mixin.py:109} INFO - [2023-07-01 16:24:16,443] {dag.py:2389} INFO - Sync 1 DAGs
[2023-07-01 16:24:16,452] {logging_mixin.py:109} INFO - [2023-07-01 16:24:16,452] {dag.py:2914} INFO - Setting next_dagrun for example_python_operator to None
[2023-07-01 16:24:16,457] {processor.py:171} INFO - Processing /home/airflow/.local/lib/python3.6/site-packages/airflow/example_dags/example_python_operator.py took 0.125 seconds
[2023-07-01 16:24:46,505] {processor.py:163} INFO - Started process (PID=460) to work on /home/airflow/.local/lib/python3.6/site-packages/airflow/example_dags/example_python_operator.py
[2023-07-01 16:24:46,507] {processor.py:620} INFO - Processing file /home/airflow/.local/lib/python3.6/site-packages/airflow/example_dags/example_python_operator.py for tasks to queue
[2023-07-01 16:24:46,508] {logging_mixin.py:109} INFO - [2023-07-01 16:24:46,508] {dagbag.py:500} INFO - Filling up the DagBag from /home/airflow/.local/lib/python3.6/site-packages/airflow/example_dags/example_python_operator.py
[2023-07-01 16:24:46,537] {processor.py:632} INFO - DAG(s) dict_keys(['example_python_operator']) retrieved from /home/airflow/.local/lib/python3.6/site-packages/airflow/example_dags/example_python_operator.py
[2023-07-01 16:24:46,547] {logging_mixin.py:109} INFO - [2023-07-01 16:24:46,547] {dag.py:2389} INFO - Sync 1 DAGs
[2023-07-01 16:24:46,560] {logging_mixin.py:109} INFO - [2023-07-01 16:24:46,560] {dag.py:2914} INFO - Setting next_dagrun for example_python_operator to None
[2023-07-01 16:24:46,567] {processor.py:171} INFO - Processing /home/airflow/.local/lib/python3.6/site-packages/airflow/example_dags/example_python_operator.py took 0.066 seconds
[2023-07-01 16:25:16,649] {processor.py:163} INFO - Started process (PID=514) to work on /home/airflow/.local/lib/python3.6/site-packages/airflow/example_dags/example_python_operator.py
[2023-07-01 16:25:16,652] {processor.py:620} INFO - Processing file /home/airflow/.local/lib/python3.6/site-packages/airflow/example_dags/example_python_operator.py for tasks to queue
[2023-07-01 16:25:16,654] {logging_mixin.py:109} INFO - [2023-07-01 16:25:16,653] {dagbag.py:500} INFO - Filling up the DagBag from /home/airflow/.local/lib/python3.6/site-packages/airflow/example_dags/example_python_operator.py
[2023-07-01 16:25:16,685] {processor.py:632} INFO - DAG(s) dict_keys(['example_python_operator']) retrieved from /home/airflow/.local/lib/python3.6/site-packages/airflow/example_dags/example_python_operator.py
[2023-07-01 16:25:16,695] {logging_mixin.py:109} INFO - [2023-07-01 16:25:16,695] {dag.py:2389} INFO - Sync 1 DAGs
[2023-07-01 16:25:16,707] {logging_mixin.py:109} INFO - [2023-07-01 16:25:16,707] {dag.py:2914} INFO - Setting next_dagrun for example_python_operator to None
[2023-07-01 16:25:16,715] {processor.py:171} INFO - Processing /home/airflow/.local/lib/python3.6/site-packages/airflow/example_dags/example_python_operator.py took 0.070 seconds
[2023-07-01 16:25:47,684] {processor.py:163} INFO - Started process (PID=567) to work on /home/airflow/.local/lib/python3.6/site-packages/airflow/example_dags/example_python_operator.py
[2023-07-01 16:25:47,685] {processor.py:620} INFO - Processing file /home/airflow/.local/lib/python3.6/site-packages/airflow/example_dags/example_python_operator.py for tasks to queue
[2023-07-01 16:25:47,686] {logging_mixin.py:109} INFO - [2023-07-01 16:25:47,686] {dagbag.py:500} INFO - Filling up the DagBag from /home/airflow/.local/lib/python3.6/site-packages/airflow/example_dags/example_python_operator.py
[2023-07-01 16:25:47,712] {processor.py:632} INFO - DAG(s) dict_keys(['example_python_operator']) retrieved from /home/airflow/.local/lib/python3.6/site-packages/airflow/example_dags/example_python_operator.py
[2023-07-01 16:25:47,722] {logging_mixin.py:109} INFO - [2023-07-01 16:25:47,722] {dag.py:2389} INFO - Sync 1 DAGs
[2023-07-01 16:25:47,733] {logging_mixin.py:109} INFO - [2023-07-01 16:25:47,733] {dag.py:2914} INFO - Setting next_dagrun for example_python_operator to None
[2023-07-01 16:25:47,740] {processor.py:171} INFO - Processing /home/airflow/.local/lib/python3.6/site-packages/airflow/example_dags/example_python_operator.py took 0.059 seconds
[2023-07-01 16:26:18,527] {processor.py:163} INFO - Started process (PID=621) to work on /home/airflow/.local/lib/python3.6/site-packages/airflow/example_dags/example_python_operator.py
[2023-07-01 16:26:18,529] {processor.py:620} INFO - Processing file /home/airflow/.local/lib/python3.6/site-packages/airflow/example_dags/example_python_operator.py for tasks to queue
[2023-07-01 16:26:18,531] {logging_mixin.py:109} INFO - [2023-07-01 16:26:18,531] {dagbag.py:500} INFO - Filling up the DagBag from /home/airflow/.local/lib/python3.6/site-packages/airflow/example_dags/example_python_operator.py
[2023-07-01 16:26:18,566] {processor.py:632} INFO - DAG(s) dict_keys(['example_python_operator']) retrieved from /home/airflow/.local/lib/python3.6/site-packages/airflow/example_dags/example_python_operator.py
[2023-07-01 16:26:18,576] {logging_mixin.py:109} INFO - [2023-07-01 16:26:18,576] {dag.py:2389} INFO - Sync 1 DAGs
[2023-07-01 16:26:18,587] {logging_mixin.py:109} INFO - [2023-07-01 16:26:18,587] {dag.py:2914} INFO - Setting next_dagrun for example_python_operator to None
[2023-07-01 16:26:18,594] {processor.py:171} INFO - Processing /home/airflow/.local/lib/python3.6/site-packages/airflow/example_dags/example_python_operator.py took 0.073 seconds
[2023-07-01 16:26:49,511] {processor.py:163} INFO - Started process (PID=675) to work on /home/airflow/.local/lib/python3.6/site-packages/airflow/example_dags/example_python_operator.py
[2023-07-01 16:26:49,513] {processor.py:620} INFO - Processing file /home/airflow/.local/lib/python3.6/site-packages/airflow/example_dags/example_python_operator.py for tasks to queue
[2023-07-01 16:26:49,514] {logging_mixin.py:109} INFO - [2023-07-01 16:26:49,514] {dagbag.py:500} INFO - Filling up the DagBag from /home/airflow/.local/lib/python3.6/site-packages/airflow/example_dags/example_python_operator.py
[2023-07-01 16:26:49,544] {processor.py:632} INFO - DAG(s) dict_keys(['example_python_operator']) retrieved from /home/airflow/.local/lib/python3.6/site-packages/airflow/example_dags/example_python_operator.py
[2023-07-01 16:26:49,554] {logging_mixin.py:109} INFO - [2023-07-01 16:26:49,554] {dag.py:2389} INFO - Sync 1 DAGs
[2023-07-01 16:26:49,566] {logging_mixin.py:109} INFO - [2023-07-01 16:26:49,566] {dag.py:2914} INFO - Setting next_dagrun for example_python_operator to None
[2023-07-01 16:26:49,572] {processor.py:171} INFO - Processing /home/airflow/.local/lib/python3.6/site-packages/airflow/example_dags/example_python_operator.py took 0.065 seconds
