[2023-07-01 16:15:43,628] {processor.py:153} INFO - Started process (PID=68) to work on /home/airflow/.local/lib/python3.7/site-packages/airflow/example_dags/example_external_task_marker_dag.py
[2023-07-01 16:15:43,631] {processor.py:641} INFO - Processing file /home/airflow/.local/lib/python3.7/site-packages/airflow/example_dags/example_external_task_marker_dag.py for tasks to queue
[2023-07-01 16:15:43,632] {logging_mixin.py:115} INFO - [2023-07-01 16:15:43,632] {dagbag.py:507} INFO - Filling up the DagBag from /home/airflow/.local/lib/python3.7/site-packages/airflow/example_dags/example_external_task_marker_dag.py
[2023-07-01 16:15:43,637] {processor.py:651} INFO - DAG(s) dict_keys(['example_external_task_marker_parent', 'example_external_task_marker_child']) retrieved from /home/airflow/.local/lib/python3.7/site-packages/airflow/example_dags/example_external_task_marker_dag.py
[2023-07-01 16:15:43,739] {logging_mixin.py:115} INFO - [2023-07-01 16:15:43,739] {manager.py:508} INFO - Created Permission View: can edit on DAG:example_external_task_marker_parent
[2023-07-01 16:15:43,748] {logging_mixin.py:115} INFO - [2023-07-01 16:15:43,748] {manager.py:508} INFO - Created Permission View: can delete on DAG:example_external_task_marker_parent
[2023-07-01 16:15:43,752] {logging_mixin.py:115} INFO - [2023-07-01 16:15:43,752] {manager.py:508} INFO - Created Permission View: can read on DAG:example_external_task_marker_parent
[2023-07-01 16:15:43,774] {logging_mixin.py:115} INFO - [2023-07-01 16:15:43,774] {manager.py:508} INFO - Created Permission View: can edit on DAG:example_external_task_marker_child
[2023-07-01 16:15:43,784] {logging_mixin.py:115} INFO - [2023-07-01 16:15:43,784] {manager.py:508} INFO - Created Permission View: can delete on DAG:example_external_task_marker_child
[2023-07-01 16:15:43,795] {logging_mixin.py:115} INFO - [2023-07-01 16:15:43,795] {manager.py:508} INFO - Created Permission View: can read on DAG:example_external_task_marker_child
[2023-07-01 16:15:43,796] {logging_mixin.py:115} INFO - [2023-07-01 16:15:43,796] {dag.py:2371} INFO - Sync 2 DAGs
[2023-07-01 16:15:43,807] {logging_mixin.py:115} INFO - [2023-07-01 16:15:43,807] {dag.py:2390} INFO - Creating ORM DAG for example_external_task_marker_child
[2023-07-01 16:15:43,808] {logging_mixin.py:115} INFO - [2023-07-01 16:15:43,808] {dag.py:2390} INFO - Creating ORM DAG for example_external_task_marker_parent
[2023-07-01 16:15:43,825] {logging_mixin.py:115} INFO - [2023-07-01 16:15:43,825] {dag.py:2919} INFO - Setting next_dagrun for example_external_task_marker_child to None, run_after=None
[2023-07-01 16:15:43,826] {logging_mixin.py:115} INFO - [2023-07-01 16:15:43,826] {dag.py:2919} INFO - Setting next_dagrun for example_external_task_marker_parent to None, run_after=None
[2023-07-01 16:15:43,841] {processor.py:161} INFO - Processing /home/airflow/.local/lib/python3.7/site-packages/airflow/example_dags/example_external_task_marker_dag.py took 0.216 seconds
[2023-07-01 16:16:14,151] {processor.py:153} INFO - Started process (PID=123) to work on /home/airflow/.local/lib/python3.7/site-packages/airflow/example_dags/example_external_task_marker_dag.py
[2023-07-01 16:16:14,151] {processor.py:641} INFO - Processing file /home/airflow/.local/lib/python3.7/site-packages/airflow/example_dags/example_external_task_marker_dag.py for tasks to queue
[2023-07-01 16:16:14,152] {logging_mixin.py:115} INFO - [2023-07-01 16:16:14,152] {dagbag.py:507} INFO - Filling up the DagBag from /home/airflow/.local/lib/python3.7/site-packages/airflow/example_dags/example_external_task_marker_dag.py
[2023-07-01 16:16:14,155] {processor.py:651} INFO - DAG(s) dict_keys(['example_external_task_marker_parent', 'example_external_task_marker_child']) retrieved from /home/airflow/.local/lib/python3.7/site-packages/airflow/example_dags/example_external_task_marker_dag.py
[2023-07-01 16:16:14,183] {logging_mixin.py:115} INFO - [2023-07-01 16:16:14,183] {dag.py:2371} INFO - Sync 2 DAGs
[2023-07-01 16:16:14,196] {logging_mixin.py:115} INFO - [2023-07-01 16:16:14,196] {dag.py:2919} INFO - Setting next_dagrun for example_external_task_marker_child to None, run_after=None
[2023-07-01 16:16:14,197] {logging_mixin.py:115} INFO - [2023-07-01 16:16:14,197] {dag.py:2919} INFO - Setting next_dagrun for example_external_task_marker_parent to None, run_after=None
[2023-07-01 16:16:14,203] {processor.py:161} INFO - Processing /home/airflow/.local/lib/python3.7/site-packages/airflow/example_dags/example_external_task_marker_dag.py took 0.055 seconds
[2023-07-01 16:16:44,622] {processor.py:153} INFO - Started process (PID=178) to work on /home/airflow/.local/lib/python3.7/site-packages/airflow/example_dags/example_external_task_marker_dag.py
[2023-07-01 16:16:44,623] {processor.py:641} INFO - Processing file /home/airflow/.local/lib/python3.7/site-packages/airflow/example_dags/example_external_task_marker_dag.py for tasks to queue
[2023-07-01 16:16:44,624] {logging_mixin.py:115} INFO - [2023-07-01 16:16:44,624] {dagbag.py:507} INFO - Filling up the DagBag from /home/airflow/.local/lib/python3.7/site-packages/airflow/example_dags/example_external_task_marker_dag.py
[2023-07-01 16:16:44,627] {processor.py:651} INFO - DAG(s) dict_keys(['example_external_task_marker_parent', 'example_external_task_marker_child']) retrieved from /home/airflow/.local/lib/python3.7/site-packages/airflow/example_dags/example_external_task_marker_dag.py
[2023-07-01 16:16:44,654] {logging_mixin.py:115} INFO - [2023-07-01 16:16:44,654] {dag.py:2371} INFO - Sync 2 DAGs
[2023-07-01 16:16:44,668] {logging_mixin.py:115} INFO - [2023-07-01 16:16:44,668] {dag.py:2919} INFO - Setting next_dagrun for example_external_task_marker_child to None, run_after=None
[2023-07-01 16:16:44,669] {logging_mixin.py:115} INFO - [2023-07-01 16:16:44,669] {dag.py:2919} INFO - Setting next_dagrun for example_external_task_marker_parent to None, run_after=None
[2023-07-01 16:16:44,675] {processor.py:161} INFO - Processing /home/airflow/.local/lib/python3.7/site-packages/airflow/example_dags/example_external_task_marker_dag.py took 0.055 seconds
[2023-07-01 16:17:15,014] {processor.py:153} INFO - Started process (PID=232) to work on /home/airflow/.local/lib/python3.7/site-packages/airflow/example_dags/example_external_task_marker_dag.py
[2023-07-01 16:17:15,015] {processor.py:641} INFO - Processing file /home/airflow/.local/lib/python3.7/site-packages/airflow/example_dags/example_external_task_marker_dag.py for tasks to queue
[2023-07-01 16:17:15,015] {logging_mixin.py:115} INFO - [2023-07-01 16:17:15,015] {dagbag.py:507} INFO - Filling up the DagBag from /home/airflow/.local/lib/python3.7/site-packages/airflow/example_dags/example_external_task_marker_dag.py
[2023-07-01 16:17:15,019] {processor.py:651} INFO - DAG(s) dict_keys(['example_external_task_marker_parent', 'example_external_task_marker_child']) retrieved from /home/airflow/.local/lib/python3.7/site-packages/airflow/example_dags/example_external_task_marker_dag.py
[2023-07-01 16:17:15,046] {logging_mixin.py:115} INFO - [2023-07-01 16:17:15,046] {dag.py:2371} INFO - Sync 2 DAGs
[2023-07-01 16:17:15,060] {logging_mixin.py:115} INFO - [2023-07-01 16:17:15,060] {dag.py:2919} INFO - Setting next_dagrun for example_external_task_marker_child to None, run_after=None
[2023-07-01 16:17:15,060] {logging_mixin.py:115} INFO - [2023-07-01 16:17:15,060] {dag.py:2919} INFO - Setting next_dagrun for example_external_task_marker_parent to None, run_after=None
[2023-07-01 16:17:15,066] {processor.py:161} INFO - Processing /home/airflow/.local/lib/python3.7/site-packages/airflow/example_dags/example_external_task_marker_dag.py took 0.054 seconds
[2023-07-01 16:23:08,221] {processor.py:163} INFO - Started process (PID=209) to work on /home/airflow/.local/lib/python3.6/site-packages/airflow/example_dags/example_external_task_marker_dag.py
[2023-07-01 16:23:08,222] {processor.py:620} INFO - Processing file /home/airflow/.local/lib/python3.6/site-packages/airflow/example_dags/example_external_task_marker_dag.py for tasks to queue
[2023-07-01 16:23:08,224] {logging_mixin.py:109} INFO - [2023-07-01 16:23:08,223] {dagbag.py:500} INFO - Filling up the DagBag from /home/airflow/.local/lib/python3.6/site-packages/airflow/example_dags/example_external_task_marker_dag.py
[2023-07-01 16:23:08,317] {processor.py:632} INFO - DAG(s) dict_keys(['example_external_task_marker_parent', 'example_external_task_marker_child']) retrieved from /home/airflow/.local/lib/python3.6/site-packages/airflow/example_dags/example_external_task_marker_dag.py
[2023-07-01 16:23:09,711] {logging_mixin.py:109} INFO - [2023-07-01 16:23:09,711] {opentelemetry_tracing.py:29} INFO - This service is instrumented using OpenTelemetry. OpenTelemetry could not be imported; please add opentelemetry-api and opentelemetry-instrumentation packages in order to get BigQuery Tracing data.
[2023-07-01 16:23:09,735] {logging_mixin.py:109} INFO - [2023-07-01 16:23:09,735] {providers_manager.py:156} WARNING - Exception when importing 'airflow.providers.google.leveldb.hooks.leveldb.LevelDBHook' from 'apache-airflow-providers-google' package: No module named 'plyvel'
[2023-07-01 16:23:09,979] {logging_mixin.py:109} INFO - [2023-07-01 16:23:09,979] {providers_manager.py:156} WARNING - Exception when importing 'airflow.providers.google.leveldb.hooks.leveldb.LevelDBHook' from 'apache-airflow-providers-google' package: No module named 'plyvel'
[2023-07-01 16:23:09,993] {logging_mixin.py:109} INFO - [2023-07-01 16:23:09,993] {manager.py:496} INFO - Created Permission View: can edit on DAG:example_external_task_marker_parent
[2023-07-01 16:23:09,999] {logging_mixin.py:109} INFO - [2023-07-01 16:23:09,999] {manager.py:496} INFO - Created Permission View: can read on DAG:example_external_task_marker_parent
[2023-07-01 16:23:10,010] {logging_mixin.py:109} INFO - [2023-07-01 16:23:10,010] {manager.py:496} INFO - Created Permission View: can edit on DAG:example_external_task_marker_child
[2023-07-01 16:23:10,016] {logging_mixin.py:109} INFO - [2023-07-01 16:23:10,016] {manager.py:496} INFO - Created Permission View: can read on DAG:example_external_task_marker_child
[2023-07-01 16:23:10,017] {logging_mixin.py:109} INFO - [2023-07-01 16:23:10,017] {dag.py:2389} INFO - Sync 2 DAGs
[2023-07-01 16:23:10,025] {logging_mixin.py:109} INFO - [2023-07-01 16:23:10,024] {dag.py:2408} INFO - Creating ORM DAG for example_external_task_marker_child
[2023-07-01 16:23:10,026] {logging_mixin.py:109} INFO - [2023-07-01 16:23:10,026] {dag.py:2408} INFO - Creating ORM DAG for example_external_task_marker_parent
[2023-07-01 16:23:10,031] {logging_mixin.py:109} INFO - [2023-07-01 16:23:10,031] {dag.py:2914} INFO - Setting next_dagrun for example_external_task_marker_child to None
[2023-07-01 16:23:10,032] {logging_mixin.py:109} INFO - [2023-07-01 16:23:10,032] {dag.py:2914} INFO - Setting next_dagrun for example_external_task_marker_parent to None
[2023-07-01 16:23:10,041] {processor.py:171} INFO - Processing /home/airflow/.local/lib/python3.6/site-packages/airflow/example_dags/example_external_task_marker_dag.py took 1.823 seconds
[2023-07-01 16:23:40,391] {processor.py:163} INFO - Started process (PID=337) to work on /home/airflow/.local/lib/python3.6/site-packages/airflow/example_dags/example_external_task_marker_dag.py
[2023-07-01 16:23:40,393] {processor.py:620} INFO - Processing file /home/airflow/.local/lib/python3.6/site-packages/airflow/example_dags/example_external_task_marker_dag.py for tasks to queue
[2023-07-01 16:23:40,394] {logging_mixin.py:109} INFO - [2023-07-01 16:23:40,394] {dagbag.py:500} INFO - Filling up the DagBag from /home/airflow/.local/lib/python3.6/site-packages/airflow/example_dags/example_external_task_marker_dag.py
[2023-07-01 16:23:40,480] {processor.py:632} INFO - DAG(s) dict_keys(['example_external_task_marker_parent', 'example_external_task_marker_child']) retrieved from /home/airflow/.local/lib/python3.6/site-packages/airflow/example_dags/example_external_task_marker_dag.py
[2023-07-01 16:23:40,492] {logging_mixin.py:109} INFO - [2023-07-01 16:23:40,492] {dag.py:2389} INFO - Sync 2 DAGs
[2023-07-01 16:23:40,502] {logging_mixin.py:109} INFO - [2023-07-01 16:23:40,502] {dag.py:2914} INFO - Setting next_dagrun for example_external_task_marker_child to None
[2023-07-01 16:23:40,503] {logging_mixin.py:109} INFO - [2023-07-01 16:23:40,503] {dag.py:2914} INFO - Setting next_dagrun for example_external_task_marker_parent to None
[2023-07-01 16:23:40,509] {processor.py:171} INFO - Processing /home/airflow/.local/lib/python3.6/site-packages/airflow/example_dags/example_external_task_marker_dag.py took 0.122 seconds
[2023-07-01 16:24:10,892] {processor.py:163} INFO - Started process (PID=393) to work on /home/airflow/.local/lib/python3.6/site-packages/airflow/example_dags/example_external_task_marker_dag.py
[2023-07-01 16:24:10,893] {processor.py:620} INFO - Processing file /home/airflow/.local/lib/python3.6/site-packages/airflow/example_dags/example_external_task_marker_dag.py for tasks to queue
[2023-07-01 16:24:10,895] {logging_mixin.py:109} INFO - [2023-07-01 16:24:10,894] {dagbag.py:500} INFO - Filling up the DagBag from /home/airflow/.local/lib/python3.6/site-packages/airflow/example_dags/example_external_task_marker_dag.py
[2023-07-01 16:24:10,986] {processor.py:632} INFO - DAG(s) dict_keys(['example_external_task_marker_parent', 'example_external_task_marker_child']) retrieved from /home/airflow/.local/lib/python3.6/site-packages/airflow/example_dags/example_external_task_marker_dag.py
[2023-07-01 16:24:10,997] {logging_mixin.py:109} INFO - [2023-07-01 16:24:10,997] {dag.py:2389} INFO - Sync 2 DAGs
[2023-07-01 16:24:11,007] {logging_mixin.py:109} INFO - [2023-07-01 16:24:11,007] {dag.py:2914} INFO - Setting next_dagrun for example_external_task_marker_child to None
[2023-07-01 16:24:11,008] {logging_mixin.py:109} INFO - [2023-07-01 16:24:11,008] {dag.py:2914} INFO - Setting next_dagrun for example_external_task_marker_parent to None
[2023-07-01 16:24:11,015] {processor.py:171} INFO - Processing /home/airflow/.local/lib/python3.6/site-packages/airflow/example_dags/example_external_task_marker_dag.py took 0.126 seconds
[2023-07-01 16:24:41,122] {processor.py:163} INFO - Started process (PID=447) to work on /home/airflow/.local/lib/python3.6/site-packages/airflow/example_dags/example_external_task_marker_dag.py
[2023-07-01 16:24:41,123] {processor.py:620} INFO - Processing file /home/airflow/.local/lib/python3.6/site-packages/airflow/example_dags/example_external_task_marker_dag.py for tasks to queue
[2023-07-01 16:24:41,124] {logging_mixin.py:109} INFO - [2023-07-01 16:24:41,124] {dagbag.py:500} INFO - Filling up the DagBag from /home/airflow/.local/lib/python3.6/site-packages/airflow/example_dags/example_external_task_marker_dag.py
[2023-07-01 16:24:41,152] {processor.py:632} INFO - DAG(s) dict_keys(['example_external_task_marker_parent', 'example_external_task_marker_child']) retrieved from /home/airflow/.local/lib/python3.6/site-packages/airflow/example_dags/example_external_task_marker_dag.py
[2023-07-01 16:24:41,165] {logging_mixin.py:109} INFO - [2023-07-01 16:24:41,165] {dag.py:2389} INFO - Sync 2 DAGs
[2023-07-01 16:24:41,177] {logging_mixin.py:109} INFO - [2023-07-01 16:24:41,177] {dag.py:2914} INFO - Setting next_dagrun for example_external_task_marker_child to None
[2023-07-01 16:24:41,178] {logging_mixin.py:109} INFO - [2023-07-01 16:24:41,178] {dag.py:2914} INFO - Setting next_dagrun for example_external_task_marker_parent to None
[2023-07-01 16:24:41,185] {processor.py:171} INFO - Processing /home/airflow/.local/lib/python3.6/site-packages/airflow/example_dags/example_external_task_marker_dag.py took 0.067 seconds
[2023-07-01 16:25:11,272] {processor.py:163} INFO - Started process (PID=501) to work on /home/airflow/.local/lib/python3.6/site-packages/airflow/example_dags/example_external_task_marker_dag.py
[2023-07-01 16:25:11,273] {processor.py:620} INFO - Processing file /home/airflow/.local/lib/python3.6/site-packages/airflow/example_dags/example_external_task_marker_dag.py for tasks to queue
[2023-07-01 16:25:11,275] {logging_mixin.py:109} INFO - [2023-07-01 16:25:11,274] {dagbag.py:500} INFO - Filling up the DagBag from /home/airflow/.local/lib/python3.6/site-packages/airflow/example_dags/example_external_task_marker_dag.py
[2023-07-01 16:25:11,303] {processor.py:632} INFO - DAG(s) dict_keys(['example_external_task_marker_parent', 'example_external_task_marker_child']) retrieved from /home/airflow/.local/lib/python3.6/site-packages/airflow/example_dags/example_external_task_marker_dag.py
[2023-07-01 16:25:11,315] {logging_mixin.py:109} INFO - [2023-07-01 16:25:11,315] {dag.py:2389} INFO - Sync 2 DAGs
[2023-07-01 16:25:11,327] {logging_mixin.py:109} INFO - [2023-07-01 16:25:11,327] {dag.py:2914} INFO - Setting next_dagrun for example_external_task_marker_child to None
[2023-07-01 16:25:11,328] {logging_mixin.py:109} INFO - [2023-07-01 16:25:11,328] {dag.py:2914} INFO - Setting next_dagrun for example_external_task_marker_parent to None
[2023-07-01 16:25:11,334] {processor.py:171} INFO - Processing /home/airflow/.local/lib/python3.6/site-packages/airflow/example_dags/example_external_task_marker_dag.py took 0.066 seconds
[2023-07-01 16:25:41,374] {processor.py:163} INFO - Started process (PID=554) to work on /home/airflow/.local/lib/python3.6/site-packages/airflow/example_dags/example_external_task_marker_dag.py
[2023-07-01 16:25:41,375] {processor.py:620} INFO - Processing file /home/airflow/.local/lib/python3.6/site-packages/airflow/example_dags/example_external_task_marker_dag.py for tasks to queue
[2023-07-01 16:25:41,376] {logging_mixin.py:109} INFO - [2023-07-01 16:25:41,376] {dagbag.py:500} INFO - Filling up the DagBag from /home/airflow/.local/lib/python3.6/site-packages/airflow/example_dags/example_external_task_marker_dag.py
[2023-07-01 16:25:41,402] {processor.py:632} INFO - DAG(s) dict_keys(['example_external_task_marker_parent', 'example_external_task_marker_child']) retrieved from /home/airflow/.local/lib/python3.6/site-packages/airflow/example_dags/example_external_task_marker_dag.py
[2023-07-01 16:25:41,415] {logging_mixin.py:109} INFO - [2023-07-01 16:25:41,414] {dag.py:2389} INFO - Sync 2 DAGs
[2023-07-01 16:25:41,426] {logging_mixin.py:109} INFO - [2023-07-01 16:25:41,426] {dag.py:2914} INFO - Setting next_dagrun for example_external_task_marker_child to None
[2023-07-01 16:25:41,426] {logging_mixin.py:109} INFO - [2023-07-01 16:25:41,426] {dag.py:2914} INFO - Setting next_dagrun for example_external_task_marker_parent to None
[2023-07-01 16:25:41,433] {processor.py:171} INFO - Processing /home/airflow/.local/lib/python3.6/site-packages/airflow/example_dags/example_external_task_marker_dag.py took 0.063 seconds
[2023-07-01 16:26:12,185] {processor.py:163} INFO - Started process (PID=607) to work on /home/airflow/.local/lib/python3.6/site-packages/airflow/example_dags/example_external_task_marker_dag.py
[2023-07-01 16:26:12,187] {processor.py:620} INFO - Processing file /home/airflow/.local/lib/python3.6/site-packages/airflow/example_dags/example_external_task_marker_dag.py for tasks to queue
[2023-07-01 16:26:12,188] {logging_mixin.py:109} INFO - [2023-07-01 16:26:12,188] {dagbag.py:500} INFO - Filling up the DagBag from /home/airflow/.local/lib/python3.6/site-packages/airflow/example_dags/example_external_task_marker_dag.py
[2023-07-01 16:26:12,219] {processor.py:632} INFO - DAG(s) dict_keys(['example_external_task_marker_parent', 'example_external_task_marker_child']) retrieved from /home/airflow/.local/lib/python3.6/site-packages/airflow/example_dags/example_external_task_marker_dag.py
[2023-07-01 16:26:12,232] {logging_mixin.py:109} INFO - [2023-07-01 16:26:12,232] {dag.py:2389} INFO - Sync 2 DAGs
[2023-07-01 16:26:12,243] {logging_mixin.py:109} INFO - [2023-07-01 16:26:12,243] {dag.py:2914} INFO - Setting next_dagrun for example_external_task_marker_child to None
[2023-07-01 16:26:12,244] {logging_mixin.py:109} INFO - [2023-07-01 16:26:12,244] {dag.py:2914} INFO - Setting next_dagrun for example_external_task_marker_parent to None
[2023-07-01 16:26:12,250] {processor.py:171} INFO - Processing /home/airflow/.local/lib/python3.6/site-packages/airflow/example_dags/example_external_task_marker_dag.py took 0.070 seconds
[2023-07-01 16:26:43,193] {processor.py:163} INFO - Started process (PID=662) to work on /home/airflow/.local/lib/python3.6/site-packages/airflow/example_dags/example_external_task_marker_dag.py
[2023-07-01 16:26:43,195] {processor.py:620} INFO - Processing file /home/airflow/.local/lib/python3.6/site-packages/airflow/example_dags/example_external_task_marker_dag.py for tasks to queue
[2023-07-01 16:26:43,196] {logging_mixin.py:109} INFO - [2023-07-01 16:26:43,196] {dagbag.py:500} INFO - Filling up the DagBag from /home/airflow/.local/lib/python3.6/site-packages/airflow/example_dags/example_external_task_marker_dag.py
[2023-07-01 16:26:43,223] {processor.py:632} INFO - DAG(s) dict_keys(['example_external_task_marker_parent', 'example_external_task_marker_child']) retrieved from /home/airflow/.local/lib/python3.6/site-packages/airflow/example_dags/example_external_task_marker_dag.py
[2023-07-01 16:26:43,236] {logging_mixin.py:109} INFO - [2023-07-01 16:26:43,236] {dag.py:2389} INFO - Sync 2 DAGs
[2023-07-01 16:26:43,247] {logging_mixin.py:109} INFO - [2023-07-01 16:26:43,246] {dag.py:2914} INFO - Setting next_dagrun for example_external_task_marker_child to None
[2023-07-01 16:26:43,247] {logging_mixin.py:109} INFO - [2023-07-01 16:26:43,247] {dag.py:2914} INFO - Setting next_dagrun for example_external_task_marker_parent to None
[2023-07-01 16:26:43,254] {processor.py:171} INFO - Processing /home/airflow/.local/lib/python3.6/site-packages/airflow/example_dags/example_external_task_marker_dag.py took 0.064 seconds
