[2023-07-01 16:15:43,222] {processor.py:153} INFO - Started process (PID=64) to work on /home/airflow/.local/lib/python3.7/site-packages/airflow/example_dags/tutorial.py
[2023-07-01 16:15:43,226] {processor.py:641} INFO - Processing file /home/airflow/.local/lib/python3.7/site-packages/airflow/example_dags/tutorial.py for tasks to queue
[2023-07-01 16:15:43,227] {logging_mixin.py:115} INFO - [2023-07-01 16:15:43,227] {dagbag.py:507} INFO - Filling up the DagBag from /home/airflow/.local/lib/python3.7/site-packages/airflow/example_dags/tutorial.py
[2023-07-01 16:15:43,238] {processor.py:651} INFO - DAG(s) dict_keys(['tutorial']) retrieved from /home/airflow/.local/lib/python3.7/site-packages/airflow/example_dags/tutorial.py
[2023-07-01 16:15:43,328] {logging_mixin.py:115} INFO - [2023-07-01 16:15:43,328] {manager.py:508} INFO - Created Permission View: can edit on DAG:tutorial
[2023-07-01 16:15:43,335] {logging_mixin.py:115} INFO - [2023-07-01 16:15:43,335] {manager.py:508} INFO - Created Permission View: can delete on DAG:tutorial
[2023-07-01 16:15:43,342] {logging_mixin.py:115} INFO - [2023-07-01 16:15:43,342] {manager.py:508} INFO - Created Permission View: can read on DAG:tutorial
[2023-07-01 16:15:43,342] {logging_mixin.py:115} INFO - [2023-07-01 16:15:43,342] {dag.py:2371} INFO - Sync 1 DAGs
[2023-07-01 16:15:43,352] {logging_mixin.py:115} INFO - [2023-07-01 16:15:43,352] {dag.py:2390} INFO - Creating ORM DAG for tutorial
[2023-07-01 16:15:43,361] {logging_mixin.py:115} INFO - [2023-07-01 16:15:43,361] {dag.py:2919} INFO - Setting next_dagrun for tutorial to 2023-06-30T16:15:43.360985+00:00, run_after=2023-07-01T16:15:43.360985+00:00
[2023-07-01 16:15:43,374] {processor.py:161} INFO - Processing /home/airflow/.local/lib/python3.7/site-packages/airflow/example_dags/tutorial.py took 0.155 seconds
[2023-07-01 16:16:14,008] {processor.py:153} INFO - Started process (PID=119) to work on /home/airflow/.local/lib/python3.7/site-packages/airflow/example_dags/tutorial.py
[2023-07-01 16:16:14,009] {processor.py:641} INFO - Processing file /home/airflow/.local/lib/python3.7/site-packages/airflow/example_dags/tutorial.py for tasks to queue
[2023-07-01 16:16:14,009] {logging_mixin.py:115} INFO - [2023-07-01 16:16:14,009] {dagbag.py:507} INFO - Filling up the DagBag from /home/airflow/.local/lib/python3.7/site-packages/airflow/example_dags/tutorial.py
[2023-07-01 16:16:14,014] {processor.py:651} INFO - DAG(s) dict_keys(['tutorial']) retrieved from /home/airflow/.local/lib/python3.7/site-packages/airflow/example_dags/tutorial.py
[2023-07-01 16:16:14,033] {logging_mixin.py:115} INFO - [2023-07-01 16:16:14,033] {dag.py:2371} INFO - Sync 1 DAGs
[2023-07-01 16:16:14,047] {logging_mixin.py:115} INFO - [2023-07-01 16:16:14,047] {dag.py:2919} INFO - Setting next_dagrun for tutorial to 2023-06-30T16:16:14.047205+00:00, run_after=2023-07-01T16:16:14.047205+00:00
[2023-07-01 16:16:14,054] {processor.py:161} INFO - Processing /home/airflow/.local/lib/python3.7/site-packages/airflow/example_dags/tutorial.py took 0.048 seconds
[2023-07-01 16:16:44,480] {processor.py:153} INFO - Started process (PID=174) to work on /home/airflow/.local/lib/python3.7/site-packages/airflow/example_dags/tutorial.py
[2023-07-01 16:16:44,481] {processor.py:641} INFO - Processing file /home/airflow/.local/lib/python3.7/site-packages/airflow/example_dags/tutorial.py for tasks to queue
[2023-07-01 16:16:44,481] {logging_mixin.py:115} INFO - [2023-07-01 16:16:44,481] {dagbag.py:507} INFO - Filling up the DagBag from /home/airflow/.local/lib/python3.7/site-packages/airflow/example_dags/tutorial.py
[2023-07-01 16:16:44,485] {processor.py:651} INFO - DAG(s) dict_keys(['tutorial']) retrieved from /home/airflow/.local/lib/python3.7/site-packages/airflow/example_dags/tutorial.py
[2023-07-01 16:16:44,503] {logging_mixin.py:115} INFO - [2023-07-01 16:16:44,503] {dag.py:2371} INFO - Sync 1 DAGs
[2023-07-01 16:16:44,517] {logging_mixin.py:115} INFO - [2023-07-01 16:16:44,517] {dag.py:2919} INFO - Setting next_dagrun for tutorial to 2023-06-30T16:16:44.517533+00:00, run_after=2023-07-01T16:16:44.517533+00:00
[2023-07-01 16:16:44,524] {processor.py:161} INFO - Processing /home/airflow/.local/lib/python3.7/site-packages/airflow/example_dags/tutorial.py took 0.046 seconds
[2023-07-01 16:17:14,873] {processor.py:153} INFO - Started process (PID=228) to work on /home/airflow/.local/lib/python3.7/site-packages/airflow/example_dags/tutorial.py
[2023-07-01 16:17:14,874] {processor.py:641} INFO - Processing file /home/airflow/.local/lib/python3.7/site-packages/airflow/example_dags/tutorial.py for tasks to queue
[2023-07-01 16:17:14,875] {logging_mixin.py:115} INFO - [2023-07-01 16:17:14,875] {dagbag.py:507} INFO - Filling up the DagBag from /home/airflow/.local/lib/python3.7/site-packages/airflow/example_dags/tutorial.py
[2023-07-01 16:17:14,879] {processor.py:651} INFO - DAG(s) dict_keys(['tutorial']) retrieved from /home/airflow/.local/lib/python3.7/site-packages/airflow/example_dags/tutorial.py
[2023-07-01 16:17:14,896] {logging_mixin.py:115} INFO - [2023-07-01 16:17:14,896] {dag.py:2371} INFO - Sync 1 DAGs
[2023-07-01 16:17:14,910] {logging_mixin.py:115} INFO - [2023-07-01 16:17:14,909] {dag.py:2919} INFO - Setting next_dagrun for tutorial to 2023-06-30T16:17:14.909658+00:00, run_after=2023-07-01T16:17:14.909658+00:00
[2023-07-01 16:17:14,917] {processor.py:161} INFO - Processing /home/airflow/.local/lib/python3.7/site-packages/airflow/example_dags/tutorial.py took 0.046 seconds
[2023-07-01 16:23:04,648] {processor.py:163} INFO - Started process (PID=185) to work on /home/airflow/.local/lib/python3.6/site-packages/airflow/example_dags/tutorial.py
[2023-07-01 16:23:04,650] {processor.py:620} INFO - Processing file /home/airflow/.local/lib/python3.6/site-packages/airflow/example_dags/tutorial.py for tasks to queue
[2023-07-01 16:23:04,650] {logging_mixin.py:109} INFO - [2023-07-01 16:23:04,650] {dagbag.py:500} INFO - Filling up the DagBag from /home/airflow/.local/lib/python3.6/site-packages/airflow/example_dags/tutorial.py
[2023-07-01 16:23:04,738] {processor.py:632} INFO - DAG(s) dict_keys(['tutorial']) retrieved from /home/airflow/.local/lib/python3.6/site-packages/airflow/example_dags/tutorial.py
[2023-07-01 16:23:06,088] {logging_mixin.py:109} INFO - [2023-07-01 16:23:06,088] {opentelemetry_tracing.py:29} INFO - This service is instrumented using OpenTelemetry. OpenTelemetry could not be imported; please add opentelemetry-api and opentelemetry-instrumentation packages in order to get BigQuery Tracing data.
[2023-07-01 16:23:06,111] {logging_mixin.py:109} INFO - [2023-07-01 16:23:06,111] {providers_manager.py:156} WARNING - Exception when importing 'airflow.providers.google.leveldb.hooks.leveldb.LevelDBHook' from 'apache-airflow-providers-google' package: No module named 'plyvel'
[2023-07-01 16:23:06,340] {logging_mixin.py:109} INFO - [2023-07-01 16:23:06,340] {providers_manager.py:156} WARNING - Exception when importing 'airflow.providers.google.leveldb.hooks.leveldb.LevelDBHook' from 'apache-airflow-providers-google' package: No module named 'plyvel'
[2023-07-01 16:23:06,355] {logging_mixin.py:109} INFO - [2023-07-01 16:23:06,355] {manager.py:496} INFO - Created Permission View: can edit on DAG:tutorial
[2023-07-01 16:23:06,361] {logging_mixin.py:109} INFO - [2023-07-01 16:23:06,361] {manager.py:496} INFO - Created Permission View: can read on DAG:tutorial
[2023-07-01 16:23:06,362] {logging_mixin.py:109} INFO - [2023-07-01 16:23:06,362] {dag.py:2389} INFO - Sync 1 DAGs
[2023-07-01 16:23:06,370] {logging_mixin.py:109} INFO - [2023-07-01 16:23:06,369] {dag.py:2408} INFO - Creating ORM DAG for tutorial
[2023-07-01 16:23:06,375] {logging_mixin.py:109} INFO - [2023-07-01 16:23:06,375] {dag.py:2914} INFO - Setting next_dagrun for tutorial to 2023-06-30T16:23:06.374522+00:00
[2023-07-01 16:23:06,383] {processor.py:171} INFO - Processing /home/airflow/.local/lib/python3.6/site-packages/airflow/example_dags/tutorial.py took 1.737 seconds
[2023-07-01 16:23:37,040] {processor.py:163} INFO - Started process (PID=333) to work on /home/airflow/.local/lib/python3.6/site-packages/airflow/example_dags/tutorial.py
[2023-07-01 16:23:37,042] {processor.py:620} INFO - Processing file /home/airflow/.local/lib/python3.6/site-packages/airflow/example_dags/tutorial.py for tasks to queue
[2023-07-01 16:23:37,043] {logging_mixin.py:109} INFO - [2023-07-01 16:23:37,043] {dagbag.py:500} INFO - Filling up the DagBag from /home/airflow/.local/lib/python3.6/site-packages/airflow/example_dags/tutorial.py
[2023-07-01 16:23:37,135] {processor.py:632} INFO - DAG(s) dict_keys(['tutorial']) retrieved from /home/airflow/.local/lib/python3.6/site-packages/airflow/example_dags/tutorial.py
[2023-07-01 16:23:37,144] {logging_mixin.py:109} INFO - [2023-07-01 16:23:37,144] {dag.py:2389} INFO - Sync 1 DAGs
[2023-07-01 16:23:37,155] {logging_mixin.py:109} INFO - [2023-07-01 16:23:37,155] {dag.py:2914} INFO - Setting next_dagrun for tutorial to 2023-06-30T16:23:37.155172+00:00
[2023-07-01 16:23:37,163] {processor.py:171} INFO - Processing /home/airflow/.local/lib/python3.6/site-packages/airflow/example_dags/tutorial.py took 0.125 seconds
[2023-07-01 16:24:07,594] {processor.py:163} INFO - Started process (PID=389) to work on /home/airflow/.local/lib/python3.6/site-packages/airflow/example_dags/tutorial.py
[2023-07-01 16:24:07,596] {processor.py:620} INFO - Processing file /home/airflow/.local/lib/python3.6/site-packages/airflow/example_dags/tutorial.py for tasks to queue
[2023-07-01 16:24:07,597] {logging_mixin.py:109} INFO - [2023-07-01 16:24:07,597] {dagbag.py:500} INFO - Filling up the DagBag from /home/airflow/.local/lib/python3.6/site-packages/airflow/example_dags/tutorial.py
[2023-07-01 16:24:07,684] {processor.py:632} INFO - DAG(s) dict_keys(['tutorial']) retrieved from /home/airflow/.local/lib/python3.6/site-packages/airflow/example_dags/tutorial.py
[2023-07-01 16:24:07,693] {logging_mixin.py:109} INFO - [2023-07-01 16:24:07,693] {dag.py:2389} INFO - Sync 1 DAGs
[2023-07-01 16:24:07,703] {logging_mixin.py:109} INFO - [2023-07-01 16:24:07,703] {dag.py:2914} INFO - Setting next_dagrun for tutorial to 2023-06-30T16:24:07.702678+00:00
[2023-07-01 16:24:07,708] {processor.py:171} INFO - Processing /home/airflow/.local/lib/python3.6/site-packages/airflow/example_dags/tutorial.py took 0.118 seconds
[2023-07-01 16:24:37,927] {processor.py:163} INFO - Started process (PID=443) to work on /home/airflow/.local/lib/python3.6/site-packages/airflow/example_dags/tutorial.py
[2023-07-01 16:24:37,928] {processor.py:620} INFO - Processing file /home/airflow/.local/lib/python3.6/site-packages/airflow/example_dags/tutorial.py for tasks to queue
[2023-07-01 16:24:37,929] {logging_mixin.py:109} INFO - [2023-07-01 16:24:37,929] {dagbag.py:500} INFO - Filling up the DagBag from /home/airflow/.local/lib/python3.6/site-packages/airflow/example_dags/tutorial.py
[2023-07-01 16:24:37,958] {processor.py:632} INFO - DAG(s) dict_keys(['tutorial']) retrieved from /home/airflow/.local/lib/python3.6/site-packages/airflow/example_dags/tutorial.py
[2023-07-01 16:24:37,968] {logging_mixin.py:109} INFO - [2023-07-01 16:24:37,968] {dag.py:2389} INFO - Sync 1 DAGs
[2023-07-01 16:24:37,979] {logging_mixin.py:109} INFO - [2023-07-01 16:24:37,979] {dag.py:2914} INFO - Setting next_dagrun for tutorial to 2023-06-30T16:24:37.978989+00:00
[2023-07-01 16:24:37,986] {processor.py:171} INFO - Processing /home/airflow/.local/lib/python3.6/site-packages/airflow/example_dags/tutorial.py took 0.063 seconds
[2023-07-01 16:25:08,049] {processor.py:163} INFO - Started process (PID=497) to work on /home/airflow/.local/lib/python3.6/site-packages/airflow/example_dags/tutorial.py
[2023-07-01 16:25:08,051] {processor.py:620} INFO - Processing file /home/airflow/.local/lib/python3.6/site-packages/airflow/example_dags/tutorial.py for tasks to queue
[2023-07-01 16:25:08,052] {logging_mixin.py:109} INFO - [2023-07-01 16:25:08,052] {dagbag.py:500} INFO - Filling up the DagBag from /home/airflow/.local/lib/python3.6/site-packages/airflow/example_dags/tutorial.py
[2023-07-01 16:25:08,079] {processor.py:632} INFO - DAG(s) dict_keys(['tutorial']) retrieved from /home/airflow/.local/lib/python3.6/site-packages/airflow/example_dags/tutorial.py
[2023-07-01 16:25:08,090] {logging_mixin.py:109} INFO - [2023-07-01 16:25:08,089] {dag.py:2389} INFO - Sync 1 DAGs
[2023-07-01 16:25:08,100] {logging_mixin.py:109} INFO - [2023-07-01 16:25:08,100] {dag.py:2914} INFO - Setting next_dagrun for tutorial to 2023-06-30T16:25:08.100211+00:00
[2023-07-01 16:25:08,107] {processor.py:171} INFO - Processing /home/airflow/.local/lib/python3.6/site-packages/airflow/example_dags/tutorial.py took 0.061 seconds
[2023-07-01 16:25:38,169] {processor.py:163} INFO - Started process (PID=550) to work on /home/airflow/.local/lib/python3.6/site-packages/airflow/example_dags/tutorial.py
[2023-07-01 16:25:38,170] {processor.py:620} INFO - Processing file /home/airflow/.local/lib/python3.6/site-packages/airflow/example_dags/tutorial.py for tasks to queue
[2023-07-01 16:25:38,171] {logging_mixin.py:109} INFO - [2023-07-01 16:25:38,171] {dagbag.py:500} INFO - Filling up the DagBag from /home/airflow/.local/lib/python3.6/site-packages/airflow/example_dags/tutorial.py
[2023-07-01 16:25:38,200] {processor.py:632} INFO - DAG(s) dict_keys(['tutorial']) retrieved from /home/airflow/.local/lib/python3.6/site-packages/airflow/example_dags/tutorial.py
[2023-07-01 16:25:38,210] {logging_mixin.py:109} INFO - [2023-07-01 16:25:38,210] {dag.py:2389} INFO - Sync 1 DAGs
[2023-07-01 16:25:38,221] {logging_mixin.py:109} INFO - [2023-07-01 16:25:38,221] {dag.py:2914} INFO - Setting next_dagrun for tutorial to 2023-06-30T16:25:38.220794+00:00
[2023-07-01 16:25:38,227] {processor.py:171} INFO - Processing /home/airflow/.local/lib/python3.6/site-packages/airflow/example_dags/tutorial.py took 0.062 seconds
[2023-07-01 16:26:09,033] {processor.py:163} INFO - Started process (PID=603) to work on /home/airflow/.local/lib/python3.6/site-packages/airflow/example_dags/tutorial.py
[2023-07-01 16:26:09,035] {processor.py:620} INFO - Processing file /home/airflow/.local/lib/python3.6/site-packages/airflow/example_dags/tutorial.py for tasks to queue
[2023-07-01 16:26:09,037] {logging_mixin.py:109} INFO - [2023-07-01 16:26:09,037] {dagbag.py:500} INFO - Filling up the DagBag from /home/airflow/.local/lib/python3.6/site-packages/airflow/example_dags/tutorial.py
[2023-07-01 16:26:09,074] {processor.py:632} INFO - DAG(s) dict_keys(['tutorial']) retrieved from /home/airflow/.local/lib/python3.6/site-packages/airflow/example_dags/tutorial.py
[2023-07-01 16:26:09,084] {logging_mixin.py:109} INFO - [2023-07-01 16:26:09,084] {dag.py:2389} INFO - Sync 1 DAGs
[2023-07-01 16:26:09,096] {logging_mixin.py:109} INFO - [2023-07-01 16:26:09,096] {dag.py:2914} INFO - Setting next_dagrun for tutorial to 2023-06-30T16:26:09.095603+00:00
[2023-07-01 16:26:09,103] {processor.py:171} INFO - Processing /home/airflow/.local/lib/python3.6/site-packages/airflow/example_dags/tutorial.py took 0.076 seconds
[2023-07-01 16:26:40,008] {processor.py:163} INFO - Started process (PID=658) to work on /home/airflow/.local/lib/python3.6/site-packages/airflow/example_dags/tutorial.py
[2023-07-01 16:26:40,010] {processor.py:620} INFO - Processing file /home/airflow/.local/lib/python3.6/site-packages/airflow/example_dags/tutorial.py for tasks to queue
[2023-07-01 16:26:40,011] {logging_mixin.py:109} INFO - [2023-07-01 16:26:40,011] {dagbag.py:500} INFO - Filling up the DagBag from /home/airflow/.local/lib/python3.6/site-packages/airflow/example_dags/tutorial.py
[2023-07-01 16:26:40,046] {processor.py:632} INFO - DAG(s) dict_keys(['tutorial']) retrieved from /home/airflow/.local/lib/python3.6/site-packages/airflow/example_dags/tutorial.py
[2023-07-01 16:26:40,056] {logging_mixin.py:109} INFO - [2023-07-01 16:26:40,056] {dag.py:2389} INFO - Sync 1 DAGs
[2023-07-01 16:26:40,067] {logging_mixin.py:109} INFO - [2023-07-01 16:26:40,067] {dag.py:2914} INFO - Setting next_dagrun for tutorial to 2023-06-30T16:26:40.067176+00:00
[2023-07-01 16:26:40,074] {processor.py:171} INFO - Processing /home/airflow/.local/lib/python3.6/site-packages/airflow/example_dags/tutorial.py took 0.071 seconds
