[2023-07-01 16:15:43,082] {processor.py:153} INFO - Started process (PID=63) to work on /home/airflow/.local/lib/python3.7/site-packages/airflow/example_dags/tutorial_taskflow_api_etl_virtualenv.py
[2023-07-01 16:15:43,086] {processor.py:641} INFO - Processing file /home/airflow/.local/lib/python3.7/site-packages/airflow/example_dags/tutorial_taskflow_api_etl_virtualenv.py for tasks to queue
[2023-07-01 16:15:43,087] {logging_mixin.py:115} INFO - [2023-07-01 16:15:43,087] {dagbag.py:507} INFO - Filling up the DagBag from /home/airflow/.local/lib/python3.7/site-packages/airflow/example_dags/tutorial_taskflow_api_etl_virtualenv.py
[2023-07-01 16:15:43,109] {processor.py:651} INFO - DAG(s) dict_keys(['tutorial_taskflow_api_etl_virtualenv']) retrieved from /home/airflow/.local/lib/python3.7/site-packages/airflow/example_dags/tutorial_taskflow_api_etl_virtualenv.py
[2023-07-01 16:15:43,171] {logging_mixin.py:115} INFO - [2023-07-01 16:15:43,171] {manager.py:508} INFO - Created Permission View: can edit on DAG:tutorial_taskflow_api_etl_virtualenv
[2023-07-01 16:15:43,178] {logging_mixin.py:115} INFO - [2023-07-01 16:15:43,178] {manager.py:508} INFO - Created Permission View: can delete on DAG:tutorial_taskflow_api_etl_virtualenv
[2023-07-01 16:15:43,197] {logging_mixin.py:115} INFO - [2023-07-01 16:15:43,197] {manager.py:508} INFO - Created Permission View: can read on DAG:tutorial_taskflow_api_etl_virtualenv
[2023-07-01 16:15:43,198] {logging_mixin.py:115} INFO - [2023-07-01 16:15:43,198] {dag.py:2371} INFO - Sync 1 DAGs
[2023-07-01 16:15:43,208] {logging_mixin.py:115} INFO - [2023-07-01 16:15:43,208] {dag.py:2390} INFO - Creating ORM DAG for tutorial_taskflow_api_etl_virtualenv
[2023-07-01 16:15:43,223] {logging_mixin.py:115} INFO - [2023-07-01 16:15:43,223] {dag.py:2919} INFO - Setting next_dagrun for tutorial_taskflow_api_etl_virtualenv to None, run_after=None
[2023-07-01 16:15:43,241] {processor.py:161} INFO - Processing /home/airflow/.local/lib/python3.7/site-packages/airflow/example_dags/tutorial_taskflow_api_etl_virtualenv.py took 0.162 seconds
[2023-07-01 16:16:13,964] {processor.py:153} INFO - Started process (PID=118) to work on /home/airflow/.local/lib/python3.7/site-packages/airflow/example_dags/tutorial_taskflow_api_etl_virtualenv.py
[2023-07-01 16:16:13,965] {processor.py:641} INFO - Processing file /home/airflow/.local/lib/python3.7/site-packages/airflow/example_dags/tutorial_taskflow_api_etl_virtualenv.py for tasks to queue
[2023-07-01 16:16:13,966] {logging_mixin.py:115} INFO - [2023-07-01 16:16:13,966] {dagbag.py:507} INFO - Filling up the DagBag from /home/airflow/.local/lib/python3.7/site-packages/airflow/example_dags/tutorial_taskflow_api_etl_virtualenv.py
[2023-07-01 16:16:13,976] {processor.py:651} INFO - DAG(s) dict_keys(['tutorial_taskflow_api_etl_virtualenv']) retrieved from /home/airflow/.local/lib/python3.7/site-packages/airflow/example_dags/tutorial_taskflow_api_etl_virtualenv.py
[2023-07-01 16:16:14,016] {logging_mixin.py:115} INFO - [2023-07-01 16:16:14,016] {dag.py:2371} INFO - Sync 1 DAGs
[2023-07-01 16:16:14,026] {logging_mixin.py:115} INFO - [2023-07-01 16:16:14,026] {dag.py:2919} INFO - Setting next_dagrun for tutorial_taskflow_api_etl_virtualenv to None, run_after=None
[2023-07-01 16:16:14,033] {processor.py:161} INFO - Processing /home/airflow/.local/lib/python3.7/site-packages/airflow/example_dags/tutorial_taskflow_api_etl_virtualenv.py took 0.071 seconds
[2023-07-01 16:16:44,436] {processor.py:153} INFO - Started process (PID=173) to work on /home/airflow/.local/lib/python3.7/site-packages/airflow/example_dags/tutorial_taskflow_api_etl_virtualenv.py
[2023-07-01 16:16:44,437] {processor.py:641} INFO - Processing file /home/airflow/.local/lib/python3.7/site-packages/airflow/example_dags/tutorial_taskflow_api_etl_virtualenv.py for tasks to queue
[2023-07-01 16:16:44,438] {logging_mixin.py:115} INFO - [2023-07-01 16:16:44,438] {dagbag.py:507} INFO - Filling up the DagBag from /home/airflow/.local/lib/python3.7/site-packages/airflow/example_dags/tutorial_taskflow_api_etl_virtualenv.py
[2023-07-01 16:16:44,448] {processor.py:651} INFO - DAG(s) dict_keys(['tutorial_taskflow_api_etl_virtualenv']) retrieved from /home/airflow/.local/lib/python3.7/site-packages/airflow/example_dags/tutorial_taskflow_api_etl_virtualenv.py
[2023-07-01 16:16:44,487] {logging_mixin.py:115} INFO - [2023-07-01 16:16:44,487] {dag.py:2371} INFO - Sync 1 DAGs
[2023-07-01 16:16:44,498] {logging_mixin.py:115} INFO - [2023-07-01 16:16:44,498] {dag.py:2919} INFO - Setting next_dagrun for tutorial_taskflow_api_etl_virtualenv to None, run_after=None
[2023-07-01 16:16:44,505] {processor.py:161} INFO - Processing /home/airflow/.local/lib/python3.7/site-packages/airflow/example_dags/tutorial_taskflow_api_etl_virtualenv.py took 0.071 seconds
[2023-07-01 16:17:14,833] {processor.py:153} INFO - Started process (PID=227) to work on /home/airflow/.local/lib/python3.7/site-packages/airflow/example_dags/tutorial_taskflow_api_etl_virtualenv.py
[2023-07-01 16:17:14,834] {processor.py:641} INFO - Processing file /home/airflow/.local/lib/python3.7/site-packages/airflow/example_dags/tutorial_taskflow_api_etl_virtualenv.py for tasks to queue
[2023-07-01 16:17:14,834] {logging_mixin.py:115} INFO - [2023-07-01 16:17:14,834] {dagbag.py:507} INFO - Filling up the DagBag from /home/airflow/.local/lib/python3.7/site-packages/airflow/example_dags/tutorial_taskflow_api_etl_virtualenv.py
[2023-07-01 16:17:14,844] {processor.py:651} INFO - DAG(s) dict_keys(['tutorial_taskflow_api_etl_virtualenv']) retrieved from /home/airflow/.local/lib/python3.7/site-packages/airflow/example_dags/tutorial_taskflow_api_etl_virtualenv.py
[2023-07-01 16:17:14,884] {logging_mixin.py:115} INFO - [2023-07-01 16:17:14,884] {dag.py:2371} INFO - Sync 1 DAGs
[2023-07-01 16:17:14,894] {logging_mixin.py:115} INFO - [2023-07-01 16:17:14,894] {dag.py:2919} INFO - Setting next_dagrun for tutorial_taskflow_api_etl_virtualenv to None, run_after=None
[2023-07-01 16:17:14,901] {processor.py:161} INFO - Processing /home/airflow/.local/lib/python3.7/site-packages/airflow/example_dags/tutorial_taskflow_api_etl_virtualenv.py took 0.071 seconds
[2023-07-01 16:23:02,959] {processor.py:163} INFO - Started process (PID=167) to work on /home/airflow/.local/lib/python3.6/site-packages/airflow/example_dags/tutorial_taskflow_api_etl_virtualenv.py
[2023-07-01 16:23:02,960] {processor.py:620} INFO - Processing file /home/airflow/.local/lib/python3.6/site-packages/airflow/example_dags/tutorial_taskflow_api_etl_virtualenv.py for tasks to queue
[2023-07-01 16:23:02,961] {logging_mixin.py:109} INFO - [2023-07-01 16:23:02,961] {dagbag.py:500} INFO - Filling up the DagBag from /home/airflow/.local/lib/python3.6/site-packages/airflow/example_dags/tutorial_taskflow_api_etl_virtualenv.py
[2023-07-01 16:23:03,044] {processor.py:632} INFO - DAG(s) dict_keys(['tutorial_taskflow_api_etl_virtualenv']) retrieved from /home/airflow/.local/lib/python3.6/site-packages/airflow/example_dags/tutorial_taskflow_api_etl_virtualenv.py
[2023-07-01 16:23:04,309] {logging_mixin.py:109} INFO - [2023-07-01 16:23:04,309] {opentelemetry_tracing.py:29} INFO - This service is instrumented using OpenTelemetry. OpenTelemetry could not be imported; please add opentelemetry-api and opentelemetry-instrumentation packages in order to get BigQuery Tracing data.
[2023-07-01 16:23:04,334] {logging_mixin.py:109} INFO - [2023-07-01 16:23:04,333] {providers_manager.py:156} WARNING - Exception when importing 'airflow.providers.google.leveldb.hooks.leveldb.LevelDBHook' from 'apache-airflow-providers-google' package: No module named 'plyvel'
[2023-07-01 16:23:04,562] {logging_mixin.py:109} INFO - [2023-07-01 16:23:04,562] {providers_manager.py:156} WARNING - Exception when importing 'airflow.providers.google.leveldb.hooks.leveldb.LevelDBHook' from 'apache-airflow-providers-google' package: No module named 'plyvel'
[2023-07-01 16:23:04,576] {logging_mixin.py:109} INFO - [2023-07-01 16:23:04,575] {manager.py:496} INFO - Created Permission View: can edit on DAG:tutorial_taskflow_api_etl_virtualenv
[2023-07-01 16:23:04,581] {logging_mixin.py:109} INFO - [2023-07-01 16:23:04,581] {manager.py:496} INFO - Created Permission View: can read on DAG:tutorial_taskflow_api_etl_virtualenv
[2023-07-01 16:23:04,582] {logging_mixin.py:109} INFO - [2023-07-01 16:23:04,582] {dag.py:2389} INFO - Sync 1 DAGs
[2023-07-01 16:23:04,589] {logging_mixin.py:109} INFO - [2023-07-01 16:23:04,588] {dag.py:2408} INFO - Creating ORM DAG for tutorial_taskflow_api_etl_virtualenv
[2023-07-01 16:23:04,593] {logging_mixin.py:109} INFO - [2023-07-01 16:23:04,593] {dag.py:2914} INFO - Setting next_dagrun for tutorial_taskflow_api_etl_virtualenv to None
[2023-07-01 16:23:04,601] {processor.py:171} INFO - Processing /home/airflow/.local/lib/python3.6/site-packages/airflow/example_dags/tutorial_taskflow_api_etl_virtualenv.py took 1.645 seconds
[2023-07-01 16:23:34,910] {processor.py:163} INFO - Started process (PID=332) to work on /home/airflow/.local/lib/python3.6/site-packages/airflow/example_dags/tutorial_taskflow_api_etl_virtualenv.py
[2023-07-01 16:23:34,912] {processor.py:620} INFO - Processing file /home/airflow/.local/lib/python3.6/site-packages/airflow/example_dags/tutorial_taskflow_api_etl_virtualenv.py for tasks to queue
[2023-07-01 16:23:34,912] {logging_mixin.py:109} INFO - [2023-07-01 16:23:34,912] {dagbag.py:500} INFO - Filling up the DagBag from /home/airflow/.local/lib/python3.6/site-packages/airflow/example_dags/tutorial_taskflow_api_etl_virtualenv.py
[2023-07-01 16:23:34,995] {processor.py:632} INFO - DAG(s) dict_keys(['tutorial_taskflow_api_etl_virtualenv']) retrieved from /home/airflow/.local/lib/python3.6/site-packages/airflow/example_dags/tutorial_taskflow_api_etl_virtualenv.py
[2023-07-01 16:23:35,127] {logging_mixin.py:109} INFO - [2023-07-01 16:23:35,127] {dag.py:2389} INFO - Sync 1 DAGs
[2023-07-01 16:23:35,136] {logging_mixin.py:109} INFO - [2023-07-01 16:23:35,136] {dag.py:2914} INFO - Setting next_dagrun for tutorial_taskflow_api_etl_virtualenv to None
[2023-07-01 16:23:35,144] {processor.py:171} INFO - Processing /home/airflow/.local/lib/python3.6/site-packages/airflow/example_dags/tutorial_taskflow_api_etl_virtualenv.py took 0.236 seconds
[2023-07-01 16:24:05,442] {processor.py:163} INFO - Started process (PID=388) to work on /home/airflow/.local/lib/python3.6/site-packages/airflow/example_dags/tutorial_taskflow_api_etl_virtualenv.py
[2023-07-01 16:24:05,444] {processor.py:620} INFO - Processing file /home/airflow/.local/lib/python3.6/site-packages/airflow/example_dags/tutorial_taskflow_api_etl_virtualenv.py for tasks to queue
[2023-07-01 16:24:05,445] {logging_mixin.py:109} INFO - [2023-07-01 16:24:05,445] {dagbag.py:500} INFO - Filling up the DagBag from /home/airflow/.local/lib/python3.6/site-packages/airflow/example_dags/tutorial_taskflow_api_etl_virtualenv.py
[2023-07-01 16:24:05,532] {processor.py:632} INFO - DAG(s) dict_keys(['tutorial_taskflow_api_etl_virtualenv']) retrieved from /home/airflow/.local/lib/python3.6/site-packages/airflow/example_dags/tutorial_taskflow_api_etl_virtualenv.py
[2023-07-01 16:24:05,664] {logging_mixin.py:109} INFO - [2023-07-01 16:24:05,664] {dag.py:2389} INFO - Sync 1 DAGs
[2023-07-01 16:24:05,673] {logging_mixin.py:109} INFO - [2023-07-01 16:24:05,673] {dag.py:2914} INFO - Setting next_dagrun for tutorial_taskflow_api_etl_virtualenv to None
[2023-07-01 16:24:05,680] {processor.py:171} INFO - Processing /home/airflow/.local/lib/python3.6/site-packages/airflow/example_dags/tutorial_taskflow_api_etl_virtualenv.py took 0.242 seconds
[2023-07-01 16:24:35,764] {processor.py:163} INFO - Started process (PID=442) to work on /home/airflow/.local/lib/python3.6/site-packages/airflow/example_dags/tutorial_taskflow_api_etl_virtualenv.py
[2023-07-01 16:24:35,765] {processor.py:620} INFO - Processing file /home/airflow/.local/lib/python3.6/site-packages/airflow/example_dags/tutorial_taskflow_api_etl_virtualenv.py for tasks to queue
[2023-07-01 16:24:35,766] {logging_mixin.py:109} INFO - [2023-07-01 16:24:35,766] {dagbag.py:500} INFO - Filling up the DagBag from /home/airflow/.local/lib/python3.6/site-packages/airflow/example_dags/tutorial_taskflow_api_etl_virtualenv.py
[2023-07-01 16:24:35,793] {processor.py:632} INFO - DAG(s) dict_keys(['tutorial_taskflow_api_etl_virtualenv']) retrieved from /home/airflow/.local/lib/python3.6/site-packages/airflow/example_dags/tutorial_taskflow_api_etl_virtualenv.py
[2023-07-01 16:24:35,930] {logging_mixin.py:109} INFO - [2023-07-01 16:24:35,930] {dag.py:2389} INFO - Sync 1 DAGs
[2023-07-01 16:24:35,940] {logging_mixin.py:109} INFO - [2023-07-01 16:24:35,940] {dag.py:2914} INFO - Setting next_dagrun for tutorial_taskflow_api_etl_virtualenv to None
[2023-07-01 16:24:35,948] {processor.py:171} INFO - Processing /home/airflow/.local/lib/python3.6/site-packages/airflow/example_dags/tutorial_taskflow_api_etl_virtualenv.py took 0.187 seconds
[2023-07-01 16:25:06,027] {processor.py:163} INFO - Started process (PID=496) to work on /home/airflow/.local/lib/python3.6/site-packages/airflow/example_dags/tutorial_taskflow_api_etl_virtualenv.py
[2023-07-01 16:25:06,028] {processor.py:620} INFO - Processing file /home/airflow/.local/lib/python3.6/site-packages/airflow/example_dags/tutorial_taskflow_api_etl_virtualenv.py for tasks to queue
[2023-07-01 16:25:06,029] {logging_mixin.py:109} INFO - [2023-07-01 16:25:06,029] {dagbag.py:500} INFO - Filling up the DagBag from /home/airflow/.local/lib/python3.6/site-packages/airflow/example_dags/tutorial_taskflow_api_etl_virtualenv.py
[2023-07-01 16:25:06,055] {processor.py:632} INFO - DAG(s) dict_keys(['tutorial_taskflow_api_etl_virtualenv']) retrieved from /home/airflow/.local/lib/python3.6/site-packages/airflow/example_dags/tutorial_taskflow_api_etl_virtualenv.py
[2023-07-01 16:25:06,193] {logging_mixin.py:109} INFO - [2023-07-01 16:25:06,193] {dag.py:2389} INFO - Sync 1 DAGs
[2023-07-01 16:25:06,203] {logging_mixin.py:109} INFO - [2023-07-01 16:25:06,203] {dag.py:2914} INFO - Setting next_dagrun for tutorial_taskflow_api_etl_virtualenv to None
[2023-07-01 16:25:06,211] {processor.py:171} INFO - Processing /home/airflow/.local/lib/python3.6/site-packages/airflow/example_dags/tutorial_taskflow_api_etl_virtualenv.py took 0.186 seconds
[2023-07-01 16:25:37,162] {processor.py:163} INFO - Started process (PID=549) to work on /home/airflow/.local/lib/python3.6/site-packages/airflow/example_dags/tutorial_taskflow_api_etl_virtualenv.py
[2023-07-01 16:25:37,163] {processor.py:620} INFO - Processing file /home/airflow/.local/lib/python3.6/site-packages/airflow/example_dags/tutorial_taskflow_api_etl_virtualenv.py for tasks to queue
[2023-07-01 16:25:37,164] {logging_mixin.py:109} INFO - [2023-07-01 16:25:37,164] {dagbag.py:500} INFO - Filling up the DagBag from /home/airflow/.local/lib/python3.6/site-packages/airflow/example_dags/tutorial_taskflow_api_etl_virtualenv.py
[2023-07-01 16:25:37,191] {processor.py:632} INFO - DAG(s) dict_keys(['tutorial_taskflow_api_etl_virtualenv']) retrieved from /home/airflow/.local/lib/python3.6/site-packages/airflow/example_dags/tutorial_taskflow_api_etl_virtualenv.py
[2023-07-01 16:25:37,328] {logging_mixin.py:109} INFO - [2023-07-01 16:25:37,328] {dag.py:2389} INFO - Sync 1 DAGs
[2023-07-01 16:25:37,338] {logging_mixin.py:109} INFO - [2023-07-01 16:25:37,338] {dag.py:2914} INFO - Setting next_dagrun for tutorial_taskflow_api_etl_virtualenv to None
[2023-07-01 16:25:37,344] {processor.py:171} INFO - Processing /home/airflow/.local/lib/python3.6/site-packages/airflow/example_dags/tutorial_taskflow_api_etl_virtualenv.py took 0.185 seconds
[2023-07-01 16:26:07,984] {processor.py:163} INFO - Started process (PID=602) to work on /home/airflow/.local/lib/python3.6/site-packages/airflow/example_dags/tutorial_taskflow_api_etl_virtualenv.py
[2023-07-01 16:26:07,985] {processor.py:620} INFO - Processing file /home/airflow/.local/lib/python3.6/site-packages/airflow/example_dags/tutorial_taskflow_api_etl_virtualenv.py for tasks to queue
[2023-07-01 16:26:07,986] {logging_mixin.py:109} INFO - [2023-07-01 16:26:07,986] {dagbag.py:500} INFO - Filling up the DagBag from /home/airflow/.local/lib/python3.6/site-packages/airflow/example_dags/tutorial_taskflow_api_etl_virtualenv.py
[2023-07-01 16:26:08,013] {processor.py:632} INFO - DAG(s) dict_keys(['tutorial_taskflow_api_etl_virtualenv']) retrieved from /home/airflow/.local/lib/python3.6/site-packages/airflow/example_dags/tutorial_taskflow_api_etl_virtualenv.py
[2023-07-01 16:26:08,165] {logging_mixin.py:109} INFO - [2023-07-01 16:26:08,165] {dag.py:2389} INFO - Sync 1 DAGs
[2023-07-01 16:26:08,177] {logging_mixin.py:109} INFO - [2023-07-01 16:26:08,177] {dag.py:2914} INFO - Setting next_dagrun for tutorial_taskflow_api_etl_virtualenv to None
[2023-07-01 16:26:08,185] {processor.py:171} INFO - Processing /home/airflow/.local/lib/python3.6/site-packages/airflow/example_dags/tutorial_taskflow_api_etl_virtualenv.py took 0.203 seconds
[2023-07-01 16:26:38,853] {processor.py:163} INFO - Started process (PID=657) to work on /home/airflow/.local/lib/python3.6/site-packages/airflow/example_dags/tutorial_taskflow_api_etl_virtualenv.py
[2023-07-01 16:26:38,854] {processor.py:620} INFO - Processing file /home/airflow/.local/lib/python3.6/site-packages/airflow/example_dags/tutorial_taskflow_api_etl_virtualenv.py for tasks to queue
[2023-07-01 16:26:38,855] {logging_mixin.py:109} INFO - [2023-07-01 16:26:38,855] {dagbag.py:500} INFO - Filling up the DagBag from /home/airflow/.local/lib/python3.6/site-packages/airflow/example_dags/tutorial_taskflow_api_etl_virtualenv.py
[2023-07-01 16:26:38,882] {processor.py:632} INFO - DAG(s) dict_keys(['tutorial_taskflow_api_etl_virtualenv']) retrieved from /home/airflow/.local/lib/python3.6/site-packages/airflow/example_dags/tutorial_taskflow_api_etl_virtualenv.py
[2023-07-01 16:26:39,030] {logging_mixin.py:109} INFO - [2023-07-01 16:26:39,030] {dag.py:2389} INFO - Sync 1 DAGs
[2023-07-01 16:26:39,041] {logging_mixin.py:109} INFO - [2023-07-01 16:26:39,040] {dag.py:2914} INFO - Setting next_dagrun for tutorial_taskflow_api_etl_virtualenv to None
[2023-07-01 16:26:39,049] {processor.py:171} INFO - Processing /home/airflow/.local/lib/python3.6/site-packages/airflow/example_dags/tutorial_taskflow_api_etl_virtualenv.py took 0.199 seconds
