[2023-07-09T06:52:27.175+0000] {processor.py:157} INFO - Started process (PID=38) to work on /opt/airflow/dags/seed_library.py
[2023-07-09T06:52:27.181+0000] {processor.py:826} INFO - Processing file /opt/airflow/dags/seed_library.py for tasks to queue
[2023-07-09T06:52:27.185+0000] {logging_mixin.py:149} INFO - [2023-07-09T06:52:27.184+0000] {dagbag.py:541} INFO - Filling up the DagBag from /opt/airflow/dags/seed_library.py
[2023-07-09T06:52:27.207+0000] {processor.py:836} INFO - DAG(s) dict_keys(['1_init_once_seed_data']) retrieved from /opt/airflow/dags/seed_library.py
[2023-07-09T06:52:27.440+0000] {logging_mixin.py:149} INFO - [2023-07-09T06:52:27.440+0000] {dag.py:2726} INFO - Sync 1 DAGs
[2023-07-09T06:52:27.468+0000] {logging_mixin.py:149} INFO - [2023-07-09T06:52:27.468+0000] {dag.py:3490} INFO - Setting next_dagrun for 1_init_once_seed_data to None, run_after=None
[2023-07-09T06:52:27.501+0000] {processor.py:179} INFO - Processing /opt/airflow/dags/seed_library.py took 0.338 seconds
[2023-07-09T06:52:57.889+0000] {processor.py:157} INFO - Started process (PID=69) to work on /opt/airflow/dags/seed_library.py
[2023-07-09T06:52:57.891+0000] {processor.py:826} INFO - Processing file /opt/airflow/dags/seed_library.py for tasks to queue
[2023-07-09T06:52:57.892+0000] {logging_mixin.py:149} INFO - [2023-07-09T06:52:57.892+0000] {dagbag.py:541} INFO - Filling up the DagBag from /opt/airflow/dags/seed_library.py
[2023-07-09T06:52:57.907+0000] {processor.py:836} INFO - DAG(s) dict_keys(['1_init_once_seed_data']) retrieved from /opt/airflow/dags/seed_library.py
[2023-07-09T06:52:57.934+0000] {logging_mixin.py:149} INFO - [2023-07-09T06:52:57.934+0000] {dag.py:2726} INFO - Sync 1 DAGs
[2023-07-09T06:52:58.024+0000] {logging_mixin.py:149} INFO - [2023-07-09T06:52:58.024+0000] {dag.py:3490} INFO - Setting next_dagrun for 1_init_once_seed_data to None, run_after=None
[2023-07-09T06:52:58.035+0000] {processor.py:179} INFO - Processing /opt/airflow/dags/seed_library.py took 0.151 seconds
[2023-07-09T06:53:10.199+0000] {processor.py:157} INFO - Started process (PID=81) to work on /opt/airflow/dags/seed_library.py
[2023-07-09T06:53:10.201+0000] {processor.py:826} INFO - Processing file /opt/airflow/dags/seed_library.py for tasks to queue
[2023-07-09T06:53:10.202+0000] {logging_mixin.py:149} INFO - [2023-07-09T06:53:10.202+0000] {dagbag.py:541} INFO - Filling up the DagBag from /opt/airflow/dags/seed_library.py
[2023-07-09T06:53:10.216+0000] {processor.py:836} INFO - DAG(s) dict_keys(['seed_library_data']) retrieved from /opt/airflow/dags/seed_library.py
[2023-07-09T06:53:10.345+0000] {logging_mixin.py:149} INFO - [2023-07-09T06:53:10.345+0000] {manager.py:504} INFO - Created Permission View: can read on DAG:seed_library_data
[2023-07-09T06:53:10.352+0000] {logging_mixin.py:149} INFO - [2023-07-09T06:53:10.352+0000] {manager.py:504} INFO - Created Permission View: can delete on DAG:seed_library_data
[2023-07-09T06:53:10.355+0000] {logging_mixin.py:149} INFO - [2023-07-09T06:53:10.355+0000] {manager.py:504} INFO - Created Permission View: can edit on DAG:seed_library_data
[2023-07-09T06:53:10.363+0000] {logging_mixin.py:149} INFO - [2023-07-09T06:53:10.363+0000] {dag.py:2726} INFO - Sync 1 DAGs
[2023-07-09T06:53:10.370+0000] {logging_mixin.py:149} INFO - [2023-07-09T06:53:10.370+0000] {dag.py:2747} INFO - Creating ORM DAG for seed_library_data
[2023-07-09T06:53:10.376+0000] {logging_mixin.py:149} INFO - [2023-07-09T06:53:10.376+0000] {dag.py:3490} INFO - Setting next_dagrun for seed_library_data to 2020-08-01T00:00:00+00:00, run_after=2020-08-01T00:00:00+00:00
[2023-07-09T06:53:10.387+0000] {processor.py:179} INFO - Processing /opt/airflow/dags/seed_library.py took 0.190 seconds
[2023-07-09T06:53:40.763+0000] {processor.py:157} INFO - Started process (PID=111) to work on /opt/airflow/dags/seed_library.py
[2023-07-09T06:53:40.767+0000] {processor.py:826} INFO - Processing file /opt/airflow/dags/seed_library.py for tasks to queue
[2023-07-09T06:53:40.768+0000] {logging_mixin.py:149} INFO - [2023-07-09T06:53:40.768+0000] {dagbag.py:541} INFO - Filling up the DagBag from /opt/airflow/dags/seed_library.py
[2023-07-09T06:53:40.782+0000] {processor.py:836} INFO - DAG(s) dict_keys(['seed_library_data']) retrieved from /opt/airflow/dags/seed_library.py
[2023-07-09T06:53:40.807+0000] {logging_mixin.py:149} INFO - [2023-07-09T06:53:40.807+0000] {dag.py:2726} INFO - Sync 1 DAGs
[2023-07-09T06:53:40.887+0000] {logging_mixin.py:149} INFO - [2023-07-09T06:53:40.887+0000] {dag.py:3490} INFO - Setting next_dagrun for seed_library_data to None, run_after=None
[2023-07-09T06:53:40.897+0000] {processor.py:179} INFO - Processing /opt/airflow/dags/seed_library.py took 0.141 seconds
[2023-07-09T06:54:11.298+0000] {processor.py:157} INFO - Started process (PID=132) to work on /opt/airflow/dags/seed_library.py
[2023-07-09T06:54:11.302+0000] {processor.py:826} INFO - Processing file /opt/airflow/dags/seed_library.py for tasks to queue
[2023-07-09T06:54:11.303+0000] {logging_mixin.py:149} INFO - [2023-07-09T06:54:11.303+0000] {dagbag.py:541} INFO - Filling up the DagBag from /opt/airflow/dags/seed_library.py
[2023-07-09T06:54:11.320+0000] {processor.py:836} INFO - DAG(s) dict_keys(['seed_library_data']) retrieved from /opt/airflow/dags/seed_library.py
[2023-07-09T06:54:11.412+0000] {logging_mixin.py:149} INFO - [2023-07-09T06:54:11.412+0000] {dag.py:2726} INFO - Sync 1 DAGs
[2023-07-09T06:54:11.425+0000] {logging_mixin.py:149} INFO - [2023-07-09T06:54:11.425+0000] {dag.py:3490} INFO - Setting next_dagrun for seed_library_data to None, run_after=None
[2023-07-09T06:54:11.434+0000] {processor.py:179} INFO - Processing /opt/airflow/dags/seed_library.py took 0.140 seconds
[2023-07-09T06:54:41.656+0000] {processor.py:157} INFO - Started process (PID=162) to work on /opt/airflow/dags/seed_library.py
[2023-07-09T06:54:41.658+0000] {processor.py:826} INFO - Processing file /opt/airflow/dags/seed_library.py for tasks to queue
[2023-07-09T06:54:41.659+0000] {logging_mixin.py:149} INFO - [2023-07-09T06:54:41.659+0000] {dagbag.py:541} INFO - Filling up the DagBag from /opt/airflow/dags/seed_library.py
[2023-07-09T06:54:41.744+0000] {processor.py:836} INFO - DAG(s) dict_keys(['seed_library_data']) retrieved from /opt/airflow/dags/seed_library.py
[2023-07-09T06:54:41.760+0000] {logging_mixin.py:149} INFO - [2023-07-09T06:54:41.760+0000] {dag.py:2726} INFO - Sync 1 DAGs
[2023-07-09T06:54:41.773+0000] {logging_mixin.py:149} INFO - [2023-07-09T06:54:41.773+0000] {dag.py:3490} INFO - Setting next_dagrun for seed_library_data to None, run_after=None
[2023-07-09T06:54:41.782+0000] {processor.py:179} INFO - Processing /opt/airflow/dags/seed_library.py took 0.134 seconds
[2023-07-09T06:55:12.093+0000] {processor.py:157} INFO - Started process (PID=192) to work on /opt/airflow/dags/seed_library.py
[2023-07-09T06:55:12.094+0000] {processor.py:826} INFO - Processing file /opt/airflow/dags/seed_library.py for tasks to queue
[2023-07-09T06:55:12.095+0000] {logging_mixin.py:149} INFO - [2023-07-09T06:55:12.095+0000] {dagbag.py:541} INFO - Filling up the DagBag from /opt/airflow/dags/seed_library.py
[2023-07-09T06:55:12.107+0000] {processor.py:836} INFO - DAG(s) dict_keys(['seed_library_data']) retrieved from /opt/airflow/dags/seed_library.py
[2023-07-09T06:55:12.135+0000] {logging_mixin.py:149} INFO - [2023-07-09T06:55:12.135+0000] {dag.py:2726} INFO - Sync 1 DAGs
[2023-07-09T06:55:12.153+0000] {logging_mixin.py:149} INFO - [2023-07-09T06:55:12.153+0000] {dag.py:3490} INFO - Setting next_dagrun for seed_library_data to None, run_after=None
[2023-07-09T06:55:12.165+0000] {processor.py:179} INFO - Processing /opt/airflow/dags/seed_library.py took 0.075 seconds
[2023-07-09T06:55:42.620+0000] {processor.py:157} INFO - Started process (PID=222) to work on /opt/airflow/dags/seed_library.py
[2023-07-09T06:55:42.621+0000] {processor.py:826} INFO - Processing file /opt/airflow/dags/seed_library.py for tasks to queue
[2023-07-09T06:55:42.622+0000] {logging_mixin.py:149} INFO - [2023-07-09T06:55:42.621+0000] {dagbag.py:541} INFO - Filling up the DagBag from /opt/airflow/dags/seed_library.py
[2023-07-09T06:55:42.630+0000] {processor.py:836} INFO - DAG(s) dict_keys(['seed_library_data']) retrieved from /opt/airflow/dags/seed_library.py
[2023-07-09T06:55:42.651+0000] {logging_mixin.py:149} INFO - [2023-07-09T06:55:42.651+0000] {dag.py:2726} INFO - Sync 1 DAGs
[2023-07-09T06:55:42.666+0000] {logging_mixin.py:149} INFO - [2023-07-09T06:55:42.666+0000] {dag.py:3490} INFO - Setting next_dagrun for seed_library_data to None, run_after=None
[2023-07-09T06:55:42.677+0000] {processor.py:179} INFO - Processing /opt/airflow/dags/seed_library.py took 0.059 seconds
[2023-07-09T06:56:13.145+0000] {processor.py:157} INFO - Started process (PID=243) to work on /opt/airflow/dags/seed_library.py
[2023-07-09T06:56:13.149+0000] {processor.py:826} INFO - Processing file /opt/airflow/dags/seed_library.py for tasks to queue
[2023-07-09T06:56:13.150+0000] {logging_mixin.py:149} INFO - [2023-07-09T06:56:13.150+0000] {dagbag.py:541} INFO - Filling up the DagBag from /opt/airflow/dags/seed_library.py
[2023-07-09T06:56:13.168+0000] {processor.py:836} INFO - DAG(s) dict_keys(['seed_library_data']) retrieved from /opt/airflow/dags/seed_library.py
[2023-07-09T06:56:13.194+0000] {logging_mixin.py:149} INFO - [2023-07-09T06:56:13.194+0000] {dag.py:2726} INFO - Sync 1 DAGs
[2023-07-09T06:56:13.209+0000] {logging_mixin.py:149} INFO - [2023-07-09T06:56:13.209+0000] {dag.py:3490} INFO - Setting next_dagrun for seed_library_data to None, run_after=None
[2023-07-09T06:56:13.219+0000] {processor.py:179} INFO - Processing /opt/airflow/dags/seed_library.py took 0.079 seconds
[2023-07-09T06:56:43.576+0000] {processor.py:157} INFO - Started process (PID=275) to work on /opt/airflow/dags/seed_library.py
[2023-07-09T06:56:43.579+0000] {processor.py:826} INFO - Processing file /opt/airflow/dags/seed_library.py for tasks to queue
[2023-07-09T06:56:43.581+0000] {logging_mixin.py:149} INFO - [2023-07-09T06:56:43.581+0000] {dagbag.py:541} INFO - Filling up the DagBag from /opt/airflow/dags/seed_library.py
[2023-07-09T06:56:43.598+0000] {processor.py:836} INFO - DAG(s) dict_keys(['seed_library_data']) retrieved from /opt/airflow/dags/seed_library.py
[2023-07-09T06:56:43.627+0000] {logging_mixin.py:149} INFO - [2023-07-09T06:56:43.627+0000] {dag.py:2726} INFO - Sync 1 DAGs
[2023-07-09T06:56:43.641+0000] {logging_mixin.py:149} INFO - [2023-07-09T06:56:43.641+0000] {dag.py:3490} INFO - Setting next_dagrun for seed_library_data to None, run_after=None
[2023-07-09T06:56:43.651+0000] {processor.py:179} INFO - Processing /opt/airflow/dags/seed_library.py took 0.080 seconds
[2023-07-09T06:57:13.015+0000] {processor.py:157} INFO - Started process (PID=304) to work on /opt/airflow/dags/seed_library.py
[2023-07-09T06:57:13.017+0000] {processor.py:826} INFO - Processing file /opt/airflow/dags/seed_library.py for tasks to queue
[2023-07-09T06:57:13.018+0000] {logging_mixin.py:149} INFO - [2023-07-09T06:57:13.018+0000] {dagbag.py:541} INFO - Filling up the DagBag from /opt/airflow/dags/seed_library.py
[2023-07-09T06:57:13.030+0000] {processor.py:836} INFO - DAG(s) dict_keys(['seed_library_data']) retrieved from /opt/airflow/dags/seed_library.py
[2023-07-09T06:57:13.103+0000] {logging_mixin.py:149} INFO - [2023-07-09T06:57:13.103+0000] {dag.py:2726} INFO - Sync 1 DAGs
[2023-07-09T06:57:13.116+0000] {logging_mixin.py:149} INFO - [2023-07-09T06:57:13.116+0000] {dag.py:3490} INFO - Setting next_dagrun for seed_library_data to None, run_after=None
[2023-07-09T06:57:13.130+0000] {processor.py:179} INFO - Processing /opt/airflow/dags/seed_library.py took 0.118 seconds
[2023-07-09T06:57:43.503+0000] {processor.py:157} INFO - Started process (PID=325) to work on /opt/airflow/dags/seed_library.py
[2023-07-09T06:57:43.505+0000] {processor.py:826} INFO - Processing file /opt/airflow/dags/seed_library.py for tasks to queue
[2023-07-09T06:57:43.507+0000] {logging_mixin.py:149} INFO - [2023-07-09T06:57:43.506+0000] {dagbag.py:541} INFO - Filling up the DagBag from /opt/airflow/dags/seed_library.py
[2023-07-09T06:57:43.524+0000] {processor.py:836} INFO - DAG(s) dict_keys(['seed_library_data']) retrieved from /opt/airflow/dags/seed_library.py
[2023-07-09T06:57:43.615+0000] {logging_mixin.py:149} INFO - [2023-07-09T06:57:43.615+0000] {dag.py:2726} INFO - Sync 1 DAGs
[2023-07-09T06:57:43.632+0000] {logging_mixin.py:149} INFO - [2023-07-09T06:57:43.632+0000] {dag.py:3490} INFO - Setting next_dagrun for seed_library_data to None, run_after=None
[2023-07-09T06:57:43.646+0000] {processor.py:179} INFO - Processing /opt/airflow/dags/seed_library.py took 0.147 seconds
[2023-07-09T06:58:13.967+0000] {processor.py:157} INFO - Started process (PID=355) to work on /opt/airflow/dags/seed_library.py
[2023-07-09T06:58:13.970+0000] {processor.py:826} INFO - Processing file /opt/airflow/dags/seed_library.py for tasks to queue
[2023-07-09T06:58:13.971+0000] {logging_mixin.py:149} INFO - [2023-07-09T06:58:13.971+0000] {dagbag.py:541} INFO - Filling up the DagBag from /opt/airflow/dags/seed_library.py
[2023-07-09T06:58:13.985+0000] {processor.py:836} INFO - DAG(s) dict_keys(['seed_library_data']) retrieved from /opt/airflow/dags/seed_library.py
[2023-07-09T06:58:14.009+0000] {logging_mixin.py:149} INFO - [2023-07-09T06:58:14.009+0000] {dag.py:2726} INFO - Sync 1 DAGs
[2023-07-09T06:58:14.024+0000] {logging_mixin.py:149} INFO - [2023-07-09T06:58:14.024+0000] {dag.py:3490} INFO - Setting next_dagrun for seed_library_data to None, run_after=None
[2023-07-09T06:58:14.034+0000] {processor.py:179} INFO - Processing /opt/airflow/dags/seed_library.py took 0.072 seconds
[2023-07-09T06:58:44.494+0000] {processor.py:157} INFO - Started process (PID=386) to work on /opt/airflow/dags/seed_library.py
[2023-07-09T06:58:44.496+0000] {processor.py:826} INFO - Processing file /opt/airflow/dags/seed_library.py for tasks to queue
[2023-07-09T06:58:44.498+0000] {logging_mixin.py:149} INFO - [2023-07-09T06:58:44.498+0000] {dagbag.py:541} INFO - Filling up the DagBag from /opt/airflow/dags/seed_library.py
[2023-07-09T06:58:44.512+0000] {processor.py:836} INFO - DAG(s) dict_keys(['seed_library_data']) retrieved from /opt/airflow/dags/seed_library.py
[2023-07-09T06:58:44.537+0000] {logging_mixin.py:149} INFO - [2023-07-09T06:58:44.537+0000] {dag.py:2726} INFO - Sync 1 DAGs
[2023-07-09T06:58:44.552+0000] {logging_mixin.py:149} INFO - [2023-07-09T06:58:44.552+0000] {dag.py:3490} INFO - Setting next_dagrun for seed_library_data to None, run_after=None
[2023-07-09T06:58:44.563+0000] {processor.py:179} INFO - Processing /opt/airflow/dags/seed_library.py took 0.076 seconds
[2023-07-09T06:59:14.965+0000] {processor.py:157} INFO - Started process (PID=406) to work on /opt/airflow/dags/seed_library.py
[2023-07-09T06:59:14.968+0000] {processor.py:826} INFO - Processing file /opt/airflow/dags/seed_library.py for tasks to queue
[2023-07-09T06:59:14.969+0000] {logging_mixin.py:149} INFO - [2023-07-09T06:59:14.969+0000] {dagbag.py:541} INFO - Filling up the DagBag from /opt/airflow/dags/seed_library.py
[2023-07-09T06:59:14.987+0000] {processor.py:836} INFO - DAG(s) dict_keys(['seed_library_data']) retrieved from /opt/airflow/dags/seed_library.py
[2023-07-09T06:59:15.013+0000] {logging_mixin.py:149} INFO - [2023-07-09T06:59:15.013+0000] {dag.py:2726} INFO - Sync 1 DAGs
[2023-07-09T06:59:15.028+0000] {logging_mixin.py:149} INFO - [2023-07-09T06:59:15.028+0000] {dag.py:3490} INFO - Setting next_dagrun for seed_library_data to None, run_after=None
[2023-07-09T06:59:15.040+0000] {processor.py:179} INFO - Processing /opt/airflow/dags/seed_library.py took 0.080 seconds
[2023-07-09T06:59:45.453+0000] {processor.py:157} INFO - Started process (PID=437) to work on /opt/airflow/dags/seed_library.py
[2023-07-09T06:59:45.454+0000] {processor.py:826} INFO - Processing file /opt/airflow/dags/seed_library.py for tasks to queue
[2023-07-09T06:59:45.456+0000] {logging_mixin.py:149} INFO - [2023-07-09T06:59:45.456+0000] {dagbag.py:541} INFO - Filling up the DagBag from /opt/airflow/dags/seed_library.py
[2023-07-09T06:59:45.469+0000] {processor.py:836} INFO - DAG(s) dict_keys(['seed_library_data']) retrieved from /opt/airflow/dags/seed_library.py
[2023-07-09T06:59:45.495+0000] {logging_mixin.py:149} INFO - [2023-07-09T06:59:45.495+0000] {dag.py:2726} INFO - Sync 1 DAGs
[2023-07-09T06:59:45.511+0000] {logging_mixin.py:149} INFO - [2023-07-09T06:59:45.511+0000] {dag.py:3490} INFO - Setting next_dagrun for seed_library_data to None, run_after=None
[2023-07-09T06:59:45.528+0000] {processor.py:179} INFO - Processing /opt/airflow/dags/seed_library.py took 0.080 seconds
[2023-07-09T07:00:15.988+0000] {processor.py:157} INFO - Started process (PID=467) to work on /opt/airflow/dags/seed_library.py
[2023-07-09T07:00:15.991+0000] {processor.py:826} INFO - Processing file /opt/airflow/dags/seed_library.py for tasks to queue
[2023-07-09T07:00:15.993+0000] {logging_mixin.py:149} INFO - [2023-07-09T07:00:15.993+0000] {dagbag.py:541} INFO - Filling up the DagBag from /opt/airflow/dags/seed_library.py
[2023-07-09T07:00:16.006+0000] {processor.py:836} INFO - DAG(s) dict_keys(['seed_library_data']) retrieved from /opt/airflow/dags/seed_library.py
[2023-07-09T07:00:16.031+0000] {logging_mixin.py:149} INFO - [2023-07-09T07:00:16.031+0000] {dag.py:2726} INFO - Sync 1 DAGs
[2023-07-09T07:00:16.046+0000] {logging_mixin.py:149} INFO - [2023-07-09T07:00:16.046+0000] {dag.py:3490} INFO - Setting next_dagrun for seed_library_data to None, run_after=None
[2023-07-09T07:00:16.057+0000] {processor.py:179} INFO - Processing /opt/airflow/dags/seed_library.py took 0.074 seconds
[2023-07-09T07:00:46.499+0000] {processor.py:157} INFO - Started process (PID=488) to work on /opt/airflow/dags/seed_library.py
[2023-07-09T07:00:46.501+0000] {processor.py:826} INFO - Processing file /opt/airflow/dags/seed_library.py for tasks to queue
[2023-07-09T07:00:46.503+0000] {logging_mixin.py:149} INFO - [2023-07-09T07:00:46.503+0000] {dagbag.py:541} INFO - Filling up the DagBag from /opt/airflow/dags/seed_library.py
[2023-07-09T07:00:46.518+0000] {processor.py:836} INFO - DAG(s) dict_keys(['seed_library_data']) retrieved from /opt/airflow/dags/seed_library.py
[2023-07-09T07:00:46.543+0000] {logging_mixin.py:149} INFO - [2023-07-09T07:00:46.542+0000] {dag.py:2726} INFO - Sync 1 DAGs
[2023-07-09T07:00:46.557+0000] {logging_mixin.py:149} INFO - [2023-07-09T07:00:46.557+0000] {dag.py:3490} INFO - Setting next_dagrun for seed_library_data to None, run_after=None
[2023-07-09T07:00:46.571+0000] {processor.py:179} INFO - Processing /opt/airflow/dags/seed_library.py took 0.080 seconds
[2023-07-09T07:01:17.055+0000] {processor.py:157} INFO - Started process (PID=518) to work on /opt/airflow/dags/seed_library.py
[2023-07-09T07:01:17.058+0000] {processor.py:826} INFO - Processing file /opt/airflow/dags/seed_library.py for tasks to queue
[2023-07-09T07:01:17.059+0000] {logging_mixin.py:149} INFO - [2023-07-09T07:01:17.059+0000] {dagbag.py:541} INFO - Filling up the DagBag from /opt/airflow/dags/seed_library.py
[2023-07-09T07:01:17.078+0000] {processor.py:836} INFO - DAG(s) dict_keys(['seed_library_data']) retrieved from /opt/airflow/dags/seed_library.py
[2023-07-09T07:01:17.106+0000] {logging_mixin.py:149} INFO - [2023-07-09T07:01:17.105+0000] {dag.py:2726} INFO - Sync 1 DAGs
[2023-07-09T07:01:17.121+0000] {logging_mixin.py:149} INFO - [2023-07-09T07:01:17.121+0000] {dag.py:3490} INFO - Setting next_dagrun for seed_library_data to None, run_after=None
[2023-07-09T07:01:17.132+0000] {processor.py:179} INFO - Processing /opt/airflow/dags/seed_library.py took 0.082 seconds
[2023-07-09T07:01:47.610+0000] {processor.py:157} INFO - Started process (PID=548) to work on /opt/airflow/dags/seed_library.py
[2023-07-09T07:01:47.612+0000] {processor.py:826} INFO - Processing file /opt/airflow/dags/seed_library.py for tasks to queue
[2023-07-09T07:01:47.613+0000] {logging_mixin.py:149} INFO - [2023-07-09T07:01:47.613+0000] {dagbag.py:541} INFO - Filling up the DagBag from /opt/airflow/dags/seed_library.py
[2023-07-09T07:01:47.632+0000] {processor.py:836} INFO - DAG(s) dict_keys(['seed_library_data']) retrieved from /opt/airflow/dags/seed_library.py
[2023-07-09T07:01:47.657+0000] {logging_mixin.py:149} INFO - [2023-07-09T07:01:47.657+0000] {dag.py:2726} INFO - Sync 1 DAGs
[2023-07-09T07:01:47.673+0000] {logging_mixin.py:149} INFO - [2023-07-09T07:01:47.672+0000] {dag.py:3490} INFO - Setting next_dagrun for seed_library_data to None, run_after=None
[2023-07-09T07:01:47.685+0000] {processor.py:179} INFO - Processing /opt/airflow/dags/seed_library.py took 0.081 seconds
[2023-07-09T07:02:18.038+0000] {processor.py:157} INFO - Started process (PID=578) to work on /opt/airflow/dags/seed_library.py
[2023-07-09T07:02:18.039+0000] {processor.py:826} INFO - Processing file /opt/airflow/dags/seed_library.py for tasks to queue
[2023-07-09T07:02:18.040+0000] {logging_mixin.py:149} INFO - [2023-07-09T07:02:18.040+0000] {dagbag.py:541} INFO - Filling up the DagBag from /opt/airflow/dags/seed_library.py
[2023-07-09T07:02:18.050+0000] {processor.py:836} INFO - DAG(s) dict_keys(['seed_library_data']) retrieved from /opt/airflow/dags/seed_library.py
[2023-07-09T07:02:18.072+0000] {logging_mixin.py:149} INFO - [2023-07-09T07:02:18.072+0000] {dag.py:2726} INFO - Sync 1 DAGs
[2023-07-09T07:02:18.087+0000] {logging_mixin.py:149} INFO - [2023-07-09T07:02:18.087+0000] {dag.py:3490} INFO - Setting next_dagrun for seed_library_data to None, run_after=None
[2023-07-09T07:02:18.097+0000] {processor.py:179} INFO - Processing /opt/airflow/dags/seed_library.py took 0.062 seconds
[2023-07-09T07:02:50.553+0000] {processor.py:157} INFO - Started process (PID=38) to work on /opt/airflow/dags/seed_library.py
[2023-07-09T07:02:50.554+0000] {processor.py:826} INFO - Processing file /opt/airflow/dags/seed_library.py for tasks to queue
[2023-07-09T07:02:50.564+0000] {logging_mixin.py:149} INFO - [2023-07-09T07:02:50.564+0000] {dagbag.py:541} INFO - Filling up the DagBag from /opt/airflow/dags/seed_library.py
[2023-07-09T07:02:50.573+0000] {processor.py:836} INFO - DAG(s) dict_keys(['seed_library_data']) retrieved from /opt/airflow/dags/seed_library.py
[2023-07-09T07:02:50.750+0000] {logging_mixin.py:149} INFO - [2023-07-09T07:02:50.750+0000] {dag.py:2726} INFO - Sync 1 DAGs
[2023-07-09T07:02:50.765+0000] {logging_mixin.py:149} INFO - [2023-07-09T07:02:50.765+0000] {dag.py:3490} INFO - Setting next_dagrun for seed_library_data to None, run_after=None
[2023-07-09T07:02:50.797+0000] {processor.py:179} INFO - Processing /opt/airflow/dags/seed_library.py took 0.247 seconds
[2023-07-09T07:03:21.121+0000] {processor.py:157} INFO - Started process (PID=68) to work on /opt/airflow/dags/seed_library.py
[2023-07-09T07:03:21.122+0000] {processor.py:826} INFO - Processing file /opt/airflow/dags/seed_library.py for tasks to queue
[2023-07-09T07:03:21.123+0000] {logging_mixin.py:149} INFO - [2023-07-09T07:03:21.123+0000] {dagbag.py:541} INFO - Filling up the DagBag from /opt/airflow/dags/seed_library.py
[2023-07-09T07:03:21.135+0000] {processor.py:836} INFO - DAG(s) dict_keys(['seed_library_data']) retrieved from /opt/airflow/dags/seed_library.py
[2023-07-09T07:03:21.158+0000] {logging_mixin.py:149} INFO - [2023-07-09T07:03:21.158+0000] {dag.py:2726} INFO - Sync 1 DAGs
[2023-07-09T07:03:21.246+0000] {logging_mixin.py:149} INFO - [2023-07-09T07:03:21.246+0000] {dag.py:3490} INFO - Setting next_dagrun for seed_library_data to None, run_after=None
[2023-07-09T07:03:21.257+0000] {processor.py:179} INFO - Processing /opt/airflow/dags/seed_library.py took 0.140 seconds
[2023-07-09T07:03:51.643+0000] {processor.py:157} INFO - Started process (PID=98) to work on /opt/airflow/dags/seed_library.py
[2023-07-09T07:03:51.645+0000] {processor.py:826} INFO - Processing file /opt/airflow/dags/seed_library.py for tasks to queue
[2023-07-09T07:03:51.646+0000] {logging_mixin.py:149} INFO - [2023-07-09T07:03:51.646+0000] {dagbag.py:541} INFO - Filling up the DagBag from /opt/airflow/dags/seed_library.py
[2023-07-09T07:03:51.659+0000] {processor.py:836} INFO - DAG(s) dict_keys(['seed_library_data']) retrieved from /opt/airflow/dags/seed_library.py
[2023-07-09T07:03:51.684+0000] {logging_mixin.py:149} INFO - [2023-07-09T07:03:51.684+0000] {dag.py:2726} INFO - Sync 1 DAGs
[2023-07-09T07:03:51.778+0000] {logging_mixin.py:149} INFO - [2023-07-09T07:03:51.778+0000] {dag.py:3490} INFO - Setting next_dagrun for seed_library_data to None, run_after=None
[2023-07-09T07:03:51.790+0000] {processor.py:179} INFO - Processing /opt/airflow/dags/seed_library.py took 0.152 seconds
[2023-07-09T07:04:22.098+0000] {processor.py:157} INFO - Started process (PID=119) to work on /opt/airflow/dags/seed_library.py
[2023-07-09T07:04:22.099+0000] {processor.py:826} INFO - Processing file /opt/airflow/dags/seed_library.py for tasks to queue
[2023-07-09T07:04:22.100+0000] {logging_mixin.py:149} INFO - [2023-07-09T07:04:22.100+0000] {dagbag.py:541} INFO - Filling up the DagBag from /opt/airflow/dags/seed_library.py
[2023-07-09T07:04:22.109+0000] {processor.py:836} INFO - DAG(s) dict_keys(['seed_library_data']) retrieved from /opt/airflow/dags/seed_library.py
[2023-07-09T07:04:22.204+0000] {logging_mixin.py:149} INFO - [2023-07-09T07:04:22.204+0000] {dag.py:2726} INFO - Sync 1 DAGs
[2023-07-09T07:04:22.218+0000] {logging_mixin.py:149} INFO - [2023-07-09T07:04:22.218+0000] {dag.py:3490} INFO - Setting next_dagrun for seed_library_data to None, run_after=None
[2023-07-09T07:04:22.228+0000] {processor.py:179} INFO - Processing /opt/airflow/dags/seed_library.py took 0.134 seconds
[2023-07-09T07:04:52.613+0000] {processor.py:157} INFO - Started process (PID=150) to work on /opt/airflow/dags/seed_library.py
[2023-07-09T07:04:52.615+0000] {processor.py:826} INFO - Processing file /opt/airflow/dags/seed_library.py for tasks to queue
[2023-07-09T07:04:52.616+0000] {logging_mixin.py:149} INFO - [2023-07-09T07:04:52.616+0000] {dagbag.py:541} INFO - Filling up the DagBag from /opt/airflow/dags/seed_library.py
[2023-07-09T07:04:52.627+0000] {processor.py:836} INFO - DAG(s) dict_keys(['seed_library_data']) retrieved from /opt/airflow/dags/seed_library.py
[2023-07-09T07:04:52.724+0000] {logging_mixin.py:149} INFO - [2023-07-09T07:04:52.724+0000] {dag.py:2726} INFO - Sync 1 DAGs
[2023-07-09T07:04:52.740+0000] {logging_mixin.py:149} INFO - [2023-07-09T07:04:52.740+0000] {dag.py:3490} INFO - Setting next_dagrun for seed_library_data to None, run_after=None
[2023-07-09T07:04:52.750+0000] {processor.py:179} INFO - Processing /opt/airflow/dags/seed_library.py took 0.140 seconds
[2023-07-09T07:05:23.121+0000] {processor.py:157} INFO - Started process (PID=180) to work on /opt/airflow/dags/seed_library.py
[2023-07-09T07:05:23.122+0000] {processor.py:826} INFO - Processing file /opt/airflow/dags/seed_library.py for tasks to queue
[2023-07-09T07:05:23.123+0000] {logging_mixin.py:149} INFO - [2023-07-09T07:05:23.123+0000] {dagbag.py:541} INFO - Filling up the DagBag from /opt/airflow/dags/seed_library.py
[2023-07-09T07:05:23.133+0000] {processor.py:836} INFO - DAG(s) dict_keys(['seed_library_data']) retrieved from /opt/airflow/dags/seed_library.py
[2023-07-09T07:05:23.159+0000] {logging_mixin.py:149} INFO - [2023-07-09T07:05:23.159+0000] {dag.py:2726} INFO - Sync 1 DAGs
[2023-07-09T07:05:23.176+0000] {logging_mixin.py:149} INFO - [2023-07-09T07:05:23.176+0000] {dag.py:3490} INFO - Setting next_dagrun for seed_library_data to None, run_after=None
[2023-07-09T07:05:23.190+0000] {processor.py:179} INFO - Processing /opt/airflow/dags/seed_library.py took 0.073 seconds
[2023-07-09T07:05:53.529+0000] {processor.py:157} INFO - Started process (PID=201) to work on /opt/airflow/dags/seed_library.py
[2023-07-09T07:05:53.530+0000] {processor.py:826} INFO - Processing file /opt/airflow/dags/seed_library.py for tasks to queue
[2023-07-09T07:05:53.531+0000] {logging_mixin.py:149} INFO - [2023-07-09T07:05:53.531+0000] {dagbag.py:541} INFO - Filling up the DagBag from /opt/airflow/dags/seed_library.py
[2023-07-09T07:05:53.545+0000] {processor.py:836} INFO - DAG(s) dict_keys(['seed_library_data']) retrieved from /opt/airflow/dags/seed_library.py
[2023-07-09T07:05:53.571+0000] {logging_mixin.py:149} INFO - [2023-07-09T07:05:53.571+0000] {dag.py:2726} INFO - Sync 1 DAGs
[2023-07-09T07:05:53.588+0000] {logging_mixin.py:149} INFO - [2023-07-09T07:05:53.588+0000] {dag.py:3490} INFO - Setting next_dagrun for seed_library_data to None, run_after=None
[2023-07-09T07:05:53.599+0000] {processor.py:179} INFO - Processing /opt/airflow/dags/seed_library.py took 0.073 seconds
[2023-07-09T07:06:23.941+0000] {processor.py:157} INFO - Started process (PID=232) to work on /opt/airflow/dags/seed_library.py
[2023-07-09T07:06:23.943+0000] {processor.py:826} INFO - Processing file /opt/airflow/dags/seed_library.py for tasks to queue
[2023-07-09T07:06:23.944+0000] {logging_mixin.py:149} INFO - [2023-07-09T07:06:23.944+0000] {dagbag.py:541} INFO - Filling up the DagBag from /opt/airflow/dags/seed_library.py
[2023-07-09T07:06:23.956+0000] {processor.py:836} INFO - DAG(s) dict_keys(['seed_library_data']) retrieved from /opt/airflow/dags/seed_library.py
[2023-07-09T07:06:23.981+0000] {logging_mixin.py:149} INFO - [2023-07-09T07:06:23.981+0000] {dag.py:2726} INFO - Sync 1 DAGs
[2023-07-09T07:06:23.997+0000] {logging_mixin.py:149} INFO - [2023-07-09T07:06:23.997+0000] {dag.py:3490} INFO - Setting next_dagrun for seed_library_data to None, run_after=None
[2023-07-09T07:06:24.008+0000] {processor.py:179} INFO - Processing /opt/airflow/dags/seed_library.py took 0.071 seconds
[2023-07-09T07:06:54.279+0000] {processor.py:157} INFO - Started process (PID=261) to work on /opt/airflow/dags/seed_library.py
[2023-07-09T07:06:54.280+0000] {processor.py:826} INFO - Processing file /opt/airflow/dags/seed_library.py for tasks to queue
[2023-07-09T07:06:54.281+0000] {logging_mixin.py:149} INFO - [2023-07-09T07:06:54.281+0000] {dagbag.py:541} INFO - Filling up the DagBag from /opt/airflow/dags/seed_library.py
[2023-07-09T07:06:54.290+0000] {processor.py:836} INFO - DAG(s) dict_keys(['seed_library_data']) retrieved from /opt/airflow/dags/seed_library.py
[2023-07-09T07:06:54.313+0000] {logging_mixin.py:149} INFO - [2023-07-09T07:06:54.313+0000] {dag.py:2726} INFO - Sync 1 DAGs
[2023-07-09T07:06:54.329+0000] {logging_mixin.py:149} INFO - [2023-07-09T07:06:54.329+0000] {dag.py:3490} INFO - Setting next_dagrun for seed_library_data to None, run_after=None
[2023-07-09T07:06:54.341+0000] {processor.py:179} INFO - Processing /opt/airflow/dags/seed_library.py took 0.065 seconds
[2023-07-09T07:07:24.692+0000] {processor.py:157} INFO - Started process (PID=291) to work on /opt/airflow/dags/seed_library.py
[2023-07-09T07:07:24.693+0000] {processor.py:826} INFO - Processing file /opt/airflow/dags/seed_library.py for tasks to queue
[2023-07-09T07:07:24.694+0000] {logging_mixin.py:149} INFO - [2023-07-09T07:07:24.694+0000] {dagbag.py:541} INFO - Filling up the DagBag from /opt/airflow/dags/seed_library.py
[2023-07-09T07:07:24.705+0000] {processor.py:836} INFO - DAG(s) dict_keys(['seed_library_data']) retrieved from /opt/airflow/dags/seed_library.py
[2023-07-09T07:07:24.731+0000] {logging_mixin.py:149} INFO - [2023-07-09T07:07:24.731+0000] {dag.py:2726} INFO - Sync 1 DAGs
[2023-07-09T07:07:24.749+0000] {logging_mixin.py:149} INFO - [2023-07-09T07:07:24.749+0000] {dag.py:3490} INFO - Setting next_dagrun for seed_library_data to None, run_after=None
[2023-07-09T07:07:24.767+0000] {processor.py:179} INFO - Processing /opt/airflow/dags/seed_library.py took 0.080 seconds
