[2024-04-27T00:02:17.414+0000] {processor.py:157} INFO - Started process (PID=3962) to work on /opt/airflow/dags/library_dimensional.py
[2024-04-27T00:02:17.415+0000] {processor.py:826} INFO - Processing file /opt/airflow/dags/library_dimensional.py for tasks to queue
[2024-04-27T00:02:17.416+0000] {logging_mixin.py:149} INFO - [2024-04-27T00:02:17.416+0000] {dagbag.py:541} INFO - Filling up the DagBag from /opt/airflow/dags/library_dimensional.py
[2024-04-27T00:02:17.427+0000] {processor.py:836} INFO - DAG(s) dict_keys(['library_dimensional']) retrieved from /opt/airflow/dags/library_dimensional.py
[2024-04-27T00:02:17.454+0000] {logging_mixin.py:149} INFO - [2024-04-27T00:02:17.453+0000] {dag.py:2726} INFO - Sync 1 DAGs
[2024-04-27T00:02:17.472+0000] {logging_mixin.py:149} INFO - [2024-04-27T00:02:17.472+0000] {dag.py:3490} INFO - Setting next_dagrun for library_dimensional to 2020-08-01T00:00:00+00:00, run_after=2020-08-01T00:00:00+00:00
[2024-04-27T00:02:17.485+0000] {processor.py:179} INFO - Processing /opt/airflow/dags/library_dimensional.py took 0.075 seconds
[2024-04-27T00:18:12.695+0000] {processor.py:157} INFO - Started process (PID=3994) to work on /opt/airflow/dags/library_dimensional.py
[2024-04-27T00:18:12.696+0000] {processor.py:826} INFO - Processing file /opt/airflow/dags/library_dimensional.py for tasks to queue
[2024-04-27T00:18:12.697+0000] {logging_mixin.py:149} INFO - [2024-04-27T00:18:12.697+0000] {dagbag.py:541} INFO - Filling up the DagBag from /opt/airflow/dags/library_dimensional.py
[2024-04-27T00:18:12.710+0000] {processor.py:836} INFO - DAG(s) dict_keys(['library_dimensional']) retrieved from /opt/airflow/dags/library_dimensional.py
[2024-04-27T00:18:12.736+0000] {logging_mixin.py:149} INFO - [2024-04-27T00:18:12.736+0000] {dag.py:2726} INFO - Sync 1 DAGs
[2024-04-27T00:18:12.756+0000] {logging_mixin.py:149} INFO - [2024-04-27T00:18:12.755+0000] {dag.py:3490} INFO - Setting next_dagrun for library_dimensional to 2020-08-01T00:00:00+00:00, run_after=2020-08-01T00:00:00+00:00
[2024-04-27T00:18:12.769+0000] {processor.py:179} INFO - Processing /opt/airflow/dags/library_dimensional.py took 0.077 seconds
[2024-04-27T00:19:57.310+0000] {processor.py:157} INFO - Started process (PID=4016) to work on /opt/airflow/dags/library_dimensional.py
[2024-04-27T00:19:57.311+0000] {processor.py:826} INFO - Processing file /opt/airflow/dags/library_dimensional.py for tasks to queue
[2024-04-27T00:19:57.312+0000] {logging_mixin.py:149} INFO - [2024-04-27T00:19:57.312+0000] {dagbag.py:541} INFO - Filling up the DagBag from /opt/airflow/dags/library_dimensional.py
[2024-04-27T00:19:57.323+0000] {processor.py:836} INFO - DAG(s) dict_keys(['library_dimensional']) retrieved from /opt/airflow/dags/library_dimensional.py
[2024-04-27T00:19:57.351+0000] {logging_mixin.py:149} INFO - [2024-04-27T00:19:57.351+0000] {dag.py:2726} INFO - Sync 1 DAGs
[2024-04-27T00:19:57.370+0000] {logging_mixin.py:149} INFO - [2024-04-27T00:19:57.370+0000] {dag.py:3490} INFO - Setting next_dagrun for library_dimensional to 2020-08-01T00:00:00+00:00, run_after=2020-08-01T00:00:00+00:00
[2024-04-27T00:19:57.384+0000] {processor.py:179} INFO - Processing /opt/airflow/dags/library_dimensional.py took 0.078 seconds
[2024-04-27T00:55:51.954+0000] {processor.py:157} INFO - Started process (PID=4047) to work on /opt/airflow/dags/library_dimensional.py
[2024-04-27T00:55:51.955+0000] {processor.py:826} INFO - Processing file /opt/airflow/dags/library_dimensional.py for tasks to queue
[2024-04-27T00:55:51.956+0000] {logging_mixin.py:149} INFO - [2024-04-27T00:55:51.956+0000] {dagbag.py:541} INFO - Filling up the DagBag from /opt/airflow/dags/library_dimensional.py
[2024-04-27T00:55:51.967+0000] {processor.py:836} INFO - DAG(s) dict_keys(['library_dimensional']) retrieved from /opt/airflow/dags/library_dimensional.py
[2024-04-27T00:55:51.995+0000] {logging_mixin.py:149} INFO - [2024-04-27T00:55:51.995+0000] {dag.py:2726} INFO - Sync 1 DAGs
[2024-04-27T00:55:52.014+0000] {logging_mixin.py:149} INFO - [2024-04-27T00:55:52.014+0000] {dag.py:3490} INFO - Setting next_dagrun for library_dimensional to 2020-08-01T00:00:00+00:00, run_after=2020-08-01T00:00:00+00:00
[2024-04-27T00:55:52.029+0000] {processor.py:179} INFO - Processing /opt/airflow/dags/library_dimensional.py took 0.078 seconds
[2024-04-27T01:18:08.378+0000] {processor.py:157} INFO - Started process (PID=4068) to work on /opt/airflow/dags/library_dimensional.py
[2024-04-27T01:18:08.380+0000] {processor.py:826} INFO - Processing file /opt/airflow/dags/library_dimensional.py for tasks to queue
[2024-04-27T01:18:08.382+0000] {logging_mixin.py:149} INFO - [2024-04-27T01:18:08.381+0000] {dagbag.py:541} INFO - Filling up the DagBag from /opt/airflow/dags/library_dimensional.py
[2024-04-27T01:18:08.396+0000] {processor.py:836} INFO - DAG(s) dict_keys(['library_dimensional']) retrieved from /opt/airflow/dags/library_dimensional.py
[2024-04-27T01:18:08.430+0000] {logging_mixin.py:149} INFO - [2024-04-27T01:18:08.430+0000] {dag.py:2726} INFO - Sync 1 DAGs
[2024-04-27T01:18:08.456+0000] {logging_mixin.py:149} INFO - [2024-04-27T01:18:08.456+0000] {dag.py:3490} INFO - Setting next_dagrun for library_dimensional to 2020-08-01T00:00:00+00:00, run_after=2020-08-01T00:00:00+00:00
[2024-04-27T01:18:08.472+0000] {processor.py:179} INFO - Processing /opt/airflow/dags/library_dimensional.py took 0.100 seconds
[2024-04-27T01:19:52.887+0000] {processor.py:157} INFO - Started process (PID=4099) to work on /opt/airflow/dags/library_dimensional.py
[2024-04-27T01:19:52.888+0000] {processor.py:826} INFO - Processing file /opt/airflow/dags/library_dimensional.py for tasks to queue
[2024-04-27T01:19:52.889+0000] {logging_mixin.py:149} INFO - [2024-04-27T01:19:52.889+0000] {dagbag.py:541} INFO - Filling up the DagBag from /opt/airflow/dags/library_dimensional.py
[2024-04-27T01:19:52.899+0000] {processor.py:836} INFO - DAG(s) dict_keys(['library_dimensional']) retrieved from /opt/airflow/dags/library_dimensional.py
[2024-04-27T01:19:52.926+0000] {logging_mixin.py:149} INFO - [2024-04-27T01:19:52.926+0000] {dag.py:2726} INFO - Sync 1 DAGs
[2024-04-27T01:19:52.946+0000] {logging_mixin.py:149} INFO - [2024-04-27T01:19:52.946+0000] {dag.py:3490} INFO - Setting next_dagrun for library_dimensional to 2020-08-01T00:00:00+00:00, run_after=2020-08-01T00:00:00+00:00
[2024-04-27T01:19:52.960+0000] {processor.py:179} INFO - Processing /opt/airflow/dags/library_dimensional.py took 0.077 seconds
[2024-04-27T02:03:36.489+0000] {processor.py:157} INFO - Started process (PID=4128) to work on /opt/airflow/dags/library_dimensional.py
[2024-04-27T02:03:36.490+0000] {processor.py:826} INFO - Processing file /opt/airflow/dags/library_dimensional.py for tasks to queue
[2024-04-27T02:03:36.492+0000] {logging_mixin.py:149} INFO - [2024-04-27T02:03:36.492+0000] {dagbag.py:541} INFO - Filling up the DagBag from /opt/airflow/dags/library_dimensional.py
[2024-04-27T02:03:36.504+0000] {processor.py:836} INFO - DAG(s) dict_keys(['library_dimensional']) retrieved from /opt/airflow/dags/library_dimensional.py
[2024-04-27T02:03:36.554+0000] {logging_mixin.py:149} INFO - [2024-04-27T02:03:36.554+0000] {dag.py:2726} INFO - Sync 1 DAGs
[2024-04-27T02:03:36.586+0000] {logging_mixin.py:149} INFO - [2024-04-27T02:03:36.586+0000] {dag.py:3490} INFO - Setting next_dagrun for library_dimensional to 2020-08-01T00:00:00+00:00, run_after=2020-08-01T00:00:00+00:00
[2024-04-27T02:03:36.612+0000] {processor.py:179} INFO - Processing /opt/airflow/dags/library_dimensional.py took 0.127 seconds
[2024-04-27T02:19:31.032+0000] {processor.py:157} INFO - Started process (PID=4152) to work on /opt/airflow/dags/library_dimensional.py
[2024-04-27T02:19:31.036+0000] {processor.py:826} INFO - Processing file /opt/airflow/dags/library_dimensional.py for tasks to queue
[2024-04-27T02:19:31.037+0000] {logging_mixin.py:149} INFO - [2024-04-27T02:19:31.037+0000] {dagbag.py:541} INFO - Filling up the DagBag from /opt/airflow/dags/library_dimensional.py
[2024-04-27T02:19:31.063+0000] {processor.py:836} INFO - DAG(s) dict_keys(['library_dimensional']) retrieved from /opt/airflow/dags/library_dimensional.py
[2024-04-27T02:19:31.118+0000] {logging_mixin.py:149} INFO - [2024-04-27T02:19:31.118+0000] {dag.py:2726} INFO - Sync 1 DAGs
[2024-04-27T02:19:31.149+0000] {logging_mixin.py:149} INFO - [2024-04-27T02:19:31.149+0000] {dag.py:3490} INFO - Setting next_dagrun for library_dimensional to 2020-08-01T00:00:00+00:00, run_after=2020-08-01T00:00:00+00:00
[2024-04-27T02:19:31.168+0000] {processor.py:179} INFO - Processing /opt/airflow/dags/library_dimensional.py took 0.141 seconds
[2024-04-27T02:21:15.315+0000] {processor.py:157} INFO - Started process (PID=4183) to work on /opt/airflow/dags/library_dimensional.py
[2024-04-27T02:21:15.316+0000] {processor.py:826} INFO - Processing file /opt/airflow/dags/library_dimensional.py for tasks to queue
[2024-04-27T02:21:15.317+0000] {logging_mixin.py:149} INFO - [2024-04-27T02:21:15.317+0000] {dagbag.py:541} INFO - Filling up the DagBag from /opt/airflow/dags/library_dimensional.py
[2024-04-27T02:21:15.327+0000] {processor.py:836} INFO - DAG(s) dict_keys(['library_dimensional']) retrieved from /opt/airflow/dags/library_dimensional.py
[2024-04-27T02:21:15.354+0000] {logging_mixin.py:149} INFO - [2024-04-27T02:21:15.354+0000] {dag.py:2726} INFO - Sync 1 DAGs
[2024-04-27T02:21:15.372+0000] {logging_mixin.py:149} INFO - [2024-04-27T02:21:15.372+0000] {dag.py:3490} INFO - Setting next_dagrun for library_dimensional to 2020-08-01T00:00:00+00:00, run_after=2020-08-01T00:00:00+00:00
[2024-04-27T02:21:15.385+0000] {processor.py:179} INFO - Processing /opt/airflow/dags/library_dimensional.py took 0.073 seconds
[2024-04-27T03:05:17.391+0000] {processor.py:157} INFO - Started process (PID=4206) to work on /opt/airflow/dags/library_dimensional.py
[2024-04-27T03:05:17.394+0000] {processor.py:826} INFO - Processing file /opt/airflow/dags/library_dimensional.py for tasks to queue
[2024-04-27T03:05:17.398+0000] {logging_mixin.py:149} INFO - [2024-04-27T03:05:17.398+0000] {dagbag.py:541} INFO - Filling up the DagBag from /opt/airflow/dags/library_dimensional.py
[2024-04-27T03:05:17.414+0000] {processor.py:836} INFO - DAG(s) dict_keys(['library_dimensional']) retrieved from /opt/airflow/dags/library_dimensional.py
[2024-04-27T03:05:17.472+0000] {logging_mixin.py:149} INFO - [2024-04-27T03:05:17.472+0000] {dag.py:2726} INFO - Sync 1 DAGs
[2024-04-27T03:05:17.505+0000] {logging_mixin.py:149} INFO - [2024-04-27T03:05:17.505+0000] {dag.py:3490} INFO - Setting next_dagrun for library_dimensional to 2020-08-01T00:00:00+00:00, run_after=2020-08-01T00:00:00+00:00
[2024-04-27T03:05:17.530+0000] {processor.py:179} INFO - Processing /opt/airflow/dags/library_dimensional.py took 0.147 seconds
[2024-04-27T03:21:38.010+0000] {processor.py:157} INFO - Started process (PID=4238) to work on /opt/airflow/dags/library_dimensional.py
[2024-04-27T03:21:38.012+0000] {processor.py:826} INFO - Processing file /opt/airflow/dags/library_dimensional.py for tasks to queue
[2024-04-27T03:21:38.013+0000] {logging_mixin.py:149} INFO - [2024-04-27T03:21:38.013+0000] {dagbag.py:541} INFO - Filling up the DagBag from /opt/airflow/dags/library_dimensional.py
[2024-04-27T03:21:38.029+0000] {processor.py:836} INFO - DAG(s) dict_keys(['library_dimensional']) retrieved from /opt/airflow/dags/library_dimensional.py
[2024-04-27T03:21:38.064+0000] {logging_mixin.py:149} INFO - [2024-04-27T03:21:38.064+0000] {dag.py:2726} INFO - Sync 1 DAGs
[2024-04-27T03:21:38.091+0000] {logging_mixin.py:149} INFO - [2024-04-27T03:21:38.091+0000] {dag.py:3490} INFO - Setting next_dagrun for library_dimensional to 2020-08-01T00:00:00+00:00, run_after=2020-08-01T00:00:00+00:00
[2024-04-27T03:21:38.107+0000] {processor.py:179} INFO - Processing /opt/airflow/dags/library_dimensional.py took 0.102 seconds
[2024-04-27T03:23:21.535+0000] {processor.py:157} INFO - Started process (PID=4261) to work on /opt/airflow/dags/library_dimensional.py
[2024-04-27T03:23:21.536+0000] {processor.py:826} INFO - Processing file /opt/airflow/dags/library_dimensional.py for tasks to queue
[2024-04-27T03:23:21.536+0000] {logging_mixin.py:149} INFO - [2024-04-27T03:23:21.536+0000] {dagbag.py:541} INFO - Filling up the DagBag from /opt/airflow/dags/library_dimensional.py
[2024-04-27T03:23:21.547+0000] {processor.py:836} INFO - DAG(s) dict_keys(['library_dimensional']) retrieved from /opt/airflow/dags/library_dimensional.py
[2024-04-27T03:23:21.573+0000] {logging_mixin.py:149} INFO - [2024-04-27T03:23:21.573+0000] {dag.py:2726} INFO - Sync 1 DAGs
[2024-04-27T03:23:21.593+0000] {logging_mixin.py:149} INFO - [2024-04-27T03:23:21.592+0000] {dag.py:3490} INFO - Setting next_dagrun for library_dimensional to 2020-08-01T00:00:00+00:00, run_after=2020-08-01T00:00:00+00:00
[2024-04-27T03:23:21.607+0000] {processor.py:179} INFO - Processing /opt/airflow/dags/library_dimensional.py took 0.075 seconds
[2024-04-27T04:05:58.690+0000] {processor.py:157} INFO - Started process (PID=4291) to work on /opt/airflow/dags/library_dimensional.py
[2024-04-27T04:05:58.693+0000] {processor.py:826} INFO - Processing file /opt/airflow/dags/library_dimensional.py for tasks to queue
[2024-04-27T04:05:58.703+0000] {logging_mixin.py:149} INFO - [2024-04-27T04:05:58.702+0000] {dagbag.py:541} INFO - Filling up the DagBag from /opt/airflow/dags/library_dimensional.py
[2024-04-27T04:05:58.738+0000] {processor.py:836} INFO - DAG(s) dict_keys(['library_dimensional']) retrieved from /opt/airflow/dags/library_dimensional.py
[2024-04-27T04:05:58.773+0000] {logging_mixin.py:149} INFO - [2024-04-27T04:05:58.773+0000] {dag.py:2726} INFO - Sync 1 DAGs
[2024-04-27T04:05:58.798+0000] {logging_mixin.py:149} INFO - [2024-04-27T04:05:58.798+0000] {dag.py:3490} INFO - Setting next_dagrun for library_dimensional to 2020-08-01T00:00:00+00:00, run_after=2020-08-01T00:00:00+00:00
[2024-04-27T04:05:58.815+0000] {processor.py:179} INFO - Processing /opt/airflow/dags/library_dimensional.py took 0.130 seconds
[2024-04-27T04:24:06.776+0000] {processor.py:157} INFO - Started process (PID=4319) to work on /opt/airflow/dags/library_dimensional.py
[2024-04-27T04:24:06.781+0000] {processor.py:826} INFO - Processing file /opt/airflow/dags/library_dimensional.py for tasks to queue
[2024-04-27T04:24:06.784+0000] {logging_mixin.py:149} INFO - [2024-04-27T04:24:06.784+0000] {dagbag.py:541} INFO - Filling up the DagBag from /opt/airflow/dags/library_dimensional.py
[2024-04-27T04:24:06.815+0000] {processor.py:836} INFO - DAG(s) dict_keys(['library_dimensional']) retrieved from /opt/airflow/dags/library_dimensional.py
[2024-04-27T04:24:06.876+0000] {logging_mixin.py:149} INFO - [2024-04-27T04:24:06.876+0000] {dag.py:2726} INFO - Sync 1 DAGs
[2024-04-27T04:24:06.912+0000] {logging_mixin.py:149} INFO - [2024-04-27T04:24:06.912+0000] {dag.py:3490} INFO - Setting next_dagrun for library_dimensional to 2020-08-01T00:00:00+00:00, run_after=2020-08-01T00:00:00+00:00
[2024-04-27T04:24:06.946+0000] {processor.py:179} INFO - Processing /opt/airflow/dags/library_dimensional.py took 0.174 seconds
[2024-04-27T05:06:34.696+0000] {processor.py:157} INFO - Started process (PID=4343) to work on /opt/airflow/dags/library_dimensional.py
[2024-04-27T05:06:34.697+0000] {processor.py:826} INFO - Processing file /opt/airflow/dags/library_dimensional.py for tasks to queue
[2024-04-27T05:06:34.698+0000] {logging_mixin.py:149} INFO - [2024-04-27T05:06:34.698+0000] {dagbag.py:541} INFO - Filling up the DagBag from /opt/airflow/dags/library_dimensional.py
[2024-04-27T05:06:34.710+0000] {processor.py:836} INFO - DAG(s) dict_keys(['library_dimensional']) retrieved from /opt/airflow/dags/library_dimensional.py
[2024-04-27T05:06:34.738+0000] {logging_mixin.py:149} INFO - [2024-04-27T05:06:34.738+0000] {dag.py:2726} INFO - Sync 1 DAGs
[2024-04-27T05:06:34.758+0000] {logging_mixin.py:149} INFO - [2024-04-27T05:06:34.758+0000] {dag.py:3490} INFO - Setting next_dagrun for library_dimensional to 2020-08-01T00:00:00+00:00, run_after=2020-08-01T00:00:00+00:00
[2024-04-27T05:06:34.773+0000] {processor.py:179} INFO - Processing /opt/airflow/dags/library_dimensional.py took 0.081 seconds
[2024-04-27T05:07:20.353+0000] {processor.py:157} INFO - Started process (PID=4374) to work on /opt/airflow/dags/library_dimensional.py
[2024-04-27T05:07:20.354+0000] {processor.py:826} INFO - Processing file /opt/airflow/dags/library_dimensional.py for tasks to queue
[2024-04-27T05:07:20.355+0000] {logging_mixin.py:149} INFO - [2024-04-27T05:07:20.355+0000] {dagbag.py:541} INFO - Filling up the DagBag from /opt/airflow/dags/library_dimensional.py
[2024-04-27T05:07:20.366+0000] {processor.py:836} INFO - DAG(s) dict_keys(['library_dimensional']) retrieved from /opt/airflow/dags/library_dimensional.py
[2024-04-27T05:07:20.394+0000] {logging_mixin.py:149} INFO - [2024-04-27T05:07:20.393+0000] {dag.py:2726} INFO - Sync 1 DAGs
[2024-04-27T05:07:20.414+0000] {logging_mixin.py:149} INFO - [2024-04-27T05:07:20.413+0000] {dag.py:3490} INFO - Setting next_dagrun for library_dimensional to 2020-08-01T00:00:00+00:00, run_after=2020-08-01T00:00:00+00:00
[2024-04-27T05:07:20.427+0000] {processor.py:179} INFO - Processing /opt/airflow/dags/library_dimensional.py took 0.077 seconds
[2024-04-27T05:07:50.785+0000] {processor.py:157} INFO - Started process (PID=4396) to work on /opt/airflow/dags/library_dimensional.py
[2024-04-27T05:07:50.787+0000] {processor.py:826} INFO - Processing file /opt/airflow/dags/library_dimensional.py for tasks to queue
[2024-04-27T05:07:50.788+0000] {logging_mixin.py:149} INFO - [2024-04-27T05:07:50.788+0000] {dagbag.py:541} INFO - Filling up the DagBag from /opt/airflow/dags/library_dimensional.py
[2024-04-27T05:07:50.798+0000] {processor.py:836} INFO - DAG(s) dict_keys(['library_dimensional']) retrieved from /opt/airflow/dags/library_dimensional.py
[2024-04-27T05:07:50.824+0000] {logging_mixin.py:149} INFO - [2024-04-27T05:07:50.824+0000] {dag.py:2726} INFO - Sync 1 DAGs
[2024-04-27T05:07:50.845+0000] {logging_mixin.py:149} INFO - [2024-04-27T05:07:50.845+0000] {dag.py:3490} INFO - Setting next_dagrun for library_dimensional to 2020-08-01T00:00:00+00:00, run_after=2020-08-01T00:00:00+00:00
[2024-04-27T05:07:50.860+0000] {processor.py:179} INFO - Processing /opt/airflow/dags/library_dimensional.py took 0.078 seconds
[2024-04-27T05:08:21.261+0000] {processor.py:157} INFO - Started process (PID=4427) to work on /opt/airflow/dags/library_dimensional.py
[2024-04-27T05:08:21.262+0000] {processor.py:826} INFO - Processing file /opt/airflow/dags/library_dimensional.py for tasks to queue
[2024-04-27T05:08:21.263+0000] {logging_mixin.py:149} INFO - [2024-04-27T05:08:21.262+0000] {dagbag.py:541} INFO - Filling up the DagBag from /opt/airflow/dags/library_dimensional.py
[2024-04-27T05:08:21.273+0000] {processor.py:836} INFO - DAG(s) dict_keys(['library_dimensional']) retrieved from /opt/airflow/dags/library_dimensional.py
[2024-04-27T05:08:21.299+0000] {logging_mixin.py:149} INFO - [2024-04-27T05:08:21.299+0000] {dag.py:2726} INFO - Sync 1 DAGs
[2024-04-27T05:08:21.317+0000] {logging_mixin.py:149} INFO - [2024-04-27T05:08:21.317+0000] {dag.py:3490} INFO - Setting next_dagrun for library_dimensional to 2020-08-01T00:00:00+00:00, run_after=2020-08-01T00:00:00+00:00
[2024-04-27T05:08:21.330+0000] {processor.py:179} INFO - Processing /opt/airflow/dags/library_dimensional.py took 0.072 seconds
[2024-04-27T05:08:51.723+0000] {processor.py:157} INFO - Started process (PID=4458) to work on /opt/airflow/dags/library_dimensional.py
[2024-04-27T05:08:51.725+0000] {processor.py:826} INFO - Processing file /opt/airflow/dags/library_dimensional.py for tasks to queue
[2024-04-27T05:08:51.727+0000] {logging_mixin.py:149} INFO - [2024-04-27T05:08:51.726+0000] {dagbag.py:541} INFO - Filling up the DagBag from /opt/airflow/dags/library_dimensional.py
[2024-04-27T05:08:51.740+0000] {processor.py:836} INFO - DAG(s) dict_keys(['library_dimensional']) retrieved from /opt/airflow/dags/library_dimensional.py
[2024-04-27T05:08:51.767+0000] {logging_mixin.py:149} INFO - [2024-04-27T05:08:51.767+0000] {dag.py:2726} INFO - Sync 1 DAGs
[2024-04-27T05:08:51.787+0000] {logging_mixin.py:149} INFO - [2024-04-27T05:08:51.787+0000] {dag.py:3490} INFO - Setting next_dagrun for library_dimensional to 2020-08-01T00:00:00+00:00, run_after=2020-08-01T00:00:00+00:00
[2024-04-27T05:08:51.801+0000] {processor.py:179} INFO - Processing /opt/airflow/dags/library_dimensional.py took 0.081 seconds
[2024-04-27T05:09:22.199+0000] {processor.py:157} INFO - Started process (PID=4481) to work on /opt/airflow/dags/library_dimensional.py
[2024-04-27T05:09:22.201+0000] {processor.py:826} INFO - Processing file /opt/airflow/dags/library_dimensional.py for tasks to queue
[2024-04-27T05:09:22.201+0000] {logging_mixin.py:149} INFO - [2024-04-27T05:09:22.201+0000] {dagbag.py:541} INFO - Filling up the DagBag from /opt/airflow/dags/library_dimensional.py
[2024-04-27T05:09:22.212+0000] {processor.py:836} INFO - DAG(s) dict_keys(['library_dimensional']) retrieved from /opt/airflow/dags/library_dimensional.py
[2024-04-27T05:09:22.239+0000] {logging_mixin.py:149} INFO - [2024-04-27T05:09:22.239+0000] {dag.py:2726} INFO - Sync 1 DAGs
[2024-04-27T05:09:22.258+0000] {logging_mixin.py:149} INFO - [2024-04-27T05:09:22.258+0000] {dag.py:3490} INFO - Setting next_dagrun for library_dimensional to 2020-08-01T00:00:00+00:00, run_after=2020-08-01T00:00:00+00:00
[2024-04-27T05:09:22.272+0000] {processor.py:179} INFO - Processing /opt/airflow/dags/library_dimensional.py took 0.076 seconds
[2024-04-27T05:09:52.622+0000] {processor.py:157} INFO - Started process (PID=4513) to work on /opt/airflow/dags/library_dimensional.py
[2024-04-27T05:09:52.623+0000] {processor.py:826} INFO - Processing file /opt/airflow/dags/library_dimensional.py for tasks to queue
[2024-04-27T05:09:52.624+0000] {logging_mixin.py:149} INFO - [2024-04-27T05:09:52.624+0000] {dagbag.py:541} INFO - Filling up the DagBag from /opt/airflow/dags/library_dimensional.py
[2024-04-27T05:09:52.634+0000] {processor.py:836} INFO - DAG(s) dict_keys(['library_dimensional']) retrieved from /opt/airflow/dags/library_dimensional.py
[2024-04-27T05:09:52.661+0000] {logging_mixin.py:149} INFO - [2024-04-27T05:09:52.661+0000] {dag.py:2726} INFO - Sync 1 DAGs
[2024-04-27T05:09:52.681+0000] {logging_mixin.py:149} INFO - [2024-04-27T05:09:52.680+0000] {dag.py:3490} INFO - Setting next_dagrun for library_dimensional to 2020-08-01T00:00:00+00:00, run_after=2020-08-01T00:00:00+00:00
[2024-04-27T05:09:52.694+0000] {processor.py:179} INFO - Processing /opt/airflow/dags/library_dimensional.py took 0.077 seconds
[2024-04-27T05:10:23.059+0000] {processor.py:157} INFO - Started process (PID=4544) to work on /opt/airflow/dags/library_dimensional.py
[2024-04-27T05:10:23.060+0000] {processor.py:826} INFO - Processing file /opt/airflow/dags/library_dimensional.py for tasks to queue
[2024-04-27T05:10:23.061+0000] {logging_mixin.py:149} INFO - [2024-04-27T05:10:23.061+0000] {dagbag.py:541} INFO - Filling up the DagBag from /opt/airflow/dags/library_dimensional.py
[2024-04-27T05:10:23.072+0000] {processor.py:836} INFO - DAG(s) dict_keys(['library_dimensional']) retrieved from /opt/airflow/dags/library_dimensional.py
[2024-04-27T05:10:23.098+0000] {logging_mixin.py:149} INFO - [2024-04-27T05:10:23.098+0000] {dag.py:2726} INFO - Sync 1 DAGs
[2024-04-27T05:10:23.117+0000] {logging_mixin.py:149} INFO - [2024-04-27T05:10:23.117+0000] {dag.py:3490} INFO - Setting next_dagrun for library_dimensional to 2020-08-01T00:00:00+00:00, run_after=2020-08-01T00:00:00+00:00
[2024-04-27T05:10:23.131+0000] {processor.py:179} INFO - Processing /opt/airflow/dags/library_dimensional.py took 0.075 seconds
[2024-04-27T05:10:53.509+0000] {processor.py:157} INFO - Started process (PID=4566) to work on /opt/airflow/dags/library_dimensional.py
[2024-04-27T05:10:53.510+0000] {processor.py:826} INFO - Processing file /opt/airflow/dags/library_dimensional.py for tasks to queue
[2024-04-27T05:10:53.511+0000] {logging_mixin.py:149} INFO - [2024-04-27T05:10:53.511+0000] {dagbag.py:541} INFO - Filling up the DagBag from /opt/airflow/dags/library_dimensional.py
[2024-04-27T05:10:53.521+0000] {processor.py:836} INFO - DAG(s) dict_keys(['library_dimensional']) retrieved from /opt/airflow/dags/library_dimensional.py
[2024-04-27T05:10:53.547+0000] {logging_mixin.py:149} INFO - [2024-04-27T05:10:53.547+0000] {dag.py:2726} INFO - Sync 1 DAGs
[2024-04-27T05:10:53.566+0000] {logging_mixin.py:149} INFO - [2024-04-27T05:10:53.566+0000] {dag.py:3490} INFO - Setting next_dagrun for library_dimensional to 2020-08-01T00:00:00+00:00, run_after=2020-08-01T00:00:00+00:00
[2024-04-27T05:10:53.581+0000] {processor.py:179} INFO - Processing /opt/airflow/dags/library_dimensional.py took 0.074 seconds
[2024-04-27T05:11:23.956+0000] {processor.py:157} INFO - Started process (PID=4597) to work on /opt/airflow/dags/library_dimensional.py
[2024-04-27T05:11:23.957+0000] {processor.py:826} INFO - Processing file /opt/airflow/dags/library_dimensional.py for tasks to queue
[2024-04-27T05:11:23.958+0000] {logging_mixin.py:149} INFO - [2024-04-27T05:11:23.958+0000] {dagbag.py:541} INFO - Filling up the DagBag from /opt/airflow/dags/library_dimensional.py
[2024-04-27T05:11:23.967+0000] {processor.py:836} INFO - DAG(s) dict_keys(['library_dimensional']) retrieved from /opt/airflow/dags/library_dimensional.py
[2024-04-27T05:11:23.994+0000] {logging_mixin.py:149} INFO - [2024-04-27T05:11:23.993+0000] {dag.py:2726} INFO - Sync 1 DAGs
[2024-04-27T05:11:24.012+0000] {logging_mixin.py:149} INFO - [2024-04-27T05:11:24.012+0000] {dag.py:3490} INFO - Setting next_dagrun for library_dimensional to 2020-08-01T00:00:00+00:00, run_after=2020-08-01T00:00:00+00:00
[2024-04-27T05:11:24.026+0000] {processor.py:179} INFO - Processing /opt/airflow/dags/library_dimensional.py took 0.074 seconds
[2024-04-27T05:11:54.444+0000] {processor.py:157} INFO - Started process (PID=4619) to work on /opt/airflow/dags/library_dimensional.py
[2024-04-27T05:11:54.445+0000] {processor.py:826} INFO - Processing file /opt/airflow/dags/library_dimensional.py for tasks to queue
[2024-04-27T05:11:54.446+0000] {logging_mixin.py:149} INFO - [2024-04-27T05:11:54.446+0000] {dagbag.py:541} INFO - Filling up the DagBag from /opt/airflow/dags/library_dimensional.py
[2024-04-27T05:11:54.458+0000] {processor.py:836} INFO - DAG(s) dict_keys(['library_dimensional']) retrieved from /opt/airflow/dags/library_dimensional.py
[2024-04-27T05:11:54.487+0000] {logging_mixin.py:149} INFO - [2024-04-27T05:11:54.487+0000] {dag.py:2726} INFO - Sync 1 DAGs
[2024-04-27T05:11:54.506+0000] {logging_mixin.py:149} INFO - [2024-04-27T05:11:54.506+0000] {dag.py:3490} INFO - Setting next_dagrun for library_dimensional to 2020-08-01T00:00:00+00:00, run_after=2020-08-01T00:00:00+00:00
[2024-04-27T05:11:54.519+0000] {processor.py:179} INFO - Processing /opt/airflow/dags/library_dimensional.py took 0.079 seconds
[2024-04-27T05:12:24.899+0000] {processor.py:157} INFO - Started process (PID=4650) to work on /opt/airflow/dags/library_dimensional.py
[2024-04-27T05:12:24.901+0000] {processor.py:826} INFO - Processing file /opt/airflow/dags/library_dimensional.py for tasks to queue
[2024-04-27T05:12:24.902+0000] {logging_mixin.py:149} INFO - [2024-04-27T05:12:24.902+0000] {dagbag.py:541} INFO - Filling up the DagBag from /opt/airflow/dags/library_dimensional.py
[2024-04-27T05:12:24.912+0000] {processor.py:836} INFO - DAG(s) dict_keys(['library_dimensional']) retrieved from /opt/airflow/dags/library_dimensional.py
[2024-04-27T05:12:24.939+0000] {logging_mixin.py:149} INFO - [2024-04-27T05:12:24.939+0000] {dag.py:2726} INFO - Sync 1 DAGs
[2024-04-27T05:12:24.959+0000] {logging_mixin.py:149} INFO - [2024-04-27T05:12:24.958+0000] {dag.py:3490} INFO - Setting next_dagrun for library_dimensional to 2020-08-01T00:00:00+00:00, run_after=2020-08-01T00:00:00+00:00
[2024-04-27T05:12:24.972+0000] {processor.py:179} INFO - Processing /opt/airflow/dags/library_dimensional.py took 0.076 seconds
[2024-04-27T05:12:55.357+0000] {processor.py:157} INFO - Started process (PID=4682) to work on /opt/airflow/dags/library_dimensional.py
[2024-04-27T05:12:55.358+0000] {processor.py:826} INFO - Processing file /opt/airflow/dags/library_dimensional.py for tasks to queue
[2024-04-27T05:12:55.359+0000] {logging_mixin.py:149} INFO - [2024-04-27T05:12:55.359+0000] {dagbag.py:541} INFO - Filling up the DagBag from /opt/airflow/dags/library_dimensional.py
[2024-04-27T05:12:55.370+0000] {processor.py:836} INFO - DAG(s) dict_keys(['library_dimensional']) retrieved from /opt/airflow/dags/library_dimensional.py
[2024-04-27T05:12:55.399+0000] {logging_mixin.py:149} INFO - [2024-04-27T05:12:55.399+0000] {dag.py:2726} INFO - Sync 1 DAGs
[2024-04-27T05:12:55.419+0000] {logging_mixin.py:149} INFO - [2024-04-27T05:12:55.419+0000] {dag.py:3490} INFO - Setting next_dagrun for library_dimensional to 2020-08-01T00:00:00+00:00, run_after=2020-08-01T00:00:00+00:00
[2024-04-27T05:12:55.433+0000] {processor.py:179} INFO - Processing /opt/airflow/dags/library_dimensional.py took 0.080 seconds
[2024-04-27T05:13:25.818+0000] {processor.py:157} INFO - Started process (PID=4704) to work on /opt/airflow/dags/library_dimensional.py
[2024-04-27T05:13:25.820+0000] {processor.py:826} INFO - Processing file /opt/airflow/dags/library_dimensional.py for tasks to queue
[2024-04-27T05:13:25.821+0000] {logging_mixin.py:149} INFO - [2024-04-27T05:13:25.820+0000] {dagbag.py:541} INFO - Filling up the DagBag from /opt/airflow/dags/library_dimensional.py
[2024-04-27T05:13:25.831+0000] {processor.py:836} INFO - DAG(s) dict_keys(['library_dimensional']) retrieved from /opt/airflow/dags/library_dimensional.py
[2024-04-27T05:13:25.858+0000] {logging_mixin.py:149} INFO - [2024-04-27T05:13:25.858+0000] {dag.py:2726} INFO - Sync 1 DAGs
[2024-04-27T05:13:25.879+0000] {logging_mixin.py:149} INFO - [2024-04-27T05:13:25.879+0000] {dag.py:3490} INFO - Setting next_dagrun for library_dimensional to 2020-08-01T00:00:00+00:00, run_after=2020-08-01T00:00:00+00:00
[2024-04-27T05:13:25.893+0000] {processor.py:179} INFO - Processing /opt/airflow/dags/library_dimensional.py took 0.078 seconds
[2024-04-27T05:13:56.284+0000] {processor.py:157} INFO - Started process (PID=4734) to work on /opt/airflow/dags/library_dimensional.py
[2024-04-27T05:13:56.285+0000] {processor.py:826} INFO - Processing file /opt/airflow/dags/library_dimensional.py for tasks to queue
[2024-04-27T05:13:56.286+0000] {logging_mixin.py:149} INFO - [2024-04-27T05:13:56.286+0000] {dagbag.py:541} INFO - Filling up the DagBag from /opt/airflow/dags/library_dimensional.py
[2024-04-27T05:13:56.296+0000] {processor.py:836} INFO - DAG(s) dict_keys(['library_dimensional']) retrieved from /opt/airflow/dags/library_dimensional.py
[2024-04-27T05:13:56.323+0000] {logging_mixin.py:149} INFO - [2024-04-27T05:13:56.323+0000] {dag.py:2726} INFO - Sync 1 DAGs
[2024-04-27T05:13:56.343+0000] {logging_mixin.py:149} INFO - [2024-04-27T05:13:56.343+0000] {dag.py:3490} INFO - Setting next_dagrun for library_dimensional to 2020-08-01T00:00:00+00:00, run_after=2020-08-01T00:00:00+00:00
[2024-04-27T05:13:56.357+0000] {processor.py:179} INFO - Processing /opt/airflow/dags/library_dimensional.py took 0.077 seconds
