[2024-04-27T00:02:17.308+0000] {processor.py:157} INFO - Started process (PID=3960) to work on /opt/airflow/dags/python_op.py
[2024-04-27T00:02:17.310+0000] {processor.py:826} INFO - Processing file /opt/airflow/dags/python_op.py for tasks to queue
[2024-04-27T00:02:17.311+0000] {logging_mixin.py:149} INFO - [2024-04-27T00:02:17.311+0000] {dagbag.py:541} INFO - Filling up the DagBag from /opt/airflow/dags/python_op.py
[2024-04-27T00:02:17.322+0000] {processor.py:836} INFO - DAG(s) dict_keys(['my_dag']) retrieved from /opt/airflow/dags/python_op.py
[2024-04-27T00:02:17.347+0000] {logging_mixin.py:149} INFO - [2024-04-27T00:02:17.347+0000] {dag.py:2726} INFO - Sync 1 DAGs
[2024-04-27T00:02:17.366+0000] {logging_mixin.py:149} INFO - [2024-04-27T00:02:17.366+0000] {dag.py:3490} INFO - Setting next_dagrun for my_dag to None, run_after=None
[2024-04-27T00:02:17.383+0000] {processor.py:179} INFO - Processing /opt/airflow/dags/python_op.py took 0.078 seconds
[2024-04-27T00:18:12.575+0000] {processor.py:157} INFO - Started process (PID=3992) to work on /opt/airflow/dags/python_op.py
[2024-04-27T00:18:12.576+0000] {processor.py:826} INFO - Processing file /opt/airflow/dags/python_op.py for tasks to queue
[2024-04-27T00:18:12.577+0000] {logging_mixin.py:149} INFO - [2024-04-27T00:18:12.577+0000] {dagbag.py:541} INFO - Filling up the DagBag from /opt/airflow/dags/python_op.py
[2024-04-27T00:18:12.589+0000] {processor.py:836} INFO - DAG(s) dict_keys(['my_dag']) retrieved from /opt/airflow/dags/python_op.py
[2024-04-27T00:18:12.618+0000] {logging_mixin.py:149} INFO - [2024-04-27T00:18:12.618+0000] {dag.py:2726} INFO - Sync 1 DAGs
[2024-04-27T00:18:12.638+0000] {logging_mixin.py:149} INFO - [2024-04-27T00:18:12.638+0000] {dag.py:3490} INFO - Setting next_dagrun for my_dag to None, run_after=None
[2024-04-27T00:18:12.655+0000] {processor.py:179} INFO - Processing /opt/airflow/dags/python_op.py took 0.084 seconds
[2024-04-27T00:19:57.209+0000] {processor.py:157} INFO - Started process (PID=4014) to work on /opt/airflow/dags/python_op.py
[2024-04-27T00:19:57.210+0000] {processor.py:826} INFO - Processing file /opt/airflow/dags/python_op.py for tasks to queue
[2024-04-27T00:19:57.211+0000] {logging_mixin.py:149} INFO - [2024-04-27T00:19:57.211+0000] {dagbag.py:541} INFO - Filling up the DagBag from /opt/airflow/dags/python_op.py
[2024-04-27T00:19:57.222+0000] {processor.py:836} INFO - DAG(s) dict_keys(['my_dag']) retrieved from /opt/airflow/dags/python_op.py
[2024-04-27T00:19:57.249+0000] {logging_mixin.py:149} INFO - [2024-04-27T00:19:57.249+0000] {dag.py:2726} INFO - Sync 1 DAGs
[2024-04-27T00:19:57.269+0000] {logging_mixin.py:149} INFO - [2024-04-27T00:19:57.269+0000] {dag.py:3490} INFO - Setting next_dagrun for my_dag to None, run_after=None
[2024-04-27T00:19:57.281+0000] {processor.py:179} INFO - Processing /opt/airflow/dags/python_op.py took 0.076 seconds
[2024-04-27T00:55:51.843+0000] {processor.py:157} INFO - Started process (PID=4045) to work on /opt/airflow/dags/python_op.py
[2024-04-27T00:55:51.845+0000] {processor.py:826} INFO - Processing file /opt/airflow/dags/python_op.py for tasks to queue
[2024-04-27T00:55:51.845+0000] {logging_mixin.py:149} INFO - [2024-04-27T00:55:51.845+0000] {dagbag.py:541} INFO - Filling up the DagBag from /opt/airflow/dags/python_op.py
[2024-04-27T00:55:51.855+0000] {processor.py:836} INFO - DAG(s) dict_keys(['my_dag']) retrieved from /opt/airflow/dags/python_op.py
[2024-04-27T00:55:51.882+0000] {logging_mixin.py:149} INFO - [2024-04-27T00:55:51.882+0000] {dag.py:2726} INFO - Sync 1 DAGs
[2024-04-27T00:55:51.901+0000] {logging_mixin.py:149} INFO - [2024-04-27T00:55:51.901+0000] {dag.py:3490} INFO - Setting next_dagrun for my_dag to None, run_after=None
[2024-04-27T00:55:51.915+0000] {processor.py:179} INFO - Processing /opt/airflow/dags/python_op.py took 0.075 seconds
[2024-04-27T01:18:08.231+0000] {processor.py:157} INFO - Started process (PID=4066) to work on /opt/airflow/dags/python_op.py
[2024-04-27T01:18:08.232+0000] {processor.py:826} INFO - Processing file /opt/airflow/dags/python_op.py for tasks to queue
[2024-04-27T01:18:08.234+0000] {logging_mixin.py:149} INFO - [2024-04-27T01:18:08.234+0000] {dagbag.py:541} INFO - Filling up the DagBag from /opt/airflow/dags/python_op.py
[2024-04-27T01:18:08.246+0000] {processor.py:836} INFO - DAG(s) dict_keys(['my_dag']) retrieved from /opt/airflow/dags/python_op.py
[2024-04-27T01:18:08.277+0000] {logging_mixin.py:149} INFO - [2024-04-27T01:18:08.277+0000] {dag.py:2726} INFO - Sync 1 DAGs
[2024-04-27T01:18:08.297+0000] {logging_mixin.py:149} INFO - [2024-04-27T01:18:08.297+0000] {dag.py:3490} INFO - Setting next_dagrun for my_dag to None, run_after=None
[2024-04-27T01:18:08.324+0000] {processor.py:179} INFO - Processing /opt/airflow/dags/python_op.py took 0.097 seconds
[2024-04-27T01:19:52.783+0000] {processor.py:157} INFO - Started process (PID=4097) to work on /opt/airflow/dags/python_op.py
[2024-04-27T01:19:52.785+0000] {processor.py:826} INFO - Processing file /opt/airflow/dags/python_op.py for tasks to queue
[2024-04-27T01:19:52.786+0000] {logging_mixin.py:149} INFO - [2024-04-27T01:19:52.786+0000] {dagbag.py:541} INFO - Filling up the DagBag from /opt/airflow/dags/python_op.py
[2024-04-27T01:19:52.799+0000] {processor.py:836} INFO - DAG(s) dict_keys(['my_dag']) retrieved from /opt/airflow/dags/python_op.py
[2024-04-27T01:19:52.826+0000] {logging_mixin.py:149} INFO - [2024-04-27T01:19:52.826+0000] {dag.py:2726} INFO - Sync 1 DAGs
[2024-04-27T01:19:52.846+0000] {logging_mixin.py:149} INFO - [2024-04-27T01:19:52.846+0000] {dag.py:3490} INFO - Setting next_dagrun for my_dag to None, run_after=None
[2024-04-27T01:19:52.859+0000] {processor.py:179} INFO - Processing /opt/airflow/dags/python_op.py took 0.080 seconds
[2024-04-27T02:03:36.299+0000] {processor.py:157} INFO - Started process (PID=4119) to work on /opt/airflow/dags/python_op.py
[2024-04-27T02:03:36.301+0000] {processor.py:826} INFO - Processing file /opt/airflow/dags/python_op.py for tasks to queue
[2024-04-27T02:03:36.302+0000] {logging_mixin.py:149} INFO - [2024-04-27T02:03:36.302+0000] {dagbag.py:541} INFO - Filling up the DagBag from /opt/airflow/dags/python_op.py
[2024-04-27T02:03:36.316+0000] {processor.py:836} INFO - DAG(s) dict_keys(['my_dag']) retrieved from /opt/airflow/dags/python_op.py
[2024-04-27T02:03:36.363+0000] {logging_mixin.py:149} INFO - [2024-04-27T02:03:36.363+0000] {dag.py:2726} INFO - Sync 1 DAGs
[2024-04-27T02:03:36.407+0000] {logging_mixin.py:149} INFO - [2024-04-27T02:03:36.406+0000] {dag.py:3490} INFO - Setting next_dagrun for my_dag to None, run_after=None
[2024-04-27T02:03:36.437+0000] {processor.py:179} INFO - Processing /opt/airflow/dags/python_op.py took 0.142 seconds
[2024-04-27T02:19:30.821+0000] {processor.py:157} INFO - Started process (PID=4150) to work on /opt/airflow/dags/python_op.py
[2024-04-27T02:19:30.824+0000] {processor.py:826} INFO - Processing file /opt/airflow/dags/python_op.py for tasks to queue
[2024-04-27T02:19:30.825+0000] {logging_mixin.py:149} INFO - [2024-04-27T02:19:30.825+0000] {dagbag.py:541} INFO - Filling up the DagBag from /opt/airflow/dags/python_op.py
[2024-04-27T02:19:30.845+0000] {processor.py:836} INFO - DAG(s) dict_keys(['my_dag']) retrieved from /opt/airflow/dags/python_op.py
[2024-04-27T02:19:30.899+0000] {logging_mixin.py:149} INFO - [2024-04-27T02:19:30.899+0000] {dag.py:2726} INFO - Sync 1 DAGs
[2024-04-27T02:19:30.940+0000] {logging_mixin.py:149} INFO - [2024-04-27T02:19:30.940+0000] {dag.py:3490} INFO - Setting next_dagrun for my_dag to None, run_after=None
[2024-04-27T02:19:30.984+0000] {processor.py:179} INFO - Processing /opt/airflow/dags/python_op.py took 0.167 seconds
[2024-04-27T02:21:15.198+0000] {processor.py:157} INFO - Started process (PID=4181) to work on /opt/airflow/dags/python_op.py
[2024-04-27T02:21:15.200+0000] {processor.py:826} INFO - Processing file /opt/airflow/dags/python_op.py for tasks to queue
[2024-04-27T02:21:15.202+0000] {logging_mixin.py:149} INFO - [2024-04-27T02:21:15.201+0000] {dagbag.py:541} INFO - Filling up the DagBag from /opt/airflow/dags/python_op.py
[2024-04-27T02:21:15.216+0000] {processor.py:836} INFO - DAG(s) dict_keys(['my_dag']) retrieved from /opt/airflow/dags/python_op.py
[2024-04-27T02:21:15.248+0000] {logging_mixin.py:149} INFO - [2024-04-27T02:21:15.248+0000] {dag.py:2726} INFO - Sync 1 DAGs
[2024-04-27T02:21:15.270+0000] {logging_mixin.py:149} INFO - [2024-04-27T02:21:15.270+0000] {dag.py:3490} INFO - Setting next_dagrun for my_dag to None, run_after=None
[2024-04-27T02:21:15.287+0000] {processor.py:179} INFO - Processing /opt/airflow/dags/python_op.py took 0.093 seconds
[2024-04-27T03:05:17.230+0000] {processor.py:157} INFO - Started process (PID=4204) to work on /opt/airflow/dags/python_op.py
[2024-04-27T03:05:17.234+0000] {processor.py:826} INFO - Processing file /opt/airflow/dags/python_op.py for tasks to queue
[2024-04-27T03:05:17.236+0000] {logging_mixin.py:149} INFO - [2024-04-27T03:05:17.235+0000] {dagbag.py:541} INFO - Filling up the DagBag from /opt/airflow/dags/python_op.py
[2024-04-27T03:05:17.256+0000] {processor.py:836} INFO - DAG(s) dict_keys(['my_dag']) retrieved from /opt/airflow/dags/python_op.py
[2024-04-27T03:05:17.290+0000] {logging_mixin.py:149} INFO - [2024-04-27T03:05:17.290+0000] {dag.py:2726} INFO - Sync 1 DAGs
[2024-04-27T03:05:17.312+0000] {logging_mixin.py:149} INFO - [2024-04-27T03:05:17.312+0000] {dag.py:3490} INFO - Setting next_dagrun for my_dag to None, run_after=None
[2024-04-27T03:05:17.329+0000] {processor.py:179} INFO - Processing /opt/airflow/dags/python_op.py took 0.103 seconds
[2024-04-27T03:21:37.808+0000] {processor.py:157} INFO - Started process (PID=4236) to work on /opt/airflow/dags/python_op.py
[2024-04-27T03:21:37.813+0000] {processor.py:826} INFO - Processing file /opt/airflow/dags/python_op.py for tasks to queue
[2024-04-27T03:21:37.814+0000] {logging_mixin.py:149} INFO - [2024-04-27T03:21:37.814+0000] {dagbag.py:541} INFO - Filling up the DagBag from /opt/airflow/dags/python_op.py
[2024-04-27T03:21:37.839+0000] {processor.py:836} INFO - DAG(s) dict_keys(['my_dag']) retrieved from /opt/airflow/dags/python_op.py
[2024-04-27T03:21:37.899+0000] {logging_mixin.py:149} INFO - [2024-04-27T03:21:37.899+0000] {dag.py:2726} INFO - Sync 1 DAGs
[2024-04-27T03:21:37.934+0000] {logging_mixin.py:149} INFO - [2024-04-27T03:21:37.934+0000] {dag.py:3490} INFO - Setting next_dagrun for my_dag to None, run_after=None
[2024-04-27T03:21:37.962+0000] {processor.py:179} INFO - Processing /opt/airflow/dags/python_op.py took 0.167 seconds
[2024-04-27T03:23:21.436+0000] {processor.py:157} INFO - Started process (PID=4259) to work on /opt/airflow/dags/python_op.py
[2024-04-27T03:23:21.438+0000] {processor.py:826} INFO - Processing file /opt/airflow/dags/python_op.py for tasks to queue
[2024-04-27T03:23:21.439+0000] {logging_mixin.py:149} INFO - [2024-04-27T03:23:21.439+0000] {dagbag.py:541} INFO - Filling up the DagBag from /opt/airflow/dags/python_op.py
[2024-04-27T03:23:21.449+0000] {processor.py:836} INFO - DAG(s) dict_keys(['my_dag']) retrieved from /opt/airflow/dags/python_op.py
[2024-04-27T03:23:21.475+0000] {logging_mixin.py:149} INFO - [2024-04-27T03:23:21.474+0000] {dag.py:2726} INFO - Sync 1 DAGs
[2024-04-27T03:23:21.494+0000] {logging_mixin.py:149} INFO - [2024-04-27T03:23:21.494+0000] {dag.py:3490} INFO - Setting next_dagrun for my_dag to None, run_after=None
[2024-04-27T03:23:21.508+0000] {processor.py:179} INFO - Processing /opt/airflow/dags/python_op.py took 0.074 seconds
[2024-04-27T04:05:58.492+0000] {processor.py:157} INFO - Started process (PID=4289) to work on /opt/airflow/dags/python_op.py
[2024-04-27T04:05:58.493+0000] {processor.py:826} INFO - Processing file /opt/airflow/dags/python_op.py for tasks to queue
[2024-04-27T04:05:58.494+0000] {logging_mixin.py:149} INFO - [2024-04-27T04:05:58.494+0000] {dagbag.py:541} INFO - Filling up the DagBag from /opt/airflow/dags/python_op.py
[2024-04-27T04:05:58.510+0000] {processor.py:836} INFO - DAG(s) dict_keys(['my_dag']) retrieved from /opt/airflow/dags/python_op.py
[2024-04-27T04:05:58.557+0000] {logging_mixin.py:149} INFO - [2024-04-27T04:05:58.557+0000] {dag.py:2726} INFO - Sync 1 DAGs
[2024-04-27T04:05:58.593+0000] {logging_mixin.py:149} INFO - [2024-04-27T04:05:58.593+0000] {dag.py:3490} INFO - Setting next_dagrun for my_dag to None, run_after=None
[2024-04-27T04:05:58.625+0000] {processor.py:179} INFO - Processing /opt/airflow/dags/python_op.py took 0.143 seconds
[2024-04-27T04:24:06.489+0000] {processor.py:157} INFO - Started process (PID=4311) to work on /opt/airflow/dags/python_op.py
[2024-04-27T04:24:06.497+0000] {processor.py:826} INFO - Processing file /opt/airflow/dags/python_op.py for tasks to queue
[2024-04-27T04:24:06.501+0000] {logging_mixin.py:149} INFO - [2024-04-27T04:24:06.501+0000] {dagbag.py:541} INFO - Filling up the DagBag from /opt/airflow/dags/python_op.py
[2024-04-27T04:24:06.583+0000] {processor.py:836} INFO - DAG(s) dict_keys(['my_dag']) retrieved from /opt/airflow/dags/python_op.py
[2024-04-27T04:24:06.637+0000] {logging_mixin.py:149} INFO - [2024-04-27T04:24:06.637+0000] {dag.py:2726} INFO - Sync 1 DAGs
[2024-04-27T04:24:06.694+0000] {logging_mixin.py:149} INFO - [2024-04-27T04:24:06.694+0000] {dag.py:3490} INFO - Setting next_dagrun for my_dag to None, run_after=None
[2024-04-27T04:24:06.733+0000] {processor.py:179} INFO - Processing /opt/airflow/dags/python_op.py took 0.280 seconds
[2024-04-27T05:06:34.587+0000] {processor.py:157} INFO - Started process (PID=4341) to work on /opt/airflow/dags/python_op.py
[2024-04-27T05:06:34.589+0000] {processor.py:826} INFO - Processing file /opt/airflow/dags/python_op.py for tasks to queue
[2024-04-27T05:06:34.590+0000] {logging_mixin.py:149} INFO - [2024-04-27T05:06:34.590+0000] {dagbag.py:541} INFO - Filling up the DagBag from /opt/airflow/dags/python_op.py
[2024-04-27T05:06:34.602+0000] {processor.py:836} INFO - DAG(s) dict_keys(['my_dag']) retrieved from /opt/airflow/dags/python_op.py
[2024-04-27T05:06:34.633+0000] {logging_mixin.py:149} INFO - [2024-04-27T05:06:34.633+0000] {dag.py:2726} INFO - Sync 1 DAGs
[2024-04-27T05:06:34.652+0000] {logging_mixin.py:149} INFO - [2024-04-27T05:06:34.652+0000] {dag.py:3490} INFO - Setting next_dagrun for my_dag to None, run_after=None
[2024-04-27T05:06:34.666+0000] {processor.py:179} INFO - Processing /opt/airflow/dags/python_op.py took 0.083 seconds
[2024-04-27T05:07:20.253+0000] {processor.py:157} INFO - Started process (PID=4372) to work on /opt/airflow/dags/python_op.py
[2024-04-27T05:07:20.254+0000] {processor.py:826} INFO - Processing file /opt/airflow/dags/python_op.py for tasks to queue
[2024-04-27T05:07:20.255+0000] {logging_mixin.py:149} INFO - [2024-04-27T05:07:20.255+0000] {dagbag.py:541} INFO - Filling up the DagBag from /opt/airflow/dags/python_op.py
[2024-04-27T05:07:20.265+0000] {processor.py:836} INFO - DAG(s) dict_keys(['my_dag']) retrieved from /opt/airflow/dags/python_op.py
[2024-04-27T05:07:20.292+0000] {logging_mixin.py:149} INFO - [2024-04-27T05:07:20.292+0000] {dag.py:2726} INFO - Sync 1 DAGs
[2024-04-27T05:07:20.312+0000] {logging_mixin.py:149} INFO - [2024-04-27T05:07:20.312+0000] {dag.py:3490} INFO - Setting next_dagrun for my_dag to None, run_after=None
[2024-04-27T05:07:20.326+0000] {processor.py:179} INFO - Processing /opt/airflow/dags/python_op.py took 0.076 seconds
[2024-04-27T05:07:50.686+0000] {processor.py:157} INFO - Started process (PID=4394) to work on /opt/airflow/dags/python_op.py
[2024-04-27T05:07:50.688+0000] {processor.py:826} INFO - Processing file /opt/airflow/dags/python_op.py for tasks to queue
[2024-04-27T05:07:50.689+0000] {logging_mixin.py:149} INFO - [2024-04-27T05:07:50.689+0000] {dagbag.py:541} INFO - Filling up the DagBag from /opt/airflow/dags/python_op.py
[2024-04-27T05:07:50.698+0000] {processor.py:836} INFO - DAG(s) dict_keys(['my_dag']) retrieved from /opt/airflow/dags/python_op.py
[2024-04-27T05:07:50.724+0000] {logging_mixin.py:149} INFO - [2024-04-27T05:07:50.724+0000] {dag.py:2726} INFO - Sync 1 DAGs
[2024-04-27T05:07:50.744+0000] {logging_mixin.py:149} INFO - [2024-04-27T05:07:50.744+0000] {dag.py:3490} INFO - Setting next_dagrun for my_dag to None, run_after=None
[2024-04-27T05:07:50.758+0000] {processor.py:179} INFO - Processing /opt/airflow/dags/python_op.py took 0.075 seconds
[2024-04-27T05:08:21.158+0000] {processor.py:157} INFO - Started process (PID=4425) to work on /opt/airflow/dags/python_op.py
[2024-04-27T05:08:21.159+0000] {processor.py:826} INFO - Processing file /opt/airflow/dags/python_op.py for tasks to queue
[2024-04-27T05:08:21.160+0000] {logging_mixin.py:149} INFO - [2024-04-27T05:08:21.160+0000] {dagbag.py:541} INFO - Filling up the DagBag from /opt/airflow/dags/python_op.py
[2024-04-27T05:08:21.171+0000] {processor.py:836} INFO - DAG(s) dict_keys(['my_dag']) retrieved from /opt/airflow/dags/python_op.py
[2024-04-27T05:08:21.199+0000] {logging_mixin.py:149} INFO - [2024-04-27T05:08:21.199+0000] {dag.py:2726} INFO - Sync 1 DAGs
[2024-04-27T05:08:21.219+0000] {logging_mixin.py:149} INFO - [2024-04-27T05:08:21.219+0000] {dag.py:3490} INFO - Setting next_dagrun for my_dag to None, run_after=None
[2024-04-27T05:08:21.233+0000] {processor.py:179} INFO - Processing /opt/airflow/dags/python_op.py took 0.078 seconds
[2024-04-27T05:08:51.596+0000] {processor.py:157} INFO - Started process (PID=4456) to work on /opt/airflow/dags/python_op.py
[2024-04-27T05:08:51.597+0000] {processor.py:826} INFO - Processing file /opt/airflow/dags/python_op.py for tasks to queue
[2024-04-27T05:08:51.599+0000] {logging_mixin.py:149} INFO - [2024-04-27T05:08:51.598+0000] {dagbag.py:541} INFO - Filling up the DagBag from /opt/airflow/dags/python_op.py
[2024-04-27T05:08:51.614+0000] {processor.py:836} INFO - DAG(s) dict_keys(['my_dag']) retrieved from /opt/airflow/dags/python_op.py
[2024-04-27T05:08:51.650+0000] {logging_mixin.py:149} INFO - [2024-04-27T05:08:51.650+0000] {dag.py:2726} INFO - Sync 1 DAGs
[2024-04-27T05:08:51.672+0000] {logging_mixin.py:149} INFO - [2024-04-27T05:08:51.672+0000] {dag.py:3490} INFO - Setting next_dagrun for my_dag to None, run_after=None
[2024-04-27T05:08:51.689+0000] {processor.py:179} INFO - Processing /opt/airflow/dags/python_op.py took 0.098 seconds
[2024-04-27T05:09:22.101+0000] {processor.py:157} INFO - Started process (PID=4479) to work on /opt/airflow/dags/python_op.py
[2024-04-27T05:09:22.102+0000] {processor.py:826} INFO - Processing file /opt/airflow/dags/python_op.py for tasks to queue
[2024-04-27T05:09:22.103+0000] {logging_mixin.py:149} INFO - [2024-04-27T05:09:22.103+0000] {dagbag.py:541} INFO - Filling up the DagBag from /opt/airflow/dags/python_op.py
[2024-04-27T05:09:22.114+0000] {processor.py:836} INFO - DAG(s) dict_keys(['my_dag']) retrieved from /opt/airflow/dags/python_op.py
[2024-04-27T05:09:22.140+0000] {logging_mixin.py:149} INFO - [2024-04-27T05:09:22.140+0000] {dag.py:2726} INFO - Sync 1 DAGs
[2024-04-27T05:09:22.159+0000] {logging_mixin.py:149} INFO - [2024-04-27T05:09:22.159+0000] {dag.py:3490} INFO - Setting next_dagrun for my_dag to None, run_after=None
[2024-04-27T05:09:22.173+0000] {processor.py:179} INFO - Processing /opt/airflow/dags/python_op.py took 0.075 seconds
[2024-04-27T05:09:52.517+0000] {processor.py:157} INFO - Started process (PID=4511) to work on /opt/airflow/dags/python_op.py
[2024-04-27T05:09:52.518+0000] {processor.py:826} INFO - Processing file /opt/airflow/dags/python_op.py for tasks to queue
[2024-04-27T05:09:52.519+0000] {logging_mixin.py:149} INFO - [2024-04-27T05:09:52.519+0000] {dagbag.py:541} INFO - Filling up the DagBag from /opt/airflow/dags/python_op.py
[2024-04-27T05:09:52.530+0000] {processor.py:836} INFO - DAG(s) dict_keys(['my_dag']) retrieved from /opt/airflow/dags/python_op.py
[2024-04-27T05:09:52.558+0000] {logging_mixin.py:149} INFO - [2024-04-27T05:09:52.558+0000] {dag.py:2726} INFO - Sync 1 DAGs
[2024-04-27T05:09:52.577+0000] {logging_mixin.py:149} INFO - [2024-04-27T05:09:52.577+0000] {dag.py:3490} INFO - Setting next_dagrun for my_dag to None, run_after=None
[2024-04-27T05:09:52.591+0000] {processor.py:179} INFO - Processing /opt/airflow/dags/python_op.py took 0.077 seconds
[2024-04-27T05:10:22.954+0000] {processor.py:157} INFO - Started process (PID=4542) to work on /opt/airflow/dags/python_op.py
[2024-04-27T05:10:22.956+0000] {processor.py:826} INFO - Processing file /opt/airflow/dags/python_op.py for tasks to queue
[2024-04-27T05:10:22.957+0000] {logging_mixin.py:149} INFO - [2024-04-27T05:10:22.957+0000] {dagbag.py:541} INFO - Filling up the DagBag from /opt/airflow/dags/python_op.py
[2024-04-27T05:10:22.967+0000] {processor.py:836} INFO - DAG(s) dict_keys(['my_dag']) retrieved from /opt/airflow/dags/python_op.py
[2024-04-27T05:10:22.994+0000] {logging_mixin.py:149} INFO - [2024-04-27T05:10:22.993+0000] {dag.py:2726} INFO - Sync 1 DAGs
[2024-04-27T05:10:23.014+0000] {logging_mixin.py:149} INFO - [2024-04-27T05:10:23.014+0000] {dag.py:3490} INFO - Setting next_dagrun for my_dag to None, run_after=None
[2024-04-27T05:10:23.028+0000] {processor.py:179} INFO - Processing /opt/airflow/dags/python_op.py took 0.078 seconds
[2024-04-27T05:10:53.413+0000] {processor.py:157} INFO - Started process (PID=4564) to work on /opt/airflow/dags/python_op.py
[2024-04-27T05:10:53.414+0000] {processor.py:826} INFO - Processing file /opt/airflow/dags/python_op.py for tasks to queue
[2024-04-27T05:10:53.415+0000] {logging_mixin.py:149} INFO - [2024-04-27T05:10:53.415+0000] {dagbag.py:541} INFO - Filling up the DagBag from /opt/airflow/dags/python_op.py
[2024-04-27T05:10:53.425+0000] {processor.py:836} INFO - DAG(s) dict_keys(['my_dag']) retrieved from /opt/airflow/dags/python_op.py
[2024-04-27T05:10:53.451+0000] {logging_mixin.py:149} INFO - [2024-04-27T05:10:53.450+0000] {dag.py:2726} INFO - Sync 1 DAGs
[2024-04-27T05:10:53.470+0000] {logging_mixin.py:149} INFO - [2024-04-27T05:10:53.469+0000] {dag.py:3490} INFO - Setting next_dagrun for my_dag to None, run_after=None
[2024-04-27T05:10:53.484+0000] {processor.py:179} INFO - Processing /opt/airflow/dags/python_op.py took 0.074 seconds
[2024-04-27T05:11:23.858+0000] {processor.py:157} INFO - Started process (PID=4595) to work on /opt/airflow/dags/python_op.py
[2024-04-27T05:11:23.859+0000] {processor.py:826} INFO - Processing file /opt/airflow/dags/python_op.py for tasks to queue
[2024-04-27T05:11:23.860+0000] {logging_mixin.py:149} INFO - [2024-04-27T05:11:23.860+0000] {dagbag.py:541} INFO - Filling up the DagBag from /opt/airflow/dags/python_op.py
[2024-04-27T05:11:23.870+0000] {processor.py:836} INFO - DAG(s) dict_keys(['my_dag']) retrieved from /opt/airflow/dags/python_op.py
[2024-04-27T05:11:23.897+0000] {logging_mixin.py:149} INFO - [2024-04-27T05:11:23.897+0000] {dag.py:2726} INFO - Sync 1 DAGs
[2024-04-27T05:11:23.916+0000] {logging_mixin.py:149} INFO - [2024-04-27T05:11:23.916+0000] {dag.py:3490} INFO - Setting next_dagrun for my_dag to None, run_after=None
[2024-04-27T05:11:23.929+0000] {processor.py:179} INFO - Processing /opt/airflow/dags/python_op.py took 0.075 seconds
[2024-04-27T05:11:54.346+0000] {processor.py:157} INFO - Started process (PID=4617) to work on /opt/airflow/dags/python_op.py
[2024-04-27T05:11:54.347+0000] {processor.py:826} INFO - Processing file /opt/airflow/dags/python_op.py for tasks to queue
[2024-04-27T05:11:54.348+0000] {logging_mixin.py:149} INFO - [2024-04-27T05:11:54.348+0000] {dagbag.py:541} INFO - Filling up the DagBag from /opt/airflow/dags/python_op.py
[2024-04-27T05:11:54.358+0000] {processor.py:836} INFO - DAG(s) dict_keys(['my_dag']) retrieved from /opt/airflow/dags/python_op.py
[2024-04-27T05:11:54.385+0000] {logging_mixin.py:149} INFO - [2024-04-27T05:11:54.385+0000] {dag.py:2726} INFO - Sync 1 DAGs
[2024-04-27T05:11:54.404+0000] {logging_mixin.py:149} INFO - [2024-04-27T05:11:54.404+0000] {dag.py:3490} INFO - Setting next_dagrun for my_dag to None, run_after=None
[2024-04-27T05:11:54.417+0000] {processor.py:179} INFO - Processing /opt/airflow/dags/python_op.py took 0.075 seconds
[2024-04-27T05:12:24.793+0000] {processor.py:157} INFO - Started process (PID=4648) to work on /opt/airflow/dags/python_op.py
[2024-04-27T05:12:24.796+0000] {processor.py:826} INFO - Processing file /opt/airflow/dags/python_op.py for tasks to queue
[2024-04-27T05:12:24.797+0000] {logging_mixin.py:149} INFO - [2024-04-27T05:12:24.796+0000] {dagbag.py:541} INFO - Filling up the DagBag from /opt/airflow/dags/python_op.py
[2024-04-27T05:12:24.808+0000] {processor.py:836} INFO - DAG(s) dict_keys(['my_dag']) retrieved from /opt/airflow/dags/python_op.py
[2024-04-27T05:12:24.837+0000] {logging_mixin.py:149} INFO - [2024-04-27T05:12:24.837+0000] {dag.py:2726} INFO - Sync 1 DAGs
[2024-04-27T05:12:24.857+0000] {logging_mixin.py:149} INFO - [2024-04-27T05:12:24.857+0000] {dag.py:3490} INFO - Setting next_dagrun for my_dag to None, run_after=None
[2024-04-27T05:12:24.871+0000] {processor.py:179} INFO - Processing /opt/airflow/dags/python_op.py took 0.082 seconds
[2024-04-27T05:12:55.249+0000] {processor.py:157} INFO - Started process (PID=4680) to work on /opt/airflow/dags/python_op.py
[2024-04-27T05:12:55.251+0000] {processor.py:826} INFO - Processing file /opt/airflow/dags/python_op.py for tasks to queue
[2024-04-27T05:12:55.252+0000] {logging_mixin.py:149} INFO - [2024-04-27T05:12:55.252+0000] {dagbag.py:541} INFO - Filling up the DagBag from /opt/airflow/dags/python_op.py
[2024-04-27T05:12:55.265+0000] {processor.py:836} INFO - DAG(s) dict_keys(['my_dag']) retrieved from /opt/airflow/dags/python_op.py
[2024-04-27T05:12:55.292+0000] {logging_mixin.py:149} INFO - [2024-04-27T05:12:55.292+0000] {dag.py:2726} INFO - Sync 1 DAGs
[2024-04-27T05:12:55.313+0000] {logging_mixin.py:149} INFO - [2024-04-27T05:12:55.313+0000] {dag.py:3490} INFO - Setting next_dagrun for my_dag to None, run_after=None
[2024-04-27T05:12:55.327+0000] {processor.py:179} INFO - Processing /opt/airflow/dags/python_op.py took 0.082 seconds
[2024-04-27T05:13:25.719+0000] {processor.py:157} INFO - Started process (PID=4702) to work on /opt/airflow/dags/python_op.py
[2024-04-27T05:13:25.721+0000] {processor.py:826} INFO - Processing file /opt/airflow/dags/python_op.py for tasks to queue
[2024-04-27T05:13:25.722+0000] {logging_mixin.py:149} INFO - [2024-04-27T05:13:25.722+0000] {dagbag.py:541} INFO - Filling up the DagBag from /opt/airflow/dags/python_op.py
[2024-04-27T05:13:25.732+0000] {processor.py:836} INFO - DAG(s) dict_keys(['my_dag']) retrieved from /opt/airflow/dags/python_op.py
[2024-04-27T05:13:25.759+0000] {logging_mixin.py:149} INFO - [2024-04-27T05:13:25.759+0000] {dag.py:2726} INFO - Sync 1 DAGs
[2024-04-27T05:13:25.778+0000] {logging_mixin.py:149} INFO - [2024-04-27T05:13:25.778+0000] {dag.py:3490} INFO - Setting next_dagrun for my_dag to None, run_after=None
[2024-04-27T05:13:25.792+0000] {processor.py:179} INFO - Processing /opt/airflow/dags/python_op.py took 0.076 seconds
