[2024-04-26T13:26:03.566+0000] {taskinstance.py:1103} INFO - Dependencies all met for dep_context=non-requeueable deps ti=<TaskInstance: 1_init_once_seed_data.load_seed_data_once manual__2024-04-26T13:26:02.837858+00:00 [queued]>
[2024-04-26T13:26:03.574+0000] {taskinstance.py:1103} INFO - Dependencies all met for dep_context=requeueable deps ti=<TaskInstance: 1_init_once_seed_data.load_seed_data_once manual__2024-04-26T13:26:02.837858+00:00 [queued]>
[2024-04-26T13:26:03.575+0000] {taskinstance.py:1308} INFO - Starting attempt 1 of 1
[2024-04-26T13:26:03.586+0000] {taskinstance.py:1327} INFO - Executing <Task(BashOperator): load_seed_data_once> on 2024-04-26 13:26:02.837858+00:00
[2024-04-26T13:26:03.590+0000] {standard_task_runner.py:57} INFO - Started process 77 to run task
[2024-04-26T13:26:03.594+0000] {standard_task_runner.py:84} INFO - Running: ['***', 'tasks', 'run', '1_init_once_seed_data', 'load_seed_data_once', 'manual__2024-04-26T13:26:02.837858+00:00', '--job-id', '69', '--raw', '--subdir', 'DAGS_FOLDER/init.py', '--cfg-path', '/tmp/tmpt9hboas2']
[2024-04-26T13:26:03.595+0000] {standard_task_runner.py:85} INFO - Job 69: Subtask load_seed_data_once
[2024-04-26T13:26:03.648+0000] {task_command.py:410} INFO - Running <TaskInstance: 1_init_once_seed_data.load_seed_data_once manual__2024-04-26T13:26:02.837858+00:00 [running]> on host 511926b065ed
[2024-04-26T13:26:03.752+0000] {taskinstance.py:1547} INFO - Exporting env vars: AIRFLOW_CTX_DAG_OWNER='***' AIRFLOW_CTX_DAG_ID='1_init_once_seed_data' AIRFLOW_CTX_TASK_ID='load_seed_data_once' AIRFLOW_CTX_EXECUTION_DATE='2024-04-26T13:26:02.837858+00:00' AIRFLOW_CTX_TRY_NUMBER='1' AIRFLOW_CTX_DAG_RUN_ID='manual__2024-04-26T13:26:02.837858+00:00'
[2024-04-26T13:26:03.753+0000] {subprocess.py:63} INFO - Tmp dir root location: /tmp
[2024-04-26T13:26:03.754+0000] {subprocess.py:75} INFO - Running command: ['/bin/bash', '-c', 'cd /dbt && dbt seed --profiles-dir .']
[2024-04-26T13:26:03.764+0000] {subprocess.py:86} INFO - Output:
[2024-04-26T13:26:05.568+0000] {subprocess.py:93} INFO - [0m13:26:05  Running with dbt=1.5.2
[2024-04-26T13:26:06.201+0000] {subprocess.py:93} INFO - [0m13:26:06  Registered adapter: snowflake=1.5.1
[2024-04-26T13:26:06.238+0000] {subprocess.py:93} INFO - [0m13:26:06  Unable to do partial parsing because profile has changed
[2024-04-26T13:26:06.239+0000] {subprocess.py:93} INFO - [0m13:26:06  Unable to do partial parsing because env vars used in profiles.yml have changed
[2024-04-26T13:26:07.224+0000] {subprocess.py:93} INFO - [0m13:26:07  [[33mWARNING[0m]: Configuration paths exist in your dbt_project.yml file which do not apply to any resources.
[2024-04-26T13:26:07.224+0000] {subprocess.py:93} INFO - There are 2 unused configuration paths:
[2024-04-26T13:26:07.225+0000] {subprocess.py:93} INFO - - models.dbt.analysis
[2024-04-26T13:26:07.225+0000] {subprocess.py:93} INFO - - models.dbt.transform
[2024-04-26T13:26:07.245+0000] {subprocess.py:93} INFO - [0m13:26:07  Found 5 models, 1 test, 0 snapshots, 0 analyses, 438 macros, 0 operations, 4 seed files, 0 sources, 0 exposures, 0 metrics, 0 groups
[2024-04-26T13:26:07.248+0000] {subprocess.py:93} INFO - [0m13:26:07
[2024-04-26T13:26:08.549+0000] {subprocess.py:93} INFO - [0m13:26:08  Concurrency: 200 threads (target='dev')
[2024-04-26T13:26:08.555+0000] {subprocess.py:93} INFO - [0m13:26:08
[2024-04-26T13:26:08.585+0000] {subprocess.py:93} INFO - [0m13:26:08  1 of 4 START seed file public.bookings_1 ....................................... [RUN]
[2024-04-26T13:26:08.586+0000] {subprocess.py:93} INFO - [0m13:26:08  2 of 4 START seed file public.bookings_2 ....................................... [RUN]
[2024-04-26T13:26:08.588+0000] {subprocess.py:93} INFO - [0m13:26:08  3 of 4 START seed file public.customers ........................................ [RUN]
[2024-04-26T13:26:08.589+0000] {subprocess.py:93} INFO - [0m13:26:08  4 of 4 START seed file public.library_transaction .............................. [RUN]
[2024-04-26T13:26:11.046+0000] {subprocess.py:93} INFO - [0m13:26:11  4 of 4 OK loaded seed file public.library_transaction .......................... [[32mINSERT 20[0m in 2.45s]
[2024-04-26T13:26:11.159+0000] {subprocess.py:93} INFO - [0m13:26:11  3 of 4 OK loaded seed file public.customers .................................... [[32mINSERT 2[0m in 2.56s]
[2024-04-26T13:26:11.167+0000] {subprocess.py:93} INFO - [0m13:26:11  2 of 4 OK loaded seed file public.bookings_2 ................................... [[32mINSERT 7[0m in 2.57s]
[2024-04-26T13:26:11.244+0000] {subprocess.py:93} INFO - [0m13:26:11  1 of 4 OK loaded seed file public.bookings_1 ................................... [[32mINSERT 7[0m in 2.65s]
[2024-04-26T13:26:11.335+0000] {subprocess.py:93} INFO - [0m13:26:11
[2024-04-26T13:26:11.336+0000] {subprocess.py:93} INFO - [0m13:26:11  Finished running 4 seeds in 0 hours 0 minutes and 4.09 seconds (4.09s).
[2024-04-26T13:26:11.351+0000] {subprocess.py:93} INFO - [0m13:26:11
[2024-04-26T13:26:11.352+0000] {subprocess.py:93} INFO - [0m13:26:11  [32mCompleted successfully[0m
[2024-04-26T13:26:11.353+0000] {subprocess.py:93} INFO - [0m13:26:11
[2024-04-26T13:26:11.354+0000] {subprocess.py:93} INFO - [0m13:26:11  Done. PASS=4 WARN=0 ERROR=0 SKIP=0 TOTAL=4
[2024-04-26T13:26:12.136+0000] {subprocess.py:97} INFO - Command exited with return code 0
[2024-04-26T13:26:12.163+0000] {taskinstance.py:1350} INFO - Marking task as SUCCESS. dag_id=1_init_once_seed_data, task_id=load_seed_data_once, execution_date=20240426T132602, start_date=20240426T132603, end_date=20240426T132612
[2024-04-26T13:26:12.206+0000] {local_task_job_runner.py:225} INFO - Task exited with return code 0
[2024-04-26T13:26:12.221+0000] {taskinstance.py:2653} INFO - 0 downstream tasks scheduled from follow-on schedule check
