[2024-04-26T12:59:10.022+0000] {processor.py:157} INFO - Started process (PID=39) to work on /opt/airflow/dags/init.py
[2024-04-26T12:59:10.024+0000] {processor.py:826} INFO - Processing file /opt/airflow/dags/init.py for tasks to queue
[2024-04-26T12:59:10.025+0000] {logging_mixin.py:149} INFO - [2024-04-26T12:59:10.024+0000] {dagbag.py:541} INFO - Filling up the DagBag from /opt/airflow/dags/init.py
[2024-04-26T12:59:10.042+0000] {processor.py:836} INFO - DAG(s) dict_keys(['1_init_once_seed_data']) retrieved from /opt/airflow/dags/init.py
[2024-04-26T12:59:10.222+0000] {logging_mixin.py:149} INFO - [2024-04-26T12:59:10.222+0000] {dag.py:2726} INFO - Sync 1 DAGs
[2024-04-26T12:59:10.239+0000] {logging_mixin.py:149} INFO - [2024-04-26T12:59:10.238+0000] {dag.py:3490} INFO - Setting next_dagrun for 1_init_once_seed_data to None, run_after=None
[2024-04-26T12:59:10.257+0000] {processor.py:179} INFO - Processing /opt/airflow/dags/init.py took 0.239 seconds
[2024-04-26T12:59:40.506+0000] {processor.py:157} INFO - Started process (PID=69) to work on /opt/airflow/dags/init.py
[2024-04-26T12:59:40.508+0000] {processor.py:826} INFO - Processing file /opt/airflow/dags/init.py for tasks to queue
[2024-04-26T12:59:40.509+0000] {logging_mixin.py:149} INFO - [2024-04-26T12:59:40.509+0000] {dagbag.py:541} INFO - Filling up the DagBag from /opt/airflow/dags/init.py
[2024-04-26T12:59:40.528+0000] {processor.py:836} INFO - DAG(s) dict_keys(['1_init_once_seed_data']) retrieved from /opt/airflow/dags/init.py
[2024-04-26T12:59:40.554+0000] {logging_mixin.py:149} INFO - [2024-04-26T12:59:40.554+0000] {dag.py:2726} INFO - Sync 1 DAGs
[2024-04-26T12:59:40.658+0000] {logging_mixin.py:149} INFO - [2024-04-26T12:59:40.658+0000] {dag.py:3490} INFO - Setting next_dagrun for 1_init_once_seed_data to None, run_after=None
[2024-04-26T12:59:40.670+0000] {processor.py:179} INFO - Processing /opt/airflow/dags/init.py took 0.167 seconds
[2024-04-26T13:00:10.973+0000] {processor.py:157} INFO - Started process (PID=100) to work on /opt/airflow/dags/init.py
[2024-04-26T13:00:10.975+0000] {processor.py:826} INFO - Processing file /opt/airflow/dags/init.py for tasks to queue
[2024-04-26T13:00:10.976+0000] {logging_mixin.py:149} INFO - [2024-04-26T13:00:10.976+0000] {dagbag.py:541} INFO - Filling up the DagBag from /opt/airflow/dags/init.py
[2024-04-26T13:00:10.988+0000] {processor.py:836} INFO - DAG(s) dict_keys(['1_init_once_seed_data']) retrieved from /opt/airflow/dags/init.py
[2024-04-26T13:00:11.019+0000] {logging_mixin.py:149} INFO - [2024-04-26T13:00:11.019+0000] {dag.py:2726} INFO - Sync 1 DAGs
[2024-04-26T13:00:11.130+0000] {logging_mixin.py:149} INFO - [2024-04-26T13:00:11.130+0000] {dag.py:3490} INFO - Setting next_dagrun for 1_init_once_seed_data to None, run_after=None
[2024-04-26T13:00:11.145+0000] {processor.py:179} INFO - Processing /opt/airflow/dags/init.py took 0.175 seconds
[2024-04-26T13:00:41.387+0000] {processor.py:157} INFO - Started process (PID=121) to work on /opt/airflow/dags/init.py
[2024-04-26T13:00:41.389+0000] {processor.py:826} INFO - Processing file /opt/airflow/dags/init.py for tasks to queue
[2024-04-26T13:00:41.390+0000] {logging_mixin.py:149} INFO - [2024-04-26T13:00:41.390+0000] {dagbag.py:541} INFO - Filling up the DagBag from /opt/airflow/dags/init.py
[2024-04-26T13:00:41.401+0000] {processor.py:836} INFO - DAG(s) dict_keys(['1_init_once_seed_data']) retrieved from /opt/airflow/dags/init.py
[2024-04-26T13:00:41.514+0000] {logging_mixin.py:149} INFO - [2024-04-26T13:00:41.514+0000] {dag.py:2726} INFO - Sync 1 DAGs
[2024-04-26T13:00:41.530+0000] {logging_mixin.py:149} INFO - [2024-04-26T13:00:41.530+0000] {dag.py:3490} INFO - Setting next_dagrun for 1_init_once_seed_data to None, run_after=None
[2024-04-26T13:00:41.542+0000] {processor.py:179} INFO - Processing /opt/airflow/dags/init.py took 0.158 seconds
[2024-04-26T13:01:11.846+0000] {processor.py:157} INFO - Started process (PID=151) to work on /opt/airflow/dags/init.py
[2024-04-26T13:01:11.848+0000] {processor.py:826} INFO - Processing file /opt/airflow/dags/init.py for tasks to queue
[2024-04-26T13:01:11.850+0000] {logging_mixin.py:149} INFO - [2024-04-26T13:01:11.850+0000] {dagbag.py:541} INFO - Filling up the DagBag from /opt/airflow/dags/init.py
[2024-04-26T13:01:11.864+0000] {processor.py:836} INFO - DAG(s) dict_keys(['1_init_once_seed_data']) retrieved from /opt/airflow/dags/init.py
[2024-04-26T13:01:11.979+0000] {logging_mixin.py:149} INFO - [2024-04-26T13:01:11.978+0000] {dag.py:2726} INFO - Sync 1 DAGs
[2024-04-26T13:01:11.996+0000] {logging_mixin.py:149} INFO - [2024-04-26T13:01:11.996+0000] {dag.py:3490} INFO - Setting next_dagrun for 1_init_once_seed_data to None, run_after=None
[2024-04-26T13:01:12.007+0000] {processor.py:179} INFO - Processing /opt/airflow/dags/init.py took 0.166 seconds
[2024-04-26T13:01:42.243+0000] {processor.py:157} INFO - Started process (PID=182) to work on /opt/airflow/dags/init.py
[2024-04-26T13:01:42.244+0000] {processor.py:826} INFO - Processing file /opt/airflow/dags/init.py for tasks to queue
[2024-04-26T13:01:42.245+0000] {logging_mixin.py:149} INFO - [2024-04-26T13:01:42.245+0000] {dagbag.py:541} INFO - Filling up the DagBag from /opt/airflow/dags/init.py
[2024-04-26T13:01:42.256+0000] {processor.py:836} INFO - DAG(s) dict_keys(['1_init_once_seed_data']) retrieved from /opt/airflow/dags/init.py
[2024-04-26T13:01:42.281+0000] {logging_mixin.py:149} INFO - [2024-04-26T13:01:42.281+0000] {dag.py:2726} INFO - Sync 1 DAGs
[2024-04-26T13:01:42.300+0000] {logging_mixin.py:149} INFO - [2024-04-26T13:01:42.300+0000] {dag.py:3490} INFO - Setting next_dagrun for 1_init_once_seed_data to None, run_after=None
[2024-04-26T13:01:42.314+0000] {processor.py:179} INFO - Processing /opt/airflow/dags/init.py took 0.075 seconds
[2024-04-26T13:02:12.623+0000] {processor.py:157} INFO - Started process (PID=203) to work on /opt/airflow/dags/init.py
[2024-04-26T13:02:12.625+0000] {processor.py:826} INFO - Processing file /opt/airflow/dags/init.py for tasks to queue
[2024-04-26T13:02:12.626+0000] {logging_mixin.py:149} INFO - [2024-04-26T13:02:12.626+0000] {dagbag.py:541} INFO - Filling up the DagBag from /opt/airflow/dags/init.py
[2024-04-26T13:02:12.637+0000] {processor.py:836} INFO - DAG(s) dict_keys(['1_init_once_seed_data']) retrieved from /opt/airflow/dags/init.py
[2024-04-26T13:02:12.664+0000] {logging_mixin.py:149} INFO - [2024-04-26T13:02:12.664+0000] {dag.py:2726} INFO - Sync 1 DAGs
[2024-04-26T13:02:12.683+0000] {logging_mixin.py:149} INFO - [2024-04-26T13:02:12.683+0000] {dag.py:3490} INFO - Setting next_dagrun for 1_init_once_seed_data to None, run_after=None
[2024-04-26T13:02:12.697+0000] {processor.py:179} INFO - Processing /opt/airflow/dags/init.py took 0.077 seconds
[2024-04-26T13:02:42.982+0000] {processor.py:157} INFO - Started process (PID=233) to work on /opt/airflow/dags/init.py
[2024-04-26T13:02:42.984+0000] {processor.py:826} INFO - Processing file /opt/airflow/dags/init.py for tasks to queue
[2024-04-26T13:02:42.985+0000] {logging_mixin.py:149} INFO - [2024-04-26T13:02:42.985+0000] {dagbag.py:541} INFO - Filling up the DagBag from /opt/airflow/dags/init.py
[2024-04-26T13:02:42.996+0000] {processor.py:836} INFO - DAG(s) dict_keys(['1_init_once_seed_data']) retrieved from /opt/airflow/dags/init.py
[2024-04-26T13:02:43.025+0000] {logging_mixin.py:149} INFO - [2024-04-26T13:02:43.024+0000] {dag.py:2726} INFO - Sync 1 DAGs
[2024-04-26T13:02:43.046+0000] {logging_mixin.py:149} INFO - [2024-04-26T13:02:43.046+0000] {dag.py:3490} INFO - Setting next_dagrun for 1_init_once_seed_data to None, run_after=None
[2024-04-26T13:02:43.061+0000] {processor.py:179} INFO - Processing /opt/airflow/dags/init.py took 0.082 seconds
[2024-04-26T13:03:13.322+0000] {processor.py:157} INFO - Started process (PID=254) to work on /opt/airflow/dags/init.py
[2024-04-26T13:03:13.323+0000] {processor.py:826} INFO - Processing file /opt/airflow/dags/init.py for tasks to queue
[2024-04-26T13:03:13.324+0000] {logging_mixin.py:149} INFO - [2024-04-26T13:03:13.324+0000] {dagbag.py:541} INFO - Filling up the DagBag from /opt/airflow/dags/init.py
[2024-04-26T13:03:13.335+0000] {processor.py:836} INFO - DAG(s) dict_keys(['1_init_once_seed_data']) retrieved from /opt/airflow/dags/init.py
[2024-04-26T13:03:13.363+0000] {logging_mixin.py:149} INFO - [2024-04-26T13:03:13.363+0000] {dag.py:2726} INFO - Sync 1 DAGs
[2024-04-26T13:03:13.381+0000] {logging_mixin.py:149} INFO - [2024-04-26T13:03:13.381+0000] {dag.py:3490} INFO - Setting next_dagrun for 1_init_once_seed_data to None, run_after=None
[2024-04-26T13:03:13.395+0000] {processor.py:179} INFO - Processing /opt/airflow/dags/init.py took 0.077 seconds
[2024-04-26T13:03:43.650+0000] {processor.py:157} INFO - Started process (PID=284) to work on /opt/airflow/dags/init.py
[2024-04-26T13:03:43.652+0000] {processor.py:826} INFO - Processing file /opt/airflow/dags/init.py for tasks to queue
[2024-04-26T13:03:43.652+0000] {logging_mixin.py:149} INFO - [2024-04-26T13:03:43.652+0000] {dagbag.py:541} INFO - Filling up the DagBag from /opt/airflow/dags/init.py
[2024-04-26T13:03:43.663+0000] {processor.py:836} INFO - DAG(s) dict_keys(['1_init_once_seed_data']) retrieved from /opt/airflow/dags/init.py
[2024-04-26T13:03:43.690+0000] {logging_mixin.py:149} INFO - [2024-04-26T13:03:43.690+0000] {dag.py:2726} INFO - Sync 1 DAGs
[2024-04-26T13:03:43.709+0000] {logging_mixin.py:149} INFO - [2024-04-26T13:03:43.709+0000] {dag.py:3490} INFO - Setting next_dagrun for 1_init_once_seed_data to None, run_after=None
[2024-04-26T13:03:43.723+0000] {processor.py:179} INFO - Processing /opt/airflow/dags/init.py took 0.076 seconds
[2024-04-26T13:04:14.009+0000] {processor.py:157} INFO - Started process (PID=314) to work on /opt/airflow/dags/init.py
[2024-04-26T13:04:14.010+0000] {processor.py:826} INFO - Processing file /opt/airflow/dags/init.py for tasks to queue
[2024-04-26T13:04:14.011+0000] {logging_mixin.py:149} INFO - [2024-04-26T13:04:14.011+0000] {dagbag.py:541} INFO - Filling up the DagBag from /opt/airflow/dags/init.py
[2024-04-26T13:04:14.020+0000] {processor.py:836} INFO - DAG(s) dict_keys(['1_init_once_seed_data']) retrieved from /opt/airflow/dags/init.py
[2024-04-26T13:04:14.045+0000] {logging_mixin.py:149} INFO - [2024-04-26T13:04:14.045+0000] {dag.py:2726} INFO - Sync 1 DAGs
[2024-04-26T13:04:14.062+0000] {logging_mixin.py:149} INFO - [2024-04-26T13:04:14.062+0000] {dag.py:3490} INFO - Setting next_dagrun for 1_init_once_seed_data to None, run_after=None
[2024-04-26T13:04:14.076+0000] {processor.py:179} INFO - Processing /opt/airflow/dags/init.py took 0.070 seconds
[2024-04-26T13:04:44.333+0000] {processor.py:157} INFO - Started process (PID=335) to work on /opt/airflow/dags/init.py
[2024-04-26T13:04:44.335+0000] {processor.py:826} INFO - Processing file /opt/airflow/dags/init.py for tasks to queue
[2024-04-26T13:04:44.336+0000] {logging_mixin.py:149} INFO - [2024-04-26T13:04:44.336+0000] {dagbag.py:541} INFO - Filling up the DagBag from /opt/airflow/dags/init.py
[2024-04-26T13:04:44.347+0000] {processor.py:836} INFO - DAG(s) dict_keys(['1_init_once_seed_data']) retrieved from /opt/airflow/dags/init.py
[2024-04-26T13:04:44.373+0000] {logging_mixin.py:149} INFO - [2024-04-26T13:04:44.373+0000] {dag.py:2726} INFO - Sync 1 DAGs
[2024-04-26T13:04:44.392+0000] {logging_mixin.py:149} INFO - [2024-04-26T13:04:44.392+0000] {dag.py:3490} INFO - Setting next_dagrun for 1_init_once_seed_data to None, run_after=None
[2024-04-26T13:04:44.407+0000] {processor.py:179} INFO - Processing /opt/airflow/dags/init.py took 0.076 seconds
[2024-04-26T13:05:14.660+0000] {processor.py:157} INFO - Started process (PID=366) to work on /opt/airflow/dags/init.py
[2024-04-26T13:05:14.662+0000] {processor.py:826} INFO - Processing file /opt/airflow/dags/init.py for tasks to queue
[2024-04-26T13:05:14.663+0000] {logging_mixin.py:149} INFO - [2024-04-26T13:05:14.663+0000] {dagbag.py:541} INFO - Filling up the DagBag from /opt/airflow/dags/init.py
[2024-04-26T13:05:14.673+0000] {processor.py:836} INFO - DAG(s) dict_keys(['1_init_once_seed_data']) retrieved from /opt/airflow/dags/init.py
[2024-04-26T13:05:14.700+0000] {logging_mixin.py:149} INFO - [2024-04-26T13:05:14.700+0000] {dag.py:2726} INFO - Sync 1 DAGs
[2024-04-26T13:05:14.720+0000] {logging_mixin.py:149} INFO - [2024-04-26T13:05:14.720+0000] {dag.py:3490} INFO - Setting next_dagrun for 1_init_once_seed_data to None, run_after=None
[2024-04-26T13:05:14.733+0000] {processor.py:179} INFO - Processing /opt/airflow/dags/init.py took 0.076 seconds
[2024-04-26T13:05:45.021+0000] {processor.py:157} INFO - Started process (PID=395) to work on /opt/airflow/dags/init.py
[2024-04-26T13:05:45.022+0000] {processor.py:826} INFO - Processing file /opt/airflow/dags/init.py for tasks to queue
[2024-04-26T13:05:45.023+0000] {logging_mixin.py:149} INFO - [2024-04-26T13:05:45.023+0000] {dagbag.py:541} INFO - Filling up the DagBag from /opt/airflow/dags/init.py
[2024-04-26T13:05:45.034+0000] {processor.py:836} INFO - DAG(s) dict_keys(['1_init_once_seed_data']) retrieved from /opt/airflow/dags/init.py
[2024-04-26T13:05:45.059+0000] {logging_mixin.py:149} INFO - [2024-04-26T13:05:45.059+0000] {dag.py:2726} INFO - Sync 1 DAGs
[2024-04-26T13:05:45.077+0000] {logging_mixin.py:149} INFO - [2024-04-26T13:05:45.077+0000] {dag.py:3490} INFO - Setting next_dagrun for 1_init_once_seed_data to None, run_after=None
[2024-04-26T13:05:45.090+0000] {processor.py:179} INFO - Processing /opt/airflow/dags/init.py took 0.072 seconds
[2024-04-26T13:06:15.354+0000] {processor.py:157} INFO - Started process (PID=415) to work on /opt/airflow/dags/init.py
[2024-04-26T13:06:15.356+0000] {processor.py:826} INFO - Processing file /opt/airflow/dags/init.py for tasks to queue
[2024-04-26T13:06:15.357+0000] {logging_mixin.py:149} INFO - [2024-04-26T13:06:15.357+0000] {dagbag.py:541} INFO - Filling up the DagBag from /opt/airflow/dags/init.py
[2024-04-26T13:06:15.368+0000] {processor.py:836} INFO - DAG(s) dict_keys(['1_init_once_seed_data']) retrieved from /opt/airflow/dags/init.py
[2024-04-26T13:06:15.395+0000] {logging_mixin.py:149} INFO - [2024-04-26T13:06:15.394+0000] {dag.py:2726} INFO - Sync 1 DAGs
[2024-04-26T13:06:15.414+0000] {logging_mixin.py:149} INFO - [2024-04-26T13:06:15.414+0000] {dag.py:3490} INFO - Setting next_dagrun for 1_init_once_seed_data to None, run_after=None
[2024-04-26T13:06:15.427+0000] {processor.py:179} INFO - Processing /opt/airflow/dags/init.py took 0.076 seconds
[2024-04-26T13:06:45.682+0000] {processor.py:157} INFO - Started process (PID=445) to work on /opt/airflow/dags/init.py
[2024-04-26T13:06:45.683+0000] {processor.py:826} INFO - Processing file /opt/airflow/dags/init.py for tasks to queue
[2024-04-26T13:06:45.684+0000] {logging_mixin.py:149} INFO - [2024-04-26T13:06:45.684+0000] {dagbag.py:541} INFO - Filling up the DagBag from /opt/airflow/dags/init.py
[2024-04-26T13:06:45.696+0000] {processor.py:836} INFO - DAG(s) dict_keys(['1_init_once_seed_data']) retrieved from /opt/airflow/dags/init.py
[2024-04-26T13:06:45.724+0000] {logging_mixin.py:149} INFO - [2024-04-26T13:06:45.724+0000] {dag.py:2726} INFO - Sync 1 DAGs
[2024-04-26T13:06:45.744+0000] {logging_mixin.py:149} INFO - [2024-04-26T13:06:45.744+0000] {dag.py:3490} INFO - Setting next_dagrun for 1_init_once_seed_data to None, run_after=None
[2024-04-26T13:06:45.757+0000] {processor.py:179} INFO - Processing /opt/airflow/dags/init.py took 0.079 seconds
[2024-04-26T13:07:16.034+0000] {processor.py:157} INFO - Started process (PID=466) to work on /opt/airflow/dags/init.py
[2024-04-26T13:07:16.035+0000] {processor.py:826} INFO - Processing file /opt/airflow/dags/init.py for tasks to queue
[2024-04-26T13:07:16.036+0000] {logging_mixin.py:149} INFO - [2024-04-26T13:07:16.036+0000] {dagbag.py:541} INFO - Filling up the DagBag from /opt/airflow/dags/init.py
[2024-04-26T13:07:16.048+0000] {processor.py:836} INFO - DAG(s) dict_keys(['1_init_once_seed_data']) retrieved from /opt/airflow/dags/init.py
[2024-04-26T13:07:16.075+0000] {logging_mixin.py:149} INFO - [2024-04-26T13:07:16.075+0000] {dag.py:2726} INFO - Sync 1 DAGs
[2024-04-26T13:07:16.094+0000] {logging_mixin.py:149} INFO - [2024-04-26T13:07:16.094+0000] {dag.py:3490} INFO - Setting next_dagrun for 1_init_once_seed_data to None, run_after=None
[2024-04-26T13:07:16.107+0000] {processor.py:179} INFO - Processing /opt/airflow/dags/init.py took 0.076 seconds
[2024-04-26T13:07:46.350+0000] {processor.py:157} INFO - Started process (PID=496) to work on /opt/airflow/dags/init.py
[2024-04-26T13:07:46.352+0000] {processor.py:826} INFO - Processing file /opt/airflow/dags/init.py for tasks to queue
[2024-04-26T13:07:46.352+0000] {logging_mixin.py:149} INFO - [2024-04-26T13:07:46.352+0000] {dagbag.py:541} INFO - Filling up the DagBag from /opt/airflow/dags/init.py
[2024-04-26T13:07:46.363+0000] {processor.py:836} INFO - DAG(s) dict_keys(['1_init_once_seed_data']) retrieved from /opt/airflow/dags/init.py
[2024-04-26T13:07:46.390+0000] {logging_mixin.py:149} INFO - [2024-04-26T13:07:46.390+0000] {dag.py:2726} INFO - Sync 1 DAGs
[2024-04-26T13:07:46.411+0000] {logging_mixin.py:149} INFO - [2024-04-26T13:07:46.411+0000] {dag.py:3490} INFO - Setting next_dagrun for 1_init_once_seed_data to None, run_after=None
[2024-04-26T13:07:46.426+0000] {processor.py:179} INFO - Processing /opt/airflow/dags/init.py took 0.079 seconds
[2024-04-26T13:08:16.700+0000] {processor.py:157} INFO - Started process (PID=526) to work on /opt/airflow/dags/init.py
[2024-04-26T13:08:16.701+0000] {processor.py:826} INFO - Processing file /opt/airflow/dags/init.py for tasks to queue
[2024-04-26T13:08:16.702+0000] {logging_mixin.py:149} INFO - [2024-04-26T13:08:16.702+0000] {dagbag.py:541} INFO - Filling up the DagBag from /opt/airflow/dags/init.py
[2024-04-26T13:08:16.714+0000] {processor.py:836} INFO - DAG(s) dict_keys(['1_init_once_seed_data']) retrieved from /opt/airflow/dags/init.py
[2024-04-26T13:08:16.741+0000] {logging_mixin.py:149} INFO - [2024-04-26T13:08:16.741+0000] {dag.py:2726} INFO - Sync 1 DAGs
[2024-04-26T13:08:16.761+0000] {logging_mixin.py:149} INFO - [2024-04-26T13:08:16.761+0000] {dag.py:3490} INFO - Setting next_dagrun for 1_init_once_seed_data to None, run_after=None
[2024-04-26T13:08:16.774+0000] {processor.py:179} INFO - Processing /opt/airflow/dags/init.py took 0.078 seconds
[2024-04-26T13:08:47.019+0000] {processor.py:157} INFO - Started process (PID=547) to work on /opt/airflow/dags/init.py
[2024-04-26T13:08:47.021+0000] {processor.py:826} INFO - Processing file /opt/airflow/dags/init.py for tasks to queue
[2024-04-26T13:08:47.022+0000] {logging_mixin.py:149} INFO - [2024-04-26T13:08:47.022+0000] {dagbag.py:541} INFO - Filling up the DagBag from /opt/airflow/dags/init.py
[2024-04-26T13:08:47.033+0000] {processor.py:836} INFO - DAG(s) dict_keys(['1_init_once_seed_data']) retrieved from /opt/airflow/dags/init.py
[2024-04-26T13:08:47.057+0000] {logging_mixin.py:149} INFO - [2024-04-26T13:08:47.057+0000] {dag.py:2726} INFO - Sync 1 DAGs
[2024-04-26T13:08:47.077+0000] {logging_mixin.py:149} INFO - [2024-04-26T13:08:47.077+0000] {dag.py:3490} INFO - Setting next_dagrun for 1_init_once_seed_data to None, run_after=None
[2024-04-26T13:08:47.091+0000] {processor.py:179} INFO - Processing /opt/airflow/dags/init.py took 0.074 seconds
[2024-04-26T13:09:17.385+0000] {processor.py:157} INFO - Started process (PID=577) to work on /opt/airflow/dags/init.py
[2024-04-26T13:09:17.387+0000] {processor.py:826} INFO - Processing file /opt/airflow/dags/init.py for tasks to queue
[2024-04-26T13:09:17.388+0000] {logging_mixin.py:149} INFO - [2024-04-26T13:09:17.388+0000] {dagbag.py:541} INFO - Filling up the DagBag from /opt/airflow/dags/init.py
[2024-04-26T13:09:17.397+0000] {processor.py:836} INFO - DAG(s) dict_keys(['1_init_once_seed_data']) retrieved from /opt/airflow/dags/init.py
[2024-04-26T13:09:17.423+0000] {logging_mixin.py:149} INFO - [2024-04-26T13:09:17.423+0000] {dag.py:2726} INFO - Sync 1 DAGs
[2024-04-26T13:09:17.443+0000] {logging_mixin.py:149} INFO - [2024-04-26T13:09:17.443+0000] {dag.py:3490} INFO - Setting next_dagrun for 1_init_once_seed_data to None, run_after=None
[2024-04-26T13:09:17.457+0000] {processor.py:179} INFO - Processing /opt/airflow/dags/init.py took 0.076 seconds
[2024-04-26T13:09:47.816+0000] {processor.py:157} INFO - Started process (PID=606) to work on /opt/airflow/dags/init.py
[2024-04-26T13:09:47.818+0000] {processor.py:826} INFO - Processing file /opt/airflow/dags/init.py for tasks to queue
[2024-04-26T13:09:47.820+0000] {logging_mixin.py:149} INFO - [2024-04-26T13:09:47.820+0000] {dagbag.py:541} INFO - Filling up the DagBag from /opt/airflow/dags/init.py
[2024-04-26T13:09:47.837+0000] {processor.py:836} INFO - DAG(s) dict_keys(['1_init_once_seed_data']) retrieved from /opt/airflow/dags/init.py
[2024-04-26T13:09:47.868+0000] {logging_mixin.py:149} INFO - [2024-04-26T13:09:47.868+0000] {dag.py:2726} INFO - Sync 1 DAGs
[2024-04-26T13:09:47.890+0000] {logging_mixin.py:149} INFO - [2024-04-26T13:09:47.890+0000] {dag.py:3490} INFO - Setting next_dagrun for 1_init_once_seed_data to None, run_after=None
[2024-04-26T13:09:47.904+0000] {processor.py:179} INFO - Processing /opt/airflow/dags/init.py took 0.093 seconds
[2024-04-26T13:10:18.184+0000] {processor.py:157} INFO - Started process (PID=627) to work on /opt/airflow/dags/init.py
[2024-04-26T13:10:18.186+0000] {processor.py:826} INFO - Processing file /opt/airflow/dags/init.py for tasks to queue
[2024-04-26T13:10:18.187+0000] {logging_mixin.py:149} INFO - [2024-04-26T13:10:18.187+0000] {dagbag.py:541} INFO - Filling up the DagBag from /opt/airflow/dags/init.py
[2024-04-26T13:10:18.198+0000] {processor.py:836} INFO - DAG(s) dict_keys(['1_init_once_seed_data']) retrieved from /opt/airflow/dags/init.py
[2024-04-26T13:10:18.226+0000] {logging_mixin.py:149} INFO - [2024-04-26T13:10:18.226+0000] {dag.py:2726} INFO - Sync 1 DAGs
[2024-04-26T13:10:18.246+0000] {logging_mixin.py:149} INFO - [2024-04-26T13:10:18.246+0000] {dag.py:3490} INFO - Setting next_dagrun for 1_init_once_seed_data to None, run_after=None
[2024-04-26T13:10:18.261+0000] {processor.py:179} INFO - Processing /opt/airflow/dags/init.py took 0.080 seconds
[2024-04-26T13:10:48.537+0000] {processor.py:157} INFO - Started process (PID=656) to work on /opt/airflow/dags/init.py
[2024-04-26T13:10:48.538+0000] {processor.py:826} INFO - Processing file /opt/airflow/dags/init.py for tasks to queue
[2024-04-26T13:10:48.539+0000] {logging_mixin.py:149} INFO - [2024-04-26T13:10:48.539+0000] {dagbag.py:541} INFO - Filling up the DagBag from /opt/airflow/dags/init.py
[2024-04-26T13:10:48.550+0000] {processor.py:836} INFO - DAG(s) dict_keys(['1_init_once_seed_data']) retrieved from /opt/airflow/dags/init.py
[2024-04-26T13:10:48.576+0000] {logging_mixin.py:149} INFO - [2024-04-26T13:10:48.576+0000] {dag.py:2726} INFO - Sync 1 DAGs
[2024-04-26T13:10:48.597+0000] {logging_mixin.py:149} INFO - [2024-04-26T13:10:48.597+0000] {dag.py:3490} INFO - Setting next_dagrun for 1_init_once_seed_data to None, run_after=None
[2024-04-26T13:10:48.610+0000] {processor.py:179} INFO - Processing /opt/airflow/dags/init.py took 0.076 seconds
[2024-04-26T13:11:18.921+0000] {processor.py:157} INFO - Started process (PID=684) to work on /opt/airflow/dags/init.py
[2024-04-26T13:11:18.922+0000] {processor.py:826} INFO - Processing file /opt/airflow/dags/init.py for tasks to queue
[2024-04-26T13:11:18.923+0000] {logging_mixin.py:149} INFO - [2024-04-26T13:11:18.923+0000] {dagbag.py:541} INFO - Filling up the DagBag from /opt/airflow/dags/init.py
[2024-04-26T13:11:18.934+0000] {processor.py:836} INFO - DAG(s) dict_keys(['1_init_once_seed_data']) retrieved from /opt/airflow/dags/init.py
[2024-04-26T13:11:18.961+0000] {logging_mixin.py:149} INFO - [2024-04-26T13:11:18.960+0000] {dag.py:2726} INFO - Sync 1 DAGs
[2024-04-26T13:11:18.980+0000] {logging_mixin.py:149} INFO - [2024-04-26T13:11:18.980+0000] {dag.py:3490} INFO - Setting next_dagrun for 1_init_once_seed_data to None, run_after=None
[2024-04-26T13:11:18.993+0000] {processor.py:179} INFO - Processing /opt/airflow/dags/init.py took 0.075 seconds
[2024-04-26T13:11:49.307+0000] {processor.py:157} INFO - Started process (PID=707) to work on /opt/airflow/dags/init.py
[2024-04-26T13:11:49.309+0000] {processor.py:826} INFO - Processing file /opt/airflow/dags/init.py for tasks to queue
[2024-04-26T13:11:49.310+0000] {logging_mixin.py:149} INFO - [2024-04-26T13:11:49.310+0000] {dagbag.py:541} INFO - Filling up the DagBag from /opt/airflow/dags/init.py
[2024-04-26T13:11:49.321+0000] {processor.py:836} INFO - DAG(s) dict_keys(['1_init_once_seed_data']) retrieved from /opt/airflow/dags/init.py
[2024-04-26T13:11:49.347+0000] {logging_mixin.py:149} INFO - [2024-04-26T13:11:49.347+0000] {dag.py:2726} INFO - Sync 1 DAGs
[2024-04-26T13:11:49.366+0000] {logging_mixin.py:149} INFO - [2024-04-26T13:11:49.366+0000] {dag.py:3490} INFO - Setting next_dagrun for 1_init_once_seed_data to None, run_after=None
[2024-04-26T13:11:49.380+0000] {processor.py:179} INFO - Processing /opt/airflow/dags/init.py took 0.076 seconds
[2024-04-26T13:12:19.708+0000] {processor.py:157} INFO - Started process (PID=737) to work on /opt/airflow/dags/init.py
[2024-04-26T13:12:19.710+0000] {processor.py:826} INFO - Processing file /opt/airflow/dags/init.py for tasks to queue
[2024-04-26T13:12:19.710+0000] {logging_mixin.py:149} INFO - [2024-04-26T13:12:19.710+0000] {dagbag.py:541} INFO - Filling up the DagBag from /opt/airflow/dags/init.py
[2024-04-26T13:12:19.721+0000] {processor.py:836} INFO - DAG(s) dict_keys(['1_init_once_seed_data']) retrieved from /opt/airflow/dags/init.py
[2024-04-26T13:12:19.748+0000] {logging_mixin.py:149} INFO - [2024-04-26T13:12:19.748+0000] {dag.py:2726} INFO - Sync 1 DAGs
[2024-04-26T13:12:19.767+0000] {logging_mixin.py:149} INFO - [2024-04-26T13:12:19.767+0000] {dag.py:3490} INFO - Setting next_dagrun for 1_init_once_seed_data to None, run_after=None
[2024-04-26T13:12:19.781+0000] {processor.py:179} INFO - Processing /opt/airflow/dags/init.py took 0.076 seconds
[2024-04-26T13:12:50.051+0000] {processor.py:157} INFO - Started process (PID=758) to work on /opt/airflow/dags/init.py
[2024-04-26T13:12:50.052+0000] {processor.py:826} INFO - Processing file /opt/airflow/dags/init.py for tasks to queue
[2024-04-26T13:12:50.053+0000] {logging_mixin.py:149} INFO - [2024-04-26T13:12:50.053+0000] {dagbag.py:541} INFO - Filling up the DagBag from /opt/airflow/dags/init.py
[2024-04-26T13:12:50.063+0000] {processor.py:836} INFO - DAG(s) dict_keys(['1_init_once_seed_data']) retrieved from /opt/airflow/dags/init.py
[2024-04-26T13:12:50.090+0000] {logging_mixin.py:149} INFO - [2024-04-26T13:12:50.090+0000] {dag.py:2726} INFO - Sync 1 DAGs
[2024-04-26T13:12:50.109+0000] {logging_mixin.py:149} INFO - [2024-04-26T13:12:50.108+0000] {dag.py:3490} INFO - Setting next_dagrun for 1_init_once_seed_data to None, run_after=None
[2024-04-26T13:12:50.122+0000] {processor.py:179} INFO - Processing /opt/airflow/dags/init.py took 0.074 seconds
[2024-04-26T13:13:20.414+0000] {processor.py:157} INFO - Started process (PID=786) to work on /opt/airflow/dags/init.py
[2024-04-26T13:13:20.416+0000] {processor.py:826} INFO - Processing file /opt/airflow/dags/init.py for tasks to queue
[2024-04-26T13:13:20.417+0000] {logging_mixin.py:149} INFO - [2024-04-26T13:13:20.416+0000] {dagbag.py:541} INFO - Filling up the DagBag from /opt/airflow/dags/init.py
[2024-04-26T13:13:20.427+0000] {processor.py:836} INFO - DAG(s) dict_keys(['1_init_once_seed_data']) retrieved from /opt/airflow/dags/init.py
[2024-04-26T13:13:20.453+0000] {logging_mixin.py:149} INFO - [2024-04-26T13:13:20.453+0000] {dag.py:2726} INFO - Sync 1 DAGs
[2024-04-26T13:13:20.472+0000] {logging_mixin.py:149} INFO - [2024-04-26T13:13:20.472+0000] {dag.py:3490} INFO - Setting next_dagrun for 1_init_once_seed_data to None, run_after=None
[2024-04-26T13:13:20.487+0000] {processor.py:179} INFO - Processing /opt/airflow/dags/init.py took 0.076 seconds
[2024-04-26T13:13:50.766+0000] {processor.py:157} INFO - Started process (PID=816) to work on /opt/airflow/dags/init.py
[2024-04-26T13:13:50.767+0000] {processor.py:826} INFO - Processing file /opt/airflow/dags/init.py for tasks to queue
[2024-04-26T13:13:50.768+0000] {logging_mixin.py:149} INFO - [2024-04-26T13:13:50.768+0000] {dagbag.py:541} INFO - Filling up the DagBag from /opt/airflow/dags/init.py
[2024-04-26T13:13:50.779+0000] {processor.py:836} INFO - DAG(s) dict_keys(['1_init_once_seed_data']) retrieved from /opt/airflow/dags/init.py
[2024-04-26T13:13:50.805+0000] {logging_mixin.py:149} INFO - [2024-04-26T13:13:50.804+0000] {dag.py:2726} INFO - Sync 1 DAGs
[2024-04-26T13:13:50.826+0000] {logging_mixin.py:149} INFO - [2024-04-26T13:13:50.826+0000] {dag.py:3490} INFO - Setting next_dagrun for 1_init_once_seed_data to None, run_after=None
[2024-04-26T13:13:50.840+0000] {processor.py:179} INFO - Processing /opt/airflow/dags/init.py took 0.077 seconds
[2024-04-26T13:14:21.106+0000] {processor.py:157} INFO - Started process (PID=837) to work on /opt/airflow/dags/init.py
[2024-04-26T13:14:21.108+0000] {processor.py:826} INFO - Processing file /opt/airflow/dags/init.py for tasks to queue
[2024-04-26T13:14:21.109+0000] {logging_mixin.py:149} INFO - [2024-04-26T13:14:21.109+0000] {dagbag.py:541} INFO - Filling up the DagBag from /opt/airflow/dags/init.py
[2024-04-26T13:14:21.121+0000] {processor.py:836} INFO - DAG(s) dict_keys(['1_init_once_seed_data']) retrieved from /opt/airflow/dags/init.py
[2024-04-26T13:14:21.150+0000] {logging_mixin.py:149} INFO - [2024-04-26T13:14:21.150+0000] {dag.py:2726} INFO - Sync 1 DAGs
[2024-04-26T13:14:21.170+0000] {logging_mixin.py:149} INFO - [2024-04-26T13:14:21.170+0000] {dag.py:3490} INFO - Setting next_dagrun for 1_init_once_seed_data to None, run_after=None
[2024-04-26T13:14:21.185+0000] {processor.py:179} INFO - Processing /opt/airflow/dags/init.py took 0.082 seconds
[2024-04-26T13:14:51.447+0000] {processor.py:157} INFO - Started process (PID=867) to work on /opt/airflow/dags/init.py
[2024-04-26T13:14:51.449+0000] {processor.py:826} INFO - Processing file /opt/airflow/dags/init.py for tasks to queue
[2024-04-26T13:14:51.450+0000] {logging_mixin.py:149} INFO - [2024-04-26T13:14:51.450+0000] {dagbag.py:541} INFO - Filling up the DagBag from /opt/airflow/dags/init.py
[2024-04-26T13:14:51.461+0000] {processor.py:836} INFO - DAG(s) dict_keys(['1_init_once_seed_data']) retrieved from /opt/airflow/dags/init.py
[2024-04-26T13:14:51.492+0000] {logging_mixin.py:149} INFO - [2024-04-26T13:14:51.491+0000] {dag.py:2726} INFO - Sync 1 DAGs
[2024-04-26T13:14:51.510+0000] {logging_mixin.py:149} INFO - [2024-04-26T13:14:51.510+0000] {dag.py:3490} INFO - Setting next_dagrun for 1_init_once_seed_data to None, run_after=None
[2024-04-26T13:14:51.524+0000] {processor.py:179} INFO - Processing /opt/airflow/dags/init.py took 0.082 seconds
[2024-04-26T13:15:21.836+0000] {processor.py:157} INFO - Started process (PID=894) to work on /opt/airflow/dags/init.py
[2024-04-26T13:15:21.838+0000] {processor.py:826} INFO - Processing file /opt/airflow/dags/init.py for tasks to queue
[2024-04-26T13:15:21.840+0000] {logging_mixin.py:149} INFO - [2024-04-26T13:15:21.839+0000] {dagbag.py:541} INFO - Filling up the DagBag from /opt/airflow/dags/init.py
[2024-04-26T13:15:21.851+0000] {processor.py:836} INFO - DAG(s) dict_keys(['1_init_once_seed_data']) retrieved from /opt/airflow/dags/init.py
[2024-04-26T13:15:21.885+0000] {logging_mixin.py:149} INFO - [2024-04-26T13:15:21.885+0000] {dag.py:2726} INFO - Sync 1 DAGs
[2024-04-26T13:15:21.908+0000] {logging_mixin.py:149} INFO - [2024-04-26T13:15:21.908+0000] {dag.py:3490} INFO - Setting next_dagrun for 1_init_once_seed_data to None, run_after=None
[2024-04-26T13:15:21.926+0000] {processor.py:179} INFO - Processing /opt/airflow/dags/init.py took 0.093 seconds
[2024-04-26T13:15:52.220+0000] {processor.py:157} INFO - Started process (PID=917) to work on /opt/airflow/dags/init.py
[2024-04-26T13:15:52.222+0000] {processor.py:826} INFO - Processing file /opt/airflow/dags/init.py for tasks to queue
[2024-04-26T13:15:52.223+0000] {logging_mixin.py:149} INFO - [2024-04-26T13:15:52.223+0000] {dagbag.py:541} INFO - Filling up the DagBag from /opt/airflow/dags/init.py
[2024-04-26T13:15:52.233+0000] {processor.py:836} INFO - DAG(s) dict_keys(['1_init_once_seed_data']) retrieved from /opt/airflow/dags/init.py
[2024-04-26T13:15:52.260+0000] {logging_mixin.py:149} INFO - [2024-04-26T13:15:52.260+0000] {dag.py:2726} INFO - Sync 1 DAGs
[2024-04-26T13:15:52.279+0000] {logging_mixin.py:149} INFO - [2024-04-26T13:15:52.279+0000] {dag.py:3490} INFO - Setting next_dagrun for 1_init_once_seed_data to None, run_after=None
[2024-04-26T13:15:52.293+0000] {processor.py:179} INFO - Processing /opt/airflow/dags/init.py took 0.076 seconds
[2024-04-26T13:16:22.553+0000] {processor.py:157} INFO - Started process (PID=947) to work on /opt/airflow/dags/init.py
[2024-04-26T13:16:22.555+0000] {processor.py:826} INFO - Processing file /opt/airflow/dags/init.py for tasks to queue
[2024-04-26T13:16:22.556+0000] {logging_mixin.py:149} INFO - [2024-04-26T13:16:22.556+0000] {dagbag.py:541} INFO - Filling up the DagBag from /opt/airflow/dags/init.py
[2024-04-26T13:16:22.567+0000] {processor.py:836} INFO - DAG(s) dict_keys(['1_init_once_seed_data']) retrieved from /opt/airflow/dags/init.py
[2024-04-26T13:16:22.593+0000] {logging_mixin.py:149} INFO - [2024-04-26T13:16:22.593+0000] {dag.py:2726} INFO - Sync 1 DAGs
[2024-04-26T13:16:22.613+0000] {logging_mixin.py:149} INFO - [2024-04-26T13:16:22.613+0000] {dag.py:3490} INFO - Setting next_dagrun for 1_init_once_seed_data to None, run_after=None
[2024-04-26T13:16:22.627+0000] {processor.py:179} INFO - Processing /opt/airflow/dags/init.py took 0.077 seconds
[2024-04-26T13:16:52.917+0000] {processor.py:157} INFO - Started process (PID=968) to work on /opt/airflow/dags/init.py
[2024-04-26T13:16:52.919+0000] {processor.py:826} INFO - Processing file /opt/airflow/dags/init.py for tasks to queue
[2024-04-26T13:16:52.920+0000] {logging_mixin.py:149} INFO - [2024-04-26T13:16:52.920+0000] {dagbag.py:541} INFO - Filling up the DagBag from /opt/airflow/dags/init.py
[2024-04-26T13:16:52.930+0000] {processor.py:836} INFO - DAG(s) dict_keys(['1_init_once_seed_data']) retrieved from /opt/airflow/dags/init.py
[2024-04-26T13:16:52.957+0000] {logging_mixin.py:149} INFO - [2024-04-26T13:16:52.957+0000] {dag.py:2726} INFO - Sync 1 DAGs
[2024-04-26T13:16:52.977+0000] {logging_mixin.py:149} INFO - [2024-04-26T13:16:52.977+0000] {dag.py:3490} INFO - Setting next_dagrun for 1_init_once_seed_data to None, run_after=None
[2024-04-26T13:16:52.991+0000] {processor.py:179} INFO - Processing /opt/airflow/dags/init.py took 0.078 seconds
[2024-04-26T13:17:23.227+0000] {processor.py:157} INFO - Started process (PID=998) to work on /opt/airflow/dags/init.py
[2024-04-26T13:17:23.228+0000] {processor.py:826} INFO - Processing file /opt/airflow/dags/init.py for tasks to queue
[2024-04-26T13:17:23.229+0000] {logging_mixin.py:149} INFO - [2024-04-26T13:17:23.229+0000] {dagbag.py:541} INFO - Filling up the DagBag from /opt/airflow/dags/init.py
[2024-04-26T13:17:23.242+0000] {processor.py:836} INFO - DAG(s) dict_keys(['1_init_once_seed_data']) retrieved from /opt/airflow/dags/init.py
[2024-04-26T13:17:23.270+0000] {logging_mixin.py:149} INFO - [2024-04-26T13:17:23.270+0000] {dag.py:2726} INFO - Sync 1 DAGs
[2024-04-26T13:17:23.290+0000] {logging_mixin.py:149} INFO - [2024-04-26T13:17:23.289+0000] {dag.py:3490} INFO - Setting next_dagrun for 1_init_once_seed_data to None, run_after=None
[2024-04-26T13:17:23.304+0000] {processor.py:179} INFO - Processing /opt/airflow/dags/init.py took 0.080 seconds
[2024-04-26T13:17:53.508+0000] {processor.py:157} INFO - Started process (PID=1044) to work on /opt/airflow/dags/init.py
[2024-04-26T13:17:53.510+0000] {processor.py:826} INFO - Processing file /opt/airflow/dags/init.py for tasks to queue
[2024-04-26T13:17:53.511+0000] {logging_mixin.py:149} INFO - [2024-04-26T13:17:53.511+0000] {dagbag.py:541} INFO - Filling up the DagBag from /opt/airflow/dags/init.py
[2024-04-26T13:17:53.523+0000] {processor.py:836} INFO - DAG(s) dict_keys(['1_init_once_seed_data']) retrieved from /opt/airflow/dags/init.py
[2024-04-26T13:17:53.554+0000] {logging_mixin.py:149} INFO - [2024-04-26T13:17:53.554+0000] {dag.py:2726} INFO - Sync 1 DAGs
[2024-04-26T13:17:53.577+0000] {logging_mixin.py:149} INFO - [2024-04-26T13:17:53.577+0000] {dag.py:3490} INFO - Setting next_dagrun for 1_init_once_seed_data to None, run_after=None
[2024-04-26T13:17:53.593+0000] {processor.py:179} INFO - Processing /opt/airflow/dags/init.py took 0.091 seconds
[2024-04-26T13:18:23.832+0000] {processor.py:157} INFO - Started process (PID=1065) to work on /opt/airflow/dags/init.py
[2024-04-26T13:18:23.834+0000] {processor.py:826} INFO - Processing file /opt/airflow/dags/init.py for tasks to queue
[2024-04-26T13:18:23.835+0000] {logging_mixin.py:149} INFO - [2024-04-26T13:18:23.835+0000] {dagbag.py:541} INFO - Filling up the DagBag from /opt/airflow/dags/init.py
[2024-04-26T13:18:23.846+0000] {processor.py:836} INFO - DAG(s) dict_keys(['1_init_once_seed_data']) retrieved from /opt/airflow/dags/init.py
[2024-04-26T13:18:23.872+0000] {logging_mixin.py:149} INFO - [2024-04-26T13:18:23.872+0000] {dag.py:2726} INFO - Sync 1 DAGs
[2024-04-26T13:18:23.891+0000] {logging_mixin.py:149} INFO - [2024-04-26T13:18:23.891+0000] {dag.py:3490} INFO - Setting next_dagrun for 1_init_once_seed_data to None, run_after=None
[2024-04-26T13:18:23.905+0000] {processor.py:179} INFO - Processing /opt/airflow/dags/init.py took 0.076 seconds
[2024-04-26T13:18:54.146+0000] {processor.py:157} INFO - Started process (PID=1113) to work on /opt/airflow/dags/init.py
[2024-04-26T13:18:54.148+0000] {processor.py:826} INFO - Processing file /opt/airflow/dags/init.py for tasks to queue
[2024-04-26T13:18:54.149+0000] {logging_mixin.py:149} INFO - [2024-04-26T13:18:54.149+0000] {dagbag.py:541} INFO - Filling up the DagBag from /opt/airflow/dags/init.py
[2024-04-26T13:18:54.160+0000] {processor.py:836} INFO - DAG(s) dict_keys(['1_init_once_seed_data']) retrieved from /opt/airflow/dags/init.py
[2024-04-26T13:18:54.186+0000] {logging_mixin.py:149} INFO - [2024-04-26T13:18:54.186+0000] {dag.py:2726} INFO - Sync 1 DAGs
[2024-04-26T13:18:54.206+0000] {logging_mixin.py:149} INFO - [2024-04-26T13:18:54.206+0000] {dag.py:3490} INFO - Setting next_dagrun for 1_init_once_seed_data to None, run_after=None
[2024-04-26T13:18:54.219+0000] {processor.py:179} INFO - Processing /opt/airflow/dags/init.py took 0.076 seconds
[2024-04-26T13:19:24.489+0000] {processor.py:157} INFO - Started process (PID=1135) to work on /opt/airflow/dags/init.py
[2024-04-26T13:19:24.490+0000] {processor.py:826} INFO - Processing file /opt/airflow/dags/init.py for tasks to queue
[2024-04-26T13:19:24.491+0000] {logging_mixin.py:149} INFO - [2024-04-26T13:19:24.491+0000] {dagbag.py:541} INFO - Filling up the DagBag from /opt/airflow/dags/init.py
[2024-04-26T13:19:24.502+0000] {processor.py:836} INFO - DAG(s) dict_keys(['1_init_once_seed_data']) retrieved from /opt/airflow/dags/init.py
[2024-04-26T13:19:24.529+0000] {logging_mixin.py:149} INFO - [2024-04-26T13:19:24.529+0000] {dag.py:2726} INFO - Sync 1 DAGs
[2024-04-26T13:19:24.549+0000] {logging_mixin.py:149} INFO - [2024-04-26T13:19:24.549+0000] {dag.py:3490} INFO - Setting next_dagrun for 1_init_once_seed_data to None, run_after=None
[2024-04-26T13:19:24.563+0000] {processor.py:179} INFO - Processing /opt/airflow/dags/init.py took 0.077 seconds
[2024-04-26T13:19:54.819+0000] {processor.py:157} INFO - Started process (PID=1165) to work on /opt/airflow/dags/init.py
[2024-04-26T13:19:54.821+0000] {processor.py:826} INFO - Processing file /opt/airflow/dags/init.py for tasks to queue
[2024-04-26T13:19:54.821+0000] {logging_mixin.py:149} INFO - [2024-04-26T13:19:54.821+0000] {dagbag.py:541} INFO - Filling up the DagBag from /opt/airflow/dags/init.py
[2024-04-26T13:19:54.832+0000] {processor.py:836} INFO - DAG(s) dict_keys(['1_init_once_seed_data']) retrieved from /opt/airflow/dags/init.py
[2024-04-26T13:19:54.859+0000] {logging_mixin.py:149} INFO - [2024-04-26T13:19:54.859+0000] {dag.py:2726} INFO - Sync 1 DAGs
[2024-04-26T13:19:54.879+0000] {logging_mixin.py:149} INFO - [2024-04-26T13:19:54.879+0000] {dag.py:3490} INFO - Setting next_dagrun for 1_init_once_seed_data to None, run_after=None
[2024-04-26T13:19:54.893+0000] {processor.py:179} INFO - Processing /opt/airflow/dags/init.py took 0.077 seconds
[2024-04-26T13:20:25.182+0000] {processor.py:157} INFO - Started process (PID=1195) to work on /opt/airflow/dags/init.py
[2024-04-26T13:20:25.184+0000] {processor.py:826} INFO - Processing file /opt/airflow/dags/init.py for tasks to queue
[2024-04-26T13:20:25.184+0000] {logging_mixin.py:149} INFO - [2024-04-26T13:20:25.184+0000] {dagbag.py:541} INFO - Filling up the DagBag from /opt/airflow/dags/init.py
[2024-04-26T13:20:25.195+0000] {processor.py:836} INFO - DAG(s) dict_keys(['1_init_once_seed_data']) retrieved from /opt/airflow/dags/init.py
[2024-04-26T13:20:25.221+0000] {logging_mixin.py:149} INFO - [2024-04-26T13:20:25.221+0000] {dag.py:2726} INFO - Sync 1 DAGs
[2024-04-26T13:20:25.241+0000] {logging_mixin.py:149} INFO - [2024-04-26T13:20:25.241+0000] {dag.py:3490} INFO - Setting next_dagrun for 1_init_once_seed_data to None, run_after=None
[2024-04-26T13:20:25.255+0000] {processor.py:179} INFO - Processing /opt/airflow/dags/init.py took 0.077 seconds
[2024-04-26T13:20:55.492+0000] {processor.py:157} INFO - Started process (PID=1216) to work on /opt/airflow/dags/init.py
[2024-04-26T13:20:55.493+0000] {processor.py:826} INFO - Processing file /opt/airflow/dags/init.py for tasks to queue
[2024-04-26T13:20:55.494+0000] {logging_mixin.py:149} INFO - [2024-04-26T13:20:55.494+0000] {dagbag.py:541} INFO - Filling up the DagBag from /opt/airflow/dags/init.py
[2024-04-26T13:20:55.504+0000] {processor.py:836} INFO - DAG(s) dict_keys(['1_init_once_seed_data']) retrieved from /opt/airflow/dags/init.py
[2024-04-26T13:20:55.531+0000] {logging_mixin.py:149} INFO - [2024-04-26T13:20:55.531+0000] {dag.py:2726} INFO - Sync 1 DAGs
[2024-04-26T13:20:55.550+0000] {logging_mixin.py:149} INFO - [2024-04-26T13:20:55.550+0000] {dag.py:3490} INFO - Setting next_dagrun for 1_init_once_seed_data to None, run_after=None
[2024-04-26T13:20:55.564+0000] {processor.py:179} INFO - Processing /opt/airflow/dags/init.py took 0.075 seconds
[2024-04-26T13:21:25.862+0000] {processor.py:157} INFO - Started process (PID=1246) to work on /opt/airflow/dags/init.py
[2024-04-26T13:21:25.863+0000] {processor.py:826} INFO - Processing file /opt/airflow/dags/init.py for tasks to queue
[2024-04-26T13:21:25.864+0000] {logging_mixin.py:149} INFO - [2024-04-26T13:21:25.864+0000] {dagbag.py:541} INFO - Filling up the DagBag from /opt/airflow/dags/init.py
[2024-04-26T13:21:25.875+0000] {processor.py:836} INFO - DAG(s) dict_keys(['1_init_once_seed_data']) retrieved from /opt/airflow/dags/init.py
[2024-04-26T13:21:25.901+0000] {logging_mixin.py:149} INFO - [2024-04-26T13:21:25.901+0000] {dag.py:2726} INFO - Sync 1 DAGs
[2024-04-26T13:21:25.920+0000] {logging_mixin.py:149} INFO - [2024-04-26T13:21:25.920+0000] {dag.py:3490} INFO - Setting next_dagrun for 1_init_once_seed_data to None, run_after=None
[2024-04-26T13:21:25.934+0000] {processor.py:179} INFO - Processing /opt/airflow/dags/init.py took 0.076 seconds
[2024-04-26T13:21:56.161+0000] {processor.py:157} INFO - Started process (PID=1276) to work on /opt/airflow/dags/init.py
[2024-04-26T13:21:56.162+0000] {processor.py:826} INFO - Processing file /opt/airflow/dags/init.py for tasks to queue
[2024-04-26T13:21:56.163+0000] {logging_mixin.py:149} INFO - [2024-04-26T13:21:56.163+0000] {dagbag.py:541} INFO - Filling up the DagBag from /opt/airflow/dags/init.py
[2024-04-26T13:21:56.175+0000] {processor.py:836} INFO - DAG(s) dict_keys(['1_init_once_seed_data']) retrieved from /opt/airflow/dags/init.py
[2024-04-26T13:21:56.207+0000] {logging_mixin.py:149} INFO - [2024-04-26T13:21:56.207+0000] {dag.py:2726} INFO - Sync 1 DAGs
[2024-04-26T13:21:56.228+0000] {logging_mixin.py:149} INFO - [2024-04-26T13:21:56.228+0000] {dag.py:3490} INFO - Setting next_dagrun for 1_init_once_seed_data to None, run_after=None
[2024-04-26T13:21:56.244+0000] {processor.py:179} INFO - Processing /opt/airflow/dags/init.py took 0.087 seconds
[2024-04-26T13:22:26.480+0000] {processor.py:157} INFO - Started process (PID=1297) to work on /opt/airflow/dags/init.py
[2024-04-26T13:22:26.481+0000] {processor.py:826} INFO - Processing file /opt/airflow/dags/init.py for tasks to queue
[2024-04-26T13:22:26.482+0000] {logging_mixin.py:149} INFO - [2024-04-26T13:22:26.482+0000] {dagbag.py:541} INFO - Filling up the DagBag from /opt/airflow/dags/init.py
[2024-04-26T13:22:26.493+0000] {processor.py:836} INFO - DAG(s) dict_keys(['1_init_once_seed_data']) retrieved from /opt/airflow/dags/init.py
[2024-04-26T13:22:26.520+0000] {logging_mixin.py:149} INFO - [2024-04-26T13:22:26.520+0000] {dag.py:2726} INFO - Sync 1 DAGs
[2024-04-26T13:22:26.540+0000] {logging_mixin.py:149} INFO - [2024-04-26T13:22:26.540+0000] {dag.py:3490} INFO - Setting next_dagrun for 1_init_once_seed_data to None, run_after=None
[2024-04-26T13:22:26.554+0000] {processor.py:179} INFO - Processing /opt/airflow/dags/init.py took 0.078 seconds
[2024-04-26T13:22:56.818+0000] {processor.py:157} INFO - Started process (PID=1326) to work on /opt/airflow/dags/init.py
[2024-04-26T13:22:56.819+0000] {processor.py:826} INFO - Processing file /opt/airflow/dags/init.py for tasks to queue
[2024-04-26T13:22:56.820+0000] {logging_mixin.py:149} INFO - [2024-04-26T13:22:56.820+0000] {dagbag.py:541} INFO - Filling up the DagBag from /opt/airflow/dags/init.py
[2024-04-26T13:22:56.830+0000] {processor.py:836} INFO - DAG(s) dict_keys(['1_init_once_seed_data']) retrieved from /opt/airflow/dags/init.py
[2024-04-26T13:22:56.856+0000] {logging_mixin.py:149} INFO - [2024-04-26T13:22:56.855+0000] {dag.py:2726} INFO - Sync 1 DAGs
[2024-04-26T13:22:56.875+0000] {logging_mixin.py:149} INFO - [2024-04-26T13:22:56.875+0000] {dag.py:3490} INFO - Setting next_dagrun for 1_init_once_seed_data to None, run_after=None
[2024-04-26T13:22:56.888+0000] {processor.py:179} INFO - Processing /opt/airflow/dags/init.py took 0.074 seconds
[2024-04-26T13:23:27.164+0000] {processor.py:157} INFO - Started process (PID=1347) to work on /opt/airflow/dags/init.py
[2024-04-26T13:23:27.165+0000] {processor.py:826} INFO - Processing file /opt/airflow/dags/init.py for tasks to queue
[2024-04-26T13:23:27.166+0000] {logging_mixin.py:149} INFO - [2024-04-26T13:23:27.166+0000] {dagbag.py:541} INFO - Filling up the DagBag from /opt/airflow/dags/init.py
[2024-04-26T13:23:27.177+0000] {processor.py:836} INFO - DAG(s) dict_keys(['1_init_once_seed_data']) retrieved from /opt/airflow/dags/init.py
[2024-04-26T13:23:27.204+0000] {logging_mixin.py:149} INFO - [2024-04-26T13:23:27.204+0000] {dag.py:2726} INFO - Sync 1 DAGs
[2024-04-26T13:23:27.223+0000] {logging_mixin.py:149} INFO - [2024-04-26T13:23:27.223+0000] {dag.py:3490} INFO - Setting next_dagrun for 1_init_once_seed_data to None, run_after=None
[2024-04-26T13:23:27.236+0000] {processor.py:179} INFO - Processing /opt/airflow/dags/init.py took 0.076 seconds
[2024-04-26T13:23:57.488+0000] {processor.py:157} INFO - Started process (PID=1377) to work on /opt/airflow/dags/init.py
[2024-04-26T13:23:57.490+0000] {processor.py:826} INFO - Processing file /opt/airflow/dags/init.py for tasks to queue
[2024-04-26T13:23:57.491+0000] {logging_mixin.py:149} INFO - [2024-04-26T13:23:57.491+0000] {dagbag.py:541} INFO - Filling up the DagBag from /opt/airflow/dags/init.py
[2024-04-26T13:23:57.501+0000] {processor.py:836} INFO - DAG(s) dict_keys(['1_init_once_seed_data']) retrieved from /opt/airflow/dags/init.py
[2024-04-26T13:23:57.528+0000] {logging_mixin.py:149} INFO - [2024-04-26T13:23:57.528+0000] {dag.py:2726} INFO - Sync 1 DAGs
[2024-04-26T13:23:57.547+0000] {logging_mixin.py:149} INFO - [2024-04-26T13:23:57.547+0000] {dag.py:3490} INFO - Setting next_dagrun for 1_init_once_seed_data to None, run_after=None
[2024-04-26T13:23:57.561+0000] {processor.py:179} INFO - Processing /opt/airflow/dags/init.py took 0.076 seconds
[2024-04-26T13:24:27.831+0000] {processor.py:157} INFO - Started process (PID=1407) to work on /opt/airflow/dags/init.py
[2024-04-26T13:24:27.833+0000] {processor.py:826} INFO - Processing file /opt/airflow/dags/init.py for tasks to queue
[2024-04-26T13:24:27.834+0000] {logging_mixin.py:149} INFO - [2024-04-26T13:24:27.834+0000] {dagbag.py:541} INFO - Filling up the DagBag from /opt/airflow/dags/init.py
[2024-04-26T13:24:27.846+0000] {processor.py:836} INFO - DAG(s) dict_keys(['1_init_once_seed_data']) retrieved from /opt/airflow/dags/init.py
[2024-04-26T13:24:27.872+0000] {logging_mixin.py:149} INFO - [2024-04-26T13:24:27.872+0000] {dag.py:2726} INFO - Sync 1 DAGs
[2024-04-26T13:24:27.890+0000] {logging_mixin.py:149} INFO - [2024-04-26T13:24:27.890+0000] {dag.py:3490} INFO - Setting next_dagrun for 1_init_once_seed_data to None, run_after=None
[2024-04-26T13:24:27.903+0000] {processor.py:179} INFO - Processing /opt/airflow/dags/init.py took 0.077 seconds
[2024-04-26T13:24:58.165+0000] {processor.py:157} INFO - Started process (PID=1428) to work on /opt/airflow/dags/init.py
[2024-04-26T13:24:58.167+0000] {processor.py:826} INFO - Processing file /opt/airflow/dags/init.py for tasks to queue
[2024-04-26T13:24:58.168+0000] {logging_mixin.py:149} INFO - [2024-04-26T13:24:58.167+0000] {dagbag.py:541} INFO - Filling up the DagBag from /opt/airflow/dags/init.py
[2024-04-26T13:24:58.178+0000] {processor.py:836} INFO - DAG(s) dict_keys(['1_init_once_seed_data']) retrieved from /opt/airflow/dags/init.py
[2024-04-26T13:24:58.205+0000] {logging_mixin.py:149} INFO - [2024-04-26T13:24:58.205+0000] {dag.py:2726} INFO - Sync 1 DAGs
[2024-04-26T13:24:58.224+0000] {logging_mixin.py:149} INFO - [2024-04-26T13:24:58.224+0000] {dag.py:3490} INFO - Setting next_dagrun for 1_init_once_seed_data to None, run_after=None
[2024-04-26T13:24:58.239+0000] {processor.py:179} INFO - Processing /opt/airflow/dags/init.py took 0.077 seconds
[2024-04-26T13:25:39.419+0000] {processor.py:157} INFO - Started process (PID=38) to work on /opt/airflow/dags/init.py
[2024-04-26T13:25:39.421+0000] {processor.py:826} INFO - Processing file /opt/airflow/dags/init.py for tasks to queue
[2024-04-26T13:25:39.422+0000] {logging_mixin.py:149} INFO - [2024-04-26T13:25:39.422+0000] {dagbag.py:541} INFO - Filling up the DagBag from /opt/airflow/dags/init.py
[2024-04-26T13:25:39.444+0000] {processor.py:836} INFO - DAG(s) dict_keys(['1_init_once_seed_data']) retrieved from /opt/airflow/dags/init.py
[2024-04-26T13:25:39.644+0000] {logging_mixin.py:149} INFO - [2024-04-26T13:25:39.643+0000] {dag.py:2726} INFO - Sync 1 DAGs
[2024-04-26T13:25:39.661+0000] {logging_mixin.py:149} INFO - [2024-04-26T13:25:39.661+0000] {dag.py:3490} INFO - Setting next_dagrun for 1_init_once_seed_data to None, run_after=None
[2024-04-26T13:25:39.676+0000] {processor.py:179} INFO - Processing /opt/airflow/dags/init.py took 0.261 seconds
[2024-04-26T13:26:09.849+0000] {processor.py:157} INFO - Started process (PID=68) to work on /opt/airflow/dags/init.py
[2024-04-26T13:26:09.850+0000] {processor.py:826} INFO - Processing file /opt/airflow/dags/init.py for tasks to queue
[2024-04-26T13:26:09.851+0000] {logging_mixin.py:149} INFO - [2024-04-26T13:26:09.851+0000] {dagbag.py:541} INFO - Filling up the DagBag from /opt/airflow/dags/init.py
[2024-04-26T13:26:09.861+0000] {processor.py:836} INFO - DAG(s) dict_keys(['1_init_once_seed_data']) retrieved from /opt/airflow/dags/init.py
[2024-04-26T13:26:09.887+0000] {logging_mixin.py:149} INFO - [2024-04-26T13:26:09.887+0000] {dag.py:2726} INFO - Sync 1 DAGs
[2024-04-26T13:26:09.989+0000] {logging_mixin.py:149} INFO - [2024-04-26T13:26:09.989+0000] {dag.py:3490} INFO - Setting next_dagrun for 1_init_once_seed_data to None, run_after=None
[2024-04-26T13:26:10.002+0000] {processor.py:179} INFO - Processing /opt/airflow/dags/init.py took 0.156 seconds
[2024-04-26T13:26:40.281+0000] {processor.py:157} INFO - Started process (PID=95) to work on /opt/airflow/dags/init.py
[2024-04-26T13:26:40.283+0000] {processor.py:826} INFO - Processing file /opt/airflow/dags/init.py for tasks to queue
[2024-04-26T13:26:40.284+0000] {logging_mixin.py:149} INFO - [2024-04-26T13:26:40.283+0000] {dagbag.py:541} INFO - Filling up the DagBag from /opt/airflow/dags/init.py
[2024-04-26T13:26:40.294+0000] {processor.py:836} INFO - DAG(s) dict_keys(['1_init_once_seed_data']) retrieved from /opt/airflow/dags/init.py
[2024-04-26T13:26:40.320+0000] {logging_mixin.py:149} INFO - [2024-04-26T13:26:40.320+0000] {dag.py:2726} INFO - Sync 1 DAGs
[2024-04-26T13:26:40.423+0000] {logging_mixin.py:149} INFO - [2024-04-26T13:26:40.423+0000] {dag.py:3490} INFO - Setting next_dagrun for 1_init_once_seed_data to None, run_after=None
[2024-04-26T13:26:40.435+0000] {processor.py:179} INFO - Processing /opt/airflow/dags/init.py took 0.157 seconds
[2024-04-26T13:27:10.714+0000] {processor.py:157} INFO - Started process (PID=118) to work on /opt/airflow/dags/init.py
[2024-04-26T13:27:10.715+0000] {processor.py:826} INFO - Processing file /opt/airflow/dags/init.py for tasks to queue
[2024-04-26T13:27:10.716+0000] {logging_mixin.py:149} INFO - [2024-04-26T13:27:10.716+0000] {dagbag.py:541} INFO - Filling up the DagBag from /opt/airflow/dags/init.py
[2024-04-26T13:27:10.726+0000] {processor.py:836} INFO - DAG(s) dict_keys(['1_init_once_seed_data']) retrieved from /opt/airflow/dags/init.py
[2024-04-26T13:27:10.836+0000] {logging_mixin.py:149} INFO - [2024-04-26T13:27:10.836+0000] {dag.py:2726} INFO - Sync 1 DAGs
[2024-04-26T13:27:10.853+0000] {logging_mixin.py:149} INFO - [2024-04-26T13:27:10.853+0000] {dag.py:3490} INFO - Setting next_dagrun for 1_init_once_seed_data to None, run_after=None
[2024-04-26T13:27:10.865+0000] {processor.py:179} INFO - Processing /opt/airflow/dags/init.py took 0.155 seconds
[2024-04-26T13:27:41.131+0000] {processor.py:157} INFO - Started process (PID=148) to work on /opt/airflow/dags/init.py
[2024-04-26T13:27:41.132+0000] {processor.py:826} INFO - Processing file /opt/airflow/dags/init.py for tasks to queue
[2024-04-26T13:27:41.133+0000] {logging_mixin.py:149} INFO - [2024-04-26T13:27:41.133+0000] {dagbag.py:541} INFO - Filling up the DagBag from /opt/airflow/dags/init.py
[2024-04-26T13:27:41.145+0000] {processor.py:836} INFO - DAG(s) dict_keys(['1_init_once_seed_data']) retrieved from /opt/airflow/dags/init.py
[2024-04-26T13:27:41.259+0000] {logging_mixin.py:149} INFO - [2024-04-26T13:27:41.259+0000] {dag.py:2726} INFO - Sync 1 DAGs
[2024-04-26T13:27:41.276+0000] {logging_mixin.py:149} INFO - [2024-04-26T13:27:41.276+0000] {dag.py:3490} INFO - Setting next_dagrun for 1_init_once_seed_data to None, run_after=None
[2024-04-26T13:27:41.288+0000] {processor.py:179} INFO - Processing /opt/airflow/dags/init.py took 0.161 seconds
[2024-04-26T13:28:11.405+0000] {processor.py:157} INFO - Started process (PID=169) to work on /opt/airflow/dags/init.py
[2024-04-26T13:28:11.407+0000] {processor.py:826} INFO - Processing file /opt/airflow/dags/init.py for tasks to queue
[2024-04-26T13:28:11.408+0000] {logging_mixin.py:149} INFO - [2024-04-26T13:28:11.408+0000] {dagbag.py:541} INFO - Filling up the DagBag from /opt/airflow/dags/init.py
[2024-04-26T13:28:11.420+0000] {processor.py:836} INFO - DAG(s) dict_keys(['1_init_once_seed_data']) retrieved from /opt/airflow/dags/init.py
[2024-04-26T13:28:11.447+0000] {logging_mixin.py:149} INFO - [2024-04-26T13:28:11.447+0000] {dag.py:2726} INFO - Sync 1 DAGs
[2024-04-26T13:28:11.466+0000] {logging_mixin.py:149} INFO - [2024-04-26T13:28:11.466+0000] {dag.py:3490} INFO - Setting next_dagrun for 1_init_once_seed_data to None, run_after=None
[2024-04-26T13:28:11.480+0000] {processor.py:179} INFO - Processing /opt/airflow/dags/init.py took 0.079 seconds
[2024-04-26T13:28:41.710+0000] {processor.py:157} INFO - Started process (PID=199) to work on /opt/airflow/dags/init.py
[2024-04-26T13:28:41.712+0000] {processor.py:826} INFO - Processing file /opt/airflow/dags/init.py for tasks to queue
[2024-04-26T13:28:41.713+0000] {logging_mixin.py:149} INFO - [2024-04-26T13:28:41.713+0000] {dagbag.py:541} INFO - Filling up the DagBag from /opt/airflow/dags/init.py
[2024-04-26T13:28:41.723+0000] {processor.py:836} INFO - DAG(s) dict_keys(['1_init_once_seed_data']) retrieved from /opt/airflow/dags/init.py
[2024-04-26T13:28:41.748+0000] {logging_mixin.py:149} INFO - [2024-04-26T13:28:41.747+0000] {dag.py:2726} INFO - Sync 1 DAGs
[2024-04-26T13:28:41.767+0000] {logging_mixin.py:149} INFO - [2024-04-26T13:28:41.767+0000] {dag.py:3490} INFO - Setting next_dagrun for 1_init_once_seed_data to None, run_after=None
[2024-04-26T13:28:41.779+0000] {processor.py:179} INFO - Processing /opt/airflow/dags/init.py took 0.071 seconds
[2024-04-26T13:29:12.054+0000] {processor.py:157} INFO - Started process (PID=229) to work on /opt/airflow/dags/init.py
[2024-04-26T13:29:12.056+0000] {processor.py:826} INFO - Processing file /opt/airflow/dags/init.py for tasks to queue
[2024-04-26T13:29:12.057+0000] {logging_mixin.py:149} INFO - [2024-04-26T13:29:12.057+0000] {dagbag.py:541} INFO - Filling up the DagBag from /opt/airflow/dags/init.py
[2024-04-26T13:29:12.071+0000] {processor.py:836} INFO - DAG(s) dict_keys(['1_init_once_seed_data']) retrieved from /opt/airflow/dags/init.py
[2024-04-26T13:29:12.102+0000] {logging_mixin.py:149} INFO - [2024-04-26T13:29:12.102+0000] {dag.py:2726} INFO - Sync 1 DAGs
[2024-04-26T13:29:12.125+0000] {logging_mixin.py:149} INFO - [2024-04-26T13:29:12.125+0000] {dag.py:3490} INFO - Setting next_dagrun for 1_init_once_seed_data to None, run_after=None
[2024-04-26T13:29:12.143+0000] {processor.py:179} INFO - Processing /opt/airflow/dags/init.py took 0.093 seconds
[2024-04-26T13:29:42.396+0000] {processor.py:157} INFO - Started process (PID=249) to work on /opt/airflow/dags/init.py
[2024-04-26T13:29:42.399+0000] {processor.py:826} INFO - Processing file /opt/airflow/dags/init.py for tasks to queue
[2024-04-26T13:29:42.399+0000] {logging_mixin.py:149} INFO - [2024-04-26T13:29:42.399+0000] {dagbag.py:541} INFO - Filling up the DagBag from /opt/airflow/dags/init.py
[2024-04-26T13:29:42.410+0000] {processor.py:836} INFO - DAG(s) dict_keys(['1_init_once_seed_data']) retrieved from /opt/airflow/dags/init.py
[2024-04-26T13:29:42.436+0000] {logging_mixin.py:149} INFO - [2024-04-26T13:29:42.436+0000] {dag.py:2726} INFO - Sync 1 DAGs
[2024-04-26T13:29:42.456+0000] {logging_mixin.py:149} INFO - [2024-04-26T13:29:42.456+0000] {dag.py:3490} INFO - Setting next_dagrun for 1_init_once_seed_data to None, run_after=None
[2024-04-26T13:29:42.469+0000] {processor.py:179} INFO - Processing /opt/airflow/dags/init.py took 0.076 seconds
[2024-04-26T13:30:12.745+0000] {processor.py:157} INFO - Started process (PID=278) to work on /opt/airflow/dags/init.py
[2024-04-26T13:30:12.747+0000] {processor.py:826} INFO - Processing file /opt/airflow/dags/init.py for tasks to queue
[2024-04-26T13:30:12.748+0000] {logging_mixin.py:149} INFO - [2024-04-26T13:30:12.748+0000] {dagbag.py:541} INFO - Filling up the DagBag from /opt/airflow/dags/init.py
[2024-04-26T13:30:12.758+0000] {processor.py:836} INFO - DAG(s) dict_keys(['1_init_once_seed_data']) retrieved from /opt/airflow/dags/init.py
[2024-04-26T13:30:12.784+0000] {logging_mixin.py:149} INFO - [2024-04-26T13:30:12.784+0000] {dag.py:2726} INFO - Sync 1 DAGs
[2024-04-26T13:30:12.803+0000] {logging_mixin.py:149} INFO - [2024-04-26T13:30:12.803+0000] {dag.py:3490} INFO - Setting next_dagrun for 1_init_once_seed_data to None, run_after=None
[2024-04-26T13:30:12.817+0000] {processor.py:179} INFO - Processing /opt/airflow/dags/init.py took 0.075 seconds
[2024-04-26T13:30:43.115+0000] {processor.py:157} INFO - Started process (PID=299) to work on /opt/airflow/dags/init.py
[2024-04-26T13:30:43.117+0000] {processor.py:826} INFO - Processing file /opt/airflow/dags/init.py for tasks to queue
[2024-04-26T13:30:43.118+0000] {logging_mixin.py:149} INFO - [2024-04-26T13:30:43.118+0000] {dagbag.py:541} INFO - Filling up the DagBag from /opt/airflow/dags/init.py
[2024-04-26T13:30:43.129+0000] {processor.py:836} INFO - DAG(s) dict_keys(['1_init_once_seed_data']) retrieved from /opt/airflow/dags/init.py
[2024-04-26T13:30:43.158+0000] {logging_mixin.py:149} INFO - [2024-04-26T13:30:43.158+0000] {dag.py:2726} INFO - Sync 1 DAGs
[2024-04-26T13:30:43.179+0000] {logging_mixin.py:149} INFO - [2024-04-26T13:30:43.179+0000] {dag.py:3490} INFO - Setting next_dagrun for 1_init_once_seed_data to None, run_after=None
[2024-04-26T13:30:43.195+0000] {processor.py:179} INFO - Processing /opt/airflow/dags/init.py took 0.086 seconds
[2024-04-26T13:31:13.467+0000] {processor.py:157} INFO - Started process (PID=329) to work on /opt/airflow/dags/init.py
[2024-04-26T13:31:13.469+0000] {processor.py:826} INFO - Processing file /opt/airflow/dags/init.py for tasks to queue
[2024-04-26T13:31:13.470+0000] {logging_mixin.py:149} INFO - [2024-04-26T13:31:13.470+0000] {dagbag.py:541} INFO - Filling up the DagBag from /opt/airflow/dags/init.py
[2024-04-26T13:31:13.481+0000] {processor.py:836} INFO - DAG(s) dict_keys(['1_init_once_seed_data']) retrieved from /opt/airflow/dags/init.py
[2024-04-26T13:31:13.508+0000] {logging_mixin.py:149} INFO - [2024-04-26T13:31:13.508+0000] {dag.py:2726} INFO - Sync 1 DAGs
[2024-04-26T13:31:13.529+0000] {logging_mixin.py:149} INFO - [2024-04-26T13:31:13.529+0000] {dag.py:3490} INFO - Setting next_dagrun for 1_init_once_seed_data to None, run_after=None
[2024-04-26T13:31:13.543+0000] {processor.py:179} INFO - Processing /opt/airflow/dags/init.py took 0.082 seconds
[2024-04-26T13:31:43.787+0000] {processor.py:157} INFO - Started process (PID=359) to work on /opt/airflow/dags/init.py
[2024-04-26T13:31:43.789+0000] {processor.py:826} INFO - Processing file /opt/airflow/dags/init.py for tasks to queue
[2024-04-26T13:31:43.789+0000] {logging_mixin.py:149} INFO - [2024-04-26T13:31:43.789+0000] {dagbag.py:541} INFO - Filling up the DagBag from /opt/airflow/dags/init.py
[2024-04-26T13:31:43.800+0000] {processor.py:836} INFO - DAG(s) dict_keys(['1_init_once_seed_data']) retrieved from /opt/airflow/dags/init.py
[2024-04-26T13:31:43.826+0000] {logging_mixin.py:149} INFO - [2024-04-26T13:31:43.826+0000] {dag.py:2726} INFO - Sync 1 DAGs
[2024-04-26T13:31:43.846+0000] {logging_mixin.py:149} INFO - [2024-04-26T13:31:43.846+0000] {dag.py:3490} INFO - Setting next_dagrun for 1_init_once_seed_data to None, run_after=None
[2024-04-26T13:31:43.860+0000] {processor.py:179} INFO - Processing /opt/airflow/dags/init.py took 0.076 seconds
[2024-04-26T13:32:14.143+0000] {processor.py:157} INFO - Started process (PID=380) to work on /opt/airflow/dags/init.py
[2024-04-26T13:32:14.145+0000] {processor.py:826} INFO - Processing file /opt/airflow/dags/init.py for tasks to queue
[2024-04-26T13:32:14.146+0000] {logging_mixin.py:149} INFO - [2024-04-26T13:32:14.146+0000] {dagbag.py:541} INFO - Filling up the DagBag from /opt/airflow/dags/init.py
[2024-04-26T13:32:14.157+0000] {processor.py:836} INFO - DAG(s) dict_keys(['1_init_once_seed_data']) retrieved from /opt/airflow/dags/init.py
[2024-04-26T13:32:14.185+0000] {logging_mixin.py:149} INFO - [2024-04-26T13:32:14.184+0000] {dag.py:2726} INFO - Sync 1 DAGs
[2024-04-26T13:32:14.204+0000] {logging_mixin.py:149} INFO - [2024-04-26T13:32:14.204+0000] {dag.py:3490} INFO - Setting next_dagrun for 1_init_once_seed_data to None, run_after=None
[2024-04-26T13:32:14.219+0000] {processor.py:179} INFO - Processing /opt/airflow/dags/init.py took 0.079 seconds
[2024-04-26T13:32:44.484+0000] {processor.py:157} INFO - Started process (PID=410) to work on /opt/airflow/dags/init.py
[2024-04-26T13:32:44.485+0000] {processor.py:826} INFO - Processing file /opt/airflow/dags/init.py for tasks to queue
[2024-04-26T13:32:44.486+0000] {logging_mixin.py:149} INFO - [2024-04-26T13:32:44.486+0000] {dagbag.py:541} INFO - Filling up the DagBag from /opt/airflow/dags/init.py
[2024-04-26T13:32:44.497+0000] {processor.py:836} INFO - DAG(s) dict_keys(['1_init_once_seed_data']) retrieved from /opt/airflow/dags/init.py
[2024-04-26T13:32:44.523+0000] {logging_mixin.py:149} INFO - [2024-04-26T13:32:44.523+0000] {dag.py:2726} INFO - Sync 1 DAGs
[2024-04-26T13:32:44.543+0000] {logging_mixin.py:149} INFO - [2024-04-26T13:32:44.542+0000] {dag.py:3490} INFO - Setting next_dagrun for 1_init_once_seed_data to None, run_after=None
[2024-04-26T13:32:44.557+0000] {processor.py:179} INFO - Processing /opt/airflow/dags/init.py took 0.076 seconds
[2024-04-26T13:33:14.826+0000] {processor.py:157} INFO - Started process (PID=439) to work on /opt/airflow/dags/init.py
[2024-04-26T13:33:14.828+0000] {processor.py:826} INFO - Processing file /opt/airflow/dags/init.py for tasks to queue
[2024-04-26T13:33:14.829+0000] {logging_mixin.py:149} INFO - [2024-04-26T13:33:14.829+0000] {dagbag.py:541} INFO - Filling up the DagBag from /opt/airflow/dags/init.py
[2024-04-26T13:33:14.839+0000] {processor.py:836} INFO - DAG(s) dict_keys(['1_init_once_seed_data']) retrieved from /opt/airflow/dags/init.py
[2024-04-26T13:33:14.867+0000] {logging_mixin.py:149} INFO - [2024-04-26T13:33:14.866+0000] {dag.py:2726} INFO - Sync 1 DAGs
[2024-04-26T13:33:14.887+0000] {logging_mixin.py:149} INFO - [2024-04-26T13:33:14.887+0000] {dag.py:3490} INFO - Setting next_dagrun for 1_init_once_seed_data to None, run_after=None
[2024-04-26T13:33:14.899+0000] {processor.py:179} INFO - Processing /opt/airflow/dags/init.py took 0.076 seconds
[2024-04-26T13:33:45.204+0000] {processor.py:157} INFO - Started process (PID=460) to work on /opt/airflow/dags/init.py
[2024-04-26T13:33:45.206+0000] {processor.py:826} INFO - Processing file /opt/airflow/dags/init.py for tasks to queue
[2024-04-26T13:33:45.207+0000] {logging_mixin.py:149} INFO - [2024-04-26T13:33:45.207+0000] {dagbag.py:541} INFO - Filling up the DagBag from /opt/airflow/dags/init.py
[2024-04-26T13:33:45.221+0000] {processor.py:836} INFO - DAG(s) dict_keys(['1_init_once_seed_data']) retrieved from /opt/airflow/dags/init.py
[2024-04-26T13:33:45.253+0000] {logging_mixin.py:149} INFO - [2024-04-26T13:33:45.253+0000] {dag.py:2726} INFO - Sync 1 DAGs
[2024-04-26T13:33:45.276+0000] {logging_mixin.py:149} INFO - [2024-04-26T13:33:45.276+0000] {dag.py:3490} INFO - Setting next_dagrun for 1_init_once_seed_data to None, run_after=None
[2024-04-26T13:33:45.290+0000] {processor.py:179} INFO - Processing /opt/airflow/dags/init.py took 0.089 seconds
[2024-04-26T13:34:15.532+0000] {processor.py:157} INFO - Started process (PID=490) to work on /opt/airflow/dags/init.py
[2024-04-26T13:34:15.534+0000] {processor.py:826} INFO - Processing file /opt/airflow/dags/init.py for tasks to queue
[2024-04-26T13:34:15.535+0000] {logging_mixin.py:149} INFO - [2024-04-26T13:34:15.534+0000] {dagbag.py:541} INFO - Filling up the DagBag from /opt/airflow/dags/init.py
[2024-04-26T13:34:15.545+0000] {processor.py:836} INFO - DAG(s) dict_keys(['1_init_once_seed_data']) retrieved from /opt/airflow/dags/init.py
[2024-04-26T13:34:15.571+0000] {logging_mixin.py:149} INFO - [2024-04-26T13:34:15.571+0000] {dag.py:2726} INFO - Sync 1 DAGs
[2024-04-26T13:34:15.591+0000] {logging_mixin.py:149} INFO - [2024-04-26T13:34:15.591+0000] {dag.py:3490} INFO - Setting next_dagrun for 1_init_once_seed_data to None, run_after=None
[2024-04-26T13:34:15.605+0000] {processor.py:179} INFO - Processing /opt/airflow/dags/init.py took 0.076 seconds
[2024-04-26T13:34:45.857+0000] {processor.py:157} INFO - Started process (PID=521) to work on /opt/airflow/dags/init.py
[2024-04-26T13:34:45.859+0000] {processor.py:826} INFO - Processing file /opt/airflow/dags/init.py for tasks to queue
[2024-04-26T13:34:45.860+0000] {logging_mixin.py:149} INFO - [2024-04-26T13:34:45.859+0000] {dagbag.py:541} INFO - Filling up the DagBag from /opt/airflow/dags/init.py
[2024-04-26T13:34:45.871+0000] {processor.py:836} INFO - DAG(s) dict_keys(['1_init_once_seed_data']) retrieved from /opt/airflow/dags/init.py
[2024-04-26T13:34:45.899+0000] {logging_mixin.py:149} INFO - [2024-04-26T13:34:45.899+0000] {dag.py:2726} INFO - Sync 1 DAGs
[2024-04-26T13:34:45.920+0000] {logging_mixin.py:149} INFO - [2024-04-26T13:34:45.920+0000] {dag.py:3490} INFO - Setting next_dagrun for 1_init_once_seed_data to None, run_after=None
[2024-04-26T13:34:45.936+0000] {processor.py:179} INFO - Processing /opt/airflow/dags/init.py took 0.082 seconds
[2024-04-26T13:35:16.179+0000] {processor.py:157} INFO - Started process (PID=543) to work on /opt/airflow/dags/init.py
[2024-04-26T13:35:16.181+0000] {processor.py:826} INFO - Processing file /opt/airflow/dags/init.py for tasks to queue
[2024-04-26T13:35:16.181+0000] {logging_mixin.py:149} INFO - [2024-04-26T13:35:16.181+0000] {dagbag.py:541} INFO - Filling up the DagBag from /opt/airflow/dags/init.py
[2024-04-26T13:35:16.192+0000] {processor.py:836} INFO - DAG(s) dict_keys(['1_init_once_seed_data']) retrieved from /opt/airflow/dags/init.py
[2024-04-26T13:35:16.218+0000] {logging_mixin.py:149} INFO - [2024-04-26T13:35:16.218+0000] {dag.py:2726} INFO - Sync 1 DAGs
[2024-04-26T13:35:16.237+0000] {logging_mixin.py:149} INFO - [2024-04-26T13:35:16.237+0000] {dag.py:3490} INFO - Setting next_dagrun for 1_init_once_seed_data to None, run_after=None
[2024-04-26T13:35:16.252+0000] {processor.py:179} INFO - Processing /opt/airflow/dags/init.py took 0.076 seconds
[2024-04-26T13:35:46.552+0000] {processor.py:157} INFO - Started process (PID=572) to work on /opt/airflow/dags/init.py
[2024-04-26T13:35:46.554+0000] {processor.py:826} INFO - Processing file /opt/airflow/dags/init.py for tasks to queue
[2024-04-26T13:35:46.555+0000] {logging_mixin.py:149} INFO - [2024-04-26T13:35:46.555+0000] {dagbag.py:541} INFO - Filling up the DagBag from /opt/airflow/dags/init.py
[2024-04-26T13:35:46.565+0000] {processor.py:836} INFO - DAG(s) dict_keys(['1_init_once_seed_data']) retrieved from /opt/airflow/dags/init.py
[2024-04-26T13:35:46.591+0000] {logging_mixin.py:149} INFO - [2024-04-26T13:35:46.591+0000] {dag.py:2726} INFO - Sync 1 DAGs
[2024-04-26T13:35:46.611+0000] {logging_mixin.py:149} INFO - [2024-04-26T13:35:46.611+0000] {dag.py:3490} INFO - Setting next_dagrun for 1_init_once_seed_data to None, run_after=None
[2024-04-26T13:35:46.625+0000] {processor.py:179} INFO - Processing /opt/airflow/dags/init.py took 0.077 seconds
[2024-04-26T13:36:16.897+0000] {processor.py:157} INFO - Started process (PID=593) to work on /opt/airflow/dags/init.py
[2024-04-26T13:36:16.898+0000] {processor.py:826} INFO - Processing file /opt/airflow/dags/init.py for tasks to queue
[2024-04-26T13:36:16.899+0000] {logging_mixin.py:149} INFO - [2024-04-26T13:36:16.899+0000] {dagbag.py:541} INFO - Filling up the DagBag from /opt/airflow/dags/init.py
[2024-04-26T13:36:16.910+0000] {processor.py:836} INFO - DAG(s) dict_keys(['1_init_once_seed_data']) retrieved from /opt/airflow/dags/init.py
[2024-04-26T13:36:16.937+0000] {logging_mixin.py:149} INFO - [2024-04-26T13:36:16.936+0000] {dag.py:2726} INFO - Sync 1 DAGs
[2024-04-26T13:36:16.956+0000] {logging_mixin.py:149} INFO - [2024-04-26T13:36:16.956+0000] {dag.py:3490} INFO - Setting next_dagrun for 1_init_once_seed_data to None, run_after=None
[2024-04-26T13:36:16.969+0000] {processor.py:179} INFO - Processing /opt/airflow/dags/init.py took 0.076 seconds
[2024-04-26T13:36:47.237+0000] {processor.py:157} INFO - Started process (PID=622) to work on /opt/airflow/dags/init.py
[2024-04-26T13:36:47.239+0000] {processor.py:826} INFO - Processing file /opt/airflow/dags/init.py for tasks to queue
[2024-04-26T13:36:47.240+0000] {logging_mixin.py:149} INFO - [2024-04-26T13:36:47.240+0000] {dagbag.py:541} INFO - Filling up the DagBag from /opt/airflow/dags/init.py
[2024-04-26T13:36:47.250+0000] {processor.py:836} INFO - DAG(s) dict_keys(['1_init_once_seed_data']) retrieved from /opt/airflow/dags/init.py
[2024-04-26T13:36:47.277+0000] {logging_mixin.py:149} INFO - [2024-04-26T13:36:47.277+0000] {dag.py:2726} INFO - Sync 1 DAGs
[2024-04-26T13:36:47.296+0000] {logging_mixin.py:149} INFO - [2024-04-26T13:36:47.296+0000] {dag.py:3490} INFO - Setting next_dagrun for 1_init_once_seed_data to None, run_after=None
[2024-04-26T13:36:47.311+0000] {processor.py:179} INFO - Processing /opt/airflow/dags/init.py took 0.077 seconds
[2024-04-26T13:37:17.611+0000] {processor.py:157} INFO - Started process (PID=652) to work on /opt/airflow/dags/init.py
[2024-04-26T13:37:17.612+0000] {processor.py:826} INFO - Processing file /opt/airflow/dags/init.py for tasks to queue
[2024-04-26T13:37:17.613+0000] {logging_mixin.py:149} INFO - [2024-04-26T13:37:17.613+0000] {dagbag.py:541} INFO - Filling up the DagBag from /opt/airflow/dags/init.py
[2024-04-26T13:37:17.625+0000] {processor.py:836} INFO - DAG(s) dict_keys(['1_init_once_seed_data']) retrieved from /opt/airflow/dags/init.py
[2024-04-26T13:37:17.652+0000] {logging_mixin.py:149} INFO - [2024-04-26T13:37:17.651+0000] {dag.py:2726} INFO - Sync 1 DAGs
[2024-04-26T13:37:17.672+0000] {logging_mixin.py:149} INFO - [2024-04-26T13:37:17.672+0000] {dag.py:3490} INFO - Setting next_dagrun for 1_init_once_seed_data to None, run_after=None
[2024-04-26T13:37:17.686+0000] {processor.py:179} INFO - Processing /opt/airflow/dags/init.py took 0.079 seconds
