[2024-04-26T12:59:09.602+0000] {processor.py:157} INFO - Started process (PID=37) to work on /opt/airflow/dags/transform_and_analysis.py
[2024-04-26T12:59:09.604+0000] {processor.py:826} INFO - Processing file /opt/airflow/dags/transform_and_analysis.py for tasks to queue
[2024-04-26T12:59:09.606+0000] {logging_mixin.py:149} INFO - [2024-04-26T12:59:09.606+0000] {dagbag.py:541} INFO - Filling up the DagBag from /opt/airflow/dags/transform_and_analysis.py
[2024-04-26T12:59:09.632+0000] {processor.py:836} INFO - DAG(s) dict_keys(['2_daily_transformation_analysis']) retrieved from /opt/airflow/dags/transform_and_analysis.py
[2024-04-26T12:59:09.931+0000] {logging_mixin.py:149} INFO - [2024-04-26T12:59:09.931+0000] {dag.py:2726} INFO - Sync 1 DAGs
[2024-04-26T12:59:09.950+0000] {logging_mixin.py:149} INFO - [2024-04-26T12:59:09.950+0000] {dag.py:3490} INFO - Setting next_dagrun for 2_daily_transformation_analysis to None, run_after=None
[2024-04-26T12:59:09.976+0000] {processor.py:179} INFO - Processing /opt/airflow/dags/transform_and_analysis.py took 0.379 seconds
[2024-04-26T12:59:40.301+0000] {processor.py:157} INFO - Started process (PID=67) to work on /opt/airflow/dags/transform_and_analysis.py
[2024-04-26T12:59:40.302+0000] {processor.py:826} INFO - Processing file /opt/airflow/dags/transform_and_analysis.py for tasks to queue
[2024-04-26T12:59:40.303+0000] {logging_mixin.py:149} INFO - [2024-04-26T12:59:40.303+0000] {dagbag.py:541} INFO - Filling up the DagBag from /opt/airflow/dags/transform_and_analysis.py
[2024-04-26T12:59:40.324+0000] {processor.py:836} INFO - DAG(s) dict_keys(['2_daily_transformation_analysis']) retrieved from /opt/airflow/dags/transform_and_analysis.py
[2024-04-26T12:59:40.351+0000] {logging_mixin.py:149} INFO - [2024-04-26T12:59:40.351+0000] {dag.py:2726} INFO - Sync 1 DAGs
[2024-04-26T12:59:40.461+0000] {logging_mixin.py:149} INFO - [2024-04-26T12:59:40.461+0000] {dag.py:3490} INFO - Setting next_dagrun for 2_daily_transformation_analysis to None, run_after=None
[2024-04-26T12:59:40.472+0000] {processor.py:179} INFO - Processing /opt/airflow/dags/transform_and_analysis.py took 0.175 seconds
[2024-04-26T13:00:10.744+0000] {processor.py:157} INFO - Started process (PID=98) to work on /opt/airflow/dags/transform_and_analysis.py
[2024-04-26T13:00:10.746+0000] {processor.py:826} INFO - Processing file /opt/airflow/dags/transform_and_analysis.py for tasks to queue
[2024-04-26T13:00:10.747+0000] {logging_mixin.py:149} INFO - [2024-04-26T13:00:10.747+0000] {dagbag.py:541} INFO - Filling up the DagBag from /opt/airflow/dags/transform_and_analysis.py
[2024-04-26T13:00:10.766+0000] {processor.py:836} INFO - DAG(s) dict_keys(['2_daily_transformation_analysis']) retrieved from /opt/airflow/dags/transform_and_analysis.py
[2024-04-26T13:00:10.799+0000] {logging_mixin.py:149} INFO - [2024-04-26T13:00:10.799+0000] {dag.py:2726} INFO - Sync 1 DAGs
[2024-04-26T13:00:10.918+0000] {logging_mixin.py:149} INFO - [2024-04-26T13:00:10.918+0000] {dag.py:3490} INFO - Setting next_dagrun for 2_daily_transformation_analysis to None, run_after=None
[2024-04-26T13:00:10.932+0000] {processor.py:179} INFO - Processing /opt/airflow/dags/transform_and_analysis.py took 0.193 seconds
[2024-04-26T13:00:41.169+0000] {processor.py:157} INFO - Started process (PID=119) to work on /opt/airflow/dags/transform_and_analysis.py
[2024-04-26T13:00:41.170+0000] {processor.py:826} INFO - Processing file /opt/airflow/dags/transform_and_analysis.py for tasks to queue
[2024-04-26T13:00:41.172+0000] {logging_mixin.py:149} INFO - [2024-04-26T13:00:41.171+0000] {dagbag.py:541} INFO - Filling up the DagBag from /opt/airflow/dags/transform_and_analysis.py
[2024-04-26T13:00:41.189+0000] {processor.py:836} INFO - DAG(s) dict_keys(['2_daily_transformation_analysis']) retrieved from /opt/airflow/dags/transform_and_analysis.py
[2024-04-26T13:00:41.325+0000] {logging_mixin.py:149} INFO - [2024-04-26T13:00:41.325+0000] {dag.py:2726} INFO - Sync 1 DAGs
[2024-04-26T13:00:41.341+0000] {logging_mixin.py:149} INFO - [2024-04-26T13:00:41.341+0000] {dag.py:3490} INFO - Setting next_dagrun for 2_daily_transformation_analysis to None, run_after=None
[2024-04-26T13:00:41.353+0000] {processor.py:179} INFO - Processing /opt/airflow/dags/transform_and_analysis.py took 0.187 seconds
[2024-04-26T13:01:11.641+0000] {processor.py:157} INFO - Started process (PID=149) to work on /opt/airflow/dags/transform_and_analysis.py
[2024-04-26T13:01:11.643+0000] {processor.py:826} INFO - Processing file /opt/airflow/dags/transform_and_analysis.py for tasks to queue
[2024-04-26T13:01:11.644+0000] {logging_mixin.py:149} INFO - [2024-04-26T13:01:11.644+0000] {dagbag.py:541} INFO - Filling up the DagBag from /opt/airflow/dags/transform_and_analysis.py
[2024-04-26T13:01:11.661+0000] {processor.py:836} INFO - DAG(s) dict_keys(['2_daily_transformation_analysis']) retrieved from /opt/airflow/dags/transform_and_analysis.py
[2024-04-26T13:01:11.781+0000] {logging_mixin.py:149} INFO - [2024-04-26T13:01:11.781+0000] {dag.py:2726} INFO - Sync 1 DAGs
[2024-04-26T13:01:11.798+0000] {logging_mixin.py:149} INFO - [2024-04-26T13:01:11.797+0000] {dag.py:3490} INFO - Setting next_dagrun for 2_daily_transformation_analysis to None, run_after=None
[2024-04-26T13:01:11.809+0000] {processor.py:179} INFO - Processing /opt/airflow/dags/transform_and_analysis.py took 0.171 seconds
[2024-04-26T13:01:42.145+0000] {processor.py:157} INFO - Started process (PID=180) to work on /opt/airflow/dags/transform_and_analysis.py
[2024-04-26T13:01:42.147+0000] {processor.py:826} INFO - Processing file /opt/airflow/dags/transform_and_analysis.py for tasks to queue
[2024-04-26T13:01:42.148+0000] {logging_mixin.py:149} INFO - [2024-04-26T13:01:42.148+0000] {dagbag.py:541} INFO - Filling up the DagBag from /opt/airflow/dags/transform_and_analysis.py
[2024-04-26T13:01:42.159+0000] {processor.py:836} INFO - DAG(s) dict_keys(['2_daily_transformation_analysis']) retrieved from /opt/airflow/dags/transform_and_analysis.py
[2024-04-26T13:01:42.185+0000] {logging_mixin.py:149} INFO - [2024-04-26T13:01:42.185+0000] {dag.py:2726} INFO - Sync 1 DAGs
[2024-04-26T13:01:42.203+0000] {logging_mixin.py:149} INFO - [2024-04-26T13:01:42.203+0000] {dag.py:3490} INFO - Setting next_dagrun for 2_daily_transformation_analysis to None, run_after=None
[2024-04-26T13:01:42.217+0000] {processor.py:179} INFO - Processing /opt/airflow/dags/transform_and_analysis.py took 0.075 seconds
[2024-04-26T13:02:12.524+0000] {processor.py:157} INFO - Started process (PID=201) to work on /opt/airflow/dags/transform_and_analysis.py
[2024-04-26T13:02:12.526+0000] {processor.py:826} INFO - Processing file /opt/airflow/dags/transform_and_analysis.py for tasks to queue
[2024-04-26T13:02:12.528+0000] {logging_mixin.py:149} INFO - [2024-04-26T13:02:12.527+0000] {dagbag.py:541} INFO - Filling up the DagBag from /opt/airflow/dags/transform_and_analysis.py
[2024-04-26T13:02:12.540+0000] {processor.py:836} INFO - DAG(s) dict_keys(['2_daily_transformation_analysis']) retrieved from /opt/airflow/dags/transform_and_analysis.py
[2024-04-26T13:02:12.566+0000] {logging_mixin.py:149} INFO - [2024-04-26T13:02:12.566+0000] {dag.py:2726} INFO - Sync 1 DAGs
[2024-04-26T13:02:12.585+0000] {logging_mixin.py:149} INFO - [2024-04-26T13:02:12.585+0000] {dag.py:3490} INFO - Setting next_dagrun for 2_daily_transformation_analysis to None, run_after=None
[2024-04-26T13:02:12.597+0000] {processor.py:179} INFO - Processing /opt/airflow/dags/transform_and_analysis.py took 0.077 seconds
[2024-04-26T13:02:42.879+0000] {processor.py:157} INFO - Started process (PID=231) to work on /opt/airflow/dags/transform_and_analysis.py
[2024-04-26T13:02:42.881+0000] {processor.py:826} INFO - Processing file /opt/airflow/dags/transform_and_analysis.py for tasks to queue
[2024-04-26T13:02:42.882+0000] {logging_mixin.py:149} INFO - [2024-04-26T13:02:42.882+0000] {dagbag.py:541} INFO - Filling up the DagBag from /opt/airflow/dags/transform_and_analysis.py
[2024-04-26T13:02:42.894+0000] {processor.py:836} INFO - DAG(s) dict_keys(['2_daily_transformation_analysis']) retrieved from /opt/airflow/dags/transform_and_analysis.py
[2024-04-26T13:02:42.921+0000] {logging_mixin.py:149} INFO - [2024-04-26T13:02:42.920+0000] {dag.py:2726} INFO - Sync 1 DAGs
[2024-04-26T13:02:42.940+0000] {logging_mixin.py:149} INFO - [2024-04-26T13:02:42.940+0000] {dag.py:3490} INFO - Setting next_dagrun for 2_daily_transformation_analysis to None, run_after=None
[2024-04-26T13:02:42.953+0000] {processor.py:179} INFO - Processing /opt/airflow/dags/transform_and_analysis.py took 0.077 seconds
[2024-04-26T13:03:13.221+0000] {processor.py:157} INFO - Started process (PID=252) to work on /opt/airflow/dags/transform_and_analysis.py
[2024-04-26T13:03:13.223+0000] {processor.py:826} INFO - Processing file /opt/airflow/dags/transform_and_analysis.py for tasks to queue
[2024-04-26T13:03:13.224+0000] {logging_mixin.py:149} INFO - [2024-04-26T13:03:13.224+0000] {dagbag.py:541} INFO - Filling up the DagBag from /opt/airflow/dags/transform_and_analysis.py
[2024-04-26T13:03:13.237+0000] {processor.py:836} INFO - DAG(s) dict_keys(['2_daily_transformation_analysis']) retrieved from /opt/airflow/dags/transform_and_analysis.py
[2024-04-26T13:03:13.265+0000] {logging_mixin.py:149} INFO - [2024-04-26T13:03:13.264+0000] {dag.py:2726} INFO - Sync 1 DAGs
[2024-04-26T13:03:13.283+0000] {logging_mixin.py:149} INFO - [2024-04-26T13:03:13.283+0000] {dag.py:3490} INFO - Setting next_dagrun for 2_daily_transformation_analysis to None, run_after=None
[2024-04-26T13:03:13.295+0000] {processor.py:179} INFO - Processing /opt/airflow/dags/transform_and_analysis.py took 0.077 seconds
[2024-04-26T13:03:43.548+0000] {processor.py:157} INFO - Started process (PID=282) to work on /opt/airflow/dags/transform_and_analysis.py
[2024-04-26T13:03:43.550+0000] {processor.py:826} INFO - Processing file /opt/airflow/dags/transform_and_analysis.py for tasks to queue
[2024-04-26T13:03:43.551+0000] {logging_mixin.py:149} INFO - [2024-04-26T13:03:43.551+0000] {dagbag.py:541} INFO - Filling up the DagBag from /opt/airflow/dags/transform_and_analysis.py
[2024-04-26T13:03:43.563+0000] {processor.py:836} INFO - DAG(s) dict_keys(['2_daily_transformation_analysis']) retrieved from /opt/airflow/dags/transform_and_analysis.py
[2024-04-26T13:03:43.589+0000] {logging_mixin.py:149} INFO - [2024-04-26T13:03:43.589+0000] {dag.py:2726} INFO - Sync 1 DAGs
[2024-04-26T13:03:43.608+0000] {logging_mixin.py:149} INFO - [2024-04-26T13:03:43.608+0000] {dag.py:3490} INFO - Setting next_dagrun for 2_daily_transformation_analysis to None, run_after=None
[2024-04-26T13:03:43.621+0000] {processor.py:179} INFO - Processing /opt/airflow/dags/transform_and_analysis.py took 0.076 seconds
[2024-04-26T13:04:13.910+0000] {processor.py:157} INFO - Started process (PID=312) to work on /opt/airflow/dags/transform_and_analysis.py
[2024-04-26T13:04:13.911+0000] {processor.py:826} INFO - Processing file /opt/airflow/dags/transform_and_analysis.py for tasks to queue
[2024-04-26T13:04:13.913+0000] {logging_mixin.py:149} INFO - [2024-04-26T13:04:13.913+0000] {dagbag.py:541} INFO - Filling up the DagBag from /opt/airflow/dags/transform_and_analysis.py
[2024-04-26T13:04:13.924+0000] {processor.py:836} INFO - DAG(s) dict_keys(['2_daily_transformation_analysis']) retrieved from /opt/airflow/dags/transform_and_analysis.py
[2024-04-26T13:04:13.949+0000] {logging_mixin.py:149} INFO - [2024-04-26T13:04:13.949+0000] {dag.py:2726} INFO - Sync 1 DAGs
[2024-04-26T13:04:13.968+0000] {logging_mixin.py:149} INFO - [2024-04-26T13:04:13.968+0000] {dag.py:3490} INFO - Setting next_dagrun for 2_daily_transformation_analysis to None, run_after=None
[2024-04-26T13:04:13.982+0000] {processor.py:179} INFO - Processing /opt/airflow/dags/transform_and_analysis.py took 0.075 seconds
[2024-04-26T13:04:44.236+0000] {processor.py:157} INFO - Started process (PID=333) to work on /opt/airflow/dags/transform_and_analysis.py
[2024-04-26T13:04:44.238+0000] {processor.py:826} INFO - Processing file /opt/airflow/dags/transform_and_analysis.py for tasks to queue
[2024-04-26T13:04:44.239+0000] {logging_mixin.py:149} INFO - [2024-04-26T13:04:44.239+0000] {dagbag.py:541} INFO - Filling up the DagBag from /opt/airflow/dags/transform_and_analysis.py
[2024-04-26T13:04:44.250+0000] {processor.py:836} INFO - DAG(s) dict_keys(['2_daily_transformation_analysis']) retrieved from /opt/airflow/dags/transform_and_analysis.py
[2024-04-26T13:04:44.276+0000] {logging_mixin.py:149} INFO - [2024-04-26T13:04:44.276+0000] {dag.py:2726} INFO - Sync 1 DAGs
[2024-04-26T13:04:44.295+0000] {logging_mixin.py:149} INFO - [2024-04-26T13:04:44.295+0000] {dag.py:3490} INFO - Setting next_dagrun for 2_daily_transformation_analysis to None, run_after=None
[2024-04-26T13:04:44.308+0000] {processor.py:179} INFO - Processing /opt/airflow/dags/transform_and_analysis.py took 0.076 seconds
[2024-04-26T13:05:14.563+0000] {processor.py:157} INFO - Started process (PID=364) to work on /opt/airflow/dags/transform_and_analysis.py
[2024-04-26T13:05:14.565+0000] {processor.py:826} INFO - Processing file /opt/airflow/dags/transform_and_analysis.py for tasks to queue
[2024-04-26T13:05:14.566+0000] {logging_mixin.py:149} INFO - [2024-04-26T13:05:14.566+0000] {dagbag.py:541} INFO - Filling up the DagBag from /opt/airflow/dags/transform_and_analysis.py
[2024-04-26T13:05:14.577+0000] {processor.py:836} INFO - DAG(s) dict_keys(['2_daily_transformation_analysis']) retrieved from /opt/airflow/dags/transform_and_analysis.py
[2024-04-26T13:05:14.604+0000] {logging_mixin.py:149} INFO - [2024-04-26T13:05:14.604+0000] {dag.py:2726} INFO - Sync 1 DAGs
[2024-04-26T13:05:14.622+0000] {logging_mixin.py:149} INFO - [2024-04-26T13:05:14.622+0000] {dag.py:3490} INFO - Setting next_dagrun for 2_daily_transformation_analysis to None, run_after=None
[2024-04-26T13:05:14.635+0000] {processor.py:179} INFO - Processing /opt/airflow/dags/transform_and_analysis.py took 0.075 seconds
[2024-04-26T13:05:44.922+0000] {processor.py:157} INFO - Started process (PID=393) to work on /opt/airflow/dags/transform_and_analysis.py
[2024-04-26T13:05:44.923+0000] {processor.py:826} INFO - Processing file /opt/airflow/dags/transform_and_analysis.py for tasks to queue
[2024-04-26T13:05:44.924+0000] {logging_mixin.py:149} INFO - [2024-04-26T13:05:44.924+0000] {dagbag.py:541} INFO - Filling up the DagBag from /opt/airflow/dags/transform_and_analysis.py
[2024-04-26T13:05:44.936+0000] {processor.py:836} INFO - DAG(s) dict_keys(['2_daily_transformation_analysis']) retrieved from /opt/airflow/dags/transform_and_analysis.py
[2024-04-26T13:05:44.963+0000] {logging_mixin.py:149} INFO - [2024-04-26T13:05:44.963+0000] {dag.py:2726} INFO - Sync 1 DAGs
[2024-04-26T13:05:44.982+0000] {logging_mixin.py:149} INFO - [2024-04-26T13:05:44.981+0000] {dag.py:3490} INFO - Setting next_dagrun for 2_daily_transformation_analysis to None, run_after=None
[2024-04-26T13:05:44.996+0000] {processor.py:179} INFO - Processing /opt/airflow/dags/transform_and_analysis.py took 0.078 seconds
[2024-04-26T13:06:15.249+0000] {processor.py:157} INFO - Started process (PID=413) to work on /opt/airflow/dags/transform_and_analysis.py
[2024-04-26T13:06:15.251+0000] {processor.py:826} INFO - Processing file /opt/airflow/dags/transform_and_analysis.py for tasks to queue
[2024-04-26T13:06:15.252+0000] {logging_mixin.py:149} INFO - [2024-04-26T13:06:15.252+0000] {dagbag.py:541} INFO - Filling up the DagBag from /opt/airflow/dags/transform_and_analysis.py
[2024-04-26T13:06:15.265+0000] {processor.py:836} INFO - DAG(s) dict_keys(['2_daily_transformation_analysis']) retrieved from /opt/airflow/dags/transform_and_analysis.py
[2024-04-26T13:06:15.293+0000] {logging_mixin.py:149} INFO - [2024-04-26T13:06:15.293+0000] {dag.py:2726} INFO - Sync 1 DAGs
[2024-04-26T13:06:15.312+0000] {logging_mixin.py:149} INFO - [2024-04-26T13:06:15.312+0000] {dag.py:3490} INFO - Setting next_dagrun for 2_daily_transformation_analysis to None, run_after=None
[2024-04-26T13:06:15.325+0000] {processor.py:179} INFO - Processing /opt/airflow/dags/transform_and_analysis.py took 0.079 seconds
[2024-04-26T13:06:45.582+0000] {processor.py:157} INFO - Started process (PID=443) to work on /opt/airflow/dags/transform_and_analysis.py
[2024-04-26T13:06:45.584+0000] {processor.py:826} INFO - Processing file /opt/airflow/dags/transform_and_analysis.py for tasks to queue
[2024-04-26T13:06:45.585+0000] {logging_mixin.py:149} INFO - [2024-04-26T13:06:45.585+0000] {dagbag.py:541} INFO - Filling up the DagBag from /opt/airflow/dags/transform_and_analysis.py
[2024-04-26T13:06:45.597+0000] {processor.py:836} INFO - DAG(s) dict_keys(['2_daily_transformation_analysis']) retrieved from /opt/airflow/dags/transform_and_analysis.py
[2024-04-26T13:06:45.623+0000] {logging_mixin.py:149} INFO - [2024-04-26T13:06:45.623+0000] {dag.py:2726} INFO - Sync 1 DAGs
[2024-04-26T13:06:45.642+0000] {logging_mixin.py:149} INFO - [2024-04-26T13:06:45.642+0000] {dag.py:3490} INFO - Setting next_dagrun for 2_daily_transformation_analysis to None, run_after=None
[2024-04-26T13:06:45.656+0000] {processor.py:179} INFO - Processing /opt/airflow/dags/transform_and_analysis.py took 0.077 seconds
[2024-04-26T13:07:15.936+0000] {processor.py:157} INFO - Started process (PID=464) to work on /opt/airflow/dags/transform_and_analysis.py
[2024-04-26T13:07:15.937+0000] {processor.py:826} INFO - Processing file /opt/airflow/dags/transform_and_analysis.py for tasks to queue
[2024-04-26T13:07:15.938+0000] {logging_mixin.py:149} INFO - [2024-04-26T13:07:15.938+0000] {dagbag.py:541} INFO - Filling up the DagBag from /opt/airflow/dags/transform_and_analysis.py
[2024-04-26T13:07:15.950+0000] {processor.py:836} INFO - DAG(s) dict_keys(['2_daily_transformation_analysis']) retrieved from /opt/airflow/dags/transform_and_analysis.py
[2024-04-26T13:07:15.976+0000] {logging_mixin.py:149} INFO - [2024-04-26T13:07:15.976+0000] {dag.py:2726} INFO - Sync 1 DAGs
[2024-04-26T13:07:15.995+0000] {logging_mixin.py:149} INFO - [2024-04-26T13:07:15.995+0000] {dag.py:3490} INFO - Setting next_dagrun for 2_daily_transformation_analysis to None, run_after=None
[2024-04-26T13:07:16.008+0000] {processor.py:179} INFO - Processing /opt/airflow/dags/transform_and_analysis.py took 0.076 seconds
[2024-04-26T13:07:46.250+0000] {processor.py:157} INFO - Started process (PID=494) to work on /opt/airflow/dags/transform_and_analysis.py
[2024-04-26T13:07:46.251+0000] {processor.py:826} INFO - Processing file /opt/airflow/dags/transform_and_analysis.py for tasks to queue
[2024-04-26T13:07:46.252+0000] {logging_mixin.py:149} INFO - [2024-04-26T13:07:46.252+0000] {dagbag.py:541} INFO - Filling up the DagBag from /opt/airflow/dags/transform_and_analysis.py
[2024-04-26T13:07:46.265+0000] {processor.py:836} INFO - DAG(s) dict_keys(['2_daily_transformation_analysis']) retrieved from /opt/airflow/dags/transform_and_analysis.py
[2024-04-26T13:07:46.292+0000] {logging_mixin.py:149} INFO - [2024-04-26T13:07:46.292+0000] {dag.py:2726} INFO - Sync 1 DAGs
[2024-04-26T13:07:46.312+0000] {logging_mixin.py:149} INFO - [2024-04-26T13:07:46.312+0000] {dag.py:3490} INFO - Setting next_dagrun for 2_daily_transformation_analysis to None, run_after=None
[2024-04-26T13:07:46.325+0000] {processor.py:179} INFO - Processing /opt/airflow/dags/transform_and_analysis.py took 0.079 seconds
[2024-04-26T13:08:16.600+0000] {processor.py:157} INFO - Started process (PID=524) to work on /opt/airflow/dags/transform_and_analysis.py
[2024-04-26T13:08:16.602+0000] {processor.py:826} INFO - Processing file /opt/airflow/dags/transform_and_analysis.py for tasks to queue
[2024-04-26T13:08:16.603+0000] {logging_mixin.py:149} INFO - [2024-04-26T13:08:16.603+0000] {dagbag.py:541} INFO - Filling up the DagBag from /opt/airflow/dags/transform_and_analysis.py
[2024-04-26T13:08:16.615+0000] {processor.py:836} INFO - DAG(s) dict_keys(['2_daily_transformation_analysis']) retrieved from /opt/airflow/dags/transform_and_analysis.py
[2024-04-26T13:08:16.642+0000] {logging_mixin.py:149} INFO - [2024-04-26T13:08:16.641+0000] {dag.py:2726} INFO - Sync 1 DAGs
[2024-04-26T13:08:16.660+0000] {logging_mixin.py:149} INFO - [2024-04-26T13:08:16.660+0000] {dag.py:3490} INFO - Setting next_dagrun for 2_daily_transformation_analysis to None, run_after=None
[2024-04-26T13:08:16.674+0000] {processor.py:179} INFO - Processing /opt/airflow/dags/transform_and_analysis.py took 0.077 seconds
[2024-04-26T13:08:46.918+0000] {processor.py:157} INFO - Started process (PID=545) to work on /opt/airflow/dags/transform_and_analysis.py
[2024-04-26T13:08:46.920+0000] {processor.py:826} INFO - Processing file /opt/airflow/dags/transform_and_analysis.py for tasks to queue
[2024-04-26T13:08:46.921+0000] {logging_mixin.py:149} INFO - [2024-04-26T13:08:46.921+0000] {dagbag.py:541} INFO - Filling up the DagBag from /opt/airflow/dags/transform_and_analysis.py
[2024-04-26T13:08:46.933+0000] {processor.py:836} INFO - DAG(s) dict_keys(['2_daily_transformation_analysis']) retrieved from /opt/airflow/dags/transform_and_analysis.py
[2024-04-26T13:08:46.960+0000] {logging_mixin.py:149} INFO - [2024-04-26T13:08:46.960+0000] {dag.py:2726} INFO - Sync 1 DAGs
[2024-04-26T13:08:46.980+0000] {logging_mixin.py:149} INFO - [2024-04-26T13:08:46.979+0000] {dag.py:3490} INFO - Setting next_dagrun for 2_daily_transformation_analysis to None, run_after=None
[2024-04-26T13:08:46.993+0000] {processor.py:179} INFO - Processing /opt/airflow/dags/transform_and_analysis.py took 0.078 seconds
[2024-04-26T13:09:17.287+0000] {processor.py:157} INFO - Started process (PID=575) to work on /opt/airflow/dags/transform_and_analysis.py
[2024-04-26T13:09:17.289+0000] {processor.py:826} INFO - Processing file /opt/airflow/dags/transform_and_analysis.py for tasks to queue
[2024-04-26T13:09:17.290+0000] {logging_mixin.py:149} INFO - [2024-04-26T13:09:17.290+0000] {dagbag.py:541} INFO - Filling up the DagBag from /opt/airflow/dags/transform_and_analysis.py
[2024-04-26T13:09:17.302+0000] {processor.py:836} INFO - DAG(s) dict_keys(['2_daily_transformation_analysis']) retrieved from /opt/airflow/dags/transform_and_analysis.py
[2024-04-26T13:09:17.329+0000] {logging_mixin.py:149} INFO - [2024-04-26T13:09:17.329+0000] {dag.py:2726} INFO - Sync 1 DAGs
[2024-04-26T13:09:17.347+0000] {logging_mixin.py:149} INFO - [2024-04-26T13:09:17.347+0000] {dag.py:3490} INFO - Setting next_dagrun for 2_daily_transformation_analysis to None, run_after=None
[2024-04-26T13:09:17.360+0000] {processor.py:179} INFO - Processing /opt/airflow/dags/transform_and_analysis.py took 0.076 seconds
[2024-04-26T13:09:47.665+0000] {processor.py:157} INFO - Started process (PID=604) to work on /opt/airflow/dags/transform_and_analysis.py
[2024-04-26T13:09:47.670+0000] {processor.py:826} INFO - Processing file /opt/airflow/dags/transform_and_analysis.py for tasks to queue
[2024-04-26T13:09:47.671+0000] {logging_mixin.py:149} INFO - [2024-04-26T13:09:47.671+0000] {dagbag.py:541} INFO - Filling up the DagBag from /opt/airflow/dags/transform_and_analysis.py
[2024-04-26T13:09:47.695+0000] {processor.py:836} INFO - DAG(s) dict_keys(['2_daily_transformation_analysis']) retrieved from /opt/airflow/dags/transform_and_analysis.py
[2024-04-26T13:09:47.730+0000] {logging_mixin.py:149} INFO - [2024-04-26T13:09:47.730+0000] {dag.py:2726} INFO - Sync 1 DAGs
[2024-04-26T13:09:47.766+0000] {logging_mixin.py:149} INFO - [2024-04-26T13:09:47.766+0000] {dag.py:3490} INFO - Setting next_dagrun for 2_daily_transformation_analysis to None, run_after=None
[2024-04-26T13:09:47.788+0000] {processor.py:179} INFO - Processing /opt/airflow/dags/transform_and_analysis.py took 0.138 seconds
[2024-04-26T13:10:18.083+0000] {processor.py:157} INFO - Started process (PID=625) to work on /opt/airflow/dags/transform_and_analysis.py
[2024-04-26T13:10:18.085+0000] {processor.py:826} INFO - Processing file /opt/airflow/dags/transform_and_analysis.py for tasks to queue
[2024-04-26T13:10:18.086+0000] {logging_mixin.py:149} INFO - [2024-04-26T13:10:18.086+0000] {dagbag.py:541} INFO - Filling up the DagBag from /opt/airflow/dags/transform_and_analysis.py
[2024-04-26T13:10:18.098+0000] {processor.py:836} INFO - DAG(s) dict_keys(['2_daily_transformation_analysis']) retrieved from /opt/airflow/dags/transform_and_analysis.py
[2024-04-26T13:10:18.125+0000] {logging_mixin.py:149} INFO - [2024-04-26T13:10:18.125+0000] {dag.py:2726} INFO - Sync 1 DAGs
[2024-04-26T13:10:18.144+0000] {logging_mixin.py:149} INFO - [2024-04-26T13:10:18.144+0000] {dag.py:3490} INFO - Setting next_dagrun for 2_daily_transformation_analysis to None, run_after=None
[2024-04-26T13:10:18.158+0000] {processor.py:179} INFO - Processing /opt/airflow/dags/transform_and_analysis.py took 0.079 seconds
[2024-04-26T13:10:48.437+0000] {processor.py:157} INFO - Started process (PID=654) to work on /opt/airflow/dags/transform_and_analysis.py
[2024-04-26T13:10:48.439+0000] {processor.py:826} INFO - Processing file /opt/airflow/dags/transform_and_analysis.py for tasks to queue
[2024-04-26T13:10:48.440+0000] {logging_mixin.py:149} INFO - [2024-04-26T13:10:48.440+0000] {dagbag.py:541} INFO - Filling up the DagBag from /opt/airflow/dags/transform_and_analysis.py
[2024-04-26T13:10:48.452+0000] {processor.py:836} INFO - DAG(s) dict_keys(['2_daily_transformation_analysis']) retrieved from /opt/airflow/dags/transform_and_analysis.py
[2024-04-26T13:10:48.478+0000] {logging_mixin.py:149} INFO - [2024-04-26T13:10:48.478+0000] {dag.py:2726} INFO - Sync 1 DAGs
[2024-04-26T13:10:48.498+0000] {logging_mixin.py:149} INFO - [2024-04-26T13:10:48.498+0000] {dag.py:3490} INFO - Setting next_dagrun for 2_daily_transformation_analysis to None, run_after=None
[2024-04-26T13:10:48.511+0000] {processor.py:179} INFO - Processing /opt/airflow/dags/transform_and_analysis.py took 0.078 seconds
[2024-04-26T13:11:18.818+0000] {processor.py:157} INFO - Started process (PID=682) to work on /opt/airflow/dags/transform_and_analysis.py
[2024-04-26T13:11:18.819+0000] {processor.py:826} INFO - Processing file /opt/airflow/dags/transform_and_analysis.py for tasks to queue
[2024-04-26T13:11:18.824+0000] {logging_mixin.py:149} INFO - [2024-04-26T13:11:18.824+0000] {dagbag.py:541} INFO - Filling up the DagBag from /opt/airflow/dags/transform_and_analysis.py
[2024-04-26T13:11:18.835+0000] {processor.py:836} INFO - DAG(s) dict_keys(['2_daily_transformation_analysis']) retrieved from /opt/airflow/dags/transform_and_analysis.py
[2024-04-26T13:11:18.861+0000] {logging_mixin.py:149} INFO - [2024-04-26T13:11:18.861+0000] {dag.py:2726} INFO - Sync 1 DAGs
[2024-04-26T13:11:18.881+0000] {logging_mixin.py:149} INFO - [2024-04-26T13:11:18.881+0000] {dag.py:3490} INFO - Setting next_dagrun for 2_daily_transformation_analysis to None, run_after=None
[2024-04-26T13:11:18.895+0000] {processor.py:179} INFO - Processing /opt/airflow/dags/transform_and_analysis.py took 0.081 seconds
[2024-04-26T13:11:49.208+0000] {processor.py:157} INFO - Started process (PID=705) to work on /opt/airflow/dags/transform_and_analysis.py
[2024-04-26T13:11:49.210+0000] {processor.py:826} INFO - Processing file /opt/airflow/dags/transform_and_analysis.py for tasks to queue
[2024-04-26T13:11:49.211+0000] {logging_mixin.py:149} INFO - [2024-04-26T13:11:49.211+0000] {dagbag.py:541} INFO - Filling up the DagBag from /opt/airflow/dags/transform_and_analysis.py
[2024-04-26T13:11:49.223+0000] {processor.py:836} INFO - DAG(s) dict_keys(['2_daily_transformation_analysis']) retrieved from /opt/airflow/dags/transform_and_analysis.py
[2024-04-26T13:11:49.251+0000] {logging_mixin.py:149} INFO - [2024-04-26T13:11:49.250+0000] {dag.py:2726} INFO - Sync 1 DAGs
[2024-04-26T13:11:49.269+0000] {logging_mixin.py:149} INFO - [2024-04-26T13:11:49.269+0000] {dag.py:3490} INFO - Setting next_dagrun for 2_daily_transformation_analysis to None, run_after=None
[2024-04-26T13:11:49.282+0000] {processor.py:179} INFO - Processing /opt/airflow/dags/transform_and_analysis.py took 0.077 seconds
[2024-04-26T13:12:19.600+0000] {processor.py:157} INFO - Started process (PID=735) to work on /opt/airflow/dags/transform_and_analysis.py
[2024-04-26T13:12:19.601+0000] {processor.py:826} INFO - Processing file /opt/airflow/dags/transform_and_analysis.py for tasks to queue
[2024-04-26T13:12:19.602+0000] {logging_mixin.py:149} INFO - [2024-04-26T13:12:19.602+0000] {dagbag.py:541} INFO - Filling up the DagBag from /opt/airflow/dags/transform_and_analysis.py
[2024-04-26T13:12:19.615+0000] {processor.py:836} INFO - DAG(s) dict_keys(['2_daily_transformation_analysis']) retrieved from /opt/airflow/dags/transform_and_analysis.py
[2024-04-26T13:12:19.642+0000] {logging_mixin.py:149} INFO - [2024-04-26T13:12:19.642+0000] {dag.py:2726} INFO - Sync 1 DAGs
[2024-04-26T13:12:19.660+0000] {logging_mixin.py:149} INFO - [2024-04-26T13:12:19.660+0000] {dag.py:3490} INFO - Setting next_dagrun for 2_daily_transformation_analysis to None, run_after=None
[2024-04-26T13:12:19.673+0000] {processor.py:179} INFO - Processing /opt/airflow/dags/transform_and_analysis.py took 0.076 seconds
[2024-04-26T13:12:49.954+0000] {processor.py:157} INFO - Started process (PID=756) to work on /opt/airflow/dags/transform_and_analysis.py
[2024-04-26T13:12:49.956+0000] {processor.py:826} INFO - Processing file /opt/airflow/dags/transform_and_analysis.py for tasks to queue
[2024-04-26T13:12:49.957+0000] {logging_mixin.py:149} INFO - [2024-04-26T13:12:49.957+0000] {dagbag.py:541} INFO - Filling up the DagBag from /opt/airflow/dags/transform_and_analysis.py
[2024-04-26T13:12:49.969+0000] {processor.py:836} INFO - DAG(s) dict_keys(['2_daily_transformation_analysis']) retrieved from /opt/airflow/dags/transform_and_analysis.py
[2024-04-26T13:12:49.994+0000] {logging_mixin.py:149} INFO - [2024-04-26T13:12:49.994+0000] {dag.py:2726} INFO - Sync 1 DAGs
[2024-04-26T13:12:50.013+0000] {logging_mixin.py:149} INFO - [2024-04-26T13:12:50.013+0000] {dag.py:3490} INFO - Setting next_dagrun for 2_daily_transformation_analysis to None, run_after=None
[2024-04-26T13:12:50.027+0000] {processor.py:179} INFO - Processing /opt/airflow/dags/transform_and_analysis.py took 0.076 seconds
[2024-04-26T13:13:20.317+0000] {processor.py:157} INFO - Started process (PID=784) to work on /opt/airflow/dags/transform_and_analysis.py
[2024-04-26T13:13:20.319+0000] {processor.py:826} INFO - Processing file /opt/airflow/dags/transform_and_analysis.py for tasks to queue
[2024-04-26T13:13:20.319+0000] {logging_mixin.py:149} INFO - [2024-04-26T13:13:20.319+0000] {dagbag.py:541} INFO - Filling up the DagBag from /opt/airflow/dags/transform_and_analysis.py
[2024-04-26T13:13:20.330+0000] {processor.py:836} INFO - DAG(s) dict_keys(['2_daily_transformation_analysis']) retrieved from /opt/airflow/dags/transform_and_analysis.py
[2024-04-26T13:13:20.356+0000] {logging_mixin.py:149} INFO - [2024-04-26T13:13:20.356+0000] {dag.py:2726} INFO - Sync 1 DAGs
[2024-04-26T13:13:20.374+0000] {logging_mixin.py:149} INFO - [2024-04-26T13:13:20.374+0000] {dag.py:3490} INFO - Setting next_dagrun for 2_daily_transformation_analysis to None, run_after=None
[2024-04-26T13:13:20.386+0000] {processor.py:179} INFO - Processing /opt/airflow/dags/transform_and_analysis.py took 0.073 seconds
[2024-04-26T13:13:50.667+0000] {processor.py:157} INFO - Started process (PID=814) to work on /opt/airflow/dags/transform_and_analysis.py
[2024-04-26T13:13:50.668+0000] {processor.py:826} INFO - Processing file /opt/airflow/dags/transform_and_analysis.py for tasks to queue
[2024-04-26T13:13:50.670+0000] {logging_mixin.py:149} INFO - [2024-04-26T13:13:50.669+0000] {dagbag.py:541} INFO - Filling up the DagBag from /opt/airflow/dags/transform_and_analysis.py
[2024-04-26T13:13:50.682+0000] {processor.py:836} INFO - DAG(s) dict_keys(['2_daily_transformation_analysis']) retrieved from /opt/airflow/dags/transform_and_analysis.py
[2024-04-26T13:13:50.708+0000] {logging_mixin.py:149} INFO - [2024-04-26T13:13:50.708+0000] {dag.py:2726} INFO - Sync 1 DAGs
[2024-04-26T13:13:50.728+0000] {logging_mixin.py:149} INFO - [2024-04-26T13:13:50.728+0000] {dag.py:3490} INFO - Setting next_dagrun for 2_daily_transformation_analysis to None, run_after=None
[2024-04-26T13:13:50.741+0000] {processor.py:179} INFO - Processing /opt/airflow/dags/transform_and_analysis.py took 0.077 seconds
[2024-04-26T13:14:20.996+0000] {processor.py:157} INFO - Started process (PID=835) to work on /opt/airflow/dags/transform_and_analysis.py
[2024-04-26T13:14:20.998+0000] {processor.py:826} INFO - Processing file /opt/airflow/dags/transform_and_analysis.py for tasks to queue
[2024-04-26T13:14:20.999+0000] {logging_mixin.py:149} INFO - [2024-04-26T13:14:20.999+0000] {dagbag.py:541} INFO - Filling up the DagBag from /opt/airflow/dags/transform_and_analysis.py
[2024-04-26T13:14:21.012+0000] {processor.py:836} INFO - DAG(s) dict_keys(['2_daily_transformation_analysis']) retrieved from /opt/airflow/dags/transform_and_analysis.py
[2024-04-26T13:14:21.040+0000] {logging_mixin.py:149} INFO - [2024-04-26T13:14:21.040+0000] {dag.py:2726} INFO - Sync 1 DAGs
[2024-04-26T13:14:21.060+0000] {logging_mixin.py:149} INFO - [2024-04-26T13:14:21.060+0000] {dag.py:3490} INFO - Setting next_dagrun for 2_daily_transformation_analysis to None, run_after=None
[2024-04-26T13:14:21.076+0000] {processor.py:179} INFO - Processing /opt/airflow/dags/transform_and_analysis.py took 0.084 seconds
[2024-04-26T13:14:51.342+0000] {processor.py:157} INFO - Started process (PID=865) to work on /opt/airflow/dags/transform_and_analysis.py
[2024-04-26T13:14:51.344+0000] {processor.py:826} INFO - Processing file /opt/airflow/dags/transform_and_analysis.py for tasks to queue
[2024-04-26T13:14:51.345+0000] {logging_mixin.py:149} INFO - [2024-04-26T13:14:51.345+0000] {dagbag.py:541} INFO - Filling up the DagBag from /opt/airflow/dags/transform_and_analysis.py
[2024-04-26T13:14:51.357+0000] {processor.py:836} INFO - DAG(s) dict_keys(['2_daily_transformation_analysis']) retrieved from /opt/airflow/dags/transform_and_analysis.py
[2024-04-26T13:14:51.386+0000] {logging_mixin.py:149} INFO - [2024-04-26T13:14:51.386+0000] {dag.py:2726} INFO - Sync 1 DAGs
[2024-04-26T13:14:51.404+0000] {logging_mixin.py:149} INFO - [2024-04-26T13:14:51.404+0000] {dag.py:3490} INFO - Setting next_dagrun for 2_daily_transformation_analysis to None, run_after=None
[2024-04-26T13:14:51.418+0000] {processor.py:179} INFO - Processing /opt/airflow/dags/transform_and_analysis.py took 0.080 seconds
[2024-04-26T13:15:21.696+0000] {processor.py:157} INFO - Started process (PID=886) to work on /opt/airflow/dags/transform_and_analysis.py
[2024-04-26T13:15:21.697+0000] {processor.py:826} INFO - Processing file /opt/airflow/dags/transform_and_analysis.py for tasks to queue
[2024-04-26T13:15:21.701+0000] {logging_mixin.py:149} INFO - [2024-04-26T13:15:21.701+0000] {dagbag.py:541} INFO - Filling up the DagBag from /opt/airflow/dags/transform_and_analysis.py
[2024-04-26T13:15:21.717+0000] {processor.py:836} INFO - DAG(s) dict_keys(['2_daily_transformation_analysis']) retrieved from /opt/airflow/dags/transform_and_analysis.py
[2024-04-26T13:15:21.762+0000] {logging_mixin.py:149} INFO - [2024-04-26T13:15:21.762+0000] {dag.py:2726} INFO - Sync 1 DAGs
[2024-04-26T13:15:21.791+0000] {logging_mixin.py:149} INFO - [2024-04-26T13:15:21.790+0000] {dag.py:3490} INFO - Setting next_dagrun for 2_daily_transformation_analysis to None, run_after=None
[2024-04-26T13:15:21.817+0000] {processor.py:179} INFO - Processing /opt/airflow/dags/transform_and_analysis.py took 0.125 seconds
[2024-04-26T13:15:52.117+0000] {processor.py:157} INFO - Started process (PID=915) to work on /opt/airflow/dags/transform_and_analysis.py
[2024-04-26T13:15:52.119+0000] {processor.py:826} INFO - Processing file /opt/airflow/dags/transform_and_analysis.py for tasks to queue
[2024-04-26T13:15:52.121+0000] {logging_mixin.py:149} INFO - [2024-04-26T13:15:52.121+0000] {dagbag.py:541} INFO - Filling up the DagBag from /opt/airflow/dags/transform_and_analysis.py
[2024-04-26T13:15:52.135+0000] {processor.py:836} INFO - DAG(s) dict_keys(['2_daily_transformation_analysis']) retrieved from /opt/airflow/dags/transform_and_analysis.py
[2024-04-26T13:15:52.164+0000] {logging_mixin.py:149} INFO - [2024-04-26T13:15:52.164+0000] {dag.py:2726} INFO - Sync 1 DAGs
[2024-04-26T13:15:52.182+0000] {logging_mixin.py:149} INFO - [2024-04-26T13:15:52.182+0000] {dag.py:3490} INFO - Setting next_dagrun for 2_daily_transformation_analysis to None, run_after=None
[2024-04-26T13:15:52.195+0000] {processor.py:179} INFO - Processing /opt/airflow/dags/transform_and_analysis.py took 0.082 seconds
[2024-04-26T13:16:22.452+0000] {processor.py:157} INFO - Started process (PID=945) to work on /opt/airflow/dags/transform_and_analysis.py
[2024-04-26T13:16:22.454+0000] {processor.py:826} INFO - Processing file /opt/airflow/dags/transform_and_analysis.py for tasks to queue
[2024-04-26T13:16:22.455+0000] {logging_mixin.py:149} INFO - [2024-04-26T13:16:22.455+0000] {dagbag.py:541} INFO - Filling up the DagBag from /opt/airflow/dags/transform_and_analysis.py
[2024-04-26T13:16:22.469+0000] {processor.py:836} INFO - DAG(s) dict_keys(['2_daily_transformation_analysis']) retrieved from /opt/airflow/dags/transform_and_analysis.py
[2024-04-26T13:16:22.495+0000] {logging_mixin.py:149} INFO - [2024-04-26T13:16:22.495+0000] {dag.py:2726} INFO - Sync 1 DAGs
[2024-04-26T13:16:22.514+0000] {logging_mixin.py:149} INFO - [2024-04-26T13:16:22.514+0000] {dag.py:3490} INFO - Setting next_dagrun for 2_daily_transformation_analysis to None, run_after=None
[2024-04-26T13:16:22.527+0000] {processor.py:179} INFO - Processing /opt/airflow/dags/transform_and_analysis.py took 0.078 seconds
[2024-04-26T13:16:52.816+0000] {processor.py:157} INFO - Started process (PID=966) to work on /opt/airflow/dags/transform_and_analysis.py
[2024-04-26T13:16:52.818+0000] {processor.py:826} INFO - Processing file /opt/airflow/dags/transform_and_analysis.py for tasks to queue
[2024-04-26T13:16:52.819+0000] {logging_mixin.py:149} INFO - [2024-04-26T13:16:52.819+0000] {dagbag.py:541} INFO - Filling up the DagBag from /opt/airflow/dags/transform_and_analysis.py
[2024-04-26T13:16:52.830+0000] {processor.py:836} INFO - DAG(s) dict_keys(['2_daily_transformation_analysis']) retrieved from /opt/airflow/dags/transform_and_analysis.py
[2024-04-26T13:16:52.857+0000] {logging_mixin.py:149} INFO - [2024-04-26T13:16:52.857+0000] {dag.py:2726} INFO - Sync 1 DAGs
[2024-04-26T13:16:52.877+0000] {logging_mixin.py:149} INFO - [2024-04-26T13:16:52.877+0000] {dag.py:3490} INFO - Setting next_dagrun for 2_daily_transformation_analysis to None, run_after=None
[2024-04-26T13:16:52.890+0000] {processor.py:179} INFO - Processing /opt/airflow/dags/transform_and_analysis.py took 0.078 seconds
[2024-04-26T13:17:23.121+0000] {processor.py:157} INFO - Started process (PID=996) to work on /opt/airflow/dags/transform_and_analysis.py
[2024-04-26T13:17:23.124+0000] {processor.py:826} INFO - Processing file /opt/airflow/dags/transform_and_analysis.py for tasks to queue
[2024-04-26T13:17:23.125+0000] {logging_mixin.py:149} INFO - [2024-04-26T13:17:23.125+0000] {dagbag.py:541} INFO - Filling up the DagBag from /opt/airflow/dags/transform_and_analysis.py
[2024-04-26T13:17:23.138+0000] {processor.py:836} INFO - DAG(s) dict_keys(['2_daily_transformation_analysis']) retrieved from /opt/airflow/dags/transform_and_analysis.py
[2024-04-26T13:17:23.165+0000] {logging_mixin.py:149} INFO - [2024-04-26T13:17:23.165+0000] {dag.py:2726} INFO - Sync 1 DAGs
[2024-04-26T13:17:23.186+0000] {logging_mixin.py:149} INFO - [2024-04-26T13:17:23.186+0000] {dag.py:3490} INFO - Setting next_dagrun for 2_daily_transformation_analysis to None, run_after=None
[2024-04-26T13:17:23.200+0000] {processor.py:179} INFO - Processing /opt/airflow/dags/transform_and_analysis.py took 0.083 seconds
[2024-04-26T13:17:53.386+0000] {processor.py:157} INFO - Started process (PID=1042) to work on /opt/airflow/dags/transform_and_analysis.py
[2024-04-26T13:17:53.388+0000] {processor.py:826} INFO - Processing file /opt/airflow/dags/transform_and_analysis.py for tasks to queue
[2024-04-26T13:17:53.391+0000] {logging_mixin.py:149} INFO - [2024-04-26T13:17:53.391+0000] {dagbag.py:541} INFO - Filling up the DagBag from /opt/airflow/dags/transform_and_analysis.py
[2024-04-26T13:17:53.408+0000] {processor.py:836} INFO - DAG(s) dict_keys(['2_daily_transformation_analysis']) retrieved from /opt/airflow/dags/transform_and_analysis.py
[2024-04-26T13:17:53.438+0000] {logging_mixin.py:149} INFO - [2024-04-26T13:17:53.438+0000] {dag.py:2726} INFO - Sync 1 DAGs
[2024-04-26T13:17:53.458+0000] {logging_mixin.py:149} INFO - [2024-04-26T13:17:53.458+0000] {dag.py:3490} INFO - Setting next_dagrun for 2_daily_transformation_analysis to None, run_after=None
[2024-04-26T13:17:53.476+0000] {processor.py:179} INFO - Processing /opt/airflow/dags/transform_and_analysis.py took 0.094 seconds
[2024-04-26T13:18:23.731+0000] {processor.py:157} INFO - Started process (PID=1063) to work on /opt/airflow/dags/transform_and_analysis.py
[2024-04-26T13:18:23.733+0000] {processor.py:826} INFO - Processing file /opt/airflow/dags/transform_and_analysis.py for tasks to queue
[2024-04-26T13:18:23.734+0000] {logging_mixin.py:149} INFO - [2024-04-26T13:18:23.734+0000] {dagbag.py:541} INFO - Filling up the DagBag from /opt/airflow/dags/transform_and_analysis.py
[2024-04-26T13:18:23.747+0000] {processor.py:836} INFO - DAG(s) dict_keys(['2_daily_transformation_analysis']) retrieved from /opt/airflow/dags/transform_and_analysis.py
[2024-04-26T13:18:23.774+0000] {logging_mixin.py:149} INFO - [2024-04-26T13:18:23.774+0000] {dag.py:2726} INFO - Sync 1 DAGs
[2024-04-26T13:18:23.793+0000] {logging_mixin.py:149} INFO - [2024-04-26T13:18:23.793+0000] {dag.py:3490} INFO - Setting next_dagrun for 2_daily_transformation_analysis to None, run_after=None
[2024-04-26T13:18:23.806+0000] {processor.py:179} INFO - Processing /opt/airflow/dags/transform_and_analysis.py took 0.078 seconds
[2024-04-26T13:18:54.048+0000] {processor.py:157} INFO - Started process (PID=1111) to work on /opt/airflow/dags/transform_and_analysis.py
[2024-04-26T13:18:54.049+0000] {processor.py:826} INFO - Processing file /opt/airflow/dags/transform_and_analysis.py for tasks to queue
[2024-04-26T13:18:54.050+0000] {logging_mixin.py:149} INFO - [2024-04-26T13:18:54.050+0000] {dagbag.py:541} INFO - Filling up the DagBag from /opt/airflow/dags/transform_and_analysis.py
[2024-04-26T13:18:54.063+0000] {processor.py:836} INFO - DAG(s) dict_keys(['2_daily_transformation_analysis']) retrieved from /opt/airflow/dags/transform_and_analysis.py
[2024-04-26T13:18:54.089+0000] {logging_mixin.py:149} INFO - [2024-04-26T13:18:54.089+0000] {dag.py:2726} INFO - Sync 1 DAGs
[2024-04-26T13:18:54.107+0000] {logging_mixin.py:149} INFO - [2024-04-26T13:18:54.107+0000] {dag.py:3490} INFO - Setting next_dagrun for 2_daily_transformation_analysis to None, run_after=None
[2024-04-26T13:18:54.121+0000] {processor.py:179} INFO - Processing /opt/airflow/dags/transform_and_analysis.py took 0.076 seconds
[2024-04-26T13:19:24.390+0000] {processor.py:157} INFO - Started process (PID=1133) to work on /opt/airflow/dags/transform_and_analysis.py
[2024-04-26T13:19:24.392+0000] {processor.py:826} INFO - Processing file /opt/airflow/dags/transform_and_analysis.py for tasks to queue
[2024-04-26T13:19:24.393+0000] {logging_mixin.py:149} INFO - [2024-04-26T13:19:24.393+0000] {dagbag.py:541} INFO - Filling up the DagBag from /opt/airflow/dags/transform_and_analysis.py
[2024-04-26T13:19:24.404+0000] {processor.py:836} INFO - DAG(s) dict_keys(['2_daily_transformation_analysis']) retrieved from /opt/airflow/dags/transform_and_analysis.py
[2024-04-26T13:19:24.431+0000] {logging_mixin.py:149} INFO - [2024-04-26T13:19:24.430+0000] {dag.py:2726} INFO - Sync 1 DAGs
[2024-04-26T13:19:24.450+0000] {logging_mixin.py:149} INFO - [2024-04-26T13:19:24.450+0000] {dag.py:3490} INFO - Setting next_dagrun for 2_daily_transformation_analysis to None, run_after=None
[2024-04-26T13:19:24.462+0000] {processor.py:179} INFO - Processing /opt/airflow/dags/transform_and_analysis.py took 0.075 seconds
[2024-04-26T13:19:54.717+0000] {processor.py:157} INFO - Started process (PID=1163) to work on /opt/airflow/dags/transform_and_analysis.py
[2024-04-26T13:19:54.719+0000] {processor.py:826} INFO - Processing file /opt/airflow/dags/transform_and_analysis.py for tasks to queue
[2024-04-26T13:19:54.720+0000] {logging_mixin.py:149} INFO - [2024-04-26T13:19:54.720+0000] {dagbag.py:541} INFO - Filling up the DagBag from /opt/airflow/dags/transform_and_analysis.py
[2024-04-26T13:19:54.732+0000] {processor.py:836} INFO - DAG(s) dict_keys(['2_daily_transformation_analysis']) retrieved from /opt/airflow/dags/transform_and_analysis.py
[2024-04-26T13:19:54.760+0000] {logging_mixin.py:149} INFO - [2024-04-26T13:19:54.760+0000] {dag.py:2726} INFO - Sync 1 DAGs
[2024-04-26T13:19:54.779+0000] {logging_mixin.py:149} INFO - [2024-04-26T13:19:54.779+0000] {dag.py:3490} INFO - Setting next_dagrun for 2_daily_transformation_analysis to None, run_after=None
[2024-04-26T13:19:54.794+0000] {processor.py:179} INFO - Processing /opt/airflow/dags/transform_and_analysis.py took 0.080 seconds
[2024-04-26T13:20:25.084+0000] {processor.py:157} INFO - Started process (PID=1193) to work on /opt/airflow/dags/transform_and_analysis.py
[2024-04-26T13:20:25.085+0000] {processor.py:826} INFO - Processing file /opt/airflow/dags/transform_and_analysis.py for tasks to queue
[2024-04-26T13:20:25.087+0000] {logging_mixin.py:149} INFO - [2024-04-26T13:20:25.087+0000] {dagbag.py:541} INFO - Filling up the DagBag from /opt/airflow/dags/transform_and_analysis.py
[2024-04-26T13:20:25.098+0000] {processor.py:836} INFO - DAG(s) dict_keys(['2_daily_transformation_analysis']) retrieved from /opt/airflow/dags/transform_and_analysis.py
[2024-04-26T13:20:25.125+0000] {logging_mixin.py:149} INFO - [2024-04-26T13:20:25.125+0000] {dag.py:2726} INFO - Sync 1 DAGs
[2024-04-26T13:20:25.144+0000] {logging_mixin.py:149} INFO - [2024-04-26T13:20:25.144+0000] {dag.py:3490} INFO - Setting next_dagrun for 2_daily_transformation_analysis to None, run_after=None
[2024-04-26T13:20:25.156+0000] {processor.py:179} INFO - Processing /opt/airflow/dags/transform_and_analysis.py took 0.075 seconds
[2024-04-26T13:20:55.394+0000] {processor.py:157} INFO - Started process (PID=1214) to work on /opt/airflow/dags/transform_and_analysis.py
[2024-04-26T13:20:55.396+0000] {processor.py:826} INFO - Processing file /opt/airflow/dags/transform_and_analysis.py for tasks to queue
[2024-04-26T13:20:55.397+0000] {logging_mixin.py:149} INFO - [2024-04-26T13:20:55.396+0000] {dagbag.py:541} INFO - Filling up the DagBag from /opt/airflow/dags/transform_and_analysis.py
[2024-04-26T13:20:55.409+0000] {processor.py:836} INFO - DAG(s) dict_keys(['2_daily_transformation_analysis']) retrieved from /opt/airflow/dags/transform_and_analysis.py
[2024-04-26T13:20:55.436+0000] {logging_mixin.py:149} INFO - [2024-04-26T13:20:55.436+0000] {dag.py:2726} INFO - Sync 1 DAGs
[2024-04-26T13:20:55.454+0000] {logging_mixin.py:149} INFO - [2024-04-26T13:20:55.454+0000] {dag.py:3490} INFO - Setting next_dagrun for 2_daily_transformation_analysis to None, run_after=None
[2024-04-26T13:20:55.467+0000] {processor.py:179} INFO - Processing /opt/airflow/dags/transform_and_analysis.py took 0.076 seconds
[2024-04-26T13:21:25.755+0000] {processor.py:157} INFO - Started process (PID=1244) to work on /opt/airflow/dags/transform_and_analysis.py
[2024-04-26T13:21:25.756+0000] {processor.py:826} INFO - Processing file /opt/airflow/dags/transform_and_analysis.py for tasks to queue
[2024-04-26T13:21:25.757+0000] {logging_mixin.py:149} INFO - [2024-04-26T13:21:25.757+0000] {dagbag.py:541} INFO - Filling up the DagBag from /opt/airflow/dags/transform_and_analysis.py
[2024-04-26T13:21:25.769+0000] {processor.py:836} INFO - DAG(s) dict_keys(['2_daily_transformation_analysis']) retrieved from /opt/airflow/dags/transform_and_analysis.py
[2024-04-26T13:21:25.797+0000] {logging_mixin.py:149} INFO - [2024-04-26T13:21:25.797+0000] {dag.py:2726} INFO - Sync 1 DAGs
[2024-04-26T13:21:25.816+0000] {logging_mixin.py:149} INFO - [2024-04-26T13:21:25.816+0000] {dag.py:3490} INFO - Setting next_dagrun for 2_daily_transformation_analysis to None, run_after=None
[2024-04-26T13:21:25.830+0000] {processor.py:179} INFO - Processing /opt/airflow/dags/transform_and_analysis.py took 0.078 seconds
[2024-04-26T13:21:56.061+0000] {processor.py:157} INFO - Started process (PID=1274) to work on /opt/airflow/dags/transform_and_analysis.py
[2024-04-26T13:21:56.062+0000] {processor.py:826} INFO - Processing file /opt/airflow/dags/transform_and_analysis.py for tasks to queue
[2024-04-26T13:21:56.063+0000] {logging_mixin.py:149} INFO - [2024-04-26T13:21:56.063+0000] {dagbag.py:541} INFO - Filling up the DagBag from /opt/airflow/dags/transform_and_analysis.py
[2024-04-26T13:21:56.074+0000] {processor.py:836} INFO - DAG(s) dict_keys(['2_daily_transformation_analysis']) retrieved from /opt/airflow/dags/transform_and_analysis.py
[2024-04-26T13:21:56.100+0000] {logging_mixin.py:149} INFO - [2024-04-26T13:21:56.100+0000] {dag.py:2726} INFO - Sync 1 DAGs
[2024-04-26T13:21:56.118+0000] {logging_mixin.py:149} INFO - [2024-04-26T13:21:56.118+0000] {dag.py:3490} INFO - Setting next_dagrun for 2_daily_transformation_analysis to None, run_after=None
[2024-04-26T13:21:56.132+0000] {processor.py:179} INFO - Processing /opt/airflow/dags/transform_and_analysis.py took 0.075 seconds
[2024-04-26T13:22:26.380+0000] {processor.py:157} INFO - Started process (PID=1295) to work on /opt/airflow/dags/transform_and_analysis.py
[2024-04-26T13:22:26.382+0000] {processor.py:826} INFO - Processing file /opt/airflow/dags/transform_and_analysis.py for tasks to queue
[2024-04-26T13:22:26.382+0000] {logging_mixin.py:149} INFO - [2024-04-26T13:22:26.382+0000] {dagbag.py:541} INFO - Filling up the DagBag from /opt/airflow/dags/transform_and_analysis.py
[2024-04-26T13:22:26.394+0000] {processor.py:836} INFO - DAG(s) dict_keys(['2_daily_transformation_analysis']) retrieved from /opt/airflow/dags/transform_and_analysis.py
[2024-04-26T13:22:26.420+0000] {logging_mixin.py:149} INFO - [2024-04-26T13:22:26.420+0000] {dag.py:2726} INFO - Sync 1 DAGs
[2024-04-26T13:22:26.441+0000] {logging_mixin.py:149} INFO - [2024-04-26T13:22:26.441+0000] {dag.py:3490} INFO - Setting next_dagrun for 2_daily_transformation_analysis to None, run_after=None
[2024-04-26T13:22:26.454+0000] {processor.py:179} INFO - Processing /opt/airflow/dags/transform_and_analysis.py took 0.078 seconds
[2024-04-26T13:22:56.712+0000] {processor.py:157} INFO - Started process (PID=1324) to work on /opt/airflow/dags/transform_and_analysis.py
[2024-04-26T13:22:56.714+0000] {processor.py:826} INFO - Processing file /opt/airflow/dags/transform_and_analysis.py for tasks to queue
[2024-04-26T13:22:56.715+0000] {logging_mixin.py:149} INFO - [2024-04-26T13:22:56.715+0000] {dagbag.py:541} INFO - Filling up the DagBag from /opt/airflow/dags/transform_and_analysis.py
[2024-04-26T13:22:56.728+0000] {processor.py:836} INFO - DAG(s) dict_keys(['2_daily_transformation_analysis']) retrieved from /opt/airflow/dags/transform_and_analysis.py
[2024-04-26T13:22:56.754+0000] {logging_mixin.py:149} INFO - [2024-04-26T13:22:56.754+0000] {dag.py:2726} INFO - Sync 1 DAGs
[2024-04-26T13:22:56.773+0000] {logging_mixin.py:149} INFO - [2024-04-26T13:22:56.773+0000] {dag.py:3490} INFO - Setting next_dagrun for 2_daily_transformation_analysis to None, run_after=None
[2024-04-26T13:22:56.787+0000] {processor.py:179} INFO - Processing /opt/airflow/dags/transform_and_analysis.py took 0.078 seconds
[2024-04-26T13:23:27.064+0000] {processor.py:157} INFO - Started process (PID=1345) to work on /opt/airflow/dags/transform_and_analysis.py
[2024-04-26T13:23:27.065+0000] {processor.py:826} INFO - Processing file /opt/airflow/dags/transform_and_analysis.py for tasks to queue
[2024-04-26T13:23:27.067+0000] {logging_mixin.py:149} INFO - [2024-04-26T13:23:27.066+0000] {dagbag.py:541} INFO - Filling up the DagBag from /opt/airflow/dags/transform_and_analysis.py
[2024-04-26T13:23:27.079+0000] {processor.py:836} INFO - DAG(s) dict_keys(['2_daily_transformation_analysis']) retrieved from /opt/airflow/dags/transform_and_analysis.py
[2024-04-26T13:23:27.106+0000] {logging_mixin.py:149} INFO - [2024-04-26T13:23:27.106+0000] {dag.py:2726} INFO - Sync 1 DAGs
[2024-04-26T13:23:27.124+0000] {logging_mixin.py:149} INFO - [2024-04-26T13:23:27.124+0000] {dag.py:3490} INFO - Setting next_dagrun for 2_daily_transformation_analysis to None, run_after=None
[2024-04-26T13:23:27.137+0000] {processor.py:179} INFO - Processing /opt/airflow/dags/transform_and_analysis.py took 0.077 seconds
[2024-04-26T13:23:57.391+0000] {processor.py:157} INFO - Started process (PID=1375) to work on /opt/airflow/dags/transform_and_analysis.py
[2024-04-26T13:23:57.392+0000] {processor.py:826} INFO - Processing file /opt/airflow/dags/transform_and_analysis.py for tasks to queue
[2024-04-26T13:23:57.393+0000] {logging_mixin.py:149} INFO - [2024-04-26T13:23:57.393+0000] {dagbag.py:541} INFO - Filling up the DagBag from /opt/airflow/dags/transform_and_analysis.py
[2024-04-26T13:23:57.406+0000] {processor.py:836} INFO - DAG(s) dict_keys(['2_daily_transformation_analysis']) retrieved from /opt/airflow/dags/transform_and_analysis.py
[2024-04-26T13:23:57.432+0000] {logging_mixin.py:149} INFO - [2024-04-26T13:23:57.432+0000] {dag.py:2726} INFO - Sync 1 DAGs
[2024-04-26T13:23:57.450+0000] {logging_mixin.py:149} INFO - [2024-04-26T13:23:57.450+0000] {dag.py:3490} INFO - Setting next_dagrun for 2_daily_transformation_analysis to None, run_after=None
[2024-04-26T13:23:57.463+0000] {processor.py:179} INFO - Processing /opt/airflow/dags/transform_and_analysis.py took 0.076 seconds
[2024-04-26T13:24:27.729+0000] {processor.py:157} INFO - Started process (PID=1405) to work on /opt/airflow/dags/transform_and_analysis.py
[2024-04-26T13:24:27.731+0000] {processor.py:826} INFO - Processing file /opt/airflow/dags/transform_and_analysis.py for tasks to queue
[2024-04-26T13:24:27.732+0000] {logging_mixin.py:149} INFO - [2024-04-26T13:24:27.731+0000] {dagbag.py:541} INFO - Filling up the DagBag from /opt/airflow/dags/transform_and_analysis.py
[2024-04-26T13:24:27.744+0000] {processor.py:836} INFO - DAG(s) dict_keys(['2_daily_transformation_analysis']) retrieved from /opt/airflow/dags/transform_and_analysis.py
[2024-04-26T13:24:27.770+0000] {logging_mixin.py:149} INFO - [2024-04-26T13:24:27.770+0000] {dag.py:2726} INFO - Sync 1 DAGs
[2024-04-26T13:24:27.789+0000] {logging_mixin.py:149} INFO - [2024-04-26T13:24:27.788+0000] {dag.py:3490} INFO - Setting next_dagrun for 2_daily_transformation_analysis to None, run_after=None
[2024-04-26T13:24:27.805+0000] {processor.py:179} INFO - Processing /opt/airflow/dags/transform_and_analysis.py took 0.080 seconds
[2024-04-26T13:24:58.067+0000] {processor.py:157} INFO - Started process (PID=1426) to work on /opt/airflow/dags/transform_and_analysis.py
[2024-04-26T13:24:58.068+0000] {processor.py:826} INFO - Processing file /opt/airflow/dags/transform_and_analysis.py for tasks to queue
[2024-04-26T13:24:58.069+0000] {logging_mixin.py:149} INFO - [2024-04-26T13:24:58.069+0000] {dagbag.py:541} INFO - Filling up the DagBag from /opt/airflow/dags/transform_and_analysis.py
[2024-04-26T13:24:58.080+0000] {processor.py:836} INFO - DAG(s) dict_keys(['2_daily_transformation_analysis']) retrieved from /opt/airflow/dags/transform_and_analysis.py
[2024-04-26T13:24:58.107+0000] {logging_mixin.py:149} INFO - [2024-04-26T13:24:58.107+0000] {dag.py:2726} INFO - Sync 1 DAGs
[2024-04-26T13:24:58.125+0000] {logging_mixin.py:149} INFO - [2024-04-26T13:24:58.125+0000] {dag.py:3490} INFO - Setting next_dagrun for 2_daily_transformation_analysis to None, run_after=None
[2024-04-26T13:24:58.139+0000] {processor.py:179} INFO - Processing /opt/airflow/dags/transform_and_analysis.py took 0.076 seconds
[2024-04-26T13:25:39.081+0000] {processor.py:157} INFO - Started process (PID=36) to work on /opt/airflow/dags/transform_and_analysis.py
[2024-04-26T13:25:39.083+0000] {processor.py:826} INFO - Processing file /opt/airflow/dags/transform_and_analysis.py for tasks to queue
[2024-04-26T13:25:39.084+0000] {logging_mixin.py:149} INFO - [2024-04-26T13:25:39.084+0000] {dagbag.py:541} INFO - Filling up the DagBag from /opt/airflow/dags/transform_and_analysis.py
[2024-04-26T13:25:39.099+0000] {processor.py:836} INFO - DAG(s) dict_keys(['2_daily_transformation_analysis']) retrieved from /opt/airflow/dags/transform_and_analysis.py
[2024-04-26T13:25:39.332+0000] {logging_mixin.py:149} INFO - [2024-04-26T13:25:39.332+0000] {dag.py:2726} INFO - Sync 1 DAGs
[2024-04-26T13:25:39.349+0000] {logging_mixin.py:149} INFO - [2024-04-26T13:25:39.349+0000] {dag.py:3490} INFO - Setting next_dagrun for 2_daily_transformation_analysis to None, run_after=None
[2024-04-26T13:25:39.366+0000] {processor.py:179} INFO - Processing /opt/airflow/dags/transform_and_analysis.py took 0.289 seconds
[2024-04-26T13:26:09.655+0000] {processor.py:157} INFO - Started process (PID=66) to work on /opt/airflow/dags/transform_and_analysis.py
[2024-04-26T13:26:09.656+0000] {processor.py:826} INFO - Processing file /opt/airflow/dags/transform_and_analysis.py for tasks to queue
[2024-04-26T13:26:09.658+0000] {logging_mixin.py:149} INFO - [2024-04-26T13:26:09.658+0000] {dagbag.py:541} INFO - Filling up the DagBag from /opt/airflow/dags/transform_and_analysis.py
[2024-04-26T13:26:09.669+0000] {processor.py:836} INFO - DAG(s) dict_keys(['2_daily_transformation_analysis']) retrieved from /opt/airflow/dags/transform_and_analysis.py
[2024-04-26T13:26:09.695+0000] {logging_mixin.py:149} INFO - [2024-04-26T13:26:09.695+0000] {dag.py:2726} INFO - Sync 1 DAGs
[2024-04-26T13:26:09.803+0000] {logging_mixin.py:149} INFO - [2024-04-26T13:26:09.803+0000] {dag.py:3490} INFO - Setting next_dagrun for 2_daily_transformation_analysis to None, run_after=None
[2024-04-26T13:26:09.815+0000] {processor.py:179} INFO - Processing /opt/airflow/dags/transform_and_analysis.py took 0.163 seconds
[2024-04-26T13:26:40.073+0000] {processor.py:157} INFO - Started process (PID=87) to work on /opt/airflow/dags/transform_and_analysis.py
[2024-04-26T13:26:40.075+0000] {processor.py:826} INFO - Processing file /opt/airflow/dags/transform_and_analysis.py for tasks to queue
[2024-04-26T13:26:40.079+0000] {logging_mixin.py:149} INFO - [2024-04-26T13:26:40.078+0000] {dagbag.py:541} INFO - Filling up the DagBag from /opt/airflow/dags/transform_and_analysis.py
[2024-04-26T13:26:40.090+0000] {processor.py:836} INFO - DAG(s) dict_keys(['2_daily_transformation_analysis']) retrieved from /opt/airflow/dags/transform_and_analysis.py
[2024-04-26T13:26:40.118+0000] {logging_mixin.py:149} INFO - [2024-04-26T13:26:40.118+0000] {dag.py:2726} INFO - Sync 1 DAGs
[2024-04-26T13:26:40.229+0000] {logging_mixin.py:149} INFO - [2024-04-26T13:26:40.229+0000] {dag.py:3490} INFO - Setting next_dagrun for 2_daily_transformation_analysis to None, run_after=None
[2024-04-26T13:26:40.246+0000] {processor.py:179} INFO - Processing /opt/airflow/dags/transform_and_analysis.py took 0.176 seconds
[2024-04-26T13:27:10.511+0000] {processor.py:157} INFO - Started process (PID=116) to work on /opt/airflow/dags/transform_and_analysis.py
[2024-04-26T13:27:10.513+0000] {processor.py:826} INFO - Processing file /opt/airflow/dags/transform_and_analysis.py for tasks to queue
[2024-04-26T13:27:10.514+0000] {logging_mixin.py:149} INFO - [2024-04-26T13:27:10.514+0000] {dagbag.py:541} INFO - Filling up the DagBag from /opt/airflow/dags/transform_and_analysis.py
[2024-04-26T13:27:10.525+0000] {processor.py:836} INFO - DAG(s) dict_keys(['2_daily_transformation_analysis']) retrieved from /opt/airflow/dags/transform_and_analysis.py
[2024-04-26T13:27:10.639+0000] {logging_mixin.py:149} INFO - [2024-04-26T13:27:10.639+0000] {dag.py:2726} INFO - Sync 1 DAGs
[2024-04-26T13:27:10.655+0000] {logging_mixin.py:149} INFO - [2024-04-26T13:27:10.655+0000] {dag.py:3490} INFO - Setting next_dagrun for 2_daily_transformation_analysis to None, run_after=None
[2024-04-26T13:27:10.668+0000] {processor.py:179} INFO - Processing /opt/airflow/dags/transform_and_analysis.py took 0.159 seconds
[2024-04-26T13:27:40.931+0000] {processor.py:157} INFO - Started process (PID=146) to work on /opt/airflow/dags/transform_and_analysis.py
[2024-04-26T13:27:40.933+0000] {processor.py:826} INFO - Processing file /opt/airflow/dags/transform_and_analysis.py for tasks to queue
[2024-04-26T13:27:40.934+0000] {logging_mixin.py:149} INFO - [2024-04-26T13:27:40.934+0000] {dagbag.py:541} INFO - Filling up the DagBag from /opt/airflow/dags/transform_and_analysis.py
[2024-04-26T13:27:40.947+0000] {processor.py:836} INFO - DAG(s) dict_keys(['2_daily_transformation_analysis']) retrieved from /opt/airflow/dags/transform_and_analysis.py
[2024-04-26T13:27:41.065+0000] {logging_mixin.py:149} INFO - [2024-04-26T13:27:41.065+0000] {dag.py:2726} INFO - Sync 1 DAGs
[2024-04-26T13:27:41.082+0000] {logging_mixin.py:149} INFO - [2024-04-26T13:27:41.082+0000] {dag.py:3490} INFO - Setting next_dagrun for 2_daily_transformation_analysis to None, run_after=None
[2024-04-26T13:27:41.095+0000] {processor.py:179} INFO - Processing /opt/airflow/dags/transform_and_analysis.py took 0.167 seconds
[2024-04-26T13:28:11.301+0000] {processor.py:157} INFO - Started process (PID=167) to work on /opt/airflow/dags/transform_and_analysis.py
[2024-04-26T13:28:11.303+0000] {processor.py:826} INFO - Processing file /opt/airflow/dags/transform_and_analysis.py for tasks to queue
[2024-04-26T13:28:11.304+0000] {logging_mixin.py:149} INFO - [2024-04-26T13:28:11.303+0000] {dagbag.py:541} INFO - Filling up the DagBag from /opt/airflow/dags/transform_and_analysis.py
[2024-04-26T13:28:11.315+0000] {processor.py:836} INFO - DAG(s) dict_keys(['2_daily_transformation_analysis']) retrieved from /opt/airflow/dags/transform_and_analysis.py
[2024-04-26T13:28:11.342+0000] {logging_mixin.py:149} INFO - [2024-04-26T13:28:11.342+0000] {dag.py:2726} INFO - Sync 1 DAGs
[2024-04-26T13:28:11.360+0000] {logging_mixin.py:149} INFO - [2024-04-26T13:28:11.360+0000] {dag.py:3490} INFO - Setting next_dagrun for 2_daily_transformation_analysis to None, run_after=None
[2024-04-26T13:28:11.374+0000] {processor.py:179} INFO - Processing /opt/airflow/dags/transform_and_analysis.py took 0.076 seconds
[2024-04-26T13:28:41.603+0000] {processor.py:157} INFO - Started process (PID=197) to work on /opt/airflow/dags/transform_and_analysis.py
[2024-04-26T13:28:41.604+0000] {processor.py:826} INFO - Processing file /opt/airflow/dags/transform_and_analysis.py for tasks to queue
[2024-04-26T13:28:41.605+0000] {logging_mixin.py:149} INFO - [2024-04-26T13:28:41.605+0000] {dagbag.py:541} INFO - Filling up the DagBag from /opt/airflow/dags/transform_and_analysis.py
[2024-04-26T13:28:41.619+0000] {processor.py:836} INFO - DAG(s) dict_keys(['2_daily_transformation_analysis']) retrieved from /opt/airflow/dags/transform_and_analysis.py
[2024-04-26T13:28:41.649+0000] {logging_mixin.py:149} INFO - [2024-04-26T13:28:41.648+0000] {dag.py:2726} INFO - Sync 1 DAGs
[2024-04-26T13:28:41.669+0000] {logging_mixin.py:149} INFO - [2024-04-26T13:28:41.669+0000] {dag.py:3490} INFO - Setting next_dagrun for 2_daily_transformation_analysis to None, run_after=None
[2024-04-26T13:28:41.683+0000] {processor.py:179} INFO - Processing /opt/airflow/dags/transform_and_analysis.py took 0.084 seconds
[2024-04-26T13:29:11.918+0000] {processor.py:157} INFO - Started process (PID=227) to work on /opt/airflow/dags/transform_and_analysis.py
[2024-04-26T13:29:11.920+0000] {processor.py:826} INFO - Processing file /opt/airflow/dags/transform_and_analysis.py for tasks to queue
[2024-04-26T13:29:11.921+0000] {logging_mixin.py:149} INFO - [2024-04-26T13:29:11.921+0000] {dagbag.py:541} INFO - Filling up the DagBag from /opt/airflow/dags/transform_and_analysis.py
[2024-04-26T13:29:11.937+0000] {processor.py:836} INFO - DAG(s) dict_keys(['2_daily_transformation_analysis']) retrieved from /opt/airflow/dags/transform_and_analysis.py
[2024-04-26T13:29:11.971+0000] {logging_mixin.py:149} INFO - [2024-04-26T13:29:11.971+0000] {dag.py:2726} INFO - Sync 1 DAGs
[2024-04-26T13:29:11.997+0000] {logging_mixin.py:149} INFO - [2024-04-26T13:29:11.997+0000] {dag.py:3490} INFO - Setting next_dagrun for 2_daily_transformation_analysis to None, run_after=None
[2024-04-26T13:29:12.014+0000] {processor.py:179} INFO - Processing /opt/airflow/dags/transform_and_analysis.py took 0.099 seconds
[2024-04-26T13:29:42.292+0000] {processor.py:157} INFO - Started process (PID=247) to work on /opt/airflow/dags/transform_and_analysis.py
[2024-04-26T13:29:42.294+0000] {processor.py:826} INFO - Processing file /opt/airflow/dags/transform_and_analysis.py for tasks to queue
[2024-04-26T13:29:42.295+0000] {logging_mixin.py:149} INFO - [2024-04-26T13:29:42.295+0000] {dagbag.py:541} INFO - Filling up the DagBag from /opt/airflow/dags/transform_and_analysis.py
[2024-04-26T13:29:42.309+0000] {processor.py:836} INFO - DAG(s) dict_keys(['2_daily_transformation_analysis']) retrieved from /opt/airflow/dags/transform_and_analysis.py
[2024-04-26T13:29:42.337+0000] {logging_mixin.py:149} INFO - [2024-04-26T13:29:42.336+0000] {dag.py:2726} INFO - Sync 1 DAGs
[2024-04-26T13:29:42.356+0000] {logging_mixin.py:149} INFO - [2024-04-26T13:29:42.356+0000] {dag.py:3490} INFO - Setting next_dagrun for 2_daily_transformation_analysis to None, run_after=None
[2024-04-26T13:29:42.369+0000] {processor.py:179} INFO - Processing /opt/airflow/dags/transform_and_analysis.py took 0.081 seconds
[2024-04-26T13:30:12.644+0000] {processor.py:157} INFO - Started process (PID=276) to work on /opt/airflow/dags/transform_and_analysis.py
[2024-04-26T13:30:12.646+0000] {processor.py:826} INFO - Processing file /opt/airflow/dags/transform_and_analysis.py for tasks to queue
[2024-04-26T13:30:12.647+0000] {logging_mixin.py:149} INFO - [2024-04-26T13:30:12.647+0000] {dagbag.py:541} INFO - Filling up the DagBag from /opt/airflow/dags/transform_and_analysis.py
[2024-04-26T13:30:12.659+0000] {processor.py:836} INFO - DAG(s) dict_keys(['2_daily_transformation_analysis']) retrieved from /opt/airflow/dags/transform_and_analysis.py
[2024-04-26T13:30:12.686+0000] {logging_mixin.py:149} INFO - [2024-04-26T13:30:12.686+0000] {dag.py:2726} INFO - Sync 1 DAGs
[2024-04-26T13:30:12.705+0000] {logging_mixin.py:149} INFO - [2024-04-26T13:30:12.705+0000] {dag.py:3490} INFO - Setting next_dagrun for 2_daily_transformation_analysis to None, run_after=None
[2024-04-26T13:30:12.718+0000] {processor.py:179} INFO - Processing /opt/airflow/dags/transform_and_analysis.py took 0.077 seconds
[2024-04-26T13:30:43.003+0000] {processor.py:157} INFO - Started process (PID=297) to work on /opt/airflow/dags/transform_and_analysis.py
[2024-04-26T13:30:43.006+0000] {processor.py:826} INFO - Processing file /opt/airflow/dags/transform_and_analysis.py for tasks to queue
[2024-04-26T13:30:43.007+0000] {logging_mixin.py:149} INFO - [2024-04-26T13:30:43.007+0000] {dagbag.py:541} INFO - Filling up the DagBag from /opt/airflow/dags/transform_and_analysis.py
[2024-04-26T13:30:43.022+0000] {processor.py:836} INFO - DAG(s) dict_keys(['2_daily_transformation_analysis']) retrieved from /opt/airflow/dags/transform_and_analysis.py
[2024-04-26T13:30:43.051+0000] {logging_mixin.py:149} INFO - [2024-04-26T13:30:43.051+0000] {dag.py:2726} INFO - Sync 1 DAGs
[2024-04-26T13:30:43.071+0000] {logging_mixin.py:149} INFO - [2024-04-26T13:30:43.071+0000] {dag.py:3490} INFO - Setting next_dagrun for 2_daily_transformation_analysis to None, run_after=None
[2024-04-26T13:30:43.085+0000] {processor.py:179} INFO - Processing /opt/airflow/dags/transform_and_analysis.py took 0.087 seconds
[2024-04-26T13:31:13.364+0000] {processor.py:157} INFO - Started process (PID=327) to work on /opt/airflow/dags/transform_and_analysis.py
[2024-04-26T13:31:13.366+0000] {processor.py:826} INFO - Processing file /opt/airflow/dags/transform_and_analysis.py for tasks to queue
[2024-04-26T13:31:13.367+0000] {logging_mixin.py:149} INFO - [2024-04-26T13:31:13.366+0000] {dagbag.py:541} INFO - Filling up the DagBag from /opt/airflow/dags/transform_and_analysis.py
[2024-04-26T13:31:13.378+0000] {processor.py:836} INFO - DAG(s) dict_keys(['2_daily_transformation_analysis']) retrieved from /opt/airflow/dags/transform_and_analysis.py
[2024-04-26T13:31:13.405+0000] {logging_mixin.py:149} INFO - [2024-04-26T13:31:13.405+0000] {dag.py:2726} INFO - Sync 1 DAGs
[2024-04-26T13:31:13.424+0000] {logging_mixin.py:149} INFO - [2024-04-26T13:31:13.424+0000] {dag.py:3490} INFO - Setting next_dagrun for 2_daily_transformation_analysis to None, run_after=None
[2024-04-26T13:31:13.438+0000] {processor.py:179} INFO - Processing /opt/airflow/dags/transform_and_analysis.py took 0.078 seconds
[2024-04-26T13:31:43.690+0000] {processor.py:157} INFO - Started process (PID=357) to work on /opt/airflow/dags/transform_and_analysis.py
[2024-04-26T13:31:43.691+0000] {processor.py:826} INFO - Processing file /opt/airflow/dags/transform_and_analysis.py for tasks to queue
[2024-04-26T13:31:43.692+0000] {logging_mixin.py:149} INFO - [2024-04-26T13:31:43.692+0000] {dagbag.py:541} INFO - Filling up the DagBag from /opt/airflow/dags/transform_and_analysis.py
[2024-04-26T13:31:43.704+0000] {processor.py:836} INFO - DAG(s) dict_keys(['2_daily_transformation_analysis']) retrieved from /opt/airflow/dags/transform_and_analysis.py
[2024-04-26T13:31:43.731+0000] {logging_mixin.py:149} INFO - [2024-04-26T13:31:43.731+0000] {dag.py:2726} INFO - Sync 1 DAGs
[2024-04-26T13:31:43.750+0000] {logging_mixin.py:149} INFO - [2024-04-26T13:31:43.750+0000] {dag.py:3490} INFO - Setting next_dagrun for 2_daily_transformation_analysis to None, run_after=None
[2024-04-26T13:31:43.763+0000] {processor.py:179} INFO - Processing /opt/airflow/dags/transform_and_analysis.py took 0.076 seconds
[2024-04-26T13:32:14.042+0000] {processor.py:157} INFO - Started process (PID=378) to work on /opt/airflow/dags/transform_and_analysis.py
[2024-04-26T13:32:14.043+0000] {processor.py:826} INFO - Processing file /opt/airflow/dags/transform_and_analysis.py for tasks to queue
[2024-04-26T13:32:14.044+0000] {logging_mixin.py:149} INFO - [2024-04-26T13:32:14.044+0000] {dagbag.py:541} INFO - Filling up the DagBag from /opt/airflow/dags/transform_and_analysis.py
[2024-04-26T13:32:14.059+0000] {processor.py:836} INFO - DAG(s) dict_keys(['2_daily_transformation_analysis']) retrieved from /opt/airflow/dags/transform_and_analysis.py
[2024-04-26T13:32:14.085+0000] {logging_mixin.py:149} INFO - [2024-04-26T13:32:14.085+0000] {dag.py:2726} INFO - Sync 1 DAGs
[2024-04-26T13:32:14.104+0000] {logging_mixin.py:149} INFO - [2024-04-26T13:32:14.104+0000] {dag.py:3490} INFO - Setting next_dagrun for 2_daily_transformation_analysis to None, run_after=None
[2024-04-26T13:32:14.117+0000] {processor.py:179} INFO - Processing /opt/airflow/dags/transform_and_analysis.py took 0.079 seconds
[2024-04-26T13:32:44.385+0000] {processor.py:157} INFO - Started process (PID=408) to work on /opt/airflow/dags/transform_and_analysis.py
[2024-04-26T13:32:44.386+0000] {processor.py:826} INFO - Processing file /opt/airflow/dags/transform_and_analysis.py for tasks to queue
[2024-04-26T13:32:44.387+0000] {logging_mixin.py:149} INFO - [2024-04-26T13:32:44.387+0000] {dagbag.py:541} INFO - Filling up the DagBag from /opt/airflow/dags/transform_and_analysis.py
[2024-04-26T13:32:44.400+0000] {processor.py:836} INFO - DAG(s) dict_keys(['2_daily_transformation_analysis']) retrieved from /opt/airflow/dags/transform_and_analysis.py
[2024-04-26T13:32:44.426+0000] {logging_mixin.py:149} INFO - [2024-04-26T13:32:44.426+0000] {dag.py:2726} INFO - Sync 1 DAGs
[2024-04-26T13:32:44.445+0000] {logging_mixin.py:149} INFO - [2024-04-26T13:32:44.445+0000] {dag.py:3490} INFO - Setting next_dagrun for 2_daily_transformation_analysis to None, run_after=None
[2024-04-26T13:32:44.459+0000] {processor.py:179} INFO - Processing /opt/airflow/dags/transform_and_analysis.py took 0.077 seconds
[2024-04-26T13:33:14.729+0000] {processor.py:157} INFO - Started process (PID=437) to work on /opt/airflow/dags/transform_and_analysis.py
[2024-04-26T13:33:14.730+0000] {processor.py:826} INFO - Processing file /opt/airflow/dags/transform_and_analysis.py for tasks to queue
[2024-04-26T13:33:14.731+0000] {logging_mixin.py:149} INFO - [2024-04-26T13:33:14.731+0000] {dagbag.py:541} INFO - Filling up the DagBag from /opt/airflow/dags/transform_and_analysis.py
[2024-04-26T13:33:14.742+0000] {processor.py:836} INFO - DAG(s) dict_keys(['2_daily_transformation_analysis']) retrieved from /opt/airflow/dags/transform_and_analysis.py
[2024-04-26T13:33:14.769+0000] {logging_mixin.py:149} INFO - [2024-04-26T13:33:14.769+0000] {dag.py:2726} INFO - Sync 1 DAGs
[2024-04-26T13:33:14.788+0000] {logging_mixin.py:149} INFO - [2024-04-26T13:33:14.788+0000] {dag.py:3490} INFO - Setting next_dagrun for 2_daily_transformation_analysis to None, run_after=None
[2024-04-26T13:33:14.801+0000] {processor.py:179} INFO - Processing /opt/airflow/dags/transform_and_analysis.py took 0.075 seconds
[2024-04-26T13:33:45.100+0000] {processor.py:157} INFO - Started process (PID=458) to work on /opt/airflow/dags/transform_and_analysis.py
[2024-04-26T13:33:45.101+0000] {processor.py:826} INFO - Processing file /opt/airflow/dags/transform_and_analysis.py for tasks to queue
[2024-04-26T13:33:45.103+0000] {logging_mixin.py:149} INFO - [2024-04-26T13:33:45.102+0000] {dagbag.py:541} INFO - Filling up the DagBag from /opt/airflow/dags/transform_and_analysis.py
[2024-04-26T13:33:45.116+0000] {processor.py:836} INFO - DAG(s) dict_keys(['2_daily_transformation_analysis']) retrieved from /opt/airflow/dags/transform_and_analysis.py
[2024-04-26T13:33:45.142+0000] {logging_mixin.py:149} INFO - [2024-04-26T13:33:45.142+0000] {dag.py:2726} INFO - Sync 1 DAGs
[2024-04-26T13:33:45.160+0000] {logging_mixin.py:149} INFO - [2024-04-26T13:33:45.160+0000] {dag.py:3490} INFO - Setting next_dagrun for 2_daily_transformation_analysis to None, run_after=None
[2024-04-26T13:33:45.176+0000] {processor.py:179} INFO - Processing /opt/airflow/dags/transform_and_analysis.py took 0.080 seconds
[2024-04-26T13:34:15.432+0000] {processor.py:157} INFO - Started process (PID=488) to work on /opt/airflow/dags/transform_and_analysis.py
[2024-04-26T13:34:15.433+0000] {processor.py:826} INFO - Processing file /opt/airflow/dags/transform_and_analysis.py for tasks to queue
[2024-04-26T13:34:15.434+0000] {logging_mixin.py:149} INFO - [2024-04-26T13:34:15.434+0000] {dagbag.py:541} INFO - Filling up the DagBag from /opt/airflow/dags/transform_and_analysis.py
[2024-04-26T13:34:15.447+0000] {processor.py:836} INFO - DAG(s) dict_keys(['2_daily_transformation_analysis']) retrieved from /opt/airflow/dags/transform_and_analysis.py
[2024-04-26T13:34:15.474+0000] {logging_mixin.py:149} INFO - [2024-04-26T13:34:15.474+0000] {dag.py:2726} INFO - Sync 1 DAGs
[2024-04-26T13:34:15.493+0000] {logging_mixin.py:149} INFO - [2024-04-26T13:34:15.493+0000] {dag.py:3490} INFO - Setting next_dagrun for 2_daily_transformation_analysis to None, run_after=None
[2024-04-26T13:34:15.507+0000] {processor.py:179} INFO - Processing /opt/airflow/dags/transform_and_analysis.py took 0.079 seconds
[2024-04-26T13:34:45.747+0000] {processor.py:157} INFO - Started process (PID=517) to work on /opt/airflow/dags/transform_and_analysis.py
[2024-04-26T13:34:45.749+0000] {processor.py:826} INFO - Processing file /opt/airflow/dags/transform_and_analysis.py for tasks to queue
[2024-04-26T13:34:45.750+0000] {logging_mixin.py:149} INFO - [2024-04-26T13:34:45.750+0000] {dagbag.py:541} INFO - Filling up the DagBag from /opt/airflow/dags/transform_and_analysis.py
[2024-04-26T13:34:45.762+0000] {processor.py:836} INFO - DAG(s) dict_keys(['2_daily_transformation_analysis']) retrieved from /opt/airflow/dags/transform_and_analysis.py
[2024-04-26T13:34:45.791+0000] {logging_mixin.py:149} INFO - [2024-04-26T13:34:45.791+0000] {dag.py:2726} INFO - Sync 1 DAGs
[2024-04-26T13:34:45.810+0000] {logging_mixin.py:149} INFO - [2024-04-26T13:34:45.810+0000] {dag.py:3490} INFO - Setting next_dagrun for 2_daily_transformation_analysis to None, run_after=None
[2024-04-26T13:34:45.826+0000] {processor.py:179} INFO - Processing /opt/airflow/dags/transform_and_analysis.py took 0.081 seconds
[2024-04-26T13:35:16.079+0000] {processor.py:157} INFO - Started process (PID=541) to work on /opt/airflow/dags/transform_and_analysis.py
[2024-04-26T13:35:16.080+0000] {processor.py:826} INFO - Processing file /opt/airflow/dags/transform_and_analysis.py for tasks to queue
[2024-04-26T13:35:16.081+0000] {logging_mixin.py:149} INFO - [2024-04-26T13:35:16.081+0000] {dagbag.py:541} INFO - Filling up the DagBag from /opt/airflow/dags/transform_and_analysis.py
[2024-04-26T13:35:16.093+0000] {processor.py:836} INFO - DAG(s) dict_keys(['2_daily_transformation_analysis']) retrieved from /opt/airflow/dags/transform_and_analysis.py
[2024-04-26T13:35:16.119+0000] {logging_mixin.py:149} INFO - [2024-04-26T13:35:16.119+0000] {dag.py:2726} INFO - Sync 1 DAGs
[2024-04-26T13:35:16.139+0000] {logging_mixin.py:149} INFO - [2024-04-26T13:35:16.139+0000] {dag.py:3490} INFO - Setting next_dagrun for 2_daily_transformation_analysis to None, run_after=None
[2024-04-26T13:35:16.151+0000] {processor.py:179} INFO - Processing /opt/airflow/dags/transform_and_analysis.py took 0.076 seconds
[2024-04-26T13:35:46.437+0000] {processor.py:157} INFO - Started process (PID=570) to work on /opt/airflow/dags/transform_and_analysis.py
[2024-04-26T13:35:46.439+0000] {processor.py:826} INFO - Processing file /opt/airflow/dags/transform_and_analysis.py for tasks to queue
[2024-04-26T13:35:46.440+0000] {logging_mixin.py:149} INFO - [2024-04-26T13:35:46.440+0000] {dagbag.py:541} INFO - Filling up the DagBag from /opt/airflow/dags/transform_and_analysis.py
[2024-04-26T13:35:46.456+0000] {processor.py:836} INFO - DAG(s) dict_keys(['2_daily_transformation_analysis']) retrieved from /opt/airflow/dags/transform_and_analysis.py
[2024-04-26T13:35:46.485+0000] {logging_mixin.py:149} INFO - [2024-04-26T13:35:46.485+0000] {dag.py:2726} INFO - Sync 1 DAGs
[2024-04-26T13:35:46.506+0000] {logging_mixin.py:149} INFO - [2024-04-26T13:35:46.506+0000] {dag.py:3490} INFO - Setting next_dagrun for 2_daily_transformation_analysis to None, run_after=None
[2024-04-26T13:35:46.521+0000] {processor.py:179} INFO - Processing /opt/airflow/dags/transform_and_analysis.py took 0.088 seconds
[2024-04-26T13:36:16.799+0000] {processor.py:157} INFO - Started process (PID=591) to work on /opt/airflow/dags/transform_and_analysis.py
[2024-04-26T13:36:16.800+0000] {processor.py:826} INFO - Processing file /opt/airflow/dags/transform_and_analysis.py for tasks to queue
[2024-04-26T13:36:16.801+0000] {logging_mixin.py:149} INFO - [2024-04-26T13:36:16.801+0000] {dagbag.py:541} INFO - Filling up the DagBag from /opt/airflow/dags/transform_and_analysis.py
[2024-04-26T13:36:16.813+0000] {processor.py:836} INFO - DAG(s) dict_keys(['2_daily_transformation_analysis']) retrieved from /opt/airflow/dags/transform_and_analysis.py
[2024-04-26T13:36:16.839+0000] {logging_mixin.py:149} INFO - [2024-04-26T13:36:16.839+0000] {dag.py:2726} INFO - Sync 1 DAGs
[2024-04-26T13:36:16.857+0000] {logging_mixin.py:149} INFO - [2024-04-26T13:36:16.857+0000] {dag.py:3490} INFO - Setting next_dagrun for 2_daily_transformation_analysis to None, run_after=None
[2024-04-26T13:36:16.870+0000] {processor.py:179} INFO - Processing /opt/airflow/dags/transform_and_analysis.py took 0.075 seconds
[2024-04-26T13:36:47.137+0000] {processor.py:157} INFO - Started process (PID=620) to work on /opt/airflow/dags/transform_and_analysis.py
[2024-04-26T13:36:47.139+0000] {processor.py:826} INFO - Processing file /opt/airflow/dags/transform_and_analysis.py for tasks to queue
[2024-04-26T13:36:47.140+0000] {logging_mixin.py:149} INFO - [2024-04-26T13:36:47.140+0000] {dagbag.py:541} INFO - Filling up the DagBag from /opt/airflow/dags/transform_and_analysis.py
[2024-04-26T13:36:47.152+0000] {processor.py:836} INFO - DAG(s) dict_keys(['2_daily_transformation_analysis']) retrieved from /opt/airflow/dags/transform_and_analysis.py
[2024-04-26T13:36:47.179+0000] {logging_mixin.py:149} INFO - [2024-04-26T13:36:47.179+0000] {dag.py:2726} INFO - Sync 1 DAGs
[2024-04-26T13:36:47.198+0000] {logging_mixin.py:149} INFO - [2024-04-26T13:36:47.198+0000] {dag.py:3490} INFO - Setting next_dagrun for 2_daily_transformation_analysis to None, run_after=None
[2024-04-26T13:36:47.212+0000] {processor.py:179} INFO - Processing /opt/airflow/dags/transform_and_analysis.py took 0.079 seconds
[2024-04-26T13:37:17.502+0000] {processor.py:157} INFO - Started process (PID=650) to work on /opt/airflow/dags/transform_and_analysis.py
[2024-04-26T13:37:17.504+0000] {processor.py:826} INFO - Processing file /opt/airflow/dags/transform_and_analysis.py for tasks to queue
[2024-04-26T13:37:17.505+0000] {logging_mixin.py:149} INFO - [2024-04-26T13:37:17.505+0000] {dagbag.py:541} INFO - Filling up the DagBag from /opt/airflow/dags/transform_and_analysis.py
[2024-04-26T13:37:17.516+0000] {processor.py:836} INFO - DAG(s) dict_keys(['2_daily_transformation_analysis']) retrieved from /opt/airflow/dags/transform_and_analysis.py
[2024-04-26T13:37:17.543+0000] {logging_mixin.py:149} INFO - [2024-04-26T13:37:17.543+0000] {dag.py:2726} INFO - Sync 1 DAGs
[2024-04-26T13:37:17.562+0000] {logging_mixin.py:149} INFO - [2024-04-26T13:37:17.562+0000] {dag.py:3490} INFO - Setting next_dagrun for 2_daily_transformation_analysis to None, run_after=None
[2024-04-26T13:37:17.576+0000] {processor.py:179} INFO - Processing /opt/airflow/dags/transform_and_analysis.py took 0.077 seconds
