[2023-07-02T08:55:05.030+0000] {taskinstance.py:1103} INFO - Dependencies all met for dep_context=non-requeueable deps ti=<TaskInstance: 2_daily_transformation_analysis.daily_transform manual__2023-07-02T08:55:03.737201+00:00 [queued]>
[2023-07-02T08:55:05.036+0000] {taskinstance.py:1103} INFO - Dependencies all met for dep_context=requeueable deps ti=<TaskInstance: 2_daily_transformation_analysis.daily_transform manual__2023-07-02T08:55:03.737201+00:00 [queued]>
[2023-07-02T08:55:05.036+0000] {taskinstance.py:1308} INFO - Starting attempt 1 of 1
[2023-07-02T08:55:05.044+0000] {taskinstance.py:1327} INFO - Executing <Task(BashOperator): daily_transform> on 2023-07-02 08:55:03.737201+00:00
[2023-07-02T08:55:05.048+0000] {standard_task_runner.py:57} INFO - Started process 552 to run task
[2023-07-02T08:55:05.051+0000] {standard_task_runner.py:84} INFO - Running: ['***', 'tasks', 'run', '2_daily_transformation_analysis', 'daily_transform', 'manual__2023-07-02T08:55:03.737201+00:00', '--job-id', '30', '--raw', '--subdir', 'DAGS_FOLDER/transform_and_analysis.py', '--cfg-path', '/tmp/tmp_aj27fn_']
[2023-07-02T08:55:05.052+0000] {standard_task_runner.py:85} INFO - Job 30: Subtask daily_transform
[2023-07-02T08:55:05.093+0000] {task_command.py:410} INFO - Running <TaskInstance: 2_daily_transformation_analysis.daily_transform manual__2023-07-02T08:55:03.737201+00:00 [running]> on host 7fea7a015b40
[2023-07-02T08:55:05.171+0000] {taskinstance.py:1547} INFO - Exporting env vars: AIRFLOW_CTX_DAG_OWNER='***' AIRFLOW_CTX_DAG_ID='2_daily_transformation_analysis' AIRFLOW_CTX_TASK_ID='daily_transform' AIRFLOW_CTX_EXECUTION_DATE='2023-07-02T08:55:03.737201+00:00' AIRFLOW_CTX_TRY_NUMBER='1' AIRFLOW_CTX_DAG_RUN_ID='manual__2023-07-02T08:55:03.737201+00:00'
[2023-07-02T08:55:05.172+0000] {subprocess.py:63} INFO - Tmp dir root location: /tmp
[2023-07-02T08:55:05.173+0000] {subprocess.py:75} INFO - Running command: ['/bin/bash', '-c', 'cd /dbt && dbt run --models transform --profiles-dir .']
[2023-07-02T08:55:05.181+0000] {subprocess.py:86} INFO - Output:
[2023-07-02T08:55:06.611+0000] {subprocess.py:93} INFO - [0m08:55:06  Running with dbt=1.5.2
[2023-07-02T08:55:07.131+0000] {subprocess.py:93} INFO - [0m08:55:07  Registered adapter: snowflake=1.5.1
[2023-07-02T08:55:07.205+0000] {subprocess.py:93} INFO - [0m08:55:07  [[33mWARNING[0m]: Configuration paths exist in your dbt_project.yml file which do not apply to any resources.
[2023-07-02T08:55:07.206+0000] {subprocess.py:93} INFO - There are 2 unused configuration paths:
[2023-07-02T08:55:07.206+0000] {subprocess.py:93} INFO - - models.dbt.analysis
[2023-07-02T08:55:07.207+0000] {subprocess.py:93} INFO - - models.dbt.transform
[2023-07-02T08:55:07.221+0000] {subprocess.py:93} INFO - [0m08:55:07  Found 5 models, 0 tests, 0 snapshots, 0 analyses, 438 macros, 0 operations, 3 seed files, 0 sources, 0 exposures, 0 metrics, 0 groups
[2023-07-02T08:55:07.224+0000] {subprocess.py:93} INFO - [0m08:55:07
[2023-07-02T08:55:08.048+0000] {subprocess.py:93} INFO - [0m08:55:08  Concurrency: 200 threads (target='dev')
[2023-07-02T08:55:08.050+0000] {subprocess.py:93} INFO - [0m08:55:08
[2023-07-02T08:55:08.076+0000] {subprocess.py:93} INFO - [0m08:55:08  1 of 3 START sql view model public.combined_bookings ........................... [RUN]
[2023-07-02T08:55:08.078+0000] {subprocess.py:93} INFO - [0m08:55:08  2 of 3 START sql view model public.customer .................................... [RUN]
[2023-07-02T08:55:08.662+0000] {subprocess.py:93} INFO - [0m08:55:08  2 of 3 OK created sql view model public.customer ............................... [[32mSUCCESS 1[0m in 0.58s]
[2023-07-02T08:55:08.816+0000] {subprocess.py:93} INFO - [0m08:55:08  1 of 3 OK created sql view model public.combined_bookings ...................... [[32mSUCCESS 1[0m in 0.74s]
[2023-07-02T08:55:08.820+0000] {subprocess.py:93} INFO - [0m08:55:08  3 of 3 START sql view model public.prepped_data ................................ [RUN]
[2023-07-02T08:55:09.421+0000] {subprocess.py:93} INFO - [0m08:55:09  3 of 3 OK created sql view model public.prepped_data ........................... [[32mSUCCESS 1[0m in 0.60s]
[2023-07-02T08:55:09.509+0000] {subprocess.py:93} INFO - [0m08:55:09
[2023-07-02T08:55:09.510+0000] {subprocess.py:93} INFO - [0m08:55:09  Finished running 3 view models in 0 hours 0 minutes and 2.28 seconds (2.28s).
[2023-07-02T08:55:09.522+0000] {subprocess.py:93} INFO - [0m08:55:09
[2023-07-02T08:55:09.523+0000] {subprocess.py:93} INFO - [0m08:55:09  [32mCompleted successfully[0m
[2023-07-02T08:55:09.524+0000] {subprocess.py:93} INFO - [0m08:55:09
[2023-07-02T08:55:09.525+0000] {subprocess.py:93} INFO - [0m08:55:09  Done. PASS=3 WARN=0 ERROR=0 SKIP=0 TOTAL=3
[2023-07-02T08:55:10.245+0000] {subprocess.py:97} INFO - Command exited with return code 0
[2023-07-02T08:55:10.270+0000] {taskinstance.py:1350} INFO - Marking task as SUCCESS. dag_id=2_daily_transformation_analysis, task_id=daily_transform, execution_date=20230702T085503, start_date=20230702T085505, end_date=20230702T085510
[2023-07-02T08:55:10.322+0000] {local_task_job_runner.py:225} INFO - Task exited with return code 0
[2023-07-02T08:55:10.339+0000] {taskinstance.py:2653} INFO - 1 downstream tasks scheduled from follow-on schedule check
