[2023-07-02T08:55:11.044+0000] {taskinstance.py:1103} INFO - Dependencies all met for dep_context=non-requeueable deps ti=<TaskInstance: 2_daily_transformation_analysis.daily_analysis manual__2023-07-02T08:55:03.737201+00:00 [queued]>
[2023-07-02T08:55:11.050+0000] {taskinstance.py:1103} INFO - Dependencies all met for dep_context=requeueable deps ti=<TaskInstance: 2_daily_transformation_analysis.daily_analysis manual__2023-07-02T08:55:03.737201+00:00 [queued]>
[2023-07-02T08:55:11.051+0000] {taskinstance.py:1308} INFO - Starting attempt 1 of 1
[2023-07-02T08:55:11.059+0000] {taskinstance.py:1327} INFO - Executing <Task(BashOperator): daily_analysis> on 2023-07-02 08:55:03.737201+00:00
[2023-07-02T08:55:11.063+0000] {standard_task_runner.py:57} INFO - Started process 987 to run task
[2023-07-02T08:55:11.066+0000] {standard_task_runner.py:84} INFO - Running: ['***', 'tasks', 'run', '2_daily_transformation_analysis', 'daily_analysis', 'manual__2023-07-02T08:55:03.737201+00:00', '--job-id', '31', '--raw', '--subdir', 'DAGS_FOLDER/transform_and_analysis.py', '--cfg-path', '/tmp/tmpvrnt8c0e']
[2023-07-02T08:55:11.067+0000] {standard_task_runner.py:85} INFO - Job 31: Subtask daily_analysis
[2023-07-02T08:55:11.109+0000] {task_command.py:410} INFO - Running <TaskInstance: 2_daily_transformation_analysis.daily_analysis manual__2023-07-02T08:55:03.737201+00:00 [running]> on host 7fea7a015b40
[2023-07-02T08:55:11.186+0000] {taskinstance.py:1547} INFO - Exporting env vars: AIRFLOW_CTX_DAG_OWNER='***' AIRFLOW_CTX_DAG_ID='2_daily_transformation_analysis' AIRFLOW_CTX_TASK_ID='daily_analysis' AIRFLOW_CTX_EXECUTION_DATE='2023-07-02T08:55:03.737201+00:00' AIRFLOW_CTX_TRY_NUMBER='1' AIRFLOW_CTX_DAG_RUN_ID='manual__2023-07-02T08:55:03.737201+00:00'
[2023-07-02T08:55:11.187+0000] {subprocess.py:63} INFO - Tmp dir root location: /tmp
[2023-07-02T08:55:11.187+0000] {subprocess.py:75} INFO - Running command: ['/bin/bash', '-c', 'cd /dbt && dbt run --models analysis --profiles-dir .']
[2023-07-02T08:55:11.196+0000] {subprocess.py:86} INFO - Output:
[2023-07-02T08:55:12.645+0000] {subprocess.py:93} INFO - [0m08:55:12  Running with dbt=1.5.2
[2023-07-02T08:55:13.115+0000] {subprocess.py:93} INFO - [0m08:55:13  Registered adapter: snowflake=1.5.1
[2023-07-02T08:55:13.201+0000] {subprocess.py:93} INFO - [0m08:55:13  [[33mWARNING[0m]: Configuration paths exist in your dbt_project.yml file which do not apply to any resources.
[2023-07-02T08:55:13.202+0000] {subprocess.py:93} INFO - There are 2 unused configuration paths:
[2023-07-02T08:55:13.202+0000] {subprocess.py:93} INFO - - models.dbt.transform
[2023-07-02T08:55:13.202+0000] {subprocess.py:93} INFO - - models.dbt.analysis
[2023-07-02T08:55:13.224+0000] {subprocess.py:93} INFO - [0m08:55:13  Found 5 models, 0 tests, 0 snapshots, 0 analyses, 438 macros, 0 operations, 3 seed files, 0 sources, 0 exposures, 0 metrics, 0 groups
[2023-07-02T08:55:13.227+0000] {subprocess.py:93} INFO - [0m08:55:13
[2023-07-02T08:55:13.982+0000] {subprocess.py:93} INFO - [0m08:55:13  Concurrency: 200 threads (target='dev')
[2023-07-02T08:55:13.983+0000] {subprocess.py:93} INFO - [0m08:55:13
[2023-07-02T08:55:14.018+0000] {subprocess.py:93} INFO - [0m08:55:14  1 of 2 START sql view model public.hotel_count_by_day .......................... [RUN]
[2023-07-02T08:55:14.024+0000] {subprocess.py:93} INFO - [0m08:55:14  2 of 2 START sql view model public.thirty_day_avg_cost ......................... [RUN]
[2023-07-02T08:55:14.653+0000] {subprocess.py:93} INFO - [0m08:55:14  2 of 2 OK created sql view model public.thirty_day_avg_cost .................... [[32mSUCCESS 1[0m in 0.62s]
[2023-07-02T08:55:14.656+0000] {subprocess.py:93} INFO - [0m08:55:14  1 of 2 OK created sql view model public.hotel_count_by_day ..................... [[32mSUCCESS 1[0m in 0.63s]
[2023-07-02T08:55:14.734+0000] {subprocess.py:93} INFO - [0m08:55:14
[2023-07-02T08:55:14.735+0000] {subprocess.py:93} INFO - [0m08:55:14  Finished running 2 view models in 0 hours 0 minutes and 1.51 seconds (1.51s).
[2023-07-02T08:55:14.751+0000] {subprocess.py:93} INFO - [0m08:55:14
[2023-07-02T08:55:14.752+0000] {subprocess.py:93} INFO - [0m08:55:14  [32mCompleted successfully[0m
[2023-07-02T08:55:14.753+0000] {subprocess.py:93} INFO - [0m08:55:14
[2023-07-02T08:55:14.754+0000] {subprocess.py:93} INFO - [0m08:55:14  Done. PASS=2 WARN=0 ERROR=0 SKIP=0 TOTAL=2
[2023-07-02T08:55:15.469+0000] {subprocess.py:97} INFO - Command exited with return code 0
[2023-07-02T08:55:15.495+0000] {taskinstance.py:1350} INFO - Marking task as SUCCESS. dag_id=2_daily_transformation_analysis, task_id=daily_analysis, execution_date=20230702T085503, start_date=20230702T085511, end_date=20230702T085515
[2023-07-02T08:55:15.513+0000] {local_task_job_runner.py:225} INFO - Task exited with return code 0
[2023-07-02T08:55:15.529+0000] {taskinstance.py:2653} INFO - 0 downstream tasks scheduled from follow-on schedule check
