[2023-07-02T09:39:01.097+0000] {taskinstance.py:1103} INFO - Dependencies all met for dep_context=non-requeueable deps ti=<TaskInstance: 2_daily_transformation_analysis.daily_analysis manual__2023-07-02T08:55:03.737201+00:00 [queued]>
[2023-07-02T09:39:01.104+0000] {taskinstance.py:1103} INFO - Dependencies all met for dep_context=requeueable deps ti=<TaskInstance: 2_daily_transformation_analysis.daily_analysis manual__2023-07-02T08:55:03.737201+00:00 [queued]>
[2023-07-02T09:39:01.104+0000] {taskinstance.py:1308} INFO - Starting attempt 2 of 2
[2023-07-02T09:39:01.112+0000] {taskinstance.py:1327} INFO - Executing <Task(BashOperator): daily_analysis> on 2023-07-02 08:55:03.737201+00:00
[2023-07-02T09:39:01.116+0000] {standard_task_runner.py:57} INFO - Started process 3595 to run task
[2023-07-02T09:39:01.119+0000] {standard_task_runner.py:84} INFO - Running: ['***', 'tasks', 'run', '2_daily_transformation_analysis', 'daily_analysis', 'manual__2023-07-02T08:55:03.737201+00:00', '--job-id', '33', '--raw', '--subdir', 'DAGS_FOLDER/transform_and_analysis.py', '--cfg-path', '/tmp/tmpqywp146z']
[2023-07-02T09:39:01.120+0000] {standard_task_runner.py:85} INFO - Job 33: Subtask daily_analysis
[2023-07-02T09:39:01.158+0000] {task_command.py:410} INFO - Running <TaskInstance: 2_daily_transformation_analysis.daily_analysis manual__2023-07-02T08:55:03.737201+00:00 [running]> on host 7fea7a015b40
[2023-07-02T09:39:01.236+0000] {taskinstance.py:1547} INFO - Exporting env vars: AIRFLOW_CTX_DAG_OWNER='***' AIRFLOW_CTX_DAG_ID='2_daily_transformation_analysis' AIRFLOW_CTX_TASK_ID='daily_analysis' AIRFLOW_CTX_EXECUTION_DATE='2023-07-02T08:55:03.737201+00:00' AIRFLOW_CTX_TRY_NUMBER='2' AIRFLOW_CTX_DAG_RUN_ID='manual__2023-07-02T08:55:03.737201+00:00'
[2023-07-02T09:39:01.237+0000] {subprocess.py:63} INFO - Tmp dir root location: /tmp
[2023-07-02T09:39:01.238+0000] {subprocess.py:75} INFO - Running command: ['/bin/bash', '-c', 'cd /dbt && dbt run --models analysis --profiles-dir .']
[2023-07-02T09:39:01.248+0000] {subprocess.py:86} INFO - Output:
[2023-07-02T09:39:02.630+0000] {subprocess.py:93} INFO - [0m09:39:02  Running with dbt=1.5.2
[2023-07-02T09:39:03.091+0000] {subprocess.py:93} INFO - [0m09:39:03  Registered adapter: snowflake=1.5.1
[2023-07-02T09:39:03.268+0000] {subprocess.py:93} INFO - [0m09:39:03  [[33mWARNING[0m]: Configuration paths exist in your dbt_project.yml file which do not apply to any resources.
[2023-07-02T09:39:03.269+0000] {subprocess.py:93} INFO - There are 2 unused configuration paths:
[2023-07-02T09:39:03.269+0000] {subprocess.py:93} INFO - - models.dbt.transform
[2023-07-02T09:39:03.270+0000] {subprocess.py:93} INFO - - models.dbt.analysis
[2023-07-02T09:39:03.284+0000] {subprocess.py:93} INFO - [0m09:39:03  Found 5 models, 1 test, 0 snapshots, 0 analyses, 438 macros, 0 operations, 3 seed files, 0 sources, 0 exposures, 0 metrics, 0 groups
[2023-07-02T09:39:03.287+0000] {subprocess.py:93} INFO - [0m09:39:03
[2023-07-02T09:39:04.184+0000] {subprocess.py:93} INFO - [0m09:39:04  Concurrency: 200 threads (target='dev')
[2023-07-02T09:39:04.185+0000] {subprocess.py:93} INFO - [0m09:39:04
[2023-07-02T09:39:04.210+0000] {subprocess.py:93} INFO - [0m09:39:04  1 of 2 START sql view model public.hotel_count_by_day .......................... [RUN]
[2023-07-02T09:39:04.212+0000] {subprocess.py:93} INFO - [0m09:39:04  2 of 2 START sql view model public.thirty_day_avg_cost ......................... [RUN]
[2023-07-02T09:39:04.866+0000] {subprocess.py:93} INFO - [0m09:39:04  2 of 2 OK created sql view model public.thirty_day_avg_cost .................... [[32mSUCCESS 1[0m in 0.65s]
[2023-07-02T09:39:04.890+0000] {subprocess.py:93} INFO - [0m09:39:04  1 of 2 OK created sql view model public.hotel_count_by_day ..................... [[32mSUCCESS 1[0m in 0.68s]
[2023-07-02T09:39:04.932+0000] {subprocess.py:93} INFO - [0m09:39:04
[2023-07-02T09:39:04.933+0000] {subprocess.py:93} INFO - [0m09:39:04  Finished running 2 view models in 0 hours 0 minutes and 1.64 seconds (1.64s).
[2023-07-02T09:39:04.951+0000] {subprocess.py:93} INFO - [0m09:39:04
[2023-07-02T09:39:04.952+0000] {subprocess.py:93} INFO - [0m09:39:04  [32mCompleted successfully[0m
[2023-07-02T09:39:04.952+0000] {subprocess.py:93} INFO - [0m09:39:04
[2023-07-02T09:39:04.953+0000] {subprocess.py:93} INFO - [0m09:39:04  Done. PASS=2 WARN=0 ERROR=0 SKIP=0 TOTAL=2
[2023-07-02T09:39:05.686+0000] {subprocess.py:97} INFO - Command exited with return code 0
[2023-07-02T09:39:05.718+0000] {taskinstance.py:1350} INFO - Marking task as SUCCESS. dag_id=2_daily_transformation_analysis, task_id=daily_analysis, execution_date=20230702T085503, start_date=20230702T093901, end_date=20230702T093905
[2023-07-02T09:39:05.765+0000] {local_task_job_runner.py:225} INFO - Task exited with return code 0
[2023-07-02T09:39:05.787+0000] {taskinstance.py:2653} INFO - 1 downstream tasks scheduled from follow-on schedule check
