[2024-04-26T13:42:16.462+0000] {taskinstance.py:1103} INFO - Dependencies all met for dep_context=non-requeueable deps ti=<TaskInstance: 2_daily_transformation_analysis.daily_transform manual__2024-04-26T13:42:15.103967+00:00 [queued]>
[2024-04-26T13:42:16.470+0000] {taskinstance.py:1103} INFO - Dependencies all met for dep_context=requeueable deps ti=<TaskInstance: 2_daily_transformation_analysis.daily_transform manual__2024-04-26T13:42:15.103967+00:00 [queued]>
[2024-04-26T13:42:16.471+0000] {taskinstance.py:1308} INFO - Starting attempt 1 of 1
[2024-04-26T13:42:16.482+0000] {taskinstance.py:1327} INFO - Executing <Task(BashOperator): daily_transform> on 2024-04-26 13:42:15.103967+00:00
[2024-04-26T13:42:16.486+0000] {standard_task_runner.py:57} INFO - Started process 1093 to run task
[2024-04-26T13:42:16.490+0000] {standard_task_runner.py:84} INFO - Running: ['***', 'tasks', 'run', '2_daily_transformation_analysis', 'daily_transform', 'manual__2024-04-26T13:42:15.103967+00:00', '--job-id', '70', '--raw', '--subdir', 'DAGS_FOLDER/transform_and_analysis.py', '--cfg-path', '/tmp/tmpu26w3ibj']
[2024-04-26T13:42:16.491+0000] {standard_task_runner.py:85} INFO - Job 70: Subtask daily_transform
[2024-04-26T13:42:16.544+0000] {task_command.py:410} INFO - Running <TaskInstance: 2_daily_transformation_analysis.daily_transform manual__2024-04-26T13:42:15.103967+00:00 [running]> on host 511926b065ed
[2024-04-26T13:42:16.650+0000] {taskinstance.py:1547} INFO - Exporting env vars: AIRFLOW_CTX_DAG_OWNER='***' AIRFLOW_CTX_DAG_ID='2_daily_transformation_analysis' AIRFLOW_CTX_TASK_ID='daily_transform' AIRFLOW_CTX_EXECUTION_DATE='2024-04-26T13:42:15.103967+00:00' AIRFLOW_CTX_TRY_NUMBER='1' AIRFLOW_CTX_DAG_RUN_ID='manual__2024-04-26T13:42:15.103967+00:00'
[2024-04-26T13:42:16.652+0000] {subprocess.py:63} INFO - Tmp dir root location: /tmp
[2024-04-26T13:42:16.653+0000] {subprocess.py:75} INFO - Running command: ['/bin/bash', '-c', 'cd /dbt && dbt run --models transform --profiles-dir .']
[2024-04-26T13:42:16.663+0000] {subprocess.py:86} INFO - Output:
[2024-04-26T13:42:18.509+0000] {subprocess.py:93} INFO - [0m13:42:18  Running with dbt=1.5.2
[2024-04-26T13:42:19.101+0000] {subprocess.py:93} INFO - [0m13:42:19  Registered adapter: snowflake=1.5.1
[2024-04-26T13:42:19.246+0000] {subprocess.py:93} INFO - [0m13:42:19  [[33mWARNING[0m]: Configuration paths exist in your dbt_project.yml file which do not apply to any resources.
[2024-04-26T13:42:19.247+0000] {subprocess.py:93} INFO - There are 2 unused configuration paths:
[2024-04-26T13:42:19.247+0000] {subprocess.py:93} INFO - - models.dbt.analysis
[2024-04-26T13:42:19.248+0000] {subprocess.py:93} INFO - - models.dbt.transform
[2024-04-26T13:42:19.290+0000] {subprocess.py:93} INFO - [0m13:42:19  Found 5 models, 1 test, 0 snapshots, 0 analyses, 438 macros, 0 operations, 4 seed files, 0 sources, 0 exposures, 0 metrics, 0 groups
[2024-04-26T13:42:19.294+0000] {subprocess.py:93} INFO - [0m13:42:19
[2024-04-26T13:42:20.397+0000] {subprocess.py:93} INFO - [0m13:42:20  Concurrency: 200 threads (target='dev')
[2024-04-26T13:42:20.402+0000] {subprocess.py:93} INFO - [0m13:42:20
[2024-04-26T13:42:20.433+0000] {subprocess.py:93} INFO - [0m13:42:20  1 of 3 START sql view model public.combined_bookings ........................... [RUN]
[2024-04-26T13:42:20.436+0000] {subprocess.py:93} INFO - [0m13:42:20  2 of 3 START sql view model public.customer .................................... [RUN]
[2024-04-26T13:42:21.266+0000] {subprocess.py:93} INFO - [0m13:42:21  2 of 3 OK created sql view model public.customer ............................... [[32mSUCCESS 1[0m in 0.83s]
[2024-04-26T13:42:21.731+0000] {subprocess.py:93} INFO - [0m13:42:21  1 of 3 OK created sql view model public.combined_bookings ...................... [[32mSUCCESS 1[0m in 1.29s]
[2024-04-26T13:42:21.736+0000] {subprocess.py:93} INFO - [0m13:42:21  3 of 3 START sql view model public.prepped_data ................................ [RUN]
[2024-04-26T13:42:22.818+0000] {subprocess.py:93} INFO - [0m13:42:22  3 of 3 OK created sql view model public.prepped_data ........................... [[32mSUCCESS 1[0m in 1.07s]
[2024-04-26T13:42:22.899+0000] {subprocess.py:93} INFO - [0m13:42:22
[2024-04-26T13:42:22.900+0000] {subprocess.py:93} INFO - [0m13:42:22  Finished running 3 view models in 0 hours 0 minutes and 3.60 seconds (3.60s).
[2024-04-26T13:42:22.927+0000] {subprocess.py:93} INFO - [0m13:42:22
[2024-04-26T13:42:22.928+0000] {subprocess.py:93} INFO - [0m13:42:22  [32mCompleted successfully[0m
[2024-04-26T13:42:22.930+0000] {subprocess.py:93} INFO - [0m13:42:22
[2024-04-26T13:42:22.931+0000] {subprocess.py:93} INFO - [0m13:42:22  Done. PASS=3 WARN=0 ERROR=0 SKIP=0 TOTAL=3
[2024-04-26T13:42:23.738+0000] {subprocess.py:97} INFO - Command exited with return code 0
[2024-04-26T13:42:23.766+0000] {taskinstance.py:1350} INFO - Marking task as SUCCESS. dag_id=2_daily_transformation_analysis, task_id=daily_transform, execution_date=20240426T134215, start_date=20240426T134216, end_date=20240426T134223
[2024-04-26T13:42:23.803+0000] {local_task_job_runner.py:225} INFO - Task exited with return code 0
[2024-04-26T13:42:23.827+0000] {taskinstance.py:2653} INFO - 1 downstream tasks scheduled from follow-on schedule check
