[2023-07-02T08:55:11.050+0000] {taskinstance.py:1103} INFO - Dependencies all met for dep_context=non-requeueable deps ti=<TaskInstance: 2_daily_transformation_analysis.daily_analysis scheduled__2020-08-01T00:00:00+00:00 [queued]>
[2023-07-02T08:55:11.056+0000] {taskinstance.py:1103} INFO - Dependencies all met for dep_context=requeueable deps ti=<TaskInstance: 2_daily_transformation_analysis.daily_analysis scheduled__2020-08-01T00:00:00+00:00 [queued]>
[2023-07-02T08:55:11.057+0000] {taskinstance.py:1308} INFO - Starting attempt 1 of 1
[2023-07-02T08:55:11.065+0000] {taskinstance.py:1327} INFO - Executing <Task(BashOperator): daily_analysis> on 2020-08-01 00:00:00+00:00
[2023-07-02T08:55:11.068+0000] {standard_task_runner.py:57} INFO - Started process 988 to run task
[2023-07-02T08:55:11.071+0000] {standard_task_runner.py:84} INFO - Running: ['***', 'tasks', 'run', '2_daily_transformation_analysis', 'daily_analysis', 'scheduled__2020-08-01T00:00:00+00:00', '--job-id', '32', '--raw', '--subdir', 'DAGS_FOLDER/transform_and_analysis.py', '--cfg-path', '/tmp/tmphv531wl4']
[2023-07-02T08:55:11.072+0000] {standard_task_runner.py:85} INFO - Job 32: Subtask daily_analysis
[2023-07-02T08:55:11.113+0000] {task_command.py:410} INFO - Running <TaskInstance: 2_daily_transformation_analysis.daily_analysis scheduled__2020-08-01T00:00:00+00:00 [running]> on host 7fea7a015b40
[2023-07-02T08:55:11.188+0000] {taskinstance.py:1547} INFO - Exporting env vars: AIRFLOW_CTX_DAG_OWNER='***' AIRFLOW_CTX_DAG_ID='2_daily_transformation_analysis' AIRFLOW_CTX_TASK_ID='daily_analysis' AIRFLOW_CTX_EXECUTION_DATE='2020-08-01T00:00:00+00:00' AIRFLOW_CTX_TRY_NUMBER='1' AIRFLOW_CTX_DAG_RUN_ID='scheduled__2020-08-01T00:00:00+00:00'
[2023-07-02T08:55:11.189+0000] {subprocess.py:63} INFO - Tmp dir root location: /tmp
[2023-07-02T08:55:11.190+0000] {subprocess.py:75} INFO - Running command: ['/bin/bash', '-c', 'cd /dbt && dbt run --models analysis --profiles-dir .']
[2023-07-02T08:55:11.199+0000] {subprocess.py:86} INFO - Output:
[2023-07-02T08:55:12.646+0000] {subprocess.py:93} INFO - [0m08:55:12  Running with dbt=1.5.2
[2023-07-02T08:55:13.116+0000] {subprocess.py:93} INFO - [0m08:55:13  Registered adapter: snowflake=1.5.1
[2023-07-02T08:55:13.197+0000] {subprocess.py:93} INFO - [0m08:55:13  [[33mWARNING[0m]: Configuration paths exist in your dbt_project.yml file which do not apply to any resources.
[2023-07-02T08:55:13.198+0000] {subprocess.py:93} INFO - There are 2 unused configuration paths:
[2023-07-02T08:55:13.198+0000] {subprocess.py:93} INFO - - models.dbt.transform
[2023-07-02T08:55:13.199+0000] {subprocess.py:93} INFO - - models.dbt.analysis
[2023-07-02T08:55:13.216+0000] {subprocess.py:93} INFO - [0m08:55:13  Found 5 models, 0 tests, 0 snapshots, 0 analyses, 438 macros, 0 operations, 3 seed files, 0 sources, 0 exposures, 0 metrics, 0 groups
[2023-07-02T08:55:13.221+0000] {subprocess.py:93} INFO - [0m08:55:13
[2023-07-02T08:55:13.976+0000] {subprocess.py:93} INFO - [0m08:55:13  Concurrency: 200 threads (target='dev')
[2023-07-02T08:55:13.978+0000] {subprocess.py:93} INFO - [0m08:55:13
[2023-07-02T08:55:14.009+0000] {subprocess.py:93} INFO - [0m08:55:14  1 of 2 START sql view model public.hotel_count_by_day .......................... [RUN]
[2023-07-02T08:55:14.010+0000] {subprocess.py:93} INFO - [0m08:55:14  2 of 2 START sql view model public.thirty_day_avg_cost ......................... [RUN]
[2023-07-02T08:55:14.632+0000] {subprocess.py:93} INFO - [0m08:55:14  2 of 2 OK created sql view model public.thirty_day_avg_cost .................... [[32mSUCCESS 1[0m in 0.62s]
[2023-07-02T08:55:14.636+0000] {subprocess.py:93} INFO - [0m08:55:14  1 of 2 OK created sql view model public.hotel_count_by_day ..................... [[32mSUCCESS 1[0m in 0.62s]
[2023-07-02T08:55:14.726+0000] {subprocess.py:93} INFO - [0m08:55:14
[2023-07-02T08:55:14.727+0000] {subprocess.py:93} INFO - [0m08:55:14  Finished running 2 view models in 0 hours 0 minutes and 1.50 seconds (1.50s).
[2023-07-02T08:55:14.745+0000] {subprocess.py:93} INFO - [0m08:55:14
[2023-07-02T08:55:14.749+0000] {subprocess.py:93} INFO - [0m08:55:14  [32mCompleted successfully[0m
[2023-07-02T08:55:14.751+0000] {subprocess.py:93} INFO - [0m08:55:14
[2023-07-02T08:55:14.752+0000] {subprocess.py:93} INFO - [0m08:55:14  Done. PASS=2 WARN=0 ERROR=0 SKIP=0 TOTAL=2
[2023-07-02T08:55:15.467+0000] {subprocess.py:97} INFO - Command exited with return code 0
[2023-07-02T08:55:15.493+0000] {taskinstance.py:1350} INFO - Marking task as SUCCESS. dag_id=2_daily_transformation_analysis, task_id=daily_analysis, execution_date=20200801T000000, start_date=20230702T085511, end_date=20230702T085515
[2023-07-02T08:55:15.514+0000] {local_task_job_runner.py:225} INFO - Task exited with return code 0
[2023-07-02T08:55:15.530+0000] {taskinstance.py:2653} INFO - 0 downstream tasks scheduled from follow-on schedule check
